> errors
6: noante
7: noante
9: noante
10: noante
12: nogov
15: nonobj
23: noante
29: noante
30: nogov
31: nonobj
32: noante
35: noante
38: noante
45: noante
48: noante
49: nogov
58: noante
63: noante
64: nosubj
68: nogov
69: noante
70: noante
75: nosubj
77: noante
82: noante
88: noante
93: noante
96: noante
98: nogov
105: noante
112: noante
117: nogov
118: noante
124: noante
136: noante
139: noante
146: noante
149: noante
151: noante
152: nogov
154: noante
159: noante
160: nogov
167: noante
168: nogov
171: noante
174: noante
177: noante
182: noante
183: nogov
188: noante
189: nogov
190: noante
200: noante
203: noante
214: nosubj
216: noante
220: noante
221: nogov
222: nonobj
223: noante
227: noante
230: noante
> redirect ./en/0001-en.info
