> errors
2: noante
9: noante
12: nogov
13: noante
14: noante
15: noante
24: noante
27: nogov
33: nogov
39: 
    39 nobj 38: manygovs
    39 pnct# 38: manygovs
41: nogov
42: noante
48: noante
49: nogov
51: noante
56: noante
61: noante
63: noante
68: noante
74: noante
83: noante
84: nogov
85: noante
88: nonobj
93: noante
101: noante
105: noante
110: noante
111: nogov
121: nogov
122: noante
123: noante
124: noante
131: nogov
132: noante
141: nogov
142: noante
147: noante
149: nosubj
150: nosubj
154: noante
159: noante
160: nogov
169: noante
175: noante
179: noante
186: noante
187: nogov
189: noante
195: noante
196: nogov
198: noante
200: noante
201: noante
207: noante
208: nogov
210: noante
214: nogov
215: noante
219: noante
221: noante
> redirect ./en/0008-en.info
