> errors
1: nogov
5: noante
11: noante
12: noante
13: nonobj
19: noante
20: nogov
23: nosubj
31: noante
32: nogov
33: nonobj
34: noante
37: noante
41: noante
45: nogov
48: noante
52: noante
54: noante
58: noante
63: nogov
65: noante
70: noante
73: noante
75: noante
77: noante
82: nogov noante
85: noante
88: noante
91: noante
92: noante
95: noante
97: noante
103: nogov
112: noante
113: noante
115: nonobj
116: noante
119: noante
122: noante
123: noante
127: nogov
134: noante
138: noante
142: nonobj
143: noante
147: nonobj
150: noante
158: noante
161: nogov
164: noante
173: noante
179: noante
180: nogov
186: noante
191: noante
193: noante
196: noante
204: noante
209: noante
214: noante
219: noante
222: noante
224: noante
227: nonobj
228: noante
237: nonobj
238: noante
240: noante
247: noante
253: nogov
> redirect ./en/0021-en.info
