> errors
2: noante
3: nogov
8: noante
11: noante
17: noante
22: nosubj
24: noante
32: noante
35: nonobj
43: nonobj
47: noante
50: noante
51: nosubj
56: noante
57: noante
61: nogov
68: noante
75: noante
77: nogov
79: noante
81: noante
86: noante
93: noante
95: noante
96: noante
100: noante
101: noante
108: noante
111: noante
113: nosubj
116: noante
118: noante
120: nogov
124: noante
125: nonobj
126: noante
130: noante
135: noante
138: noante
140: noante
147: noante
155: nogov
158: nosubj
159: nosubj
162: noante
166: noante
172: nosubj
173: noante
178: noante
184: noante
189: noante
192: nosubj
197: nogov
198: noante
205: noante
208: nonobj
> redirect ./en/0029-en.info
