> errors
6: nogov
12: noante
19: nosubj
20: nosubj
23: noante
30: noante
32: noante
33: noante
36: noante
41: noante
42: nogov
45: noante
48: noante
53: nosubj
54: nosubj
56: noante
76: nonobj
78: noante
80: noante
81: noante
85: noante
87: noante
91: nogov
100: noante
102: noante
109: noante
115: noante
118: nogov
124: noante
129: noante
130: noante
131: noante
136: noante
141: noante
151: nogov
154: nonobj
160: noante
166: nosubj
168: noante
173: nosubj
174: nogov
179: nosubj
181: noante
183: nonobj
184: noante
186: noante
189: noante
191: noante
194: nonobj
195: noante
200: noante
203: nogov
> redirect ./en/0042-en.info
