> errors
1: nogov
6: nosubj
8: noante
10: nogov
11: nosubj
16: noante
23: nosubj
24: noante
28: noante
42: noante
46: noante
49: nogov
53: noante
57: noante
64: noante
70: noante
75: noante
92: noante
95: nogov
101: noante
105: noante
106: noante
109: noante
119: noante
120: nogov
125: nonobj
126: noante
132: noante
135: nonobj
138: nosubj
140: noante
144: noante
147: noante
151: noante
156: noante
158: noante
161: noante
165: nogov
174: nogov
178: nosubj
182: noante
186: noante
192: noante
197: noante
199: noante
211: noante
217: noante
220: nogov
222: nosubj
224: nosubj
225: noante
228: noante
232: nogov
234: nonobj
236: noante
242: nogov
244: noante
248: noante
252: noante
257: noante
> redirect ./en/0043-en.info
