> errors
1: noante
3: nogov
5: noante
12: noante
13: nogov
14: nonobj
16: nonobj
18: nosubj
20: nosubj
21: noante
23: noante
28: noante
38: nosubj
39: noante
41: noante
48: nogov
50: nosubj
62: noante
63: nogov
66: noante
71: noante
73: noante
77: noante
85: noante
86: noante
88: noante
90: nogov
91: noante
94: nosubj
100: noante
101: noante
107: nogov
110: noante
112: noante
118: noante
122: nogov
128: nogov noante
134: noante
136: nosubj
138: noante
142: noante
143: noante
145: noante
147: noante
149: noante
160: noante
162: nogov
166: noante
169: noante
173: nosubj
182: noante
189: noante
191: nogov
197: nosubj
200: noante
204: nogov
205: nonobj
208: noante
211: noante
220: noante
223: noante
225: noante
227: nosubj
228: noante
230: nosubj
233: noante
> redirect ./en/0056-en.info
