> errors
2: noante
4: nogov
5: nonobj
6: noante
11: noante
18: noante
25: noante
26: nogov
27: nonobj
34: noante
37: noante
44: nonobj
51: nosubj
53: noante
55: noante
61: 
    61 pnct# 26: manygovs
    61 mod 59: manygovs
66: noante
70: noante
71: nosubj
79: nogov
83: nonobj
84: noante
94: nosubj
98: noante
101: noante
106: nogov
110: noante
115: noante
121: nogov
124: noante
127: noante
130: noante
133: noante
135: nonobj
136: noante
141: nosubj
142: noante
144: noante
146: noante
150: noante
152: noante
163: noante
166: noante
169: noante
173: nogov
182: nogov
184: nonobj
185: noante
189: noante
193: noante
203: nogov
206: noante
207: nogov
210: noante
216: nosubj
217: noante
222: noante
229: nogov
> redirect ./en/0072-en.info
