> errors
1: noante
2: nogov
9: noante
11: noante
14: nonobj
22: noante
28: noante
30: noante
31: noante
37: nogov
39: noante
42: nogov
    42 pnct? 41: badtype
45: noante
48: noante
50: nonobj
51: noante
52: noante
57: noante
66: noante
73: nonobj
77: nosubj
82: nogov
85: noante
93: noante
97: noante
101: noante
104: nogov
106: noante
111: nonobj
112: noante
113: noante
118: noante
125: nogov noante
127: nosubj
134: noante
135: noante
137: nosubj
140: noante
144: noante
152: noante
157: noante
160: noante
166: nogov noante
169: nosubj
173: nosubj
174: noante
175: nonobj
176: noante
177: noante
180: nogov noante
184: noante
192: noante
195: noante
196: nogov
203: nogov
205: noante
206: noante
208: noante
209: noante
214: noante
219: noante
223: nogov
224: noante
234: noante
235: noante
> redirect ./en/0083-en.info
