> errors
1: noante
2: nogov
10: noante
12: noante
15: noante
19: noante
22: noante
28: noante
30: nogov
40: noante
41: noante
44: noante
45: noante
51: nogov
52: noante
56: noante
62: noante
68: noante
73: noante
77: noante
82: noante
85: noante
93: noante
107: noante
113: noante
114: nonobj
120: noante
136: noante
140: noante
141: nogov
143: noante
145: nonobj
152: nogov
153: noante
154: noante
156: nosubj
157: noante
158: noante
172: noante
185: nogov
186: noante
190: noante
192: noante
196: noante
> redirect ./en/0086-en.info
