> errors
2: noante
3: nogov
10: nonobj
14: noante
19: noante
20: nogov
21: noante
24: noante
28: nogov noante
30: noante
35: noante
38: noante
41: nogov
43: nonobj
45: noante
51: noante
52: nogov
55: noante
57: noante
60: noante
61: noante
62: noante
65: noante
71: noante
75: noante
76: nogov
78: nosubj
80: noante
82: noante
83: noante
88: noante
91: nosubj
93: noante
99: nogov
100: noante
103: noante
105: noante
107: nonobj
109: noante
111: nonobj
112: noante
113: noante
118: nonobj
119: noante
127: noante
132: noante
134: noante
143: noante
147: nogov
150: noante
154: noante
158: nosubj
159: nosubj
167: noante
168: nogov
172: noante
177: noante
179: nogov
180: nonobj
181: noante
185: noante
188: noante
191: noante
193: noante
197: noante
198: nogov
201: noante
203: noante
207: nosubj
208: nonobj
209: noante
218: nogov
219: noante
221: noante
> redirect ./en/0090-en.info
