> errors
2: noante
3: noante
5: noante
6: noante
8: nosubj
9: nonobj
11: nogov
12: noante
19: noante
21: noante
24: noante
36: noante
40: nogov
49: nogov
50: noante
52: noante
53: noante
55: noante
56: noante
59: noante
62: noante
64: noante
67: noante
72: noante
74: noante
75: nosubj
77: nosubj
78: noante
84: noante
97: noante
98: nogov
101: noante
105: noante
107: noante
110: noante
115: noante
117: noante
118: noante
119: noante
121: noante
123: nosubj
127: noante
129: noante
135: nosubj
136: noante
137: noante
140: noante
142: nogov
    142 ? 137: badtype
143: noante
145: nosubj
147: noante
151: nogov
157: nogov
161: noante
165: noante
170: noante
171: nogov
187: noante
189: nonobj
192: noante
193: nosubj
197: noante
200: noante
202: noante
206: noante
211: noante
215: noante
225: nogov
228: noante
233: nogov
239: 
    239 pnct# 233: manygovs
    239 list 238: manygovs
> redirect ./en/0091-en.info
