> errors
2: nonobj
7: noante
10: noante
16: nogov
22: noante
28: 
    28 pnct# 26: manygovs
    28 attr 26: manygovs
30: noante
40: nogov
44: noante
48: noante
50: noante
55: noante
63: nonobj
64: noante
73: noante
75: noante
81: nogov
82: noante
88: noante
89: nogov
92: noante
97: noante
104: noante
108: noante
112: noante
113: nonobj
119: noante
122: nogov
131: noante
133: noante
135: nogov
137: noante
141: nosubj
142: noante
145: nosubj
146: nosubj
147: nosubj
149: noante
151: nosubj
152: noante
153: noante
158: noante
162: nogov
167: noante
174: noante
180: nogov
185: noante
190: noante
193: noante
195: nosubj
211: noante
212: noante
213: noante
216: noante
218: nogov
222: noante
226: noante
228: noante
233: noante
235: noante
241: noante
> redirect ./en/0093-en.info
