> errors
4: nogov
5: noante
10: noante
11: nogov
17: nonobj
18: noante
23: noante
28: noante
34: noante
45: noante
46: nogov
48: noante
51: noante
55: noante
61: noante
62: nogov
66: noante
77: noante
78: nogov
91: noante
97: noante
100: noante
109: noante
115: nosubj
117: nosubj
118: noante
120: noante
125: nogov
126: noante
127: noante
130: noante
140: noante
151: nogov
160: noante
170: nosubj
172: noante
175: noante
183: nogov
186: nogov
199: noante
200: nogov
202: noante
204: nosubj
211: noante
215: noante
233: nogov
> redirect ./en/0097-en.info
