> errors
2: noante
4: noante
5: nogov
9: noante
12: noante
14: noante
17: noante
19: noante
22: noante
29: noante
30: nogov
36: noante
39: noante
40: noante
45: nosubj
47: noante
48: noante
50: noante
56: nogov
57: noante
62: noante
64: noante
68: noante
71: noante
73: noante
76: noante
78: noante
85: noante
88: noante
94: nogov
95: noante
97: noante
100: noante
108: noante
109: noante
110: nogov noante
118: noante
125: noante
131: noante
132: nogov
133: noante
135: noante
138: noante
143: noante
144: noante
149: noante
156: noante
161: noante
162: nogov
168: noante
170: nogov
175: nosubj
177: nosubj
179: noante
185: noante
192: noante
194: nonobj
195: noante
> redirect ./en/0102-en.info
