> errors
2: noante
3: nogov
10: nogov
11: noante
14: 
    14 pnct# 10: manygovs
    14 dobj 13: manygovs
18: noante
22: noante
23: nosubj
24: nogov
32: noante
39: noante
40: nogov
47: nonobj
48: noante
49: noante
50: nosubj
52: noante
55: noante
56: noante
64: nogov
67: noante
69: noante
71: noante
72: noante
81: noante
83: noante
84: noante
87: noante
88: noante
93: noante
94: noante
96: nogov
101: noante
104: noante
108: nogov
109: noante
114: noante
116: noante
120: nosubj
122: noante
126: noante
128: noante
130: 
    130 pnct# 108: manygovs
    130 mod 127: manygovs
134: noante
135: nogov
139: nosubj
145: noante
149: noante
150: noante
156: nogov
157: nonobj
158: noante
160: noante
163: nonobj
171: nogov
174: nonobj
175: noante
178: nonobj
182: nosubj
187: noante
188: noante
194: noante
197: noante
198: nosubj
199: nogov
203: noante
204: noante
207: nonobj
209: noante
214: noante
216: noante
218: nosubj
224: noante
225: nogov
228: noante
229: noante
233: noante
237: noante
241: nogov
242: noante
243: noante
247: noante
251: noante
> redirect ./en/0103-en.info
