> errors
1: noante
5: noante
6: noante
11: nogov
19: noante
24: noante
26: nogov
29: noante
32: noante
41: noante
43: noante
46: noante
50: noante
58: noante
61: noante
63: nosubj
65: nonobj
66: noante
72: noante
78: noante
80: nogov
95: noante
98: noante
105: noante
106: nogov
110: noante
122: noante
124: noante
131: noante
141: noante
144: noante
145: noante
146: nogov
151: noante
156: noante
157: nogov
162: noante
168: noante
169: nogov
172: noante
175: noante
176: nosubj
180: noante
184: noante
190: noante
195: nonobj
198: noante
202: noante
204: noante
207: nogov
208: noante
219: noante
224: noante
225: nogov
231: noante
> redirect ./en/0104-en.info
