> errors
2: noante
5: nogov
8: noante
15: nonobj
16: noante
27: noante
29: noante
31: nosubj
33: noante
35: noante
43: noante
57: noante
68: nonobj
71: noante
74: noante
78: noante
79: nonobj
86: noante
95: noante
105: noante
107: nosubj
115: noante
117: nosubj
119: noante
123: noante
125: nosubj
129: noante
130: noante
138: noante
144: nosubj
151: nosubj
155: noante
172: noante
177: noante
178: nonobj
183: noante
194: nonobj
206: nosubj
209: nosubj
227: noante
231: noante
> redirect ./en/0107-en-lotte.info
