> errors
2: noante
5: nogov
8: noante
15: nonobj
16: noante
24: noante
27: noante
29: noante
33: noante
35: noante
43: noante
50: nogov
59: noante
60: nogov
68: nonobj
71: noante
74: noante
78: noante
80: nosubj
86: noante
93: noante
94: nogov
95: noante
101: nonobj
105: noante
115: noante
119: noante
121: nogov
123: noante
125: nosubj
129: noante
130: noante
134: nogov
138: noante
148: noante
150: nogov
155: noante
160: nogov
162: noante
168: noante
172: noante
177: nogov noante
178: nonobj
179: noante
183: noante
189: noante
194: nonobj
206: nosubj
213: noante
217: nogov
219: noante
227: noante
231: noante
> redirect ./en/0107-en-morten.info
