> errors
1: nogov
3: noante
5: noante
6: noante
13: noante
20: nosubj
21: noante
26: nogov
27: noante
34: noante
36: noante
37: noante
39: noante
43: nogov
44: noante
58: nogov nosubj
73: noante
85: nogov
88: noante
91: nosubj
92: noante
98: noante
99: nogov
103: nosubj
104: noante
107: nosubj
109: nosubj
110: noante
111: noante
113: noante
114: noante
116: noante
120: nogov
122: noante
125: noante
129: noante
140: noante
143: noante
146: noante
155: nogov
163: noante
166: noante
167: nogov
169: noante
171: noante
174: noante
181: noante
187: noante
191: nogov
198: nogov noante
202: noante
204: noante
205: noante
207: noante
213: nogov
216: nosubj
218: noante
221: noante
226: noante
> redirect ./en/0112-en.info
