> errors
3: noante
7: noante
15: noante
18: nogov
22: nosubj
24: noante
26: nonobj
40: noante
43: noante
44: noante
49: noante
73: noante
76: noante
84: noante
87: nonobj
89: noante
97: nonobj
98: noante
101: nosubj
117: noante
120: noante
123: nonobj
133: noante
135: noante
137: noante
139: noante
141: noante
143: noante
163: noante
183: noante
187: noante
194: noante
206: noante
212: nosubj
215: noante
223: noante
226: noante
238: noante
246: noante
248: noante
250: nosubj
251: noante
> redirect ./en/0114-en-lotte.info
