> errors
1: noante
3: noante
6: nosubj
7: nogov
8: nonobj
9: noante
10: noante
16: nonobj
23: noante
28: noante
30: noante
32: nosubj
35: noante
41: noante
46: noante
63: noante
68: noante
77: noante
96: nonobj
103: noante
106: nosubj
118: noante
120: nonobj
124: nosubj
130: noante
137: noante
141: noante
159: noante
166: noante
173: noante
175: noante
178: noante
200: nosubj
202: nosubj
204: noante
223: noante
229: noante
252: nosubj
254: nosubj
255: nonobj
261: noante
264: noante
> redirect ./en/0119-en-lotte.info
