> errors
1: noante
5: noante
18: nogov
19: noante
30: nosubj
32: noante
37: noante
42: nonobj
44: noante
53: nosubj
60: noante
63: noante
67: nonobj
74: nosubj
82: nosubj
88: noante
90: noante
91: noante
92: nonobj
109: noante
123: noante
126: noante
130: nosubj
132: noante
135: noante
143: noante
144: noante
145: nosubj
150: noante
155: noante
156: nosubj
159: noante
182: nosubj
186: nonobj
192: noante
193: noante
199: noante
203: nosubj
204: noante
205: nosubj
211: noante
212: noante
220: noante
231: noante
234: noante
237: noante
246: noante
> redirect ./en/0133-en-morten.info
