> errors
6: nogov
8: noante
10: noante
19: noante
20: nogov
27: noante
36: noante
40: noante
45: noante
50: nogov
51: noante
56: noante
59: nonobj
60: noante
75: noante
79: noante
82: noante
87: noante
89: nosubj
94: noante
95: noante
100: nogov
104: noante
106: nonobj
107: noante
111: noante
114: nogov
116: nosubj
117: noante
123: noante
127: noante
132: nogov noante
138: noante
144: noante
149: noante
152: noante
155: noante
156: nogov
160: noante
170: noante
171: nogov
173: noante
175: noante
176: noante
187: noante
192: nonobj
194: nosubj
196: noante
197: noante
> redirect ./en/0140-en.info
