> errors
2: noante
8: nosubj
11: noante
14: noante
18: nogov
24: noante
27: noante
28: nosubj
32: noante
40: noante
43: noante
56: nogov
62: noante
68: nogov
70: noante
77: noante
82: noante
87: noante
91: noante
97: noante
98: nogov
99: noante
101: noante
105: nosubj
107: noante
112: noante
115: noante
118: noante
125: noante
127: noante
128: nogov
134: noante
138: nosubj
139: noante
141: nosubj
146: nogov
148: noante
161: noante
163: noante
164: 
    164 pnct# 146: manygovs
    164 dobj 163: manygovs
172: nogov
173: noante
180: noante
182: nosubj
189: nogov
192: noante
201: noante
202: noante
210: noante
213: noante
219: noante
223: nogov
224: nonobj
231: nonobj
237: noante
> redirect ./en/0141-en.info
