> errors
1: noante
3: noante
5: nogov
8: noante
14: noante
16: noante
18: nogov
21: noante
31: noante
33: noante
34: noante
40: noante
48: noante
51: noante
58: noante
60: nogov
68: noante
84: nogov
89: 
    89 pnct# 87: manygovs
    89 attr 88: manygovs
90: noante
100: noante
101: noante
105: noante
110: noante
114: noante
116: noante
117: noante
121: noante
123: noante
125: noante
130: noante
133: noante
134: noante
137: noante
140: nogov
142: noante
145: noante
148: nosubj
151: noante
156: noante
165: noante
172: noante
176: nosubj
179: noante
182: nogov
184: noante
187: nonobj
188: noante
190: noante
192: nonobj
> redirect ./en/0143-en.info
