> errors
3: noante
4: nogov
12: nosubj
16: noante
18: nogov
29: noante
31: nogov
33: nosubj
34: noante
38: noante
41: noante
43: nogov noante
45: noante
50: noante
53: nogov
54: noante
57: nosubj
58: nonobj
64: nosubj
66: noante
71: noante
73: nogov
77: noante
78: noante
80: noante
83: noante
87: noante
88: nosubj
91: nosubj
96: noante
99: nogov noante
102: noante
107: nosubj
108: noante
113: nogov
116: noante
124: noante
125: nogov
127: noante
128: noante
134: noante
137: nonobj
138: noante
144: nosubj
149: noante
153: noante
155: nogov
157: noante
158: noante
163: noante
164: nogov
165: noante
167: nonobj
168: noante
171: noante
175: noante
176: noante
180: noante
181: nogov
182: noante
183: noante
188: noante
194: nogov
200: noante
205: noante
208: nogov
209: noante
210: nosubj
214: noante
222: nogov
225: noante
234: noante
236: nosubj
237: nogov
241: noante
> redirect ./en/0144-en.info
