> errors
3: noante
4: nogov
12: nosubj
16: noante
33: nosubj
34: noante
41: noante
43: noante
54: noante
57: nosubj
58: nonobj
64: nosubj
66: noante
77: noante
78: noante
80: noante
87: noante
88: nosubj
91: nosubj
96: noante
99: noante
107: nosubj
108: noante
113: nogov
    113 ¤elab 99: badtype
116: noante
127: noante
128: noante
134: noante
137: nonobj
141: nosubj
144: nosubj
149: noante
158: noante
165: noante
167: nonobj
168: noante
171: noante
175: noante
176: noante
182: noante
183: noante
200: noante
209: noante
210: nosubj
225: noante
236: nosubj
> redirect ./en/0144-en-lotte.info
