> errors
1: nogov
2: noante
7: noante
9: noante
20: nogov noante
23: nogov
32: noante
33: nogov
35: noante
36: noante
39: noante
43: noante
44: noante
47: noante
50: noante
51: noante
55: nonobj
59: noante
61: nogov
78: noante
81: noante
85: noante
87: noante
90: noante
92: noante
96: noante
112: nogov
113: noante
120: noante
122: noante
124: noante
126: nosubj
127: noante
133: noante
135: noante
138: noante
140: nogov
149: noante
150: noante
167: nogov
170: noante
188: nogov noante
190: noante
195: noante
196: nogov
197: noante
200: noante
215: noante
217: noante
218: nosubj
222: noante
225: noante
226: noante
228: noante
> redirect ./en/0151-en-morten.info
