> errors
3: noante
7: nosubj
9: noante
11: noante
14: noante
15: nogov
17: noante
22: nogov
23: noante
27: noante
29: noante
34: noante
35: noante
37: noante
39: noante
44: noante
47: noante
52: noante
58: noante
59: nogov
60: noante
62: nonobj
65: noante
75: noante
77: noante
81: noante
82: nogov
    82 attr:possd 81: badtype
84: noante
88: noante
92: noante
95: noante
97: nosubj
100: noante
105: nogov
108: noante
112: noante
124: noante
127: nogov
128: nosubj
134: noante
135: nogov
143: nogov
144: nogov
151: noante
156: nogov
174: noante
198: nogov
200: noante
> redirect ./en/0152-en.info
