> errors
2: noante
7: nogov noante
10: noante
16: nogov
17: noante
23: noante
25: noante
28: noante
31: noante
37: noante
42: noante
44: noante
45: nogov
47: noante
53: noante
54: noante
58: noante
59: noante
69: nogov
70: noante
75: noante
77: noante
78: nogov
85: noante
91: noante
92: nogov
99: noante
108: nogov
110: noante
113: noante
119: nonobj
125: nogov nosubj
126: noante
130: noante
140: nogov
143: noante
146: noante
153: noante
155: noante
160: noante
161: nogov
166: noante
168: noante
176: noante
180: noante
181: noante
183: noante
189: noante
192: noante
193: nogov
195: nonobj
213: nogov
216: noante
223: noante
228: noante
231: noante
232: noante
234: nogov
235: noante
242: noante
> redirect ./en/0169-en.info
