> errors
1: noante
2: noante
5: noante
14: noante
17: noante
18: noante
23: noante
27: noante
30: noante
33: noante
37: noante
44: noante
46: noante
50: nogov
52: noante
55: noante
60: nogov
63: noante
65: nonobj
66: noante
72: nosubj
76: nosubj
78: noante
80: noante
85: noante
88: noante
89: nogov
96: nosubj
97: noante
105: noante
107: noante
110: nogov
118: noante
120: nogov
122: noante
125: noante
132: nogov noante
134: noante
138: noante
141: nogov
144: nonobj
145: noante
155: nogov
163: noante
169: noante
176: noante
187: noante
190: noante
193: noante
196: noante
199: noante
211: nosubj
217: nosubj
226: noante
228: nosubj
231: noante
232: noante
236: nogov
> redirect ./en/0174-en.info
