> errors
2: nogov
3: noante
5: noante
12: noante
13: nogov
15: noante
16: nonobj
24: noante
28: nogov
29: noante
30: noante
36: nogov
40: noante
46: noante
47: nonobj
48: noante
52: noante
56: nogov
60: nosubj
61: nonobj
69: nogov
71: noante
73: nosubj
74: noante
78: noante
87: noante
89: nogov
99: noante
105: nonobj
120: noante
121: nogov
122: noante
131: noante
134: nogov
139: noante
143: noante
145: nogov noante
147: noante
156: nogov
157: noante
162: nosubj
167: noante
171: noante
172: noante
173: noante
180: noante
187: nogov
191: nogov
193: noante
195: noante
201: noante
204: noante
206: nogov
211: noante
212: noante
216: noante
220: nogov
223: noante
227: nogov
> redirect ./en/0176-en.info
