> errors
3: 
    3 pnct# 1: manygovs
    3 attr 2: manygovs
6: nogov
8: noante
11: noante
17: noante
18: noante
38: nonobj
43: noante
46: noante
48: nogov
49: noante
56: noante
60: noante
61: nogov
62: nonobj
67: noante
70: nosubj
73: noante
78: nogov
79: nosubj
84: noante
88: noante
89: noante
93: noante
95: noante
98: nosubj
101: noante
105: noante
117: noante
121: noante
130: noante
131: noante
132: nogov
142: noante
149: noante
150: nosubj
153: noante
154: nogov
158: noante
160: noante
163: noante
164: nosubj
169: noante
171: noante
173: noante
175: noante
179: noante
183: nogov
187: noante
189: noante
191: nosubj
192: noante
195: noante
197: noante
208: noante
210: nogov
211: noante
214: noante
215: noante
> redirect ./en/0182-en.info
