> errors
2: nogov
5: nosubj
7: nosubj
11: nosubj
12: noante
19: noante
21: noante
23: noante
25: noante
30: noante
35: noante
37: noante
38: nogov
40: nosubj
41: noante
46: noante
49: noante
52: nosubj
56: noante
63: nogov
64: noante
65: noante
76: nogov
77: noante
83: noante
88: noante
90: noante
93: nonobj
96: noante
102: noante
108: noante
111: noante
114: nonobj
120: noante
122: nogov
127: noante
129: noante
131: noante
142: nogov
146: nogov
162: noante
166: nogov
168: noante
176: noante
179: nogov
180: noante
193: nonobj
195: noante
200: noante
203: noante
> redirect ./en/0184-en.info
