> errors
1: nogov
11: nosubj
20: noante
28: noante
31: noante
32: nogov
38: noante
42: noante
44: noante
49: noante
54: noante
56: noante
60: noante
64: nosubj
71: noante
72: nogov
83: noante
89: noante
90: noante
91: nogov
93: noante
95: noante
98: noante
104: 
    104 nobj 103: manygovs
    104 pnct# 103: manygovs
105: noante
114: nogov
115: nonobj
118: noante
119: noante
129: noante
132: noante
140: nogov
143: noante
148: noante
155: nogov
157: noante
164: nogov
170: noante
180: noante
183: nogov
186: noante
194: noante
197: noante
198: noante
206: nogov
208: noante
210: noante
216: noante
223: noante
226: nosubj
227: noante
231: noante
232: noante
235: nogov
240: noante
> redirect ./en/0187-en.info
