> errors
1: nogov
5: noante
8: noante
9: noante
19: nogov
23: noante
24: nonobj
26: noante
28: noante
30: noante
31: noante
41: noante
43: nogov
51: nogov
52: noante
53: noante
56: noante
62: noante
65: noante
68: noante
69: noante
72: noante
75: noante
81: noante
84: noante
86: noante
87: nogov
88: nonobj
89: noante
92: noante
94: noante
97: noante
100: noante
103: noante
111: nogov
114: noante
117: nosubj
122: nonobj
123: noante
129: noante
130: nonobj
132: noante
135: noante
140: noante
144: noante
146: noante
154: nogov
155: noante
157: noante
167: noante
170: noante
172: noante
180: noante
184: noante
191: nogov
195: noante
202: noante
209: noante
218: noante
219: noante
224: nogov
226: noante
229: noante
233: noante
238: noante
241: nogov
> redirect ./en/0188-en.info
