> errors
2: nogov
4: noante
7: noante
16: noante
20: nonobj
27: noante
30: noante
38: noante
41: nogov
42: noante
52: noante
57: noante
60: noante
61: noante
66: noante
74: noante
76: noante
79: noante
80: noante
82: noante
83: noante
91: noante
92: nogov
96: noante
97: noante
99: nosubj
103: noante
104: noante
107: noante
110: noante
111: noante
115: noante
119: nogov
122: noante
124: noante
130: noante
131: noante
134: noante
143: noante
144: noante
154: noante
155: nogov
158: nonobj
159: noante
160: noante
162: noante
167: noante
170: noante
177: noante
183: noante
184: noante
188: noante
191: noante
193: noante
194: nosubj
196: noante
200: noante
205: noante
224: noante
225: nogov
227: nonobj
228: noante
232: noante
234: nonobj
239: noante
240: noante
245: noante
> redirect ./en/0191-en.info
