> errors
1: noante
3: nogov
4: nosubj
9: nonobj
10: noante
13: noante
20: noante
22: noante
24: nosubj
25: noante
30: noante
31: nogov
35: nosubj
37: noante
39: noante
42: noante
47: nosubj
49: noante
50: nosubj
53: noante
58: noante
59: nogov
60: noante
61: nosubj
62: nonobj
65: noante
68: noante
71: noante
72: noante
77: nogov
79: noante
80: noante
81: noante
93: noante
94: noante
98: nosubj
100: nosubj
105: noante
116: nogov
121: noante
122: noante
128: noante
132: noante
133: nogov
137: noante
141: noante
144: nonobj
145: nosubj
146: noante
151: noante
153: noante
156: noante
160: noante
161: nogov
163: noante
168: noante
171: noante
175: noante
179: noante
187: noante
189: nosubj
190: noante
192: noante
198: noante
203: noante
209: noante
210: nogov
214: noante
220: noante
223: noante
224: noante
226: noante
228: nonobj
232: noante
235: noante
> redirect ./en/0202-en.info
