> errors
1: noante
10: nogov
12: noante
17: noante
22: noante
25: noante
29: noante
31: noante
34: noante
35: nogov
39: nonobj
40: noante
49: nogov
51: noante
59: noante
62: noante
72: noante
75: nogov
78: noante
80: nonobj
81: noante
85: noante
95: nogov noante
96: noante
99: noante
100: noante
103: nosubj
115: nonobj
116: noante
119: noante
120: noante
134: noante
138: noante
139: noante
140: noante
143: noante
145: nosubj
146: nogov
156: noante
161: nogov
162: noante
166: noante
185: noante
189: nogov
192: noante
194: noante
208: noante
209: nogov noante
216: noante
217: noante
227: nogov
231: noante
234: noante
240: noante
> redirect ./en/0203-en.info
