> errors
1: noante
6: noante
7: nosubj
8: nogov
9: nonobj
10: noante
14: noante
19: noante
24: noante
27: noante
28: nogov
31: noante
35: noante
40: noante
41: noante
43: nogov
46: nosubj
47: noante
53: noante
62: noante
64: nogov
65: nonobj
66: noante
73: noante
79: noante
81: noante
83: noante
86: noante
87: nogov
91: noante
95: noante
96: nogov
97: noante
98: noante
103: nogov
104: noante
109: noante
112: noante
115: noante
116: nogov
119: noante
123: noante
125: noante
129: nogov
131: noante
134: noante
138: noante
145: 
    145 nobj 144: manygovs
    145 pnct# 144: manygovs
146: noante
147: nogov
149: nogov
    149 pred? 148: badtype
151: nosubj
152: noante
157: noante
161: noante
166: noante
167: nogov
168: nonobj
169: noante
177: noante
180: nosubj
181: noante
183: noante
189: nogov
194: noante
204: noante
> redirect ./en/0204-en.info
