> errors
2: nogov
13: nosubj
29: nogov
31: nosubj
34: nosubj
38: noante
43: noante
45: noante
47: noante
49: noante
53: nogov
57: nogov
59: noante
63: noante
68: noante
70: noante
72: noante
85: noante
96: noante
97: nosubj
100: noante
105: noante
110: noante
112: nogov
116: noante
124: nogov noante
126: noante
139: noante
141: noante
143: nogov
147: noante
152: nogov noante
156: nogov
160: noante
161: noante
163: nogov
165: noante
169: nosubj
170: noante
171: noante
180: noante
183: noante
188: nosubj
189: noante
192: noante
194: noante
196: noante
201: noante
202: noante
203: nogov
205: noante
209: noante
212: noante
214: noante
217: noante
220: noante
223: noante
> redirect ./en/0209-en.info
