> errors
2: noante
4: noante
8: noante
11: nosubj
13: noante
14: nosubj
17: noante
18: nogov
20: noante
24: noante
29: noante
35: noante
38: nogov
40: nonobj
41: noante
43: noante
45: noante
61: noante
64: noante
67: noante
68: noante
72: nogov nosubj
76: noante
80: noante
81: noante
83: noante
86: noante
89: noante
90: noante
94: nogov
95: noante
97: noante
101: noante
104: noante
106: nogov
121: noante
130: noante
131: nosubj
133: noante
140: nonobj
142: noante
152: noante
156: noante
158: noante
159: nosubj
161: noante
162: noante
163: nogov
167: noante
172: noante
173: noante
175: nogov
179: noante
183: noante
185: noante
188: noante
191: noante
196: noante
198: noante
202: noante
216: noante
219: noante
221: noante
227: noante
229: nogov
233: noante
238: noante
239: noante
245: noante
> redirect ./en/0212-en.info
