> errors
2: noante
4: noante
8: noante
11: nosubj
13: noante
14: nosubj
18: nogov
24: noante
29: noante
40: nonobj
43: noante
45: noante
61: noante
67: noante
68: noante
72: nosubj
76: noante
80: noante
81: noante
83: noante
86: noante
89: noante
90: noante
95: noante
108: nosubj
110: nosubj
130: noante
131: nosubj
140: nonobj
142: noante
152: noante
156: noante
158: noante
159: nosubj
161: noante
165: nosubj
177: nosubj
183: noante
188: noante
198: noante
216: noante
219: noante
221: noante
231: nosubj
238: noante
239: noante
245: noante
> redirect ./en/0212-en-lotte.info
