> errors
5: noante
6: nogov
8: nosubj
10: noante
16: nogov
17: noante
19: noante
20: nosubj
21: noante
24: noante
30: noante
32: noante
33: nosubj
38: noante
39: nogov
47: noante
48: nogov
50: noante
51: noante
57: nosubj
58: noante
63: noante
64: nogov
67: noante
71: noante
74: noante
84: noante
85: nogov
87: nosubj
91: noante
93: noante
96: noante
104: noante
105: nogov
107: noante
108: noante
113: noante
115: nogov
119: nosubj
124: noante
125: nogov
127: noante
134: noante
135: nogov
136: noante
137: noante
144: noante
145: noante
147: nosubj
148: noante
150: noante
153: noante
156: noante
158: noante
163: noante
164: nogov
167: noante
169: noante
171: noante
177: nogov
178: noante
182: noante
186: noante
199: noante
200: nogov
203: nosubj
204: noante
> redirect ./en/0220-en.info
