> errors
1: noante
2: noante
3: nogov
4: nonobj
5: noante
7: noante
11: noante
18: noante
24: noante
26: noante
31: noante
35: noante
38: noante
42: noante
43: noante
49: noante
55: nogov noante
56: noante
57: nonobj
58: noante
65: noante
71: nonobj
77: nogov
81: noante
87: noante
88: noante
89: nogov
94: nosubj
99: noante
104: noante
109: noante
112: nogov
122: noante
125: noante
126: nogov
127: nonobj
131: noante
138: noante
140: noante
149: noante
152: nogov
158: noante
162: nogov
165: noante
172: noante
173: noante
179: noante
181: nogov
187: noante
200: nogov
201: noante
202: noante
204: noante
211: noante
212: nosubj
214: noante
> redirect ./en/0229-en.info
