> errors
1: noante
2: nogov
6: nosubj
8: noante
16: noante
21: nogov
25: noante
31: noante
32: nogov
34: noante
39: noante
48: noante
50: nogov
51: noante
53: noante
57: noante
63: nosubj
64: noante
67: noante
68: nogov
70: noante
73: nosubj
74: noante
78: noante
79: nogov
82: noante
87: noante
89: nogov
95: noante
97: nosubj
101: noante
102: nogov
104: noante
106: nonobj
111: noante
120: noante
124: nogov
129: noante
131: nonobj
133: noante
135: noante
142: noante
143: nogov
154: noante
159: noante
164: noante
165: nogov
166: nonobj
168: noante
169: noante
171: noante
174: noante
176: noante
178: noante
184: nonobj
185: noante
188: noante
190: noante
195: noante
196: nogov
197: noante
199: noante
206: noante
> redirect ./en/0235-en.info
