> errors
2: noante
3: nogov
7: noante
10: noante
13: noante
14: noante
16: noante
20: noante
21: nogov
22: nosubj
24: nosubj
26: noante
29: nosubj
31: noante
32: noante
38: noante
43: noante
44: nogov
48: noante
50: nosubj
51: noante
59: nogov
65: noante
67: nogov
73: noante
75: nosubj
78: noante
82: noante
85: nogov
87: nonobj
89: noante
99: noante
101: nogov
109: noante
112: noante
113: noante
115: noante
127: noante
128: nogov
140: noante
144: noante
147: noante
151: noante
152: noante
158: noante
160: noante
165: noante
176: nogov
181: noante
184: noante
189: nogov
197: noante
202: noante
> redirect ./en/0240-en.info
