> errors
2: noante
4: noante
7: noante
9: nogov
15: nogov noante
17: noante
20: noante
28: noante
31: noante
34: nogov
35: nonobj
36: noante
43: noante
45: noante
49: noante
50: nogov
54: noante
56: noante
57: noante
60: noante
65: noante
69: noante
70: noante
72: nonobj
74: noante
79: noante
81: nogov
85: noante
92: noante
97: nogov
98: noante
102: noante
104: noante
106: nonobj
107: noante
109: noante
119: noante
121: noante
128: noante
130: noante
134: noante
135: nogov
138: noante
140: noante
142: nosubj
143: noante
146: noante
149: nosubj
150: noante
153: noante
156: noante
161: noante
163: nosubj
167: noante
172: noante
175: noante
176: nogov
183: noante
193: noante
197: noante
199: nogov
204: noante
205: noante
208: noante
213: noante
216: noante
220: noante
> redirect ./en/0245-en.info
