> errors
1: nogov
2: noante
5: noante
6: nosubj
9: nonobj
18: noante
20: nogov
21: nonobj
28: noante
29: nosubj
33: noante
34: noante
38: noante
44: noante
48: noante
50: nogov
52: nonobj
53: noante
58: noante
63: nogov nosubj
64: noante
66: noante
72: noante
78: nosubj
80: noante
82: noante
91: noante
97: noante
99: nogov
105: nogov
119: noante
121: nogov
122: noante
125: noante
128: noante
133: nogov
135: noante
138: noante
145: noante
146: nogov
151: nogov
152: noante
153: nosubj
159: noante
164: noante
174: noante
175: nogov
178: noante
180: noante
182: nosubj
183: noante
188: noante
190: noante
195: nogov
204: nosubj
206: noante
> redirect ./en/0257-en.info
