> errors
1: nosubj
3: noante
6: noante
7: nogov
15: noante
27: noante
32: noante
33: nogov
39: noante
48: noante
49: nogov
50: nosubj
53: noante
60: noante
62: nogov
66: noante
68: noante
72: noante
74: noante
75: nogov
90: nonobj
92: noante
99: noante
101: nogov
102: noante
107: noante
109: noante
116: noante
118: nonobj
119: noante
124: noante
129: nogov
130: nonobj
133: noante
137: noante
154: nosubj
155: noante
171: noante
174: noante
179: nogov
186: noante
191: noante
198: nogov noante
203: noante
204: nosubj
206: nogov
207: noante
214: noante
216: nosubj
226: nogov
228: noante
229: noante
235: noante
238: noante
241: noante
> redirect ./en/0258-en.info
