> errors
1: nogov
10: nogov noante
12: noante
18: nogov
22: noante
32: noante
40: nosubj
41: nonobj
43: noante
47: nogov
52: noante
59: noante
61: nogov
69: noante
70: nogov
77: noante
82: noante
83: noante
87: noante
88: noante
92: noante
93: nogov
97: noante
100: noante
102: noante
105: noante
106: noante
112: noante
116: noante
117: nogov
120: nosubj
121: noante
125: noante
127: noante
134: noante
137: noante
138: nogov
139: noante
141: noante
144: noante
148: nosubj
149: noante
152: nonobj
153: noante
157: nosubj
161: noante
162: nogov
173: nosubj
176: noante
179: noante
180: noante
191: noante
192: noante
195: noante
196: noante
200: noante
202: nogov
206: nosubj
208: noante
209: noante
210: noante
214: noante
219: noante
221: noante
224: nonobj
226: noante
231: nogov
232: noante
> redirect ./en/0260-en.info
