> errors
1: nogov nosubj
3: noante
11: nogov
14: noante
18: noante
20: nosubj
25: nogov
26: noante
42: noante
43: noante
45: nogov
47: noante
48: noante
56: noante
70: nogov
73: noante
80: noante
83: nonobj
87: noante
89: noante
95: noante
97: noante
99: noante
103: nogov
108: noante
120: noante
132: nogov
143: noante
150: noante
153: nonobj
157: nogov
160: noante
166: nogov noante
170: noante
173: noante
175: nogov
178: noante
180: noante
186: noante
189: noante
196: nogov noante
197: noante
202: noante
205: noante
212: noante
220: noante
222: nogov
225: noante
228: noante
230: noante
234: noante
> redirect ./en/0264-en.info
