> errors
4: noante
5: nogov
10: noante
11: nogov
15: noante
20: noante
21: nogov
23: noante
26: noante
30: nogov
31: noante
37: noante
40: noante
45: nogov noante
48: noante
50: noante
51: nosubj
57: nogov
61: noante
68: noante
69: nogov
70: nosubj
72: nonobj
80: nonobj
82: noante
86: noante
88: nogov
90: noante
97: nosubj
99: noante
106: noante
108: noante
111: noante
117: noante
120: noante
121: nogov
126: nogov
133: noante
134: nogov
142: noante
143: nogov
145: nosubj
150: nogov
156: noante
163: noante
167: noante
168: nogov
172: nonobj
174: noante
182: noante
183: nogov
188: noante
189: nogov
191: nosubj
192: noante
196: noante
197: nogov
202: noante
204: noante
210: noante
212: noante
215: noante
218: noante
221: nogov
> redirect ./en/0265-en.info
