> errors
2: noante
4: noante
7: noante
9: noante
13: noante
14: noante
17: noante
19: nosubj
20: nosubj
22: nogov
28: noante
29: nogov
33: noante
36: noante
41: noante
45: noante
47: nosubj
50: noante
53: noante
58: noante
59: nogov
60: noante
61: noante
62: noante
66: nonobj
67: nosubj
69: noante
73: noante
74: noante
77: noante
81: noante
86: noante
87: nogov
88: nosubj
90: noante
93: nosubj
94: noante
97: noante
100: noante
103: noante
105: nosubj
106: nosubj
117: noante
121: nosubj
122: noante
129: nogov
134: noante
140: noante
146: nosubj
147: noante
148: noante
155: nogov
159: noante
167: noante
173: noante
176: noante
177: nogov
190: noante
> redirect ./en/0269-en.info
