> errors
2: noante
5: noante
6: nogov
12: noante
19: noante
24: noante
27: nosubj
28: nonobj
30: noante
37: noante
39: noante
42: noante
44: nogov
47: noante
52: nosubj
53: nosubj
55: noante
56: nosubj
61: noante
63: noante
65: noante
67: noante
70: noante
71: noante
77: noante
81: noante
88: noante
93: noante
97: nogov
99: noante
102: noante
106: nonobj
107: noante
111: noante
118: noante
123: nogov
124: nosubj
125: nosubj
129: noante
133: noante
135: noante
136: nonobj
137: noante
147: noante
150: nogov
156: noante
161: noante
166: noante
168: nonobj
170: noante
173: noante
175: noante
181: noante
182: noante
183: nogov
184: noante
186: noante
187: noante
189: nosubj
191: nosubj
194: nosubj
197: noante
> redirect ./en/0272-en.info
