> errors
2: noante
4: noante
6: noante
7: nogov
10: nosubj
11: noante
14: noante
17: nosubj
18: noante
24: noante
25: nogov
30: nogov
31: nosubj
32: nonobj
33: noante
35: noante
38: noante
43: nogov
45: noante
50: noante
52: noante
55: nosubj
56: nonobj
57: noante
61: nosubj
66: noante
69: noante
75: noante
80: noante
81: nogov
82: noante
90: noante
92: noante
93: nogov
98: noante
99: nogov
100: nonobj
102: noante
106: noante
112: nosubj
113: noante
115: nonobj
117: noante
123: noante
124: nogov
126: noante
133: nogov
138: nogov
140: noante
141: noante
146: nogov
149: noante
150: noante
155: nogov
161: noante
162: nogov
163: noante
169: noante
170: nogov
173: noante
177: noante
178: nogov
182: noante
187: nogov
189: noante
194: nogov
195: noante
196: noante
199: noante
204: nogov
205: noante
208: noante
214: nogov
220: nosubj
> redirect ./en/0279-en.info
