> errors
1: noante
3: nogov
7: noante
11: noante
16: noante
17: nonobj
18: noante
22: noante
25: noante
32: nogov
35: noante
41: nosubj
43: noante
44: noante
46: noante
48: noante
50: noante
52: noante
54: noante
57: noante
59: nosubj
60: noante
61: nosubj
62: nosubj
64: noante
66: noante
69: noante
71: noante
72: nosubj
74: noante
76: noante
82: nogov
83: noante
92: noante
96: noante
98: noante
100: noante
105: nogov
111: noante
115: noante
119: noante
122: noante
123: nogov
124: nosubj
129: noante
132: noante
133: nosubj
135: noante
137: nosubj
138: noante
142: nogov
146: noante
147: nogov
149: noante
152: nosubj
159: noante
162: nogov
163: nosubj
165: noante
170: noante
171: nogov
175: noante
176: noante
179: noante
181: noante
184: noante
189: nogov
192: noante
201: noante
206: nogov
    206 pnnct 205: badtype
214: nogov
217: noante
221: noante
223: noante
225: noante
229: noante
242: noante
> redirect ./en/0281-en.info
