> errors
2: noante
3: nogov
7: noante
9: noante
10: noante
14: noante
15: nogov
16: noante
17: noante
19: noante
21: noante
23: noante
25: noante
27: noante
30: noante
32: noante
33: noante
35: nosubj
37: noante
41: noante
42: nogov
44: nonobj
45: noante
46: noante
49: noante
53: nogov
58: noante
60: noante
63: noante
64: nonobj
65: noante
66: noante
67: noante
68: noante
69: noante
74: noante
76: nogov
89: nogov
95: noante
97: noante
102: noante
103: noante
111: noante
112: nogov
113: noante
123: noante
125: nogov
128: noante
131: nosubj
132: noante
137: noante
138: noante
139: nogov noante
142: noante
144: noante
150: nonobj
151: noante
160: noante
161: nogov
173: noante
175: noante
177: noante
178: nogov
179: nonobj
182: noante
186: nogov
187: noante
193: noante
194: nogov
196: nosubj
198: nosubj
201: noante
204: noante
> redirect ./en/0285-en.info
