> errors
1: nogov
2: nosubj
3: noante
6: noante
10: noante
12: nogov
25: nogov
29: nonobj
30: noante
39: noante
42: noante
43: nogov noante
44: noante
58: noante
59: noante
61: nogov
68: noante
69: nogov
71: noante
75: noante
84: noante
85: noante
90: noante
91: nogov
93: noante
95: noante
100: noante
107: noante
110: noante
111: nogov
114: noante
127: noante
128: nogov
138: nogov
148: nogov
167: nogov noante
173: nogov nosubj
175: noante
177: nosubj
178: noante
182: nogov
186: nogov
187: noante
189: noante
193: noante
194: noante
197: noante
201: noante
202: nogov
203: noante
206: nonobj
207: noante
210: noante
212: noante
214: noante
219: noante
220: nogov
222: noante
228: nogov
229: noante
231: noante
232: noante
235: noante
> redirect ./en/0286-en.info
