> errors
2: noante
3: nogov
10: noante
13: noante
22: noante
27: noante
29: nogov
38: noante
39: nogov
41: noante
43: nonobj
44: noante
54: nosubj
56: noante
61: noante
62: noante
64: noante
66: noante
68: nogov
71: noante
72: noante
75: nonobj
83: noante
87: noante
89: nogov
93: nosubj
96: noante
98: noante
101: nosubj
103: nonobj
104: noante
112: noante
113: nogov
114: noante
122: nogov
125: noante
127: noante
129: noante
131: noante
134: noante
142: noante
143: nogov
147: noante
149: noante
154: nogov
155: noante
158: noante
162: noante
168: noante
169: nogov
173: noante
178: noante
180: nogov
181: noante
186: noante
189: nogov
190: nonobj
193: noante
196: noante
201: noante
208: noante
212: noante
> redirect ./en/0303-en.info
