> errors
2: nogov
4: noante
7: noante
8: noante
11: noante
12: nosubj
17: noante
18: nogov
22: noante
24: noante
29: noante
32: noante
35: noante
39: noante
43: noante
46: noante
52: nogov
57: noante
61: nonobj
62: noante
64: noante
66: nosubj
67: nonobj
68: noante
73: nogov
81: noante
94: noante
95: noante
100: noante
104: nogov noante
110: noante
111: nogov
112: nonobj
114: noante
119: noante
120: noante
125: nogov
126: noante
132: noante
133: nogov
138: noante
140: noante
145: noante
146: nogov
151: nosubj
152: nonobj
155: noante
157: noante
159: noante
163: noante
165: nonobj
167: noante
170: noante
173: noante
174: nogov
179: noante
183: noante
186: noante
191: noante
194: noante
196: nogov
197: noante
205: nonobj
206: noante
211: noante
> redirect ./en/0304-en.info
