> errors
2: noante
5: noante
6: noante
8: nogov nosubj
11: noante
25: noante
30: nogov
32: noante
37: nogov
41: noante
45: noante
47: noante
58: nogov
66: nogov
69: nosubj
70: noante
71: noante
72: noante
74: noante
75: noante
78: noante
86: noante
87: nogov
92: noante
95: noante
105: nonobj
106: noante
109: noante
110: noante
111: noante
115: nogov
122: nogov
129: noante
130: nogov
132: noante
133: noante
134: noante
142: nonobj
144: noante
145: nogov
151: noante
157: noante
164: noante
167: noante
179: noante
180: nogov
181: noante
182: noante
183: noante
188: noante
191: noante
192: noante
196: noante
197: noante
200: noante
201: nogov
203: noante
209: noante
212: noante
213: noante
214: noante
217: noante
221: noante
223: noante
228: noante
234: noante
237: noante
238: nogov
241: noante
> redirect ./en/0306-en.info
