> errors
3: nogov nosubj
6: noante
7: nogov
9: nonobj
10: noante
11: noante
13: noante
15: noante
17: noante
24: noante
28: noante
30: nogov
41: nonobj
43: noante
50: noante
55: noante
62: nogov
63: noante
68: noante
74: noante
76: noante
78: noante
79: nogov
81: noante
87: noante
88: nogov
92: noante
100: noante
105: noante
106: nogov
109: noante
111: nosubj
112: nosubj
131: noante
133: noante
134: nogov
139: noante
147: noante
148: nogov
151: nosubj
156: nosubj
157: noante
160: noante
161: noante
162: nonobj
165: noante
170: noante
173: noante
174: nogov
181: noante
183: nonobj
194: noante
197: noante
204: nonobj
206: noante
211: noante
> redirect ./en/0307-en.info
