> errors
2: noante
3: nogov
5: noante
10: noante
11: nogov
12: noante
19: noante
23: nosubj
27: nogov
28: noante
29: noante
31: nonobj
37: nogov
41: noante
45: noante
52: nogov
53: noante
57: noante
59: noante
62: noante
69: noante
70: nogov
77: noante
82: noante
83: nogov
86: nosubj
88: noante
94: nogov
99: noante
103: nonobj
106: noante
107: nogov
110: noante
111: nosubj
113: noante
120: nogov
121: nonobj
123: noante
129: noante
131: nonobj
133: noante
134: nogov
145: noante
153: nogov
157: noante
163: noante
164: nogov
167: nosubj
168: nonobj
170: noante
174: noante
176: noante
182: nogov
186: noante
187: nogov
188: noante
189: noante
192: nogov
    192 pmct 187: badtype
195: noante
196: nogov
199: noante
204: noante
> redirect ./en/0309-en.info
