> errors
2: nogov noante
4: noante
6: noante
10: noante
12: noante
14: nosubj
15: nosubj
19: noante
22: noante
23: nogov
29: noante
33: noante
35: noante
36: nogov
40: noante
43: noante
44: noante
50: noante
51: nogov
56: nosubj
57: noante
59: noante
65: noante
68: noante
71: nosubj
74: noante
77: noante
81: noante
82: nogov
95: nogov
96: noante
109: nogov
110: noante
112: noante
117: nogov
118: noante
124: nogov
133: noante
139: nogov
140: noante
142: noante
150: noante
155: nonobj
156: noante
160: noante
162: noante
165: noante
166: noante
168: noante
174: noante
176: nogov
177: noante
181: nosubj
182: nogov
183: noante
187: noante
191: noante
193: nogov
194: noante
198: noante
203: noante
209: nogov
212: noante
217: nogov
218: noante
222: nosubj
223: noante
> redirect ./en/0314-en.info
