> errors
3: noante
5: nonobj
12: nogov
18: noante
26: nogov
31: nogov
45: nogov
47: noante
48: nosubj
62: noante
66: nogov
69: nosubj
71: noante
79: noante
80: nogov
83: nonobj
85: noante
90: noante
91: nogov
92: noante
93: noante
99: nogov
110: noante
112: nogov
113: noante
115: noante
117: noante
124: nogov
125: noante
131: nosubj
135: nogov
138: nosubj
139: nonobj
141: noante
147: nogov
152: nogov noante
154: noante
159: noante
160: nogov
161: noante
165: noante
170: nogov
178: nogov
182: noante
188: nogov
190: noante
191: noante
195: nogov nosubj
197: noante
201: nogov nosubj
202: noante
211: nosubj
215: nogov
222: noante
224: nogov
230: nogov
231: noante
234: noante
235: noante
240: noante
241: nogov
244: noante
> redirect ./en/0320-en.info
