> errors
1: noante
5: noante
7: nogov
8: noante
10: noante
14: nogov
18: noante
25: noante
26: nogov
31: noante
33: nonobj
34: noante
36: noante
39: noante
44: noante
49: noante
62: noante
63: nogov
67: noante
69: noante
72: noante
77: noante
81: noante
83: noante
85: noante
88: noante
89: noante
95: noante
97: noante
99: nogov
100: noante
102: noante
106: noante
112: noante
115: noante
118: noante
119: nosubj
121: noante
130: noante
131: nogov
137: noante
138: nogov
140: noante
147: noante
148: nogov
149: noante
151: noante
160: noante
162: noante
163: noante
166: noante
169: noante
170: noante
175: 
    175 pnct# 167: manygovs
    175 nobj 174: manygovs
176: nosubj
180: noante
184: noante
187: noante
189: noante
194: nogov
195: noante
203: noante
204: nogov
208: noante
> redirect ./en/0324-en.info
