> errors
1: nonobj
4: noante
6: nogov
11: noante
18: nogov
23: noante
26: noante
27: nogov
30: noante
37: noante
38: nogov
39: nonobj
40: noante
44: noante
49: nogov noante
50: noante
51: noante
54: noante
58: nogov
59: noante
61: noante
63: 
    63 pnct# 58: manygovs
    63 lobj 60: manygovs
68: nogov
69: noante
72: nonobj
73: noante
80: noante
83: noante
84: nogov
88: noante
92: noante
93: nogov
94: noante
103: noante
107: noante
108: nogov
110: nonobj
111: noante
113: noante
120: nogov
121: noante
125: nonobj
126: noante
132: noante
136: noante
137: nogov
140: noante
142: nonobj
143: noante
153: noante
154: nogov
160: noante
167: noante
175: nogov
178: noante
185: noante
187: noante
190: noante
191: nonobj
192: noante
198: nogov
205: noante
208: noante
209: nonobj
210: noante
214: noante
216: nosubj
217: noante
222: noante
228: noante
229: nogov
> redirect ./en/0326-en.info
