> errors
2: nogov
7: noante
13: noante
20: nosubj
29: noante
30: nogov
31: noante
32: noante
38: nosubj
41: noante
47: noante
50: nosubj
55: nogov
62: noante
69: noante
71: noante
78: nogov noante
80: noante
86: nogov
87: noante
90: noante
91: noante
93: noante
97: noante
98: nogov noante
99: noante
101: nonobj
106: noante
107: nogov
109: nosubj
114: noante
115: nogov
117: noante
120: noante
122: noante
127: noante
130: noante
131: nogov
136: noante
141: noante
142: nogov
144: noante
146: noante
150: nonobj
153: noante
154: nogov
155: noante
156: noante
160: noante
162: nogov
165: noante
169: nogov
173: noante
174: nonobj
180: noante
181: noante
182: noante
189: nogov
191: noante
196: noante
213: noante
214: nogov
217: noante
220: noante
224: nonobj
226: noante
231: noante
233: nogov
241: noante
243: noante
> redirect ./en/0327-en.info
