> errors
1: noante
2: nogov
4: nonobj
5: noante
8: nosubj
10: nonobj
11: noante
18: noante
19: nogov
22: noante
25: noante
27: noante
28: noante
31: noante
32: noante
34: nosubj
45: noante
52: noante
53: nogov
55: noante
56: nonobj
57: noante
61: noante
62: nogov
63: noante
71: noante
72: nogov
75: noante
80: noante
81: noante
82: nogov
85: noante
89: noante
91: nonobj
92: noante
97: noante
100: noante
116: noante
117: nogov
120: nonobj
121: noante
122: noante
133: noante
136: noante
151: noante
159: noante
162: noante
163: nogov
165: nonobj
167: noante
168: noante
172: noante
173: nonobj
174: noante
180: nogov noante
> redirect ./en/0334-en.info
