> errors
1: nogov
2: noante
4: nogov
6: noante
7: noante
8: noante
13: nogov
14: noante
20: noante
26: nosubj
29: nosubj
31: nonobj
33: noante
37: noante
38: noante
49: nogov noante
52: noante
55: noante
56: nogov
58: noante
59: noante
61: noante
66: nogov
69: noante
71: nosubj
73: noante
74: nonobj
75: noante
79: nogov
81: noante
88: noante
92: noante
93: nogov
97: noante
100: noante
102: noante
112: noante
116: noante
127: noante
128: nogov
130: noante
134: nogov noante
138: noante
139: noante
144: noante
145: nogov
147: noante
152: noante
157: noante
160: noante
162: noante
170: noante
171: nogov
175: noante
178: noante
181: noante
183: nosubj
184: noante
185: noante
187: nosubj
193: noante
194: nogov
202: noante
212: nogov
215: noante
218: noante
223: nosubj
> redirect ./en/0337-en.info
