> errors
3: nogov
5: noante
19: nogov noante
23: noante
24: nogov
28: noante
31: noante
35: nosubj
36: noante
41: noante
46: nogov
53: nogov
    53 <cause> 55: badtype
55: nogov noante
60: noante
65: noante
67: noante
69: noante
73: noante
75: nogov
78: noante
83: nogov
85: noante
92: noante
94: nogov
96: noante
102: noante
104: noante
110: noante
112: nogov
113: noante
118: noante
122: noante
123: nogov
124: noante
128: noante
131: noante
136: noante
143: nogov
147: noante
155: noante
156: noante
161: nogov
164: noante
167: noante
168: noante
170: nosubj
175: noante
176: nogov
184: noante
190: noante
194: noante
195: nogov
206: nogov
208: noante
212: nosubj
215: nosubj
217: noante
219: noante
220: noante
> redirect ./en/0339-en.info
