> errors
1: noante
3: nogov
8: noante
13: noante
17: noante
19: nosubj
22: noante
24: noante
26: nogov
27: nonobj
28: noante
30: noante
31: noante
32: noante
35: noante
42: noante
45: noante
47: noante
48: nogov
50: noante
55: nosubj
60: noante
62: nonobj
65: noante
69: noante
71: noante
73: noante
82: nosubj
83: nosubj
84: nosubj
86: noante
88: nonobj
89: noante
95: noante
99: noante
100: noante
103: nosubj
107: noante
109: nogov
110: noante
113: noante
118: noante
120: noante
121: nonobj
123: noante
128: noante
130: nogov
131: noante
136: noante
139: noante
143: noante
146: noante
151: noante
152: noante
157: noante
164: nonobj
166: noante
167: noante
170: noante
172: noante
173: noante
178: noante
181: noante
182: nogov
187: noante
190: noante
194: noante
198: noante
200: noante
202: nosubj
205: noante
212: nonobj
214: noante
215: noante
> redirect ./en/0342-en.info
