> errors
1: noante
2: nogov
3: nonobj
5: noante
13: noante
15: noante
20: nogov
25: nonobj
27: noante
31: noante
32: 
    32 pnct# 20: manygovs
    32 nobj 31: manygovs
36: noante
37: nogov
42: noante
45: noante
47: noante
50: noante
51: nogov
58: noante
59: nogov
64: noante
67: noante
68: nosubj
74: noante
75: nogov
87: noante
88: nogov
95: noante
96: nogov
99: nonobj
100: noante
102: 
    102 pnct# 96: manygovs
    102 vobj 101: manygovs
106: noante
107: nogov
108: noante
110: noante
111: nosubj
118: nogov nosubj
124: noante
125: nogov
128: 
    128 pnct# 125: manygovs
    128 mod 127: manygovs
132: noante
134: nogov
135: noante
140: noante
141: nogov
146: noante
148: noante
157: nogov nosubj
163: nogov
165: noante
171: noante
175: noante
177: noante
182: noante
183: nogov
184: nonobj
186: noante
187: noante
188: nosubj
194: noante
195: noante
200: noante
201: nogov
202: nonobj
207: noante
213: noante
214: noante
220: noante
225: nogov
227: noante
229: 
    229 pnct# 225: manygovs
    229 nobj 228: manygovs
> redirect ./en/0345-en.info
