> errors
1: noante
3: nogov
11: noante
12: nogov
15: noante
18: noante
19: nonobj
20: noante
30: nogov noante
31: noante
35: noante
38: noante
41: noante
50: nogov noante
52: noante
56: noante
61: noante
63: noante
65: noante
67: noante
76: noante
79: noante
81: noante
85: noante
93: noante
98: nogov
103: nogov
104: noante
112: nogov
114: noante
118: noante
122: noante
128: noante
129: noante
131: nogov
133: noante
135: noante
140: noante
142: nogov
144: noante
149: noante
151: noante
153: noante
156: noante
162: noante
163: nogov
164: noante
168: noante
171: noante
173: noante
182: noante
184: noante
185: nosubj
187: noante
189: noante
196: nogov noante
202: noante
203: nogov
205: noante
210: nogov
214: noante
> redirect ./en/0351-en-lotte.info
