> errors
6: noante
8: noante
9: nogov
11: noante
14: noante
20: noante
21: nogov
22: noante
29: noante
31: noante
37: nogov
38: noante
44: noante
46: nogov
49: nosubj
59: noante
63: noante
67: noante
68: nogov
72: noante
79: noante
90: noante
91: nogov
96: noante
97: nogov
98: noante
103: noante
108: nosubj
109: noante
110: nonobj
115: noante
116: nogov
122: noante
126: nogov
136: nogov
137: nonobj
143: noante
144: nogov
149: nosubj
150: nonobj
152: noante
157: nogov
158: noante
159: noante
161: noante
164: noante
166: noante
168: noante
170: nogov nosubj
171: nogov nosubj
172: nonobj
173: noante
174: noante
175: nogov
179: noante
180: noante
182: noante
184: nonobj
187: noante
192: nosubj
193: noante
194: nonobj
196: noante
201: noante
203: nogov
215: noante
220: nogov
221: nonobj
227: noante
> redirect ./en/0353-en.info
