> errors
6: noante
11: noante
12: nogov
16: noante
17: nogov
20: noante
24: noante
25: nogov
27: noante
32: noante
33: noante
36: noante
37: nogov
39: nonobj
41: noante
45: noante
46: nogov
47: nonobj
54: noante
56: nogov
64: nogov noante
65: noante
70: noante
71: nogov
72: noante
77: noante
79: noante
81: nogov
89: noante
90: nogov
91: noante
95: noante
99: noante
100: nogov
109: noante
111: nonobj
115: noante
120: noante
122: nogov noante
130: nogov
131: noante
138: noante
139: noante
148: noante
149: nogov
150: nosubj
154: noante
157: noante
160: noante
165: nogov noante
166: noante
168: noante
178: nosubj
180: noante
184: noante
185: noante
190: nogov
191: noante
193: noante
198: nogov noante
203: noante
204: nogov
205: noante
209: noante
210: nogov
215: nosubj
216: noante
219: noante
221: noante
224: noante
225: nosubj
229: nogov
231: noante
236: noante
> redirect ./en/0354-en.info
