> errors
2: noante
3: nogov
8: noante
14: noante
15: nogov nosubj
16: nosubj
17: noante
24: noante
30: noante
32: nosubj
34: noante
39: noante
40: nogov
42: noante
43: nonobj
44: noante
47: noante
51: noante
57: nosubj
59: noante
60: nogov
61: nonobj
63: noante
68: noante
73: noante
74: nogov
77: noante
78: noante
80: noante
85: noante
86: nosubj
88: nogov
91: noante
99: noante
104: noante
107: noante
113: noante
116: noante
117: nogov
118: nonobj
119: noante
124: noante
126: nosubj
128: noante
133: noante
137: noante
141: noante
146: noante
148: nogov
151: noante
154: noante
155: noante
157: nosubj
158: noante
160: noante
162: nosubj
164: noante
170: noante
174: noante
175: nogov
178: noante
183: noante
189: noante
190: nogov
193: noante
195: noante
198: noante
207: noante
210: noante
212: noante
215: noante
221: nosubj
224: noante
227: noante
229: noante
231: noante
234: noante
237: noante
> redirect ./en/0355-en.info
