> errors
1: nogov
6: noante
16: noante
17: noante
22: noante
24: noante
31: noante
33: nogov
34: noante
40: noante
44: noante
46: nogov
47: noante
51: noante
65: noante
67: nogov
73: noante
81: noante
82: noante
85: nosubj
87: noante
88: nosubj
97: nosubj
101: nogov
103: noante
109: noante
111: noante
113: nonobj
114: noante
121: noante
124: noante
128: noante
132: noante
134: noante
142: noante
148: nogov
149: noante
151: noante
153: noante
154: nosubj
163: noante
164: nogov
165: noante
170: noante
173: noante
177: nosubj
191: nogov
192: noante
197: nonobj
198: noante
201: noante
205: noante
211: noante
218: noante
219: noante
222: noante
> redirect ./en/0361-en.info
