> errors
1: noante
2: nogov
7: noante
9: nonobj
10: noante
13: noante
18: noante
21: noante
26: noante
29: noante
31: noante
34: noante
40: noante
44: nonobj
45: noante
51: noante
58: nosubj
59: noante
65: nogov
66: noante
70: noante
75: noante
79: noante
80: noante
85: noante
88: 
    88 pnct# 78: manygovs
    88 attr 87: manygovs
89: noante
91: nogov
93: noante
95: noante
101: noante
103: nogov
104: noante
106: noante
107: noante
122: noante
134: noante
136: noante
142: noante
145: noante
152: noante
155: noante
157: nogov
158: nonobj
159: noante
167: noante
169: noante
170: nosubj
173: noante
177: noante
178: nogov
183: noante
186: noante
191: nogov
193: noante
197: noante
210: noante
213: noante
219: noante
220: nonobj
> redirect ./en/0366-en.info
