> errors
2: noante
4: nosubj
6: noante
11: nogov
16: noante
18: noante
19: noante
32: noante
40: nogov
48: noante
49: noante
55: noante
61: nogov
65: noante
66: noante
70: noante
72: noante
81: noante
87: noante
93: noante
99: 
    99 ²pnct 83: manygovs
    99 ¹nobj 98: manygovs
100: nogov
103: noante
106: noante
107: nosubj
108: noante
117: noante
118: nogov
123: noante
125: noante
127: nonobj
135: noante
136: nogov
143: noante
144: noante
146: nogov
149: noante
150: nosubj
153: noante
165: nosubj
166: noante
176: noante
177: noante
181: noante
184: noante
192: noante
193: nogov
196: nonobj
201: noante
204: noante
213: noante
214: noante
215: noante
221: noante
223: noante
224: noante
226: nogov
> redirect ./en/0376-en.info
