> errors
1: nogov
11: noante
15: noante
25: nosubj
26: noante
32: nogov
34: noante
40: nosubj
41: noante
42: noante
46: noante
49: noante
52: nogov
53: noante
54: nonobj
55: noante
59: noante
60: noante
62: nonobj
65: nosubj
72: noante
74: nogov
76: noante
83: nosubj
84: nonobj
86: noante
97: noante
98: nosubj
104: noante
105: nosubj
108: noante
110: nonobj
115: noante
121: nogov
127: noante
139: noante
145: noante
147: noante
149: nogov
156: noante
160: noante
172: noante
174: nogov
176: noante
177: nonobj
179: noante
182: nonobj
183: noante
187: noante
195: noante
202: noante
> redirect ./en/0378-en.info
