> errors
2: nogov
5: noante
14: noante
17: noante
18: nogov
20: nonobj
21: noante
27: noante
32: noante
35: noante
38: noante
46: noante
47: nogov
50: noante
53: noante
57: noante
60: nonobj
61: noante
62: noante
67: noante
70: noante
74: nogov
75: noante
79: nonobj
82: nosubj
83: noante
88: noante
91: noante
96: noante
97: nogov
98: noante
101: noante
104: noante
107: noante
108: noante
113: noante
117: nogov
128: noante
130: nogov
135: noante
137: nosubj
138: noante
141: noante
162: noante
163: nogov
165: noante
168: noante
169: nosubj
173: noante
175: noante
185: noante
194: noante
195: nogov
197: noante
199: noante
201: noante
205: noante
208: nonobj
209: noante
212: noante
> redirect ./en/0386-en.info
