> errors
1: noante
2: nogov
3: nonobj
7: noante
10: noante
14: noante
18: nosubj
19: noante
22: noante
28: noante
33: noante
36: nogov
42: noante
44: nosubj
48: noante
50: noante
56: nogov
58: noante
60: noante
67: nogov
73: nonobj
75: noante
78: noante
81: nosubj
83: nosubj
88: noante
93: noante
95: noante
96: nonobj
97: noante
99: noante
101: noante
107: nogov
113: noante
114: noante
117: noante
125: nogov
131: noante
139: noante
143: nogov
152: noante
153: nogov
154: noante
156: noante
158: nonobj
161: noante
174: nogov
176: nosubj
177: noante
179: noante
181: nosubj
184: noante
194: noante
196: noante
201: nogov
202: noante
205: nosubj
212: nosubj
> redirect ./en/0397-en.info
