> errors
1: noante
2: nogov
3: noante
9: nosubj
13: noante
16: noante
20: noante
24: nogov
27: noante
30: noante
35: noante
36: nogov
40: noante
43: noante
47: noante
56: nonobj
57: noante
58: nosubj
59: noante
62: noante
64: noante
68: noante
71: nosubj
72: noante
74: noante
77: noante
78: noante
81: noante
82: noante
88: noante
89: nogov
95: noante
96: noante
98: noante
102: nonobj
103: noante
105: noante
107: noante
108: nogov
112: noante
116: noante
118: nogov
124: noante
129: noante
133: noante
135: noante
138: noante
143: noante
144: noante
145: nogov
150: noante
153: noante
158: nosubj
159: noante
165: noante
168: noante
169: nogov
174: noante
179: noante
184: noante
185: noante
186: nogov
189: nosubj
191: noante
197: noante
198: nogov
206: noante
215: noante
217: nosubj
219: nosubj
220: noante
222: noante
> redirect ./en/0401-en.info
