> errors
2: noante
3: noante
8: noante
11: nonobj
12: noante
16: noante
17: nogov
22: noante
23: nogov
25: noante
29: noante
30: noante
37: nogov
40: noante
46: nogov
47: noante
49: noante
50: noante
59: noante
60: nogov
62: nosubj
67: noante
69: noante
73: noante
77: noante
81: noante
82: nogov
83: nosubj
85: noante
89: noante
95: noante
97: nonobj
100: noante
107: noante
117: nogov
120: noante
124: noante
126: noante
135: noante
143: noante
144: nogov
147: noante
154: noante
158: nosubj
161: noante
166: nogov
170: noante
173: noante
177: nosubj
183: noante
184: nogov
185: noante
186: noante
189: noante
193: noante
197: nogov
198: noante
200: noante
201: noante
202: noante
206: noante
210: noante
211: noante
213: nosubj
> redirect ./en/0411-en.info
