> errors
2: nogov
4: noante
9: nogov
10: noante
12: noante
18: noante
24: noante
30: nogov
31: noante
35: noante
36: nogov
37: noante
43: nogov
44: noante
46: noante
52: nogov
53: noante
58: nogov
59: noante
61: noante
66: nogov
71: nogov
72: noante
75: noante
80: nogov
81: noante
86: nogov
87: noante
89: nonobj
91: noante
92: noante
99: nogov
104: nogov
108: noante
110: noante
111: noante
115: nogov
117: noante
119: noante
121: noante
124: nonobj
126: noante
127: noante
134: nogov
136: noante
139: noante
142: noante
146: nosubj
147: noante
149: noante
153: nonobj
154: noante
158: noante
159: noante
164: nonobj
165: noante
171: noante
175: noante
176: noante
181: noante
182: noante
193: noante
198: nosubj
199: noante
202: noante
207: nogov
208: noante
210: noante
213: noante
218: nogov
219: noante
226: noante
228: noante
234: nogov
235: noante
240: noante
> redirect ./en/0416-en.info
