> errors
1: noante
3: nogov
4: nosubj
6: noante
13: noante
14: noante
20: noante
24: nonobj
25: noante
26: nosubj
32: noante
34: noante
35: nogov
42: noante
45: noante
47: noante
49: nogov
56: noante
61: nogov
67: noante
87: nonobj
89: noante
90: noante
100: nogov
102: noante
110: noante
111: nogov
114: noante
117: noante
120: nosubj
121: noante
127: nosubj
128: noante
130: nosubj
134: noante
135: nogov
138: nonobj
144: noante
148: noante
155: nogov
159: nogov
167: noante
173: noante
177: noante
184: noante
185: nogov
186: nonobj
189: nonobj
191: noante
199: noante
201: nonobj
203: noante
204: noante
206: noante
207: nogov
210: noante
211: nonobj
216: nogov
> redirect ./en/0422-en.info
