> errors
1: nogov noante
5: noante
6: nogov
9: noante
11: noante
15: noante
16: nogov
17: noante
19: noante
24: nogov
25: noante
28: noante
30: nosubj
35: nogov
42: nogov
45: nonobj
46: noante
55: nogov
56: nonobj
57: noante
62: noante
63: noante
69: noante
70: noante
74: noante
75: noante
80: noante
87: noante
88: noante
91: nogov
92: noante
101: noante
102: nogov
103: noante
108: noante
114: noante
116: nogov
122: noante
123: noante
127: nosubj
129: nosubj
130: noante
133: noante
136: noante
138: noante
142: noante
149: noante
152: nonobj
153: noante
157: noante
160: noante
161: nogov
162: noante
170: noante
171: nogov
176: noante
179: noante
190: noante
193: nogov
197: noante
199: nonobj
200: noante
202: noante
207: noante
208: nogov
213: noante
215: noante
221: nosubj
> redirect ./en/0426-en.info
