> errors
1: noante
3: noante
5: nogov
8: nonobj
9: noante
11: noante
12: noante
15: noante
21: noante
24: noante
31: nonobj
32: noante
34: noante
38: noante
46: nogov
47: noante
53: noante
57: noante
61: noante
65: noante
67: noante
69: nonobj
72: nonobj
73: noante
75: noante
82: noante
84: noante
86: noante
87: nonobj
89: noante
91: nogov
92: noante
93: noante
98: noante
101: noante
105: noante
111: noante
112: nogov
122: noante
123: noante
125: noante
128: nogov
135: noante
138: noante
142: noante
145: noante
146: nosubj
152: noante
154: noante
156: nosubj
157: noante
160: nogov
167: noante
168: nogov
170: noante
176: noante
180: noante
182: noante
188: noante
194: noante
196: noante
197: noante
203: nogov
204: noante
205: noante
212: nogov
220: noante
226: noante
227: nogov
231: noante
234: noante
> redirect ./en/0428-en.info
