> errors
1: noante
2: nogov
9: noante
10: noante
14: noante
17: noante
23: noante
27: noante
28: nogov
33: noante
35: noante
38: noante
41: noante
42: nosubj
43: noante
47: noante
48: noante
55: nogov
56: nosubj
58: nonobj
59: noante
61: noante
63: nonobj
64: noante
70: nogov nosubj
72: nosubj
73: noante
75: noante
82: nosubj
87: noante
88: noante
91: noante
95: noante
102: nogov nosubj
104: nosubj
105: noante
107: noante
108: noante
112: noante
118: noante
119: nogov
120: noante
127: nogov
128: noante
138: nogov
139: nonobj
140: noante
144: nosubj
145: nonobj
148: nosubj
151: noante
152: noante
154: noante
157: noante
161: noante
163: noante
164: nogov
166: noante
174: noante
179: noante
180: nosubj
181: nosubj
183: noante
185: noante
186: noante
190: noante
197: noante
199: noante
200: noante
203: nogov noante
204: noante
209: nogov nosubj
211: noante
212: noante
215: noante
219: noante
221: noante
222: noante
225: noante
228: noante
230: noante
> redirect ./en/0434-en.info
