> errors
4: nogov
8: noante
13: nogov
22: noante
24: nogov
30: noante
33: noante
34: nogov
35: noante
41: nogov noante
44: noante
48: nogov nosubj
50: nosubj
52: nonobj
53: noante
55: noante
58: nosubj
59: nonobj
60: noante
63: noante
68: noante
69: nosubj
71: noante
73: noante
74: nogov
81: nogov
82: noante
85: noante
94: nogov noante
98: nosubj
104: nogov
106: nosubj
110: nosubj
115: noante
116: nogov
117: noante
124: noante
125: nogov
128: nosubj
131: noante
133: nonobj
136: noante
141: noante
142: nogov
149: noante
153: noante
155: nogov
158: noante
160: noante
162: noante
168: noante
169: noante
172: noante
173: nosubj
175: noante
176: nogov
177: noante
182: nogov
183: nosubj
187: noante
193: noante
194: nogov
198: noante
202: noante
203: nogov
212: noante
213: nogov
216: noante
220: noante
221: nogov
> redirect ./en/0441-en.info
