> errors
1: noante
3: nogov
9: noante
10: noante
13: noante
16: noante
18: noante
23: noante
28: noante
37: noante
39: nosubj
40: nonobj
43: nosubj
44: nosubj
47: noante
48: noante
49: nogov
51: noante
55: noante
56: nogov
64: noante
69: nosubj
75: nonobj
89: noante
91: noante
95: noante
98: noante
101: noante
103: noante
108: nosubj
109: nosubj
113: nogov
117: noante
119: noante
126: noante
127: noante
133: nogov
137: noante
141: noante
145: noante
146: nosubj
147: nogov
154: noante
160: noante
161: nonobj
165: noante
172: noante
175: nogov
188: noante
190: nogov
193: nosubj
201: noante
206: noante
213: noante
216: noante
219: noante
221: noante
> redirect ./en/0446-en.info
