> errors
1: noante
2: nogov
5: nosubj
6: nonobj
7: nonobj
8: noante
11: nosubj
14: noante
19: noante
20: nogov
23: noante
30: noante
31: nogov
39: noante
40: noante
43: noante
48: noante
49: nogov
50: noante
60: noante
64: noante
66: noante
71: noante
77: noante
82: noante
84: nogov
94: noante
96: nogov
101: nonobj
102: noante
106: nosubj
107: noante
109: noante
119: noante
120: nogov
127: noante
131: noante
144: noante
145: nogov
148: nosubj
150: noante
152: noante
154: noante
158: nogov
163: noante
164: noante
168: noante
172: noante
179: noante
182: noante
183: noante
184: nogov
192: noante
193: nogov
196: noante
> redirect ./en/0448-en.info
