> errors
1: noante
2: nogov
4: noante
6: noante
15: noante
23: nonobj
26: noante
28: noante
38: noante
41: noante
42: nogov
48: noante
49: nosubj
50: noante
60: noante
65: noante
66: noante
68: nogov
73: noante
74: noante
77: noante
80: noante
87: noante
88: nogov noante
93: noante
95: nogov
104: noante
108: noante
109: nogov
113: noante
121: noante
125: noante
126: nogov
127: nonobj
128: noante
134: noante
136: nosubj
138: noante
140: noante
143: noante
146: noante
149: noante
152: noante
158: noante
162: noante
164: nogov
169: nosubj
172: noante
176: noante
184: nogov
185: noante
187: noante
188: noante
194: nogov
197: noante
201: noante
206: noante
207: noante
211: noante
216: noante
220: noante
221: noante
> redirect ./en/0449-en.info
