> errors
2: noante
7: noante
14: noante
21: noante
25: nogov
31: nogov
39: nogov
50: noante
51: nogov
55: noante
57: noante
59: noante
68: noante
70: noante
73: noante
77: nosubj
81: noante
84: noante
87: noante
89: noante
91: noante
93: noante
95: noante
96: noante
98: noante
110: noante
112: noante
113: noante
117: noante
120: noante
121: noante
123: noante
124: noante
129: noante
131: noante
135: noante
136: nosubj
139: noante
143: noante
149: noante
150: noante
152: noante
155: nogov
158: noante
163: noante
170: noante
171: nogov
175: nosubj
182: noante
184: nosubj
188: nosubj
192: noante
194: noante
196: noante
198: noante
200: noante
202: noante
207: noante
> redirect ./en/0453-en.info
