> errors
1: noante
2: nogov
19: noante
20: nogov
25: noante
31: noante
32: nogov
40: noante
50: nonobj
52: noante
57: noante
58: nogov
63: nosubj
69: noante
70: noante
73: noante
75: noante
76: nogov
94: noante
95: nogov
98: nonobj
99: noante
103: noante
105: noante
107: noante
110: noante
112: noante
117: nogov
118: noante
121: noante
123: noante
127: noante
130: noante
132: 
    132 dobj 131: manygovs
    132 pnct# 131: manygovs
137: nogov
138: noante
145: noante
146: nogov
149: noante
151: noante
156: noante
160: noante
162: noante
166: noante
169: noante
172: nonobj
173: noante
179: nogov
181: noante
189: nosubj
192: nosubj
195: nosubj
198: nosubj
202: noante
> redirect ./en/0465-en.info
