> errors
1: noante
4: nogov
5: noante
14: noante
23: noante
30: noante
33: noante
39: noante
40: nogov
43: noante
45: noante
49: noante
51: noante
53: noante
56: noante
62: noante
65: noante
66: noante
72: noante
74: nogov
75: nosubj
76: noante
79: noante
81: nosubj
82: noante
89: noante
97: noante
102: noante
106: nogov
109: noante
112: noante
115: noante
118: noante
120: noante
125: noante
128: noante
133: nogov nonobj
135: noante
138: noante
139: noante
143: noante
145: noante
151: noante
152: nonobj
164: noante
167: nosubj
174: nogov
177: noante
178: noante
179: noante
182: noante
186: noante
188: noante
193: nonobj
206: noante
209: noante
216: nonobj
217: noante
223: nonobj
230: noante
233: noante
235: noante
> redirect ./en/0468-en.info
