> errors
1: noante
2: nogov
4: noante
5: noante
7: noante
12: noante
13: nogov
14: noante
20: noante
22: noante
24: nosubj
25: noante
28: nosubj
35: noante
38: nosubj
40: noante
41: nogov noante
44: noante
46: noante
48: noante
51: noante
55: nogov
57: noante
60: noante
65: noante
67: noante
71: noante
73: noante
77: noante
79: nogov
82: noante
83: nosubj
84: noante
88: noante
93: noante
96: noante
99: noante
105: nogov noante
110: noante
114: noante
116: noante
121: nogov
130: nosubj
131: noante
132: nogov
133: nosubj
136: nonobj
137: nosubj
142: noante
145: noante
148: noante
154: nogov
159: noante
161: nosubj
165: nosubj
175: noante
177: noante
178: noante
179: nogov
180: nosubj
183: noante
184: noante
187: nonobj
188: noante
195: noante
203: nogov
204: noante
208: nosubj
210: noante
213: noante
217: noante
219: noante
226: noante
> redirect ./en/0470-en.info
