> errors
1: nogov
9: noante
13: noante
15: nogov
16: noante
27: noante
29: nogov
33: noante
36: noante
38: noante
40: noante
42: noante
44: noante
49: noante
52: noante
55: nogov
61: noante
70: noante
74: noante
77: noante
78: noante
81: noante
84: noante
90: nogov
91: noante
97: noante
98: nogov
101: noante
108: noante
113: noante
114: noante
116: noante
118: noante
121: noante
123: noante
127: noante
133: noante
135: noante
141: noante
142: nogov
143: noante
145: noante
147: nosubj
160: nogov noante
168: nonobj
169: noante
172: noante
180: noante
186: noante
192: noante
195: noante
198: noante
203: nogov
204: nonobj
205: noante
207: noante
213: noante
215: noante
220: nosubj
221: noante
224: noante
226: noante
227: nosubj
229: noante
230: nosubj
232: noante
233: nosubj
> redirect ./en/0473-en.info
