> errors
2: noante
7: noante
8: nogov
12: noante
23: noante
34: noante
42: noante
44: nogov
52: noante
53: nonobj
58: noante
63: noante
71: noante
73: noante
79: noante
85: noante
91: noante
94: noante
95: noante
98: noante
100: noante
103: noante
105: nogov
109: nonobj
111: noante
122: noante
123: noante
130: noante
138: noante
140: noante
146: nogov
147: noante
151: noante
154: noante
155: nosubj
159: nonobj
161: noante
165: nonobj
166: noante
176: noante
178: noante
179: noante
184: nosubj
185: noante
186: nogov
192: noante
195: noante
197: noante
202: nogov
206: nogov
208: noante
> redirect ./en/0475-en.info
