> errors
4: nogov
6: noante
9: noante
14: nonobj
15: noante
19: noante
20: noante
26: noante
30: noante
36: noante
39: noante
43: nosubj
44: noante
46: nonobj
51: noante
58: nogov
69: noante
78: noante
79: nogov
81: nonobj
82: noante
89: nosubj
90: noante
94: nonobj
103: noante
107: noante
113: noante
121: noante
127: noante
131: noante
133: nonobj
135: noante
137: nonobj
138: noante
141: noante
143: noante
144: noante
149: nogov
161: noante
162: nogov
163: nonobj
164: noante
166: noante
172: noante
176: noante
178: nogov
179: nonobj
187: noante
188: noante
192: nogov
195: noante
198: noante
202: noante
203: noante
209: nogov noante
210: nonobj
211: noante
216: noante
220: noante
225: noante
234: noante
> redirect ./en/0479-en.info
