> errors
2: noante
4: nonobj
10: nosubj
13: noante
15: noante
17: nosubj
19: noante
20: noante
23: nogov
31: noante
33: nogov
34: nonobj
35: noante
37: nosubj
41: noante
42: noante
53: noante
56: noante
58: noante
61: noante
67: noante
70: noante
77: noante
78: noante
82: noante
84: nogov noante
97: noante
100: noante
104: noante
106: nogov
118: noante
120: noante
125: noante
127: noante
133: nosubj
134: noante
138: noante
143: noante
149: noante
152: nogov
160: noante
161: nogov
162: nonobj
163: noante
164: noante
167: noante
169: noante
175: noante
176: nosubj
180: noante
189: noante
194: nogov noante
201: noante
204: nogov
210: nonobj
212: noante
219: nonobj
220: nonobj
225: noante
230: noante
236: nosubj
237: noante
> redirect ./en/0483-en.info
