> errors
1: noante
2: nogov noante
9: nogov
13: noante
15: nosubj
16: noante
24: nogov
26: noante
27: noante
29: nonobj
30: noante
33: noante
40: noante
41: nogov
44: noante
45: noante
50: noante
52: noante
55: noante
57: noante
60: noante
63: noante
68: noante
70: nogov
71: noante
77: noante
79: nogov
80: noante
84: noante
88: noante
93: nogov
94: noante
99: noante
106: noante
111: noante
115: nogov
127: noante
129: noante
130: noante
132: nogov
135: noante
139: noante
140: noante
144: noante
152: noante
153: nogov
157: noante
159: noante
160: noante
163: noante
166: noante
171: nosubj
176: noante
177: noante
179: noante
183: nogov
192: noante
196: noante
198: noante
201: nogov
205: noante
213: noante
215: nogov
219: noante
220: nogov
222: noante
225: noante
236: noante
> redirect ./en/0486-en.info
