> errors
9: noante
11: nogov
13: noante
19: noante
20: nogov
22: noante
25: noante
31: noante
32: nogov
35: noante
40: noante
41: nonobj
42: nosubj
48: nosubj
52: noante
57: nosubj
61: noante
67: noante
68: nogov
72: nogov
77: nosubj
80: nogov
82: noante
84: noante
87: noante
90: noante
91: noante
97: noante
100: noante
102: nogov
104: noante
106: noante
113: noante
116: noante
118: nogov
124: noante
125: noante
128: noante
133: nogov noante
    133 ? 133: badtype
136: noante
139: noante
142: nogov
146: nonobj
148: noante
155: noante
156: nogov
160: noante
162: nonobj
163: noante
165: noante
166: nonobj
168: noante
173: nogov
174: noante
175: noante
177: noante
180: noante
186: noante
188: noante
189: nogov
190: noante
197: noante
199: noante
200: noante
205: nonobj
207: noante
210: noante
213: nogov
214: noante
217: noante
225: nogov noante
228: noante
229: noante
232: noante
237: noante
243: noante
245: noante
248: nogov
251: noante
> redirect ./en/0496-en.info
