> errors
1: nogov
2: nogov
5: nogov
10: noante
11: nogov
12: nosubj
16: noante
18: noante
25: noante
28: noante
31: nogov
32: nonobj
33: noante
42: nosubj
43: noante
47: noante
54: noante
59: nosubj
61: noante
63: noante
68: nogov
71: noante
75: noante
77: nogov
79: noante
86: nogov
93: nogov
96: nogov
101: nosubj
105: nogov
106: nosubj
108: noante
118: noante
121: noante
125: nogov
126: nonobj
132: noante
135: noante
146: noante
147: nogov
148: nonobj
149: noante
152: noante
154: nosubj
155: noante
159: noante
165: nogov
176: nogov
180: noante
188: noante
193: noante
194: nogov
197: noante
200: noante
203: noante
204: noante
> redirect ./en/0498-en.info
