> errors
1: nogov
4: noante
7: noante
11: noante
15: noante
19: nogov
20: nonobj
23: noante
27: noante
30: noante
33: noante
42: noante
44: noante
45: nogov
51: nonobj
54: noante
59: nonobj
62: noante
70: noante
73: noante
80: noante
88: nogov nosubj
89: noante
91: noante
92: noante
94: noante
99: noante
100: nogov
103: noante
104: noante
105: noante
110: noante
114: nonobj
117: noante
118: nogov
120: nosubj
123: noante
126: noante
136: noante
139: noante
141: nogov
160: noante
164: noante
165: nogov
167: nosubj
168: noante
176: noante
177: nogov
191: noante
193: noante
196: nogov
200: noante
212: nogov
213: noante
215: noante
217: noante
223: nogov noante
224: noante
227: noante
233: nogov
239: nogov
241: noante
242: nosubj
245: noante
249: noante
252: noante
> redirect ./en/0502-en.info
