> errors
2: noante
8: noante
9: nogov
13: noante
14: nosubj
17: nosubj
18: noante
20: nosubj
22: noante
25: nosubj
26: noante
35: noante
37: nogov
40: noante
51: noante
54: noante
57: nonobj
65: noante
72: noante
73: nogov
87: nosubj
88: noante
92: nosubj
99: noante
104: noante
107: noante
108: nogov
111: noante
115: noante
116: nosubj
118: noante
120: nogov
121: nonobj
123: noante
126: noante
134: noante
143: noante
149: noante
155: noante
156: noante
158: nogov
160: noante
163: noante
166: noante
167: nosubj
171: nonobj
172: noante
174: noante
176: noante
188: noante
191: noante
194: nogov
195: noante
206: noante
209: noante
> redirect ./en/0507-en.info
