> errors
1: noante
3: nogov
9: nosubj
14: noante
18: noante
20: nogov
21: noante
27: noante
29: noante
31: noante
34: noante
40: noante
44: noante
46: nogov
51: nosubj
53: nosubj
54: nonobj
56: nosubj
57: noante
59: noante
64: noante
66: nogov
71: nonobj
72: noante
85: nosubj
87: nosubj
91: nogov
96: noante
102: noante
107: noante
108: nogov
110: noante
115: nosubj
116: noante
124: noante
137: noante
143: nosubj
151: noante
155: noante
158: nosubj
159: noante
162: noante
163: nogov
165: noante
171: nogov
175: noante
176: noante
183: noante
186: nosubj
187: noante
192: nogov
197: noante
200: noante
204: nogov
207: noante
209: nosubj
214: noante
215: nogov
218: nosubj
219: nonobj
223: nosubj
226: noante
227: noante
230: noante
235: nogov
239: noante
240: noante
243: noante
> redirect ./en/0511-en.info
