> errors
1: noante
3: nogov
11: noante
12: nogov
14: noante
18: noante
19: noante
23: noante
24: nonobj
25: noante
29: nosubj
30: noante
32: noante
39: nosubj
41: nogov
42: noante
44: noante
45: noante
49: noante
51: noante
54: noante
58: noante
63: noante
64: nogov
66: nonobj
78: noante
81: noante
84: nogov noante
85: noante
86: noante
88: noante
90: noante
95: nogov noante
103: nogov
105: noante
108: noante
111: noante
113: noante
115: noante
117: nonobj
118: nonobj
119: noante
123: noante
124: nogov
127: noante
131: noante
133: nogov
140: noante
146: noante
153: nogov
155: noante
158: noante
169: nogov noante
171: noante
174: noante
175: noante
179: noante
181: noante
185: nogov noante
190: noante
194: noante
196: nosubj
202: nogov
205: noante
208: noante
213: noante
214: nogov
219: nogov
221: noante
223: noante
225: noante
227: noante
229: noante
231: noante
233: noante
235: noante
237: noante
239: noante
241: noante
246: noante
248: nogov
> redirect ./en/0520-en.info
