> errors
1: nogov
7: nogov
8: nosubj
22: nosubj
25: noante
30: noante
38: noante
42: nogov
46: noante
49: noante
57: noante
62: nosubj
67: noante
70: noante
77: noante
84: noante
86: noante
96: noante
98: noante
100: noante
101: noante
109: noante
111: noante
116: noante
118: noante
135: noante
149: nosubj
157: nonobj
165: noante
173: noante
175: noante
179: noante
189: noante
191: nosubj
201: noante
212: noante
214: nonobj
221: noante
234: noante
239: noante
240: nonobj
245: noante
255: nonobj
256: noante
> redirect ./en/0531-en-morten.info
