> errors
1: nogov
7: nogov
8: nosubj
22: nosubj
25: noante
30: noante
32: noante
38: noante
42: nogov
43: noante
46: noante
49: noante
57: noante
61: noante
62: nosubj
64: nogov
67: noante
70: noante
74: noante
77: noante
79: nogov
84: noante
86: noante
96: noante
98: noante
100: noante
101: noante
109: noante
111: noante
116: noante
118: noante
126: noante
131: nogov
135: noante
145: noante
146: nogov
149: nosubj
154: noante
157: nonobj
165: noante
169: noante
170: nogov
173: noante
175: noante
179: noante
189: noante
191: nosubj
194: nogov
199: noante
201: noante
209: nogov
212: noante
214: nonobj
215: noante
221: noante
230: noante
234: noante
239: noante
240: nonobj
241: noante
244: noante
245: noante
252: noante
255: nonobj
256: noante
259: noante
261: nogov
263: noante
266: noante
> redirect ./en/0531-en.info
