> errors
1: noante
4: noante
6: nogov
8: nosubj
9: nonobj
11: noante
20: noante
21: nogov
25: noante
29: nosubj
32: nosubj
34: noante
42: nogov noante
49: noante
50: nogov
52: nonobj
59: noante
68: noante
74: noante
75: nogov
84: nosubj
85: noante
89: noante
94: noante
96: noante
99: noante
100: nogov
105: noante
110: noante
111: nogov
114: nonobj
116: noante
126: noante
130: noante
131: noante
134: noante
137: noante
140: noante
141: nogov
145: noante
149: noante
152: noante
156: noante
163: noante
164: noante
167: noante
168: nogov
172: noante
173: noante
178: noante
184: noante
187: nogov
194: nosubj
199: nogov noante
206: noante
207: nogov
209: noante
215: noante
222: nogov
223: noante
225: noante
228: noante
> redirect ./en/0540-en.info
