> errors
1: noante
6: noante
7: nogov
11: nosubj
17: noante
27: noante
30: noante
33: noante
39: nogov
43: noante
47: noante
53: noante
55: noante
58: nonobj
59: noante
64: nosubj
65: nonobj
70: noante
72: nosubj
80: noante
83: noante
85: noante
89: nogov
91: noante
93: noante
95: nonobj
98: noante
101: noante
105: noante
106: noante
116: noante
121: noante
130: noante
137: nogov noante
140: nogov
144: nosubj
145: noante
148: noante
150: noante
151: noante
154: nogov
158: nogov noante
159: nosubj
163: noante
164: nosubj
168: nogov
173: noante
181: noante
185: noante
188: nogov
193: noante
202: 
    202 pnct# 198: manygovs
    202 nobj 201: manygovs
205: noante
217: noante
219: noante
220: nogov
221: nonobj
222: noante
228: noante
236: noante
244: noante
248: noante
> redirect ./en/0544-en.info
