> errors
1: nogov
4: noante
5: nonobj
12: noante
15: noante
17: noante
19: nonobj
20: noante
27: noante
31: noante
32: nogov
39: noante
43: noante
45: noante
49: noante
55: noante
57: nogov
60: nonobj
66: noante
69: nosubj
71: noante
75: noante
79: noante
80: nogov
81: nonobj
82: noante
85: noante
87: noante
89: noante
91: nonobj
92: noante
98: nonobj
99: noante
115: noante
116: nogov
120: noante
123: noante
129: nogov
133: nonobj
137: noante
149: nogov
150: nonobj
151: noante
161: noante
167: noante
171: noante
172: nogov
175: nonobj
186: noante
191: nosubj
192: noante
> redirect ./en/0546-en.info
