> errors
3: noante
6: noante
7: nogov
12: noante
13: noante
18: nonobj
24: noante
26: nogov
32: nogov
33: noante
37: noante
39: noante
40: noante
42: nosubj
43: nonobj
53: noante
61: noante
64: noante
65: nogov
66: nosubj
70: noante
78: noante
79: nogov
80: nonobj
83: noante
100: noante
109: noante
117: nogov
124: nogov
129: noante
132: nosubj
133: noante
136: noante
137: noante
142: noante
147: noante
149: noante
150: noante
160: noante
164: noante
165: noante
167: nogov
180: noante
183: noante
193: noante
195: nogov
197: noante
205: noante
215: noante
219: nonobj
221: noante
223: nogov
228: noante
231: noante
233: noante
> redirect ./en/0547-en.info
