> errors
1: noante
2: nogov
5: noante
7: noante
13: noante
17: noante
18: nogov
22: noante
25: noante
27: noante
29: noante
35: noante
39: nogov
43: noante
46: noante
55: noante
56: nogov
57: noante
62: noante
68: noante
70: noante
75: noante
77: noante
81: noante
83: noante
84: nogov
88: nonobj
94: noante
95: nogov
96: nosubj
97: noante
99: noante
101: noante
105: nosubj
106: noante
107: nogov
109: noante
111: noante
114: noante
118: noante
119: noante
127: noante
129: nogov
134: nosubj
135: noante
137: noante
141: noante
142: noante
152: noante
155: nogov
156: noante
157: nosubj
162: noante
163: nogov
168: noante
176: noante
177: nogov
179: noante
182: noante
186: noante
188: nogov
189: noante
190: noante
195: noante
198: noante
200: noante
203: noante
206: noante
209: noante
213: noante
218: nosubj
219: noante
221: nogov
222: noante
225: noante
229: noante
234: noante
236: noante
239: noante
240: noante
241: nogov
250: noante
251: noante
253: noante
> redirect ./en/0548-en.info
