> errors
2: nogov
6: noante
7: noante
8: nosubj
10: noante
11: noante
16: nogov nonobj
26: noante
30: nogov
32: noante
35: nogov
37: nosubj
43: noante
53: nogov
54: noante
57: noante
63: nogov
67: noante
70: noante
74: noante
75: nogov
79: nosubj
86: noante
96: noante
97: noante
100: noante
101: nogov
105: noante
111: noante
112: nogov
114: noante
115: nonobj
116: noante
120: noante
124: nogov nonobj
125: noante
130: nonobj
131: noante
134: noante
139: nogov
147: noante
149: noante
155: noante
156: nogov
163: noante
164: nogov
171: noante
172: nogov
179: noante
180: nogov
181: noante
185: nosubj
187: noante
194: noante
198: noante
199: nogov
202: noante
206: noante
207: nogov
210: noante
215: noante
220: nogov
221: noante
226: noante
228: noante
231: noante
236: nogov
238: nonobj
241: noante
243: noante
247: noante
249: nogov
252: noante
255: noante
259: noante
264: noante
265: nogov
> redirect ./en/0567-en.info
