> errors
2: noante
8: noante
16: noante
19: nogov
24: noante
30: noante
31: nosubj
32: nogov
35: noante
36: noante
40: noante
41: noante
44: noante
50: nosubj
52: nosubj
55: noante
59: noante
61: nogov
72: noante
73: noante
78: nogov
83: noante
84: noante
99: nosubj
100: noante
101: noante
104: noante
118: noante
120: noante
123: noante
125: noante
131: nogov
132: noante
133: noante
135: nosubj
136: noante
138: noante
141: noante
142: noante
148: noante
150: noante
155: noante
156: noante
159: nogov noante
169: noante
171: noante
172: nogov
173: nonobj
175: noante
177: nosubj
182: noante
183: noante
184: noante
186: nogov
192: noante
196: noante
200: nogov
206: nonobj
207: noante
210: noante
212: noante
216: noante
220: noante
> redirect ./en/0577-en.info
