> errors
1: noante
2: nogov
3: noante
6: noante
7: noante
10: noante
14: noante
17: noante
21: noante
26: noante
27: nogov
33: noante
45: noante
46: noante
48: nogov
49: noante
50: noante
56: noante
57: noante
59: noante
65: noante
82: noante
88: nogov
92: nosubj
93: noante
97: noante
100: noante
103: nonobj
106: noante
115: nosubj
118: noante
126: noante
127: nogov
128: noante
132: noante
134: noante
144: noante
147: noante
150: noante
157: noante
161: noante
163: noante
168: noante
170: noante
178: noante
180: nogov
183: noante
189: noante
194: noante
200: nogov
204: nogov
205: noante
208: noante
210: noante
219: noante
227: noante
228: noante
231: noante
238: nosubj
247: noante
249: noante
251: nogov
> redirect ./en/0581-en.info
