> errors
1: noante
3: nogov
7: noante
10: nonobj
11: noante
19: noante
27: nonobj
28: noante
33: noante
34: noante
39: nogov noante
42: noante
44: noante
47: noante
49: nosubj
52: noante
53: nogov
64: noante
65: noante
66: noante
68: noante
81: noante
82: nogov
86: nosubj
87: noante
89: noante
93: noante
105: noante
108: noante
110: noante
114: noante
124: noante
125: nogov
126: noante
131: noante
134: noante
135: noante
137: noante
142: noante
143: noante
144: nogov
146: noante
148: noante
152: noante
159: nogov
165: noante
166: nogov
170: noante
173: noante
176: noante
178: noante
179: nosubj
181: noante
186: noante
188: nosubj
189: nonobj
191: noante
199: noante
201: noante
202: nogov
204: noante
206: nosubj
210: noante
213: noante
215: noante
> redirect ./en/0586-en.info
