> errors
1: noante
2: nogov
3: noante
6: noante
10: nogov
11: noante
13: nosubj
14: nonobj
15: noante
18: nonobj
20: noante
25: noante
26: nogov
28: noante
30: noante
32: noante
35: noante
37: noante
43: noante
45: noante
49: noante
51: nogov
53: noante
56: noante
59: noante
61: noante
62: noante
64: noante
67: nosubj
68: noante
71: noante
75: nogov
76: noante
80: noante
87: noante
92: nogov
96: noante
99: noante
102: noante
105: noante
111: noante
114: noante
120: noante
123: noante
130: nogov
133: noante
135: noante
137: nosubj
143: nosubj
144: noante
149: nogov
150: noante
157: noante
163: noante
171: noante
172: nogov
185: nogov noante
192: noante
195: 
    195 pnct# 191: manygovs
    195 nobj 194: manygovs
207: nogov
211: noante
216: noante
219: noante
228: noante
230: noante
236: noante
237: nogov
240: noante
243: noante
> redirect ./en/0587-en.info
