> errors
1: noante
3: noante
5: noante
6: noante
11: noante
13: noante
14: noante
16: noante
17: noante
19: nogov
23: nosubj
27: noante
37: nogov
38: noante
40: nosubj
45: nogov nosubj
46: nonobj
50: nonobj
62: noante
66: nogov noante
67: noante
72: noante
73: noante
76: nogov
83: noante
87: noante
88: nogov
97: noante
100: noante
103: nosubj
106: noante
108: noante
113: noante
114: noante
119: noante
125: noante
126: noante
129: noante
130: noante
132: nogov
135: noante
136: noante
139: nonobj
149: nogov nosubj
154: noante
155: noante
158: nogov
164: noante
166: noante
168: noante
170: nosubj
171: nosubj
173: nosubj
178: noante
181: nogov nosubj
182: noante
184: noante
185: noante
190: nogov
195: noante
196: noante
198: nosubj
200: noante
207: nosubj
216: noante
217: noante
219: nogov
222: noante
223: noante
226: nonobj
233: noante
234: noante
239: nosubj
240: noante
245: nogov noante
> redirect ./en/0588-en.info
