> errors
2: noante
4: nogov
8: noante
9: nosubj
12: noante
15: nosubj
20: noante
23: nosubj
27: noante
28: noante
30: nogov
35: noante
36: noante
38: nogov
42: nosubj
45: noante
48: noante
51: noante
54: noante
57: noante
60: noante
64: noante
67: noante
69: noante
75: noante
77: noante
80: noante
81: noante
84: noante
85: nosubj
87: nogov
90: noante
92: noante
97: noante
98: noante
100: nogov
102: noante
116: noante
122: noante
123: noante
127: nogov noante
133: noante
136: noante
137: nosubj
138: noante
141: noante
146: nogov nosubj
147: nonobj
149: noante
153: noante
158: 
    158 + 157: badtype
162: noante
166: noante
169: noante
172: noante
173: noante
177: noante
180: noante
186: noante
194: noante
200: noante
201: noante
203: nogov
209: noante
213: 
    213 + 212: badtype
217: noante
218: noante
224: noante
232: noante
234: noante
237: noante
241: noante
244: noante
250: noante
253: noante
255: nogov
257: noante
260: noante
261: noante
> redirect ./en/0593-en.info
