> errors
1: nogov noante
2: nosubj
4: nogov nosubj
7: noante
8: noante
11: noante
12: nosubj
15: noante
17: noante
18: noante
20: noante
22: nosubj
23: noante
24: noante
26: noante
27: noante
32: noante
33: noante
34: noante
35: nogov
40: nosubj
43: noante
48: noante
52: noante
60: noante
62: noante
84: noante
85: nosubj
87: nogov
92: nosubj
93: noante
95: noante
103: noante
105: noante
106: noante
108: nosubj
110: noante
116: noante
118: nonobj
123: noante
124: noante
125: noante
132: noante
137: noante
138: noante
140: noante
141: noante
144: nosubj
146: noante
147: noante
152: noante
156: noante
158: noante
161: noante
163: noante
164: noante
167: noante
168: noante
171: noante
172: nosubj
175: noante
178: noante
180: nogov
183: nosubj
193: noante
196: noante
199: noante
201: noante
204: noante
208: noante
209: nogov
211: nonobj
212: noante
222: noante
224: noante
225: noante
226: noante
228: nosubj
229: noante
232: nonobj
233: noante
> redirect ./en/0596-en-lotte.info
