> errors
2: noante
6: noante
8: nogov
10: nosubj
14: noante
15: nogov
19: noante
24: noante
27: nosubj
28: nosubj
30: nosubj
32: nosubj
33: noante
37: noante
42: nosubj
43: noante
46: noante
51: nosubj
52: noante
55: noante
57: noante
60: noante
63: noante
80: noante
83: noante
85: noante
86: nogov
96: noante
99: noante
101: noante
104: noante
108: noante
109: nogov
110: noante
113: nosubj
116: noante
119: noante
123: noante
125: noante
129: noante
134: nosubj
136: noante
142: noante
145: noante
148: noante
151: noante
152: noante
155: noante
157: noante
161: nosubj
162: noante
165: noante
169: noante
171: noante
176: nosubj
177: noante
180: noante
185: noante
194: noante
> redirect ./en/0597-en.info
