> errors
2: nogov
3: noante
5: nosubj
7: noante
9: noante
15: nosubj
20: noante
24: nogov
28: nosubj
31: noante
39: noante
45: nogov
51: noante
53: noante
59: noante
60: noante
66: noante
70: noante
74: noante
80: nonobj
81: noante
82: noante
86: noante
90: noante
92: noante
93: nogov noante
    93 nobj? 92: badtype
98: noante
103: noante
112: nogov
114: noante
116: noante
119: noante
123: noante
127: noante
129: nonobj
139: noante
143: noante
146: noante
147: nonobj
148: noante
153: nonobj
155: noante
173: nosubj
175: noante
179: noante
> redirect ./en/0601-en.info
