> errors
4: nogov
7: noante
13: noante
15: noante
17: noante
22: nogov
24: noante
32: nogov
36: noante
37: noante
41: noante
43: nonobj
53: noante
63: nogov
66: nonobj
67: noante
77: noante
85: nogov
86: noante
89: noante
91: noante
97: noante
105: noante
106: nogov
108: nosubj
112: noante
118: noante
124: noante
126: noante
130: nogov
131: nonobj
132: nosubj
133: noante
134: nosubj
139: noante
143: noante
146: nosubj
147: noante
150: noante
155: noante
157: nosubj
158: noante
165: noante
171: nogov
175: noante
183: nogov
195: noante
197: noante
204: noante
212: nosubj
215: noante
218: nogov
222: noante
227: noante
230: nosubj
231: noante
234: noante
235: noante
> redirect ./en/0607-en.info
