> errors
3: noante
6: nogov
11: noante
13: nogov
16: noante
18: noante
23: noante
26: noante
30: noante
34: noante
36: noante
41: noante
42: nogov
47: nonobj
49: noante
53: noante
56: nogov
62: noante
65: nosubj
72: noante
74: noante
81: noante
83: noante
84: nogov
95: nogov
101: noante
106: nogov
108: nosubj
117: nosubj
129: noante
131: nonobj
133: noante
134: noante
137: nogov
139: noante
146: noante
151: noante
156: noante
162: nogov
170: noante
175: nogov
178: nosubj
180: nosubj
182: noante
191: noante
194: nogov
195: noante
198: noante
199: noante
202: nosubj
203: noante
204: noante
208: nosubj
210: noante
213: noante
215: noante
216: noante
222: nogov
227: noante
> redirect ./en/0618-en.info
