> errors
2: noante
4: noante
5: noante
9: noante
13: noante
14: nogov
19: noante
21: nosubj
23: noante
35: nosubj
36: nonobj
38: noante
45: noante
46: nogov
47: noante
52: noante
57: noante
58: nogov
63: nosubj
64: nogov
65: noante
71: noante
75: nosubj
77: noante
78: nogov
80: noante
84: noante
89: noante
93: noante
98: noante
100: noante
104: noante
105: noante
106: noante
110: noante
116: nogov
121: noante
122: nogov
123: nonobj
124: noante
127: noante
133: noante
134: noante
136: noante
143: noante
147: nogov
148: noante
150: noante
159: noante
160: nogov
162: noante
172: noante
173: nogov
174: noante
175: noante
179: noante
190: noante
191: nogov
197: noante
199: noante
200: nogov
201: noante
204: noante
211: noante
> redirect ./en/0620-en.info
