> errors
2: nogov
5: nonobj
6: noante
8: nonobj
10: noante
16: noante
17: nogov
24: noante
29: noante
34: nogov
35: noante
41: noante
43: noante
47: nosubj
49: noante
55: nogov noante
57: noante
61: noante
64: noante
67: noante
74: noante
80: noante
83: noante
84: nogov
86: noante
93: nogov
94: noante
97: noante
98: nonobj
99: noante
106: nogov
107: noante
112: noante
126: nogov
136: nogov
138: noante
143: nogov
149: nogov
153: noante
155: noante
157: noante
161: nogov
162: nosubj
163: nonobj
167: noante
170: noante
183: noante
191: noante
199: nogov
200: noante
206: noante
208: noante
211: nonobj
212: nosubj
214: nogov
224: nosubj
> redirect ./en/0623-en.info
