> errors
1: noante
2: nogov
6: nosubj
8: noante
10: noante
12: noante
17: noante
23: nosubj
24: noante
30: noante
31: nogov
32: nonobj
34: noante
51: noante
52: nogov
55: noante
61: noante
65: noante
66: nogov
67: noante
71: noante
73: noante
75: noante
80: noante
81: nogov
84: noante
87: noante
89: noante
95: noante
96: nogov
104: noante
107: noante
112: noante
118: noante
122: nogov
123: noante
124: noante
129: noante
132: noante
135: noante
137: noante
145: noante
146: nosubj
151: noante
153: nogov
156: noante
158: noante
159: noante
160: nosubj
164: noante
166: noante
171: nogov
172: noante
177: noante
181: noante
186: noante
187: nogov
189: nonobj
192: noante
196: noante
197: nogov
205: nogov
206: noante
209: noante
215: nosubj
218: noante
219: noante
221: nosubj
> redirect ./en/0624-en.info
