> errors
6: noante
7: nogov
12: noante
14: nosubj
16: noante
18: noante
21: noante
25: noante
30: nosubj
32: noante
35: noante
43: noante
44: nosubj
59: nogov
60: noante
63: nosubj
64: noante
67: nosubj
69: noante
72: noante
75: noante
77: noante
82: noante
86: noante
87: noante
92: nogov
102: nogov
103: noante
106: noante
108: noante
110: noante
115: noante
118: noante
121: noante
126: noante
127: noante
131: noante
132: nosubj
133: noante
139: noante
140: nogov
148: noante
150: noante
153: noante
155: noante
158: noante
164: noante
168: noante
170: nosubj
175: noante
177: noante
180: noante
182: noante
185: noante
190: noante
196: nogov
200: noante
206: noante
207: noante
210: noante
213: noante
218: noante
219: nogov
221: noante
> redirect ./en/0626-en.info
