> errors
2: noante
6: noante
9: noante
10: nogov
12: noante
14: noante
16: noante
19: noante
23: nogov
24: noante
27: noante
31: noante
32: noante
36: nogov
38: noante
40: noante
42: noante
47: noante
48: nonobj
50: noante
54: noante
56: noante
58: noante
60: noante
62: noante
64: noante
67: noante
71: noante
73: noante
74: noante
76: noante
79: noante
81: noante
84: noante
87: noante
90: noante
93: noante
94: noante
97: noante
100: noante
103: noante
106: noante
107: noante
112: noante
113: noante
121: noante
124: noante
125: noante
130: noante
133: noante
136: noante
137: nogov
138: nonobj
143: noante
149: noante
151: noante
158: noante
160: noante
165: noante
169: noante
173: nogov
175: noante
180: noante
189: noante
199: nogov
201: noante
205: noante
209: noante
213: noante
218: nonobj
227: noante
233: noante
235: nosubj
240: nosubj
241: noante
> redirect ./en/0627-en.info
