> errors
2: nogov noante
3: noante
8: noante
12: nonobj
13: noante
29: noante
34: nogov noante
35: noante
41: noante
49: nogov
52: nonobj
54: noante
56: noante
61: noante
62: nogov
64: noante
66: noante
70: nosubj
75: noante
81: noante
84: nogov
86: nosubj
91: noante
95: noante
102: noante
103: noante
104: nonobj
106: noante
117: noante
120: nogov
121: noante
123: noante
128: noante
129: nogov
132: nosubj
137: noante
143: nogov
146: noante
153: noante
158: noante
159: nogov
167: nogov
168: noante
169: noante
174: noante
179: noante
183: noante
186: noante
192: noante
199: noante
203: noante
205: noante
206: noante
208: noante
211: noante
212: noante
217: noante
223: nogov
227: noante
233: noante
234: nogov
235: nosubj
> redirect ./en/0630-en.info
