> errors
2: nogov noante
6: noante
7: nogov
11: noante
15: nogov nosubj
17: noante
23: nogov nosubj
29: noante
30: noante
33: noante
42: noante
43: nogov
44: noante
49: noante
50: noante
53: noante
55: noante
56: nogov
58: noante
64: noante
65: noante
67: nonobj
69: noante
70: nogov
78: nogov
80: noante
83: noante
87: nosubj
88: nosubj
92: noante
93: nogov
98: noante
104: noante
106: noante
114: nogov
120: noante
121: nogov
123: noante
128: noante
132: noante
133: nogov
134: noante
135: noante
149: noante
151: nonobj
153: noante
156: noante
167: noante
169: nogov
170: nonobj
174: noante
183: nosubj
187: noante
191: noante
194: nogov
200: noante
203: nosubj
210: noante
211: nonobj
213: noante
215: noante
> redirect ./en/0643-en-lotte.info
