> errors
2: noante
4: nogov
11: noante
12: noante
16: noante
18: nogov
23: noante
29: noante
33: noante
36: noante
39: noante
46: nogov
47: noante
51: noante
56: noante
57: noante
62: noante
70: noante
77: noante
78: noante
85: noante
88: nogov
92: noante
105: noante
106: noante
108: nogov
114: noante
116: noante
118: noante
119: noante
121: noante
122: noante
124: noante
128: noante
132: noante
134: nogov
135: noante
136: nosubj
139: noante
143: nosubj
144: noante
146: nosubj
152: noante
153: noante
156: noante
160: noante
162: nogov
165: noante
167: nosubj
169: noante
175: noante
179: nosubj
181: noante
183: nonobj
184: noante
190: noante
195: nogov
196: noante
197: noante
201: noante
207: noante
211: noante
212: nogov
214: nonobj
215: noante
219: noante
220: noante
223: noante
227: noante
> redirect ./en/0645-en.info
