> errors
1: nogov
4: noante
8: nogov
25: noante
26: noante
27: noante
31: noante
35: noante
38: nosubj
39: noante
47: noante
58: noante
62: nogov
73: noante
80: noante
93: noante
102: nogov
114: nonobj
121: nosubj
124: noante
129: nogov
134: noante
137: noante
139: noante
152: noante
155: noante
156: noante
158: noante
166: noante
171: nogov
177: noante
186: noante
191: noante
200: nogov
215: noante
220: noante
240: noante
243: noante
251: noante
253: noante
254: noante
> redirect ./en/0646-en.info
