> errors
4: noante
7: noante
10: noante
13: noante
15: noante
18: noante
22: noante
29: noante
32: noante
33: nogov
34: noante
45: noante
46: nogov
    46 AGENTIVE:expl|reas/(because) 33: badtype
48: noante
49: noante
57: nosubj
61: noante
65: noante
67: nonobj
86: noante
87: noante
91: noante
104: noante
107: nosubj
108: noante
110: noante
117: noante
118: noante
121: noante
122: noante
128: noante
131: noante
132: noante
149: noante
151: noante
160: noante
167: noante
176: nosubj
177: noante
183: noante
185: noante
196: nonobj
> redirect ./en/0647-en-morten.info
