> errors
4: noante
7: noante
10: noante
13: noante
15: noante
18: noante
22: noante
26: nosubj
29: noante
32: noante
33: nogov
34: noante
36: nosubj
38: nosubj
45: noante
48: noante
49: noante
57: nosubj
61: noante
65: noante
67: nonobj
86: noante
87: noante
91: noante
104: noante
106: nogov
    106 +¤cause 94: badtype
108: noante
110: noante
117: noante
118: noante
122: noante
128: noante
131: noante
132: noante
149: noante
151: noante
160: noante
167: noante
176: nosubj
177: noante
183: noante
185: noante
196: nonobj
> redirect ./en/0647-en-lotte.info
