> errors
4: nogov
5: noante
7: noante
17: nonobj
23: noante
26: noante
31: noante
37: noante
38: noante
39: noante
45: nonobj
46: noante
47: noante
53: noante
55: nonobj
56: noante
61: noante
65: nogov
66: noante
73: noante
78: noante
84: noante
88: noante
90: noante
97: noante
99: noante
100: nogov
102: noante
110: noante
116: noante
117: nogov
121: noante
122: noante
123: nosubj
124: noante
127: noante
144: noante
149: noante
151: noante
154: noante
163: noante
167: noante
172: nosubj
175: noante
178: nogov
179: noante
185: nogov
191: noante
193: nosubj
198: noante
203: noante
204: noante
207: noante
224: noante
228: noante
232: nosubj
234: noante
236: noante
238: noante
239: noante
242: noante
247: nogov
252: noante
254: noante
> redirect ./en/0654-en.info
