> errors
1: noante
2: nogov
5: noante
8: noante
33: noante
34: nogov
36: nonobj
40: noante
41: noante
42: nosubj
55: noante
67: noante
72: nogov
82: noante
84: noante
90: nogov
91: noante
98: nosubj
99: noante
115: nogov
118: noante
122: noante
128: noante
129: nogov
130: noante
132: noante
134: noante
137: noante
141: noante
142: nogov
147: nosubj
148: noante
150: noante
153: noante
159: noante
165: noante
167: nogov
169: noante
172: noante
174: noante
176: noante
182: nogov
186: noante
189: noante
196: noante
197: noante
206: noante
210: noante
212: noante
215: noante
218: noante
222: noante
> redirect ./en/0656-en.info
