> errors
1: nogov noante
6: noante
10: noante
17: noante
23: nogov noante
29: noante
31: noante
35: noante
40: nogov
45: noante
58: noante
60: noante
63: noante
66: nosubj
74: nogov
78: noante
85: noante
87: nosubj
92: noante
99: noante
103: nogov
109: noante
118: noante
122: nogov
123: nosubj
126: nosubj
127: noante
130: noante
132: noante
135: noante
142: noante
144: noante
145: nogov
148: nosubj
155: noante
166: noante
167: nogov
170: noante
174: noante
177: noante
182: noante
186: nogov
189: noante
199: noante
200: nogov
206: noante
214: noante
> redirect ./en/0666-en.info
