> errors
7: nogov
9: noante
17: nonobj
18: noante
20: noante
23: nosubj
29: noante
35: noante
42: noante
43: nogov
55: noante
59: noante
62: noante
65: noante
68: noante
69: nosubj
76: noante
77: nogov
79: nonobj
80: noante
91: nogov
92: noante
95: nonobj
96: noante
101: noante
105: noante
107: nonobj
108: noante
112: noante
115: noante
117: noante
119: noante
124: nogov
130: noante
132: nogov
133: noante
137: noante
146: noante
149: nosubj
150: noante
153: nosubj
154: noante
158: noante
164: nogov
165: noante
167: noante
173: nonobj
174: noante
178: noante
180: noante
182: noante
> redirect ./en/0667-en.info
