> errors
1: noante
4: noante
9: nogov
16: noante
17: noante
21: noante
23: noante
25: noante
27: nonobj
28: noante
32: nosubj
38: noante
43: noante
49: nogov
51: noante
53: noante
62: noante
64: noante
72: noante
74: nogov
80: noante
82: noante
83: noante
86: noante
89: noante
91: nosubj
95: noante
100: noante
103: noante
106: noante
111: nogov
114: noante
119: nosubj
134: noante
140: noante
143: noante
151: nogov
152: noante
154: nonobj
159: nonobj
160: noante
163: noante
170: noante
171: nonobj
174: noante
176: noante
186: noante
189: nosubj
192: noante
197: noante
199: noante
208: noante
210: nosubj
214: noante
216: nogov
217: noante
218: noante
222: noante
224: noante
226: noante
231: noante
> redirect ./en/0670-en-morten.info
