> errors
3: noante
5: noante
7: noante
10: noante
15: noante
16: nogov
19: noante
26: noante
34: noante
37: noante
39: noante
44: noante
47: noante
50: nosubj
54: nogov
58: noante
64: noante
66: noante
69: noante
74: nogov
79: noante
80: noante
81: noante
85: noante
96: noante
105: noante
107: nogov
109: noante
114: noante
123: noante
135: nosubj
136: noante
142: nogov
146: noante
147: nosubj
152: noante
153: noante
161: nosubj
169: noante
173: nosubj
174: nosubj
176: noante
179: noante
182: noante
188: noante
195: noante
202: nogov
208: noante
215: noante
219: nogov
220: noante
226: noante
229: noante
234: 
    234 pnct# 219: manygovs
    234 possd 229: manygovs
> redirect ./en/0680-en.info
