> errors
2: noante
6: noante
7: nogov
12: noante
13: noante
16: nogov
17: nonobj
20: noante
21: noante
23: noante
29: noante
36: nogov
46: nogov
49: nonobj
50: noante
55: noante
65: noante
68: nonobj
82: nogov
84: nonobj
90: nosubj
91: noante
102: noante
107: noante
114: noante
116: nogov
123: noante
126: noante
131: nogov
138: nonobj
139: noante
143: nonobj
146: noante
148: noante
161: noante
165: nogov
166: noante
170: noante
172: nonobj
185: noante
186: nogov
187: nonobj
194: noante
198: nosubj
199: noante
204: nogov
211: noante
212: noante
215: nonobj
218: noante
> redirect ./en/0688-en.info
