> errors
3: nosubj
5: noante
8: nosubj
9: noante
11: nogov
14: noante
21: nosubj
25: noante
30: nogov nosubj
31: noante
37: noante
40: noante
44: noante
47: noante
64: nogov
72: nosubj
74: noante
77: noante
78: nosubj
84: noante
85: nosubj
86: noante
91: noante
97: nosubj
98: nonobj
100: noante
103: noante
108: noante
111: noante
113: noante
114: nogov
118: nonobj
119: noante
122: noante
131: noante
137: noante
139: noante
149: noante
150: nogov
172: nonobj
177: noante
184: nosubj
187: noante
189: nogov
190: nonobj
191: noante
192: nosubj
196: noante
206: noante
208: noante
213: noante
217: noante
218: nogov
227: nosubj
> redirect ./en/0689-en.info
