> errors
1: noante
2: nogov
7: noante
9: nosubj
10: nonobj
11: noante
16: noante
19: noante
22: noante
23: nonobj
24: noante
26: noante
31: noante
35: noante
36: nogov
39: nosubj
40: nosubj
43: noante
48: noante
60: noante
62: noante
69: noante
70: noante
71: noante
72: nonobj
73: noante
75: noante
78: noante
81: noante
83: noante
91: nogov
92: noante
98: nogov noante
100: noante
101: noante
107: noante
128: noante
130: noante
131: nogov
138: noante
139: noante
148: noante
150: nosubj
151: noante
155: nogov
156: nonobj
158: noante
165: nonobj
174: noante
180: noante
181: nogov
182: nonobj
184: noante
198: nonobj
204: noante
210: noante
214: noante
217: nogov
221: noante
> redirect ./en/0690-en.info
