> errors
3: noante
4: nogov
7: noante
18: noante
22: noante
29: nogov
31: noante
38: noante
40: noante
42: noante
45: noante
47: noante
48: noante
56: noante
57: nogov
59: noante
60: noante
63: noante
64: noante
67: noante
69: noante
70: noante
73: noante
76: noante
83: nogov
86: noante
91: noante
94: nosubj
100: noante
102: nogov
108: noante
111: noante
119: noante
124: noante
128: noante
131: noante
135: nosubj
144: nonobj
147: nogov
148: noante
153: noante
164: noante
172: noante
176: noante
178: nonobj
179: noante
182: noante
190: noante
193: noante
195: nogov
203: noante
210: nogov
> redirect ./en/0691-en.info
