> errors
1: nogov
11: noante
18: noante
22: noante
26: nosubj
30: noante
34: noante
35: nosubj
54: nogov
58: nosubj
60: noante
63: noante
73: noante
78: noante
80: nogov
84: noante
91: noante
95: noante
103: noante
110: noante
112: noante
113: nogov
114: noante
116: nonobj
119: noante
127: noante
135: noante
140: nogov
153: noante
154: nogov
155: noante
163: noante
166: nosubj
182: nogov
183: noante
188: noante
191: noante
194: noante
195: nogov
196: nonobj
197: noante
199: noante
203: noante
206: noante
214: noante
215: noante
216: nogov
219: noante
225: noante
227: noante
231: noante
233: noante
234: noante
236: noante
240: noante
247: nogov
> redirect ./en/0700-en.info
