> errors
1: noante
2: nogov
4: noante
5: nosubj
7: noante
14: noante
15: noante
21: nogov
23: noante
24: noante
29: noante
33: noante
37: noante
39: noante
42: noante
45: noante
48: noante
50: noante
59: noante
64: nogov
66: noante
70: nogov
74: noante
77: noante
80: noante
84: noante
85: nosubj
86: nosubj
88: noante
94: noante
98: noante
99: nogov
100: nonobj
101: noante
113: noante
116: noante
117: nogov
120: noante
128: nogov
130: noante
133: noante
136: noante
138: noante
148: noante
152: nogov
154: nosubj
156: noante
160: noante
165: nogov
166: noante
170: noante
172: noante
176: noante
183: nogov
190: noante
191: nosubj
195: nogov nosubj
196: nonobj
197: noante
201: noante
> redirect ./en/0702-en.info
