> errors
1: noante
3: nogov
7: noante
9: noante
13: noante
15: nogov
17: nosubj
21: noante
23: nogov
25: noante
27: noante
33: noante
42: noante
43: noante
44: noante
47: noante
51: nogov
52: noante
55: noante
57: noante
58: noante
59: noante
62: nosubj
65: noante
67: noante
74: noante
77: noante
79: nogov
83: noante
94: nonobj
98: nosubj
100: noante
101: noante
105: noante
108: noante
110: noante
111: noante
113: nogov
116: nosubj
121: noante
123: nonobj
125: noante
128: noante
130: nosubj
131: noante
132: nonobj
135: noante
136: nosubj
138: noante
140: nosubj
146: noante
152: nosubj
153: nonobj
154: noante
159: noante
161: noante
164: noante
165: nogov
170: nogov
171: noante
174: noante
176: noante
180: noante
185: noante
186: noante
188: nogov
193: nosubj
194: noante
195: noante
198: noante
200: noante
204: noante
205: nogov
210: noante
212: noante
219: noante
226: nonobj
234: noante
235: nogov
238: nosubj
239: nonobj
242: noante
> redirect ./en/0705-en-lotte.info
