> errors
3: noante
5: nogov
6: noante
11: noante
14: noante
15: nosubj
16: noante
20: noante
24: nogov
25: noante
35: nosubj
36: noante
37: noante
40: nosubj
45: noante
50: nogov
51: noante
53: noante
60: noante
64: nosubj
73: noante
75: nogov
76: noante
78: nosubj
79: nonobj
87: nosubj
93: noante
95: noante
97: noante
98: nogov
100: nonobj
102: noante
106: noante
108: noante
109: nogov
112: noante
114: noante
115: noante
118: noante
121: noante
126: noante
128: noante
129: nosubj
130: nosubj
132: noante
133: noante
135: noante
136: noante
142: noante
145: noante
147: nosubj
160: noante
161: noante
169: nogov
171: noante
177: noante
180: nogov
183: noante
188: nosubj
189: noante
193: noante
197: noante
207: noante
219: noante
221: nogov
232: noante
> redirect ./en/0708-en.info
