> errors
3: noante
9: nogov
15: noante
18: noante
21: noante
27: noante
30: noante
44: noante
50: 
    50 nobj 49: manygovs
    50 pnct# 49: manygovs
53: nogov
55: noante
57: noante
65: noante
67: noante
69: noante
74: noante
84: noante
85: nogov
86: noante
89: nosubj
90: nosubj
92: noante
99: noante
104: noante
106: noante
112: noante
113: nogov
114: nosubj
115: noante
116: nonobj
118: noante
125: noante
130: nosubj
132: noante
139: nogov
142: noante
145: noante
148: noante
151: nonobj
153: noante
157: nonobj
162: noante
167: nosubj
175: noante
176: nogov
181: noante
184: noante
191: nogov
195: nosubj
197: noante
202: noante
205: noante
207: nosubj
208: noante
210: nosubj
212: noante
> redirect ./en/0713-en.info
