> errors
5: noante
6: noante
7: nogov
16: noante
19: noante
20: nogov
23: noante
24: noante
29: noante
32: noante
42: noante
45: noante
46: nosubj
49: nogov
53: noante
55: noante
65: nogov
67: noante
70: noante
73: noante
84: noante
90: noante
93: noante
94: nogov
100: nosubj
101: noante
107: nogov nonobj
108: noante
109: noante
111: noante
112: noante
116: noante
122: noante
124: noante
127: noante
130: noante
134: nogov
135: noante
139: noante
150: noante
152: nogov
156: noante
165: nogov
168: noante
171: nosubj
172: noante
175: nogov
190: noante
223: noante
240: noante
242: noante
243: noante
246: noante
248: noante
250: noante
253: noante
> redirect ./en/0720-en.info
