> errors
3: noante
5: nosubj
8: noante
11: noante
12: nogov
13: noante
15: nonobj
16: noante
20: nosubj
24: noante
29: nogov
31: noante
37: noante
38: noante
46: noante
47: nogov
48: noante
51: nonobj
57: noante
60: noante
70: noante
72: noante
75: noante
77: noante
79: noante
81: noante
83: noante
84: noante
96: noante
102: noante
103: nogov
106: nosubj
107: noante
108: noante
112: noante
114: noante
115: nosubj
122: nosubj
130: noante
131: nogov
132: noante
134: noante
137: noante
139: noante
141: noante
144: nonobj
151: noante
155: noante
169: nonobj
171: noante
177: noante
182: nogov
183: noante
187: noante
188: noante
199: nonobj
201: noante
204: noante
205: noante
209: noante
> redirect ./en/0725-en.info
