> errors
6: noante
13: noante
16: nogov
23: noante
24: noante
26: noante
29: noante
39: noante
46: noante
47: nogov
53: nosubj
54: nonobj
56: noante
62: nogov
73: noante
75: nogov
76: noante
78: noante
88: noante
94: nonobj
96: noante
99: noante
102: noante
103: nosubj
109: nogov
112: noante
118: noante
119: nogov
120: noante
122: noante
128: nogov
132: nogov
137: noante
142: nogov noante
146: nogov
148: noante
152: noante
155: noante
156: nogov
158: noante
161: noante
163: noante
169: noante
174: noante
201: noante
204: noante
207: noante
212: noante
216: noante
219: noante
221: nogov
224: noante
> redirect ./en/0729-en-lotte.info
