> errors
2: noante
3: nogov
5: noante
8: noante
17: noante
22: noante
25: noante
27: noante
34: noante
35: nosubj
38: noante
43: noante
45: nogov noante
46: noante
49: noante
50: noante
54: noante
55: nogov
60: noante
61: noante
67: noante
68: nogov
71: noante
79: nosubj
80: noante
81: noante
83: noante
84: noante
87: noante
97: noante
98: nogov
101: noante
103: noante
106: noante
108: noante
119: noante
123: noante
126: nonobj
130: noante
131: noante
134: noante
141: noante
144: noante
147: noante
148: noante
153: noante
159: noante
165: noante
170: noante
173: noante
175: nogov noante
182: noante
184: nonobj
185: noante
190: noante
195: noante
199: 
    199 pnct# 175: manygovs
    199 vobj 198: manygovs
203: noante
209: nogov
217: noante
218: nogov
219: nonobj
225: noante
228: nonobj
229: noante
231: nosubj
233: noante
> redirect ./en/0733-en.info
