> errors
2: noante
4: noante
6: noante
10: nogov
11: noante
18: noante
21: noante
25: noante
32: noante
34: nogov
38: noante
42: noante
45: noante
51: noante
55: noante
57: nonobj
58: noante
62: noante
69: noante
72: noante
78: noante
79: nogov
80: noante
83: noante
88: noante
90: noante
93: noante
98: nogov noante
109: noante
111: nogov
114: noante
122: noante
130: noante
133: noante
139: noante
143: nonobj
145: noante
153: noante
154: nogov
157: noante
161: nogov nonobj
162: noante
164: noante
167: noante
172: noante
178: noante
188: nosubj
197: nonobj
198: noante
201: nosubj
203: nosubj
204: noante
209: noante
216: noante
220: nogov
227: noante
> redirect ./en/0736-en.info
