> errors
2: noante
4: noante
6: noante
8: nogov
9: nonobj
10: noante
17: nosubj
19: nonobj
20: noante
24: noante
31: noante
39: noante
48: noante
51: nogov
55: nonobj
62: noante
65: noante
69: noante
70: noante
73: noante
81: noante
88: noante
89: nogov
91: noante
94: noante
97: nosubj
98: nosubj
99: nonobj
107: noante
110: noante
112: noante
115: noante
116: noante
124: nonobj
126: noante
129: noante
133: nogov
140: noante
145: noante
152: noante
155: noante
164: nogov
167: nonobj
175: noante
177: noante
179: noante
185: noante
186: nogov
195: noante
197: noante
199: noante
205: noante
207: nogov
208: noante
209: nosubj
214: noante
222: noante
227: noante
236: nogov
> redirect ./en/0741-en.info
