> errors
1: nogov
2: noante
5: noante
11: nogov
12: noante
15: noante
23: nogov
25: noante
36: nosubj
37: noante
38: noante
42: noante
44: noante
49: noante
50: nogov
52: nonobj
53: noante
58: nonobj
59: noante
64: noante
65: noante
68: noante
73: noante
74: noante
76: noante
78: noante
85: noante
86: nogov
95: nogov
107: noante
119: noante
124: noante
131: nonobj
135: noante
136: noante
144: noante
145: noante
150: nogov
157: noante
169: noante
173: nosubj
178: noante
181: noante
183: nogov
184: noante
189: noante
191: noante
193: nogov
197: noante
202: noante
205: nosubj
210: noante
> redirect ./en/0747-en.info
