> errors
1: noante
3: nogov
4: nonobj
5: nonobj
12: noante
16: nonobj
19: noante
25: noante
26: nogov
31: nosubj
37: noante
48: noante
53: noante
60: noante
65: noante
68: noante
74: nosubj
76: noante
81: nogov
83: noante
89: nogov
91: nonobj
95: noante
96: nosubj
98: nosubj
99: nosubj
103: noante
106: noante
107: nogov
110: nosubj
117: noante
121: noante
122: nogov
128: nogov
132: nosubj
134: noante
137: noante
140: noante
145: noante
147: nogov
    147 mod? 148: badtype
149: nogov
150: nonobj
159: noante
167: nogov
172: noante
182: noante
183: nogov
185: noante
190: noante
193: noante
200: nogov
201: nonobj
205: noante
209: noante
> redirect ./en/0770-en.info
