> errors
2: noante
3: nogov
6: nonobj
7: noante
14: noante
15: nosubj
21: noante
22: nogov
29: noante
31: noante
33: noante
37: noante
42: noante
45: noante
48: noante
52: noante
58: noante
61: nogov
67: noante
68: noante
75: noante
79: noante
80: nogov
81: nonobj
82: noante
92: noante
103: noante
111: nogov
112: nonobj
115: noante
121: noante
124: nosubj
126: noante
128: noante
135: noante
136: noante
142: nosubj
146: noante
152: nogov
155: nonobj
168: noante
170: noante
175: noante
176: nogov
177: nonobj
178: noante
190: noante
194: nosubj
195: noante
198: noante
201: noante
> redirect ./en/0781-en.info
