> errors
1: noante
7: noante
9: nogov
19: noante
25: noante
31: noante
37: noante
39: noante
45: noante
52: noante
55: noante
61: noante
62: 
    62 pnct# 9: manygovs
    62 nobj 61: manygovs
66: noante
72: noante
74: noante
76: nogov
81: noante
90: noante
91: nosubj
92: nosubj
94: noante
102: noante
104: noante
107: nosubj
109: nosubj
110: noante
113: noante
117: noante
120: noante
126: noante
129: noante
135: noante
140: nosubj
149: noante
161: noante
165: noante
166: nogov
168: nonobj
170: noante
177: noante
178: noante
181: noante
187: nosubj
189: nosubj
190: noante
194: noante
201: noante
204: noante
206: noante
208: nogov
214: noante
218: noante
222: noante
228: noante
> redirect ./en/0794-en.info
