> errors
1: noante
3: noante
4: nogov
9: noante
15: noante
24: noante
25: nogov
26: noante
30: noante
33: noante
35: noante
41: noante
44: noante
46: noante
49: nogov
52: nosubj
58: noante
59: noante
62: nogov
68: nonobj
69: noante
72: nosubj
74: noante
75: 
    75 + 74: badtype
84: noante
87: noante
89: nosubj
91: noante
92: noante
95: nosubj
96: noante
102: noante
109: nogov noante
113: noante
114: nogov
116: nosubj
118: noante
122: noante
131: nonobj
134: noante
139: nogov
140: noante
141: noante
146: noante
149: nogov
150: noante
155: noante
157: noante
161: noante
165: noante
166: nogov
168: noante
169: noante
175: noante
177: noante
183: noante
189: noante
195: noante
196: nogov
200: nosubj
201: nosubj
208: noante
214: noante
218: nogov
> redirect ./en/0800-en-lotte.info
