> errors
1: noante
4: noante
7: nosubj
9: noante
13: nogov
14: nonobj
15: noante
19: noante
23: noante
30: noante
31: nogov
40: noante
47: noante
50: noante
55: nosubj
57: noante
72: noante
84: nogov nosubj
88: noante
90: noante
94: noante
103: noante
105: noante
115: nosubj
116: noante
118: noante
123: nogov
124: noante
133: noante
135: nonobj
145: noante
149: noante
151: noante
163: noante
164: nogov
171: noante
180: noante
184: noante
186: nogov
187: noante
> redirect ./en/0805-en-lotte.info
