> errors
7: nogov
11: noante
14: noante
16: nosubj
17: noante
23: noante
29: noante
31: noante
34: nogov
35: nonobj
37: noante
38: nonobj
39: noante
42: nonobj
43: noante
53: noante
54: nonobj
58: noante
59: noante
77: noante
80: noante
82: nogov
    82 pnct? 75: badtype
84: nogov
90: noante
93: nogov
94: noante
109: noante
110: nogov
115: noante
120: noante
135: noante
137: noante
142: nogov
144: noante
149: noante
150: noante
161: noante
170: noante
171: nonobj
177: nonobj
184: noante
185: nogov
186: nonobj
192: noante
206: noante
208: nosubj
210: noante
> redirect ./en/0809-en.info
