> errors
1: noante
4: nogov
6: nonobj
7: noante
17: noante
21: noante
24: noante
25: nosubj
29: noante
34: noante
48: noante
53: noante
58: noante
59: noante
62: nogov
64: noante
71: noante
73: noante
75: nonobj
76: noante
81: noante
85: noante
87: noante
88: noante
90: nosubj
91: nosubj
94: noante
97: nosubj
98: nonobj
99: noante
102: noante
103: noante
112: noante
118: nogov
125: noante
127: nonobj
128: noante
133: noante
135: noante
140: nogov
141: noante
143: noante
145: nonobj
146: noante
150: noante
154: noante
162: noante
163: nogov
166: nosubj
167: nosubj
169: nosubj
170: nonobj
171: noante
173: nosubj
175: noante
176: noante
183: noante
189: noante
193: noante
194: noante
195: noante
199: nogov
205: noante
206: nogov
208: noante
220: noante
239: noante
242: noante
244: noante
245: 
    245 pnct# 221: manygovs
    245 nobj 244: manygovs
> redirect ./en/0817-en.info
