> errors
2: noante
8: noante
13: noante
14: nonobj
15: noante
19: noante
20: noante
23: noante
25: noante
26: nogov
29: nonobj
30: noante
38: noante
39: noante
44: noante
47: noante
48: nosubj
50: nogov
58: noante
62: nonobj
63: noante
70: noante
79: noante
85: noante
93: noante
97: noante
100: noante
101: noante
105: nogov
108: noante
109: nosubj
116: nogov
117: noante
120: noante
121: nonobj
122: noante
126: nonobj
129: noante
134: noante
135: nogov
137: nonobj
139: nonobj
150: noante
152: noante
153: nogov
155: noante
161: noante
165: noante
173: noante
177: nosubj
185: nogov
188: noante
204: nonobj
205: noante
214: nosubj
219: noante
222: noante
223: nogov
224: noante
229: nosubj
230: nonobj
231: noante
235: noante
238: noante
> redirect ./en/0822-en.info
