> errors
1: nogov
4: nosubj
5: noante
8: noante
12: noante
14: nogov
18: noante
24: noante
32: noante
33: nogov
45: noante
55: noante
56: nogov
59: noante
64: noante
71: noante
78: noante
79: nogov
80: noante
83: noante
84: nosubj
86: noante
90: nogov noante
91: noante
95: noante
97: noante
101: noante
105: noante
120: nogov
121: noante
122: nonobj
125: noante
129: noante
132: nonobj
134: noante
136: noante
142: noante
143: nogov
146: noante
148: noante
149: noante
158: noante
163: nogov
164: noante
168: noante
174: noante
175: noante
178: noante
186: noante
187: nogov
189: noante
191: noante
197: nosubj
198: nosubj
200: nosubj
207: noante
> redirect ./en/0839-en.info
