> errors
6: nogov
10: noante
22: noante
26: noante
28: nogov
29: noante
31: noante
34: noante
36: noante
42: noante
46: noante
50: noante
53: noante
55: nogov
57: noante
62: noante
70: nosubj
71: noante
74: noante
78: noante
89: noante
96: noante
99: nosubj
100: noante
102: nogov
109: nosubj
115: noante
116: noante
125: noante
130: noante
134: noante
136: nogov
137: noante
139: noante
143: noante
145: noante
148: noante
149: noante
156: nogov
160: noante
162: noante
163: noante
167: noante
171: noante
175: noante
176: nogov
178: noante
180: noante
191: noante
195: noante
196: nogov
200: noante
204: noante
207: noante
> redirect ./en/0843-en.info
