> errors
1: noante
3: noante
6: nogov
10: noante
22: noante
26: nogov
27: noante
32: noante
35: noante
38: noante
43: noante
44: nogov
48: 
    48 ²pnct 44: manygovs
    48 ¹nobj 45: manygovs
49: noante
50: noante
55: nosubj
71: noante
72: nogov
73: nosubj
77: noante
79: noante
80: noante
91: nogov nosubj
98: nonobj
99: nosubj
100: noante
107: nogov
108: nosubj
112: noante
116: nogov
120: noante
122: noante
126: noante
131: noante
137: noante
138: nosubj
147: noante
148: nosubj
149: nogov
169: noante
172: nogov
175: noante
178: noante
182: noante
186: noante
189: noante
194: noante
196: nogov
197: nosubj
199: noante
206: 
    206 ²pnct 198: manygovs
    206 ¹conj 203: manygovs
208: noante
211: noante
216: noante
219: noante
230: nogov
232: nosubj
> redirect ./en/0848-en-lotte.info
