> errors
1: noante
2: nogov
8: noante
13: noante
15: noante
16: noante
19: noante
20: noante
26: noante
28: noante
32: noante
36: noante
37: nogov
41: 
    41 pnct# 40: manygovs
    41 attr 40: manygovs
42: 
    42 pnct# 37: manygovs
    42 nobj 40: manygovs
43: noante
46: noante
49: noante
52: noante
60: noante
64: noante
67: nosubj
68: noante
73: nogov
74: noante
76: noante
80: nogov
81: noante
89: nogov
91: noante
93: noante
94: noante
98: nogov
103: nonobj
104: noante
111: nogov nosubj
113: nonobj
114: noante
122: noante
123: nogov
131: nosubj
132: noante
136: noante
138: noante
139: noante
143: noante
147: nonobj
150: noante
152: noante
158: noante
162: nosubj
163: noante
165: noante
172: noante
173: nogov
176: noante
180: noante
185: noante
187: noante
189: noante
194: noante
202: noante
203: nogov
207: nosubj
215: nonobj
218: noante
223: noante
224: noante
226: noante
228: nogov
235: nogov noante
241: noante
243: nogov
> redirect ./en/0855-en.info
