> errors
1: noante
2: nogov
3: noante
7: noante
10: noante
13: noante
18: noante
19: nogov
23: noante
26: noante
31: noante
32: nogov
35: nosubj
46: noante
47: nogov
49: noante
52: noante
60: noante
61: nogov
65: noante
67: noante
72: noante
78: noante
80: noante
84: noante
85: nonobj
86: noante
93: noante
99: noante
103: noante
104: nogov
108: 
    108 ²pnct 104: manygovs
    108 ¹nobj 107: manygovs
118: noante
119: noante
122: noante
123: nogov
124: noante
131: noante
134: nosubj
137: noante
146: noante
156: noante
157: nogov
159: nonobj
160: noante
161: noante
170: noante
173: 
    173 ²pnct 157: manygovs
    173 ¹nobj 172: manygovs
178: nogov
184: nogov
185: noante
186: noante
190: noante
192: noante
201: nogov
204: noante
209: noante
211: nogov
224: noante
230: noante
232: nogov
236: noante
247: noante
249: noante
253: noante
257: nogov
> redirect ./en/0863-en.info
