> errors
1: noante
2: nogov
12: noante
14: nonobj
26: noante
27: nogov noante
45: noante
46: noante
60: nogov
61: noante
63: noante
68: noante
69: noante
75: noante
79: nogov
82: noante
85: noante
91: noante
95: noante
97: noante
98: noante
108: nogov
111: noante
115: noante
116: nonobj
118: noante
120: noante
125: noante
126: noante
127: noante
130: noante
134: nosubj
136: noante
147: nosubj
149: noante
151: noante
152: nogov
154: noante
156: noante
158: noante
163: noante
165: nogov
167: noante
168: noante
170: noante
185: noante
190: noante
191: noante
194: noante
> redirect ./en/0864-en.info
