> errors
1: nogov
6: nogov
8: noante
14: noante
17: noante
45: noante
47: nosubj
50: noante
52: noante
55: noante
56: nogov
59: nosubj
66: noante
69: noante
81: noante
83: nogov
85: noante
86: nosubj
87: noante
89: nosubj
90: noante
92: nosubj
93: noante
95: noante
103: noante
107: noante
109: noante
111: noante
115: noante
128: nosubj
129: noante
135: noante
137: noante
140: noante
149: noante
150: noante
154: noante
162: noante
164: nogov
165: noante
167: noante
169: noante
170: nosubj
178: nonobj
179: noante
185: noante
187: noante
192: nogov
204: noante
> redirect ./en/0874-en.info
