> errors
1: noante
2: nogov
5: noante
8: noante
14: noante
28: noante
30: nogov
31: noante
39: noante
41: noante
42: nosubj
45: noante
47: noante
50: noante
52: noante
54: noante
58: noante
64: nogov
66: noante
72: noante
78: noante
80: nogov
82: noante
84: noante
86: noante
88: noante
95: noante
104: nogov
110: noante
111: nonobj
113: nogov
114: noante
115: noante
118: noante
119: noante
123: noante
126: noante
128: nogov
131: noante
135: noante
138: noante
150: noante
151: nogov
152: noante
154: noante
155: noante
157: nonobj
159: noante
163: nosubj
164: nosubj
165: nosubj
169: noante
170: nogov
180: noante
181: noante
182: nogov
185: noante
188: nonobj
189: nosubj
190: noante
192: noante
195: noante
202: noante
205: noante
207: noante
208: noante
209: nogov
211: nonobj
212: noante
217: nosubj
218: noante
221: noante
227: noante
228: nogov
234: noante
237: noante
239: noante
240: noante
> redirect ./en/0879-en.info
