> errors
1: noante
4: nogov
12: nogov
14: nonobj
16: noante
23: noante
33: noante
35: noante
38: noante
40: nogov
42: noante
45: noante
50: noante
51: nogov
65: nonobj
72: noante
74: nogov
78: noante
83: nogov
91: nonobj
96: noante
97: nogov
104: noante
105: nogov
107: noante
108: noante
111: noante
112: noante
118: noante
120: nogov
125: noante
135: noante
139: nogov
142: noante
144: noante
145: noante
148: noante
149: noante
152: noante
155: noante
156: noante
158: noante
162: noante
169: nosubj
176: nogov
177: noante
185: noante
197: noante
201: noante
203: noante
206: noante
210: noante
213: noante
216: nogov
217: noante
218: noante
224: noante
235: nosubj
238: nogov
242: noante
246: noante
250: noante
252: noante
254: noante
256: noante
258: noante
260: noante
> redirect ./en/0883-en.info
