> errors
1: noante
10: nogov
14: nonobj
15: noante
20: noante
28: noante
29: noante
32: noante
35: nogov
39: nonobj
41: noante
46: noante
48: nogov
53: noante
56: noante
57: nosubj
66: noante
68: nogov
69: nonobj
74: noante
79: noante
81: nogov
82: noante
85: noante
86: noante
88: noante
95: nonobj
96: noante
105: noante
106: noante
107: nogov
108: noante
112: noante
116: nogov
117: noante
122: noante
124: noante
130: noante
131: noante
136: nogov
139: noante
140: nosubj
142: nonobj
145: noante
147: noante
155: noante
156: nogov
162: noante
172: noante
174: noante
183: noante
184: nogov
194: noante
195: noante
197: noante
198: nogov
208: noante
209: nogov
213: noante
214: noante
216: nonobj
217: nosubj
218: noante
221: noante
223: noante
232: noante
233: nogov
236: noante
242: nosubj
243: noante
> redirect ./en/0884-en.info
