> errors
2: noante
14: noante
16: nonobj
17: noante
20: noante
21: noante
22: nonobj
23: noante
27: noante
30: noante
34: nogov
44: noante
51: noante
57: noante
58: nogov
61: noante
64: noante
66: noante
76: noante
77: nogov
81: nosubj
82: noante
85: nosubj
86: noante
89: noante
93: noante
95: 
    95 pnct# 77: manygovs
    95 preds 93: manygovs
101: noante
104: noante
105: nogov
107: nonobj
109: noante
111: nosubj
114: noante
116: nosubj
118: noante
125: nonobj
130: noante
133: noante
142: nogov
148: noante
155: noante
159: noante
162: noante
166: nosubj
172: nogov
173: nonobj
174: noante
176: noante
180: nosubj
184: nogov
185: noante
188: nonobj
189: noante
196: noante
201: nosubj
202: noante
205: noante
210: noante
214: nogov
219: nosubj
> redirect ./en/0888-en.info
