> errors
1: nogov
7: nogov
8: noante
15: noante
16: nogov
17: noante
18: noante
27: noante
35: noante
38: noante
41: noante
47: noante
49: nogov
51: noante
54: noante
57: noante
61: noante
66: noante
71: nogov
75: nosubj
77: noante
80: nosubj
81: nosubj
82: nonobj
84: noante
98: noante
102: nogov
105: noante
109: noante
116: nogov
124: noante
125: nosubj
127: noante
131: noante
133: noante
138: nosubj
139: noante
150: noante
153: nogov
160: noante
171: noante
175: noante
177: nogov
180: noante
189: noante
192: noante
195: noante
196: noante
203: noante
208: noante
209: nogov
212: noante
214: nosubj
216: nosubj
217: noante
219: noante
223: noante
229: nogov
238: nogov
243: noante
248: noante
249: noante
254: noante
255: nogov
257: nosubj
260: noante
261: nosubj
263: noante
267: noante
271: noante
272: nogov
> redirect ./en/0889-en.info
