> errors
1: noante
4: noante
6: noante
15: nogov
17: noante
22: nogov
23: noante
28: noante
30: noante
35: nonobj
39: noante
44: noante
45: noante
51: nonobj
53: noante
58: noante
59: nogov
61: noante
63: noante
73: noante
74: nogov
75: noante
85: nogov
86: noante
89: noante
92: noante
100: noante
107: noante
109: nogov
111: nonobj
115: noante
124: noante
128: noante
130: noante
136: noante
141: nogov
146: noante
148: nogov
151: noante
159: nonobj
160: noante
161: noante
164: noante
167: noante
168: noante
172: noante
174: noante
176: nogov
179: noante
180: noante
182: noante
186: noante
188: nosubj
190: noante
191: noante
203: noante
216: noante
224: noante
228: nogov
230: noante
231: noante
> redirect ./en/0904-en.info
