> errors
2: nosubj
3: noante
9: noante
10: noante
12: noante
13: nogov
19: noante
20: nogov
25: nosubj
27: noante
28: noante
34: noante
35: nogov
36: noante
39: nonobj
40: noante
42: noante
46: nogov
47: noante
50: nosubj
51: noante
57: noante
59: noante
63: noante
70: noante
72: nonobj
73: noante
77: noante
79: nogov
82: noante
89: noante
95: nogov
105: noante
111: nogov
112: nosubj
114: nosubj
115: noante
118: nosubj
119: noante
123: noante
131: nosubj
133: noante
135: noante
138: noante
144: 
    144 pnct# 123: manygovs
    144 nobj 143: manygovs
145: nogov
146: noante
153: noante
158: noante
164: noante
170: nogov
175: nogov
179: noante
183: noante
186: noante
188: noante
189: noante
192: noante
194: noante
199: nogov
204: noante
205: noante
206: noante
213: noante
221: nogov
222: noante
224: noante
227: noante
> redirect ./en/0905-en.info
