> errors
3: noante
9: noante
11: nogov
16: nosubj
17: noante
26: nosubj
28: noante
33: nogov nosubj
34: nosubj
36: noante
42: noante
44: noante
47: noante
50: noante
53: noante
56: noante
59: nosubj
63: noante
66: noante
68: noante
74: noante
77: noante
83: noante
86: noante
89: nogov
94: noante
101: noante
102: nogov
105: nonobj
108: noante
111: nosubj
119: noante
122: noante
130: nosubj
132: noante
141: nosubj
149: noante
150: nogov
151: noante
154: noante
156: noante
161: noante
166: noante
170: nogov noante
171: noante
175: noante
178: noante
180: noante
182: noante
187: noante
190: noante
191: noante
193: noante
197: nogov
212: noante
215: nogov
216: noante
221: nosubj
222: noante
224: noante
> redirect ./en/0915-en-lotte.info
