> errors
1: noante
3: nogov
8: noante
9: nosubj
10: nogov
14: noante
19: noante
22: noante
25: nogov
27: nonobj
28: noante
29: noante
35: noante
38: noante
43: noante
45: nogov
48: noante
52: noante
59: noante
66: nogov
72: noante
73: noante
76: noante
82: noante
84: noante
89: noante
91: nogov
95: noante
98: noante
102: nosubj
118: nogov
120: nosubj
121: noante
126: nosubj
127: noante
130: noante
135: nonobj
139: noante
141: nogov
145: nogov
152: noante
157: noante
167: noante
169: nogov
175: noante
177: noante
178: noante
181: noante
185: nogov
190: noante
195: noante
196: nogov
197: noante
199: noante
210: noante
215: noante
216: nogov
220: nosubj
224: noante
230: noante
232: nogov
236: noante
238: noante
244: nogov
246: noante
251: nogov noante
254: noante
> redirect ./en/0919-en.info
