> errors
3: 
    3 pnct# 1: manygovs
    3 attr 2: manygovs
5: nogov noante
9: noante
15: noante
18: noante
22: noante
24: noante
27: noante
35: noante
38: noante
42: noante
46: noante
48: noante
50: noante
54: nonobj
55: noante
62: noante
64: noante
66: nosubj
67: noante
74: noante
76: noante
78: noante
82: noante
84: noante
85: nonobj
87: nonobj
93: nogov
97: noante
103: noante
106: noante
110: nogov
115: nosubj
119: noante
121: noante
122: noante
127: noante
128: noante
133: noante
134: nogov
135: nonobj
139: noante
144: noante
146: nogov
153: nogov
157: noante
159: noante
161: noante
164: noante
166: noante
169: noante
170: nonobj
172: noante
173: nonobj
174: noante
177: noante
183: nosubj
189: noante
193: noante
195: noante
197: nogov
198: noante
199: noante
206: noante
211: noante
219: noante
220: nogov
224: noante
228: nonobj
229: noante
233: noante
236: noante
> redirect ./en/0925-en.info
