> errors
2: noante
3: noante
5: nogov
7: noante
13: noante
15: noante
22: noante
26: noante
27: noante
32: nogov
33: noante
37: noante
40: noante
43: noante
46: noante
48: noante
52: noante
53: noante
58: noante
59: nosubj
65: noante
68: noante
69: nogov
72: noante
77: noante
78: nogov
86: nosubj
88: noante
92: noante
96: nogov
97: noante
99: noante
103: nogov
104: noante
106: noante
107: noante
110: noante
111: noante
123: noante
133: noante
135: nogov
138: noante
142: noante
145: noante
151: noante
154: noante
156: noante
161: noante
163: nogov
166: noante
168: noante
169: noante
173: noante
174: nogov
175: noante
178: nonobj
179: noante
180: noante
184: nogov
185: noante
193: noante
205: noante
211: noante
214: noante
216: noante
217: noante
220: noante
223: nosubj
225: noante
227: nogov
229: nosubj
> redirect ./en/0926-en.info
