> errors
1: noante
4: nogov
8: noante
11: noante
12: nonobj
21: 
    21 nobj 20: manygovs
    21 pnct# 20: manygovs
22: noante
23: nogov
24: noante
28: noante
31: noante
32: noante
43: noante
46: noante
57: noante
58: nogov
64: noante
66: noante
71: noante
73: noante
91: noante
94: noante
95: nogov
99: nosubj
100: noante
105: noante
110: noante
111: nogov
120: noante
121: noante
126: nonobj
128: noante
133: nosubj
134: nonobj
136: nosubj
137: nonobj
140: noante
145: noante
157: noante
162: noante
171: noante
173: nogov
174: noante
178: noante
187: noante
194: nogov
197: noante
201: noante
202: noante
210: noante
215: noante
228: noante
> redirect ./en/0927-en.info
