> errors
1: noante
3: nogov
14: noante
19: noante
22: noante
23: noante
35: noante
37: noante
40: nogov
41: noante
44: noante
50: noante
58: noante
63: noante
65: noante
68: noante
78: noante
79: nogov
86: noante
94: nonobj
96: noante
101: noante
103: noante
108: noante
113: noante
116: noante
119: noante
125: noante
141: noante
143: noante
157: noante
158: nonobj
159: noante
164: noante
165: nogov
171: nogov
172: nonobj
173: noante
176: noante
180: noante
181: nosubj
185: noante
187: nosubj
191: noante
193: noante
199: noante
200: nogov
203: nonobj
204: noante
208: noante
213: noante
223: nosubj
229: noante
236: noante
239: 
    239 pnct# 200: manygovs
    239 nobj 237: manygovs
> redirect ./en/0932-en.info
