> errors
3: nogov
7: noante
9: noante
10: noante
11: noante
14: noante
21: nosubj
22: nosubj
27: noante
35: noante
37: nogov
38: nonobj
48: noante
53: noante
55: nogov
60: noante
68: noante
70: noante
73: noante
76: nogov
81: noante
89: noante
93: noante
96: noante
97: nogov
103: nogov
104: nonobj
108: noante
110: nosubj
112: noante
113: noante
116: noante
118: nonobj
119: noante
126: nosubj
127: noante
130: nosubj
131: noante
133: noante
135: noante
142: noante
148: noante
151: noante
152: nogov
154: noante
160: noante
162: nonobj
163: noante
167: noante
173: noante
178: noante
179: nogov
180: noante
185: noante
186: nogov
189: noante
192: noante
199: noante
204: 
    204 pnct# 186: manygovs
    204 preds 203: manygovs
> redirect ./en/0934-en.info
