> errors
1: nogov
2: noante
4: noante
7: noante
13: nosubj
20: noante
22: nogov
32: noante
34: nogov
37: noante
41: nosubj
45: nogov
46: noante
58: noante
62: noante
71: noante
75: nogov
77: noante
80: nonobj
81: noante
87: noante
88: nogov
89: nonobj
90: noante
96: noante
100: noante
104: nosubj
106: noante
108: noante
114: nogov nonobj
115: noante
123: noante
126: nonobj
127: noante
130: noante
132: noante
135: nonobj
136: noante
138: noante
144: noante
146: nogov
152: noante
164: noante
165: nosubj
168: noante
169: nogov
172: noante
178: nogov
179: noante
181: nosubj
182: noante
184: noante
187: noante
191: noante
193: noante
197: noante
200: noante
202: noante
207: nosubj
209: nosubj
212: nosubj
216: nosubj
218: nogov
224: nogov
227: noante
228: noante
231: noante
> redirect ./en/0935-en.info
