> errors
1: noante
4: nogov
16: noante
18: noante
27: noante
30: noante
32: noante
35: noante
40: noante
42: 
    42 ²pnct 4: manygovs
    42 ¹nobj 40: manygovs
48: nogov
52: nosubj
53: noante
56: noante
59: noante
67: noante
70: noante
71: nogov
73: nosubj
77: noante
79: nosubj
88: noante
97: noante
99: nogov
101: nosubj
102: noante
109: noante
122: noante
126: noante
127: noante
130: noante
131: nogov
134: nonobj
145: nogov
152: nonobj
153: noante
155: noante
160: noante
171: nogov
176: nosubj
181: noante
191: noante
192: nogov
203: noante
208: 
    208 ²pnct 199: manygovs
    208 ¹nobj 207: manygovs
210: noante
211: noante
213: noante
215: noante
218: noante
> redirect ./en/0939-en-lotte.info
