> errors
3: nogov
5: noante
10: noante
11: nonobj
13: noante
14: noante
15: nonobj
18: noante
19: noante
23: nonobj
27: noante
30: noante
42: nogov
43: nonobj
45: noante
46: noante
47: nonobj
53: noante
57: noante
58: noante
60: noante
62: noante
69: nogov
72: noante
75: noante
78: noante
82: nogov
83: noante
86: nonobj
92: noante
104: nosubj
107: noante
112: noante
114: nosubj
122: noante
126: noante
128: noante
129: noante
130: noante
135: noante
136: nogov
138: noante
142: noante
148: noante
151: noante
156: noante
160: nonobj
161: noante
165: nonobj
166: noante
169: noante
171: noante
175: noante
177: noante
178: noante
181: noante
185: nogov
191: noante
204: nogov
206: nonobj
212: noante
218: nosubj
219: nosubj
224: noante
225: noante
229: noante
236: noante
> redirect ./en/0947-en.info
