> errors
2: noante
7: nosubj
10: nogov
11: noante
17: noante
31: nogov
32: noante
34: nosubj
37: noante
41: noante
42: nogov
52: nosubj
54: noante
59: noante
61: noante
69: noante
70: nogov
75: noante
77: noante
82: noante
86: noante
90: noante
93: noante
98: noante
100: noante
102: noante
106: noante
107: noante
114: noante
117: noante
121: noante
122: nogov
123: noante
124: noante
132: noante
136: noante
138: nogov
142: noante
145: nonobj
147: noante
153: nonobj
154: noante
159: noante
162: noante
168: noante
173: noante
174: nogov
178: noante
181: noante
185: noante
187: noante
188: nonobj
190: noante
198: noante
200: nosubj
202: noante
206: noante
210: nogov nosubj
213: nosubj
217: noante
220: 
    220 pnct# 210: manygovs
    220 nobj 219: manygovs
226: nogov
235: noante
236: noante
242: noante
243: nogov
> redirect ./en/0949-en.info
