> errors
1: noante
2: nogov
5: nonobj
13: noante
20: nosubj
26: noante
32: nonobj
33: noante
37: noante
41: nosubj
43: noante
46: noante
49: nonobj
50: noante
58: noante
59: nosubj
64: nonobj
65: noante
69: noante
73: nogov
75: noante
78: noante
80: nogov
84: noante
87: noante
91: noante
95: noante
98: noante
99: noante
102: nosubj
103: noante
105: noante
111: noante
117: noante
120: noante
122: nosubj
125: noante
128: noante
131: noante
135: nonobj
136: noante
143: noante
145: noante
150: noante
151: nogov
152: noante
159: nosubj
164: noante
168: noante
169: noante
179: nogov
180: nonobj
182: noante
183: noante
189: noante
194: noante
195: noante
197: noante
199: noante
202: noante
> redirect ./en/0956-en.info
