> errors
2: noante
6: noante
7: noante
10: noante
11: noante
12: noante
13: nogov
17: nosubj
23: noante
24: noante
25: noante
27: noante
30: noante
33: noante
37: noante
40: noante
46: noante
49: nosubj
51: noante
52: noante
56: noante
58: nogov
61: noante
64: noante
66: noante
72: noante
75: noante
77: noante
80: noante
81: noante
85: noante
88: noante
89: nogov
90: noante
94: noante
97: noante
98: noante
99: noante
103: noante
105: noante
107: nogov
108: nonobj
109: noante
113: noante
119: noante
121: noante
129: noante
130: noante
134: nogov
137: noante
140: noante
146: noante
149: noante
150: noante
156: noante
158: noante
160: nogov
163: noante
167: noante
169: noante
175: noante
181: noante
182: noante
187: nosubj
188: noante
189: noante
191: noante
196: noante
199: noante
200: nosubj
201: noante
202: noante
205: nogov
211: noante
217: noante
218: nogov
220: nonobj
224: noante
226: nosubj
227: noante
234: noante
237: noante
241: noante
242: noante
243: noante
> redirect ./en/0958-en.info
