> errors
1: nogov
2: noante
7: noante
9: nogov
11: noante
12: noante
18: noante
22: noante
24: nonobj
26: noante
30: noante
33: noante
40: noante
41: nogov
45: noante
53: 
    53 pnct# 43: manygovs
    53 nobj 52: manygovs
55: noante
62: 
    62 pnct# 43: manygovs
    62 nobj 61: manygovs
66: 
    66 pnct# 43: manygovs
    66 nobj 65: manygovs
80: nogov
82: noante
87: noante
89: noante
92: noante
94: nogov
95: noante
98: nosubj
100: noante
102: noante
103: noante
105: noante
111: noante
112: nogov
115: nosubj
117: nosubj
118: noante
123: noante
129: noante
132: noante
137: nogov
139: noante
141: noante
142: noante
145: noante
156: noante
165: nogov
170: noante
171: nogov
174: nosubj
176: noante
177: noante
182: noante
186: nonobj
187: noante
189: noante
193: noante
195: noante
199: noante
200: nogov
207: noante
210: noante
214: noante
216: nogov
> redirect ./en/0962-en.info
