> errors
1: noante
3: noante
4: nogov
7: noante
10: noante
14: noante
17: nogov
19: noante
21: noante
24: nosubj
25: noante
30: noante
34: noante
45: noante
52: noante
55: noante
57: noante
63: noante
64: nosubj
65: nogov
67: noante
70: noante
75: noante
80: noante
86: noante
89: noante
93: nonobj
100: noante
106: noante
107: nogov
108: noante
111: noante
113: noante
115: noante
121: nonobj
123: noante
128: noante
131: noante
134: noante
138: nosubj
139: noante
145: noante
151: noante
154: nosubj
158: noante
159: nogov
163: noante
168: noante
170: noante
172: noante
178: noante
181: noante
184: noante
187: noante
189: nonobj
195: noante
197: noante
> redirect ./en/0965-en.info
