> errors
1: noante
5: noante
6: nogov
18: noante
22: noante
28: noante
32: noante
36: noante
42: 
    42 pnct# 40: manygovs
    42 nobj 41: manygovs
43: noante
50: noante
53: noante
61: nogov
65: noante
67: noante
69: nosubj
73: nosubj
76: nosubj
79: noante
87: noante
90: noante
91: nosubj
96: noante
99: nosubj
100: nogov
104: nosubj
108: noante
111: noante
114: nogov
118: noante
121: nosubj
123: noante
124: noante
127: noante
130: nosubj
132: noante
141: nogov
143: noante
146: noante
153: nosubj
154: noante
157: nosubj
158: noante
160: noante
168: noante
173: noante
174: noante
175: nogov
176: noante
178: noante
183: noante
186: noante
189: nogov
199: nogov
203: noante
207: noante
215: noante
227: noante
233: noante
236: nogov
237: noante
240: noante
241: nosubj
> redirect ./en/0968-en.info
