> errors
3: nogov
4: noante
6: nonobj
13: nogov
14: noante
21: noante
22: noante
25: noante
28: noante
41: noante
60: noante
63: noante
65: noante
70: noante
73: noante
74: nogov
80: nogov
83: noante
85: noante
101: noante
106: noante
108: noante
117: nogov
118: noante
120: noante
127: noante
130: nosubj
133: noante
139: noante
144: noante
147: noante
150: noante
154: noante
161: noante
163: nogov
166: noante
169: noante
170: noante
176: noante
177: noante
180: nosubj
181: noante
190: noante
191: nogov
192: noante
194: noante
199: noante
203: noante
206: nosubj
208: noante
221: nogov
229: noante
> redirect ./en/0974-en.info
