> errors
2: noante
3: nogov
4: noante
5: noante
6: nosubj
20: nosubj
21: nogov
23: noante
27: noante
29: nogov
43: noante
50: noante
52: noante
57: nogov
61: noante
63: noante
73: noante
77: noante
79: nosubj
83: noante
85: noante
86: noante
87: noante
88: nogov
93: nosubj
96: noante
102: noante
103: nogov
106: noante
107: noante
108: noante
116: noante
117: nonobj
125: noante
126: nogov
132: noante
134: nonobj
135: noante
139: noante
145: noante
149: noante
150: nogov
161: noante
167: noante
170: noante
174: nogov
175: noante
178: noante
187: noante
188: nogov
189: nonobj
198: nonobj
199: noante
203: nonobj
204: noante
208: noante
216: noante
217: nosubj
> redirect ./en/0989-en.info
