> errors
1: noante
2: nogov
7: nosubj
11: noante
17: noante
26: noante
30: noante
32: noante
35: nogov noante
37: noante
41: noante
45: noante
51: nosubj
52: noante
53: noante
54: nosubj
56: noante
63: noante
67: nogov
68: nonobj
69: noante
74: noante
78: noante
85: noante
89: noante
91: nogov
95: noante
101: noante
105: noante
107: noante
110: noante
113: noante
118: nogov
120: noante
128: nogov
137: noante
138: nogov
140: nonobj
141: noante
156: noante
164: nosubj
166: noante
168: noante
176: noante
178: noante
180: nogov
187: noante
188: nogov
190: nonobj
194: nonobj
195: noante
198: noante
201: noante
209: nosubj
214: noante
220: noante
221: nogov
223: noante
226: nosubj
227: noante
229: noante
> redirect ./en/1001-en.info
