> errors
2: noante
3: nosubj
6: noante
7: nogov
11: nosubj
12: noante
13: noante
16: noante
20: nosubj
24: nogov
27: noante
34: noante
43: nogov
44: nonobj
57: noante
58: nogov
63: nosubj
68: nosubj
69: noante
70: noante
73: noante
76: nosubj
80: noante
82: nogov
87: noante
89: noante
91: nonobj
97: nosubj
98: noante
102: noante
103: nogov
108: noante
112: noante
113: nogov
117: noante
118: noante
123: noante
132: nogov
133: nosubj
134: noante
137: noante
140: noante
144: nosubj
145: noante
146: nogov
147: noante
151: noante
152: noante
154: noante
156: noante
160: noante
165: noante
166: nogov
167: noante
171: noante
176: noante
177: nogov
182: noante
185: nonobj
186: noante
192: noante
197: nosubj
198: noante
199: noante
202: nosubj
208: noante
212: noante
216: noante
217: nogov
221: noante
226: noante
228: nogov
232: nonobj
233: noante
239: nosubj
244: noante
> redirect ./en/1007-en.info
