> errors
4: noante
5: noante
7: nogov
10: nonobj
12: nosubj
14: noante
16: noante
20: noante
25: noante
40: noante
43: noante
45: noante
49: nogov
51: nosubj
52: noante
57: noante
60: noante
62: noante
64: noante
66: nogov
68: noante
70: noante
72: nonobj
74: noante
79: noante
86: noante
90: nogov
91: noante
93: noante
94: noante
95: nosubj
106: noante
108: noante
109: noante
114: noante
116: nogov
120: noante
127: noante
129: noante
137: noante
141: nogov
146: noante
148: noante
152: nogov
155: noante
162: nosubj
163: noante
165: nosubj
166: noante
170: noante
175: noante
176: noante
178: nogov
180: noante
183: nosubj
185: noante
189: nosubj
191: noante
192: nosubj
194: noante
196: noante
199: noante
202: noante
204: nosubj
205: noante
207: nogov
209: noante
211: noante
215: nonobj
216: noante
220: noante
222: nosubj
223: 
    223 pnct#? 207: badtype
> redirect ./en/1008-en.info
