> errors
1: noante
6: noante
8: nogov
13: noante
16: noante
19: noante
20: noante
23: noante
26: noante
31: nogov
33: nosubj
38: nosubj
43: noante
49: noante
56: noante
59: noante
63: noante
68: nosubj
71: noante
73: nosubj
75: noante
77: noante
79: noante
83: noante
89: nogov
90: noante
96: noante
101: noante
106: noante
110: noante
111: noante
115: noante
118: noante
122: noante
126: noante
127: nogov
136: noante
137: noante
139: noante
144: noante
147: nosubj
153: noante
156: nogov
160: noante
162: noante
168: noante
179: noante
184: noante
191: noante
195: noante
197: noante
199: noante
206: noante
207: nogov
214: noante
216: noante
220: nosubj
222: noante
224: noante
> redirect ./en/1011-en.info
