> errors
3: noante
6: noante
7: nogov
9: noante
10: nonobj
12: noante
20: noante
21: noante
27: noante
45: noante
47: noante
51: 
    51 pnct# 44: manygovs
    51 appr 47: manygovs
52: noante
56: noante
64: noante
70: noante
73: noante
76: noante
93: noante
96: noante
97: noante
110: noante
133: noante
139: noante
152: noante
163: noante
166: noante
167: noante
181: noante
187: noante
194: noante
201: nosubj
206: nonobj
207: noante
209: noante
217: noante
218: nosubj
> redirect ./en/1014-en-morten.info
