> errors
3: noante
6: noante
7: nogov
9: noante
10: nonobj
12: noante
20: noante
21: noante
27: noante
32: noante
36: nogov
42: nogov
45: noante
47: noante
51: 
    51 pnct# 44: manygovs
    51 appr 47: manygovs
52: noante
53: nogov
56: noante
62: nosubj
64: noante
66: noante
70: noante
73: noante
76: noante
84: noante
87: noante
89: noante
93: noante
96: noante
97: noante
98: noante
101: nogov
108: noante
109: nogov
110: noante
111: noante
113: noante
119: noante
123: noante
133: noante
134: nogov
135: noante
139: noante
142: noante
146: noante
152: noante
156: nogov
157: noante
163: noante
164: noante
166: noante
167: noante
169: noante
173: noante
178: noante
179: nogov
181: noante
187: noante
189: nosubj
191: noante
193: noante
194: noante
201: nosubj
204: noante
206: nonobj
207: noante
209: noante
212: noante
217: noante
218: nosubj
219: noante
228: noante
229: nogov
> redirect ./en/1014-en.info
