> errors
3: noante
7: noante
11: noante
15: nogov
19: noante
23: noante
25: noante
27: noante
31: noante
34: noante
35: noante
38: noante
41: noante
48: nosubj
54: noante
59: noante
64: noante
65: nogov
69: nosubj
71: nosubj
72: noante
79: noante
85: nosubj
86: nosubj
88: nosubj
90: noante
102: noante
103: nogov
109: noante
111: nosubj
124: nosubj
126: noante
138: noante
139: nogov
140: noante
142: noante
145: noante
147: noante
150: nonobj
159: noante
165: noante
170: nogov
172: noante
174: noante
176: nonobj
178: noante
180: noante
181: noante
> redirect ./en/1017-en.info
