> errors
1: noante
4: nogov
6: noante
8: noante
9: nosubj
11: nonobj
12: noante
15: noante
16: noante
22: nogov noante
24: noante
25: noante
28: noante
36: noante
37: noante
39: nogov
41: noante
44: noante
48: noante
49: noante
53: nosubj
58: noante
59: nogov
64: noante
65: nogov
68: noante
74: noante
78: noante
79: noante
83: noante
84: noante
89: noante
90: nogov
97: noante
98: nogov
100: nosubj
107: noante
110: noante
112: noante
115: noante
118: noante
123: noante
136: noante
138: nogov
139: noante
147: noante
149: nogov
153: nosubj
157: noante
163: noante
164: nogov
183: noante
185: nogov
186: noante
190: noante
191: nogov
196: noante
200: noante
201: noante
205: noante
206: nogov
207: nosubj
208: noante
210: noante
213: noante
217: noante
221: noante
223: nogov
224: noante
228: noante
> redirect ./en/1019-en.info
