> errors
1: noante
2: nogov
6: nonobj
7: noante
15: noante
25: nosubj
30: noante
33: noante
36: nonobj
42: noante
47: nogov
52: nosubj
55: noante
61: noante
63: noante
67: noante
70: nosubj
75: noante
81: noante
84: noante
90: nogov
91: noante
93: noante
99: noante
100: nosubj
101: noante
102: noante
108: nonobj
111: noante
113: noante
115: noante
119: nosubj
120: noante
123: noante
132: nogov
133: noante
136: nosubj
139: noante
147: noante
162: noante
164: nogov
165: noante
178: noante
180: noante
184: noante
188: noante
195: noante
198: noante
200: nogov
201: noante
206: nogov noante
> redirect ./en/1030-en.info
