> errors
1: noante
2: nogov
5: nonobj
6: noante
12: noante
14: nosubj
15: noante
16: noante
17: noante
22: nonobj
24: noante
29: noante
32: nogov noante
37: noante
38: noante
41: noante
42: noante
44: noante
49: noante
50: nogov
54: nosubj
55: noante
57: noante
59: noante
64: noante
65: noante
69: noante
70: noante
75: noante
76: noante
79: noante
82: noante
84: noante
86: noante
88: noante
100: noante
102: noante
103: noante
104: noante
107: noante
109: noante
111: noante
118: noante
119: nogov
123: nosubj
129: noante
132: noante
134: noante
136: nosubj
138: noante
141: noante
147: nogov
149: nonobj
150: noante
163: noante
164: noante
165: noante
168: noante
170: noante
171: noante
176: noante
182: noante
183: noante
190: noante
193: noante
195: noante
197: noante
199: noante
201: noante
204: noante
207: noante
208: nogov
210: noante
211: noante
214: noante
215: noante
217: noante
218: noante
228: noante
230: noante
236: noante
238: noante
239: nogov
242: noante
247: noante
255: nonobj
> redirect ./en/1032-en.info
