> errors
3: noante
4: nosubj
8: noante
12: noante
15: noante
16: noante
24: noante
36: nogov
37: nonobj
38: noante
41: nosubj
42: noante
44: noante
45: noante
50: noante
60: noante
68: noante
70: noante
75: noante
77: noante
83: noante
93: noante
101: noante
103: nosubj
118: noante
121: noante
122: noante
127: noante
133: noante
142: noante
146: nonobj
165: noante
183: noante
189: noante
201: nonobj
203: noante
206: noante
207: noante
212: noante
213: nosubj
220: nogov
    220 ¤TELIC:goal/to/ATTR 206: badtype
221: nosubj
223: nonobj
227: nosubj
229: noante
> redirect ./en/1035-en-morten.info
