> errors
3: noante
4: nosubj
8: noante
12: noante
13: nogov
15: noante
16: noante
24: noante
25: noante
35: noante
36: nogov
37: nonobj
38: noante
41: nosubj
42: noante
44: noante
45: noante
50: noante
55: nogov
60: noante
61: noante
68: noante
70: noante
75: noante
77: noante
81: nogov
83: noante
93: noante
96: noante
101: noante
102: nogov
118: noante
121: noante
122: noante
127: noante
130: noante
133: noante
142: noante
143: nogov
146: nonobj
152: noante
158: nogov
165: noante
168: noante
173: noante
183: noante
189: noante
196: nogov
201: nonobj
203: noante
206: noante
207: noante
212: noante
213: nosubj
220: nogov
221: nosubj
223: nonobj
227: nosubj
228: noante
229: noante
> redirect ./en/1035-en.info
