> errors
2: noante
3: nogov
5: noante
6: noante
8: noante
10: noante
21: noante
24: noante
39: noante
45: noante
64: noante
67: noante
68: noante
72: noante
78: noante
88: nosubj
90: noante
95: noante
106: noante
108: noante
112: nosubj
116: noante
121: nosubj
122: noante
123: noante
125: noante
133: noante
136: nosubj
138: noante
142: noante
147: noante
151: noante
153: nosubj
154: noante
156: nosubj
160: nosubj
165: nosubj
166: nonobj
169: nosubj
170: nosubj
171: noante
176: noante
177: noante
181: noante
186: nosubj
196: nosubj
200: noante
204: noante
209: noante
212: noante
226: nosubj
> redirect ./en/1038-en-lotte.info
