> errors
1: nogov
2: noante
5: noante
6: noante
8: noante
10: noante
15: noante
21: noante
24: noante
34: nogov
36: noante
39: noante
44: nogov
45: noante
46: noante
51: noante
53: nogov
56: noante
60: noante
64: noante
67: noante
68: noante
72: noante
78: noante
82: noante
88: nosubj
90: noante
95: noante
106: noante
108: noante
112: nogov nosubj
113: noante
116: noante
119: noante
121: nosubj
122: noante
123: noante
125: noante
133: noante
135: nogov
138: noante
142: nogov noante
146: noante
147: noante
150: noante
151: noante
153: nosubj
154: noante
156: nosubj
157: noante
160: nosubj
161: noante
163: noante
165: nosubj
167: noante
169: nosubj
170: nosubj
171: noante
175: nogov
176: noante
177: noante
180: noante
183: noante
184: noante
186: nosubj
190: noante
193: noante
196: nosubj
197: noante
200: noante
204: noante
205: nogov
209: noante
212: noante
225: nogov
236: noante
237: nogov
> redirect ./en/1038-en.info
