> errors
2: noante
5: nogov
6: noante
13: noante
14: nosubj
17: noante
19: noante
20: noante
25: noante
38: noante
39: noante
42: noante
44: nogov
51: nosubj
63: noante
68: noante
72: noante
75: nonobj
76: noante
82: noante
91: nogov noante
93: noante
100: noante
103: nosubj
104: nosubj
107: noante
109: noante
111: noante
114: noante
120: noante
123: noante
125: nogov
127: nonobj
133: noante
135: nosubj
136: noante
138: noante
139: noante
141: noante
146: noante
149: noante
150: nogov
152: nonobj
158: noante
160: noante
170: noante
176: noante
178: noante
179: nosubj
184: nogov
188: noante
194: nogov
197: noante
202: nosubj
203: noante
206: noante
209: noante
210: noante
215: nosubj
216: noante
218: noante
> redirect ./en/1041-en.info
