> errors
2: noante
6: noante
16: noante
21: nogov
24: noante
29: noante
30: nogov
31: noante
35: noante
40: noante
41: nogov
42: noante
43: noante
48: noante
52: noante
54: noante
58: nogov
60: noante
67: noante
74: noante
76: noante
80: noante
81: nogov
83: noante
84: noante
89: noante
95: noante
96: nogov
102: nosubj
111: noante
116: noante
122: noante
125: noante
127: nosubj
128: noante
133: nogov
134: noante
142: noante
144: noante
146: noante
148: noante
153: nonobj
154: noante
155: nosubj
156: noante
162: noante
163: nogov
166: noante
167: noante
173: noante
174: nogov
179: noante
184: noante
190: noante
192: noante
196: noante
198: nosubj
200: noante
201: noante
203: noante
208: noante
209: nogov
> redirect ./en/1042-en.info
