> errors
2: noante
3: nogov
4: nonobj
6: noante
14: noante
17: noante
22: noante
25: nogov
30: noante
32: noante
33: nosubj
39: noante
42: noante
46: noante
48: noante
57: noante
65: noante
67: noante
70: nogov
73: nonobj
74: nonobj
76: noante
82: noante
84: noante
91: nonobj
95: noante
99: noante
102: nogov
106: noante
117: nogov noante
119: nogov
120: noante
124: noante
126: noante
128: noante
135: noante
137: noante
141: noante
143: nosubj
144: noante
151: noante
159: noante
164: noante
168: nonobj
169: noante
173: noante
178: nonobj
180: noante
182: noante
184: noante
187: noante
194: nogov
> redirect ./en/1046-en.info
