> errors
4: nonobj
6: nogov
11: noante
14: noante
16: nosubj
21: noante
24: nonobj
25: noante
28: noante
31: noante
38: noante
41: noante
42: nogov
46: nonobj
48: nogov
49: nonobj
50: noante
58: noante
71: noante
74: noante
76: nonobj
77: noante
78: noante
83: noante
86: noante
89: 
    89 pnct# 82: manygovs
    89 nobj 88: manygovs
94: noante
96: noante
100: noante
104: noante
108: noante
115: noante
116: nogov
121: noante
123: noante
124: noante
127: nogov
133: nonobj
134: noante
142: 
    142 pnct# 140: manygovs
    142 preds 140: manygovs
146: noante
149: noante
151: nogov
153: noante
160: noante
168: nonobj
175: nogov
176: nonobj
178: noante
179: nonobj
180: noante
182: noante
185: noante
188: noante
194: noante
202: noante
203: noante
206: noante
210: nogov
215: nosubj
217: noante
223: noante
224: nogov
228: noante
230: noante
239: noante
241: noante
243: nosubj
245: noante
248: noante
251: noante
253: nonobj
254: noante
257: noante
265: nogov
266: noante
> redirect ./en/1047-en.info
