> errors
1: nogov noante
3: nosubj
4: noante
7: noante
10: noante
11: nogov
29: nogov
33: noante
36: noante
40: noante
46: noante
48: noante
49: nogov
52: noante
60: noante
73: noante
76: noante
79: noante
82: noante
88: noante
93: noante
102: nonobj
103: noante
106: noante
108: nosubj
110: noante
112: noante
114: noante
116: noante
119: noante
121: noante
122: noante
131: noante
134: noante
139: noante
140: noante
143: noante
147: noante
148: nogov
154: nosubj
156: noante
162: noante
169: noante
180: nonobj
187: noante
188: nogov
191: noante
194: noante
> redirect ./en/1048-en.info
