> errors
4: noante
5: noante
7: nogov
10: noante
12: noante
23: noante
25: noante
26: nosubj
29: noante
34: noante
38: nogov
39: noante
42: noante
46: noante
50: noante
51: nogov
56: noante
65: noante
71: nosubj
73: nosubj
74: noante
80: noante
81: nogov
83: noante
87: nosubj
88: noante
90: noante
100: noante
104: nogov
106: noante
110: noante
114: noante
121: noante
122: nogov
132: noante
134: noante
147: nogov
153: noante
165: noante
169: noante
170: nogov
177: noante
178: noante
182: noante
188: noante
191: nogov
193: noante
217: noante
218: nogov
220: nonobj
221: noante
223: noante
224: noante
234: noante
237: noante
244: noante
245: noante
247: noante
250: noante
253: noante
> redirect ./en/1049-en.info
