> errors
2: noante
6: noante
12: noante
14: noante
15: nonobj
16: noante
21: noante
26: noante
30: noante
32: noante
44: nogov
51: noante
55: noante
58: nosubj
60: nogov
64: noante
69: noante
70: nosubj
71: noante
87: noante
91: noante
92: noante
93: nosubj
107: nogov
110: noante
116: noante
122: noante
124: noante
132: nogov
133: noante
142: nogov
144: noante
146: noante
151: noante
155: noante
160: noante
161: noante
169: noante
173: noante
181: nosubj
186: nogov noante
192: noante
193: noante
194: nogov
195: nonobj
196: noante
197: noante
198: noante
208: nosubj
213: nogov
214: nosubj
216: nosubj
218: noante
> redirect ./en/1053-en.info
