> errors
2: noante
3: nosubj
5: nonobj
10: noante
13: noante
18: noante
19: nonobj
20: noante
25: noante
29: noante
30: noante
32: noante
35: nogov
40: noante
45: noante
46: noante
49: noante
55: noante
58: noante
60: nogov
63: nosubj
65: noante
72: noante
73: nogov
75: noante
76: noante
78: noante
80: nosubj
81: nosubj
82: nosubj
86: noante
93: noante
95: noante
107: noante
109: noante
110: noante
114: nogov
121: nonobj
123: noante
127: nosubj
128: nosubj
136: nogov
143: noante
148: noante
153: nosubj
154: nonobj
156: noante
159: nosubj
160: noante
162: noante
167: nogov
168: noante
171: noante
175: noante
177: noante
183: noante
191: noante
192: noante
204: noante
206: noante
> redirect ./en/1054-en.info
