> errors
3: nogov
9: nosubj
15: noante
18: nonobj
22: noante
30: noante
31: noante
33: noante
34: noante
51: noante
58: nogov
59: noante
63: noante
65: noante
71: nosubj
74: nonobj
77: noante
79: noante
80: noante
85: noante
87: nogov
96: nogov
100: noante
103: noante
105: nonobj
106: noante
114: nosubj
115: noante
118: nonobj
130: nonobj
131: noante
135: noante
137: noante
148: nogov
151: noante
156: noante
157: nogov
158: nonobj
159: noante
163: noante
164: noante
166: noante
168: noante
175: nogov
176: noante
180: noante
186: noante
189: noante
196: nogov
200: noante
204: noante
206: noante
208: noante
212: noante
215: noante
219: noante
222: nonobj
223: noante
229: noante
235: noante
> redirect ./en/1056-en.info
