> errors
1: noante
2: nogov
5: nosubj
8: noante
11: noante
16: noante
24: noante
30: noante
33: noante
36: nonobj
41: nonobj
43: noante
44: nonobj
55: noante
62: nogov
67: noante
70: noante
83: noante
87: noante
96: nogov
105: noante
107: noante
113: noante
117: noante
122: noante
123: noante
125: nogov
126: noante
128: noante
131: noante
135: noante
136: noante
141: noante
144: noante
151: noante
152: nogov
158: noante
159: noante
164: noante
168: noante
170: nonobj
172: noante
175: noante
179: nogov
180: nonobj
183: nonobj
187: noante
192: noante
194: noante
197: noante
198: nogov
201: noante
205: nonobj
206: noante
211: nosubj
212: nonobj
> redirect ./en/1057-en-lotte.info
