> errors
1: noante
4: noante
6: nogov
7: noante
13: nosubj
15: noante
19: noante
21: noante
24: nonobj
25: noante
30: noante
35: noante
37: noante
39: noante
51: noante
54: noante
57: nogov
59: nosubj
63: noante
72: noante
74: noante
75: noante
84: noante
88: noante
90: noante
100: nogov
101: noante
102: noante
106: nonobj
107: noante
110: nonobj
111: noante
117: noante
122: noante
126: noante
132: noante
133: nogov
136: noante
137: noante
141: noante
147: noante
149: noante
153: noante
157: nosubj
160: noante
161: nonobj
164: noante
167: noante
171: nogov
177: noante
178: nogov
181: noante
184: noante
189: noante
191: nonobj
192: noante
197: noante
199: nosubj
204: nonobj
211: noante
213: nosubj
215: noante
> redirect ./en/1062-en.info
