> errors
7: nogov
10: nosubj
11: noante
14: noante
18: noante
19: nogov
31: nonobj
32: noante
33: noante
35: noante
39: noante
40: nogov
54: noante
56: nogov
57: noante
58: noante
60: noante
64: noante
66: noante
70: noante
73: noante
74: noante
80: nogov
81: noante
84: nosubj
91: nogov
92: noante
99: noante
100: noante
112: noante
115: nogov
121: noante
124: noante
129: noante
131: nogov noante
135: noante
136: noante
139: noante
140: nosubj
144: nosubj
147: noante
154: noante
158: noante
159: nogov
162: noante
163: noante
165: noante
171: nogov
172: noante
174: noante
176: nosubj
177: noante
180: noante
184: noante
189: noante
192: nogov
209: noante
218: noante
> redirect ./en/1063-en.info
