> errors
5: noante
6: noante
9: nosubj
12: noante
14: noante
22: nogov
25: noante
26: nosubj
28: noante
30: noante
33: noante
36: nosubj
41: noante
42: nogov
44: noante
46: noante
49: nosubj
51: noante
53: noante
63: noante
72: noante
73: nogov
74: noante
77: noante
81: noante
87: noante
88: noante
92: noante
96: noante
99: noante
101: noante
104: nosubj
105: noante
106: nosubj
108: nosubj
110: noante
114: noante
119: noante
122: noante
126: noante
128: nogov
132: nonobj
136: noante
140: noante
148: noante
150: noante
153: noante
171: noante
173: noante
176: noante
179: nogov
190: noante
193: noante
196: noante
198: noante
199: noante
206: nosubj
208: noante
216: nosubj
220: noante
> redirect ./en/1067-en.info
