> errors
1: nogov
2: noante
4: noante
6: nogov
9: noante
11: noante
16: noante
19: noante
23: noante
42: noante
45: nogov
47: noante
49: noante
57: noante
58: nogov
64: noante
65: nosubj
68: noante
75: nonobj
79: noante
87: noante
90: noante
92: noante
96: noante
97: nogov
100: noante
108: noante
111: noante
116: nogov
117: noante
124: nogov
128: noante
129: nogov
142: nonobj
143: noante
149: nosubj
152: nonobj
154: noante
159: noante
160: noante
163: noante
170: nogov
171: noante
174: noante
175: noante
178: noante
181: noante
191: noante
194: noante
196: noante
199: noante
203: noante
207: noante
210: nogov
211: nogov noante
    211 subj? 210: badtype
> redirect ./en/1071-en.info
