> errors
10: nogov
12: nonobj
13: noante
14: noante
23: nogov
31: noante
37: 
    37 pnct# 23: manygovs
    37 attr 36: manygovs
41: noante
44: noante
46: noante
47: nosubj
53: noante
58: noante
62: noante
70: noante
71: noante
72: noante
74: noante
77: noante
80: noante
86: nonobj
87: noante
93: noante
94: nonobj
97: nogov
101: nosubj
106: noante
108: nosubj
109: noante
114: noante
118: nogov
120: noante
122: noante
123: nogov
127: noante
129: nosubj
130: noante
133: noante
138: nosubj
139: noante
141: noante
149: noante
156: nogov
157: noante
164: nogov
168: noante
169: nosubj
171: nosubj
173: noante
175: noante
177: noante
185: noante
186: noante
192: noante
194: nogov
210: noante
214: noante
218: noante
219: noante
220: nogov
225: nosubj
226: noante
229: noante
> redirect ./en/1075-en.info
