> errors
2: noante
4: nogov
8: noante
13: noante
18: noante
19: noante
21: noante
22: noante
24: nosubj
25: noante
27: noante
28: noante
31: noante
37: noante
39: noante
40: nonobj
44: noante
48: nonobj
52: noante
54: noante
58: noante
64: noante
70: noante
72: noante
76: noante
85: nosubj
96: nosubj
99: noante
101: noante
103: noante
110: noante
112: noante
119: noante
122: nonobj
138: noante
150: noante
155: noante
157: nosubj
159: nosubj
166: nosubj
172: noante
174: noante
183: noante
187: noante
189: noante
196: noante
199: noante
200: noante
205: noante
210: nosubj
212: noante
215: noante
216: noante
224: noante
228: noante
233: noante
> redirect ./en/1077-en-lotte.info
