> errors
2: noante
4: nogov
8: noante
13: noante
18: noante
19: noante
21: noante
22: noante
24: nosubj
25: noante
27: noante
28: noante
31: noante
37: noante
39: noante
40: nonobj
44: noante
48: nonobj
52: noante
54: noante
58: noante
64: noante
67: noante
70: noante
72: noante
76: noante
77: noante
84: noante
85: nosubj
87: noante
92: nogov
96: nosubj
99: noante
101: noante
103: noante
110: noante
112: noante
119: noante
122: nonobj
128: noante
131: nogov
138: noante
142: noante
150: noante
155: noante
159: nosubj
160: noante
168: noante
172: noante
174: noante
183: noante
187: noante
188: nogov
189: noante
196: noante
199: noante
200: noante
205: noante
207: noante
212: noante
215: noante
216: noante
224: noante
228: noante
233: noante
235: noante
> redirect ./en/1077-en.info
