> errors
1: noante
2: nogov
5: noante
8: nosubj
12: nosubj
16: noante
27: nogov
33: nosubj
35: noante
37: noante
45: noante
48: noante
53: noante
54: noante
60: noante
62: nosubj
63: noante
65: noante
72: noante
74: noante
75: noante
77: nogov
78: noante
80: noante
86: noante
89: noante
90: noante
94: nogov
99: nosubj
105: noante
106: noante
109: noante
111: noante
113: nogov
116: nonobj
120: noante
122: noante
126: noante
128: nogov
131: noante
133: noante
136: noante
142: nosubj
144: noante
147: noante
149: noante
151: noante
157: nogov
160: noante
163: noante
164: noante
167: nosubj
168: noante
170: noante
172: noante
174: nosubj
183: nogov
185: noante
188: noante
193: noante
194: nogov
195: noante
197: noante
201: noante
202: nogov
203: noante
205: noante
207: noante
210: noante
> redirect ./en/1095-en.info
