> errors
1: noante
2: nogov
6: noante
9: noante
17: nogov nosubj
19: noante
22: noante
26: noante
27: nogov
30: noante
33: noante
36: noante
40: noante
46: noante
55: nogov
57: noante
59: noante
62: noante
66: noante
68: nogov
69: noante
71: noante
76: noante
81: noante
89: noante
92: noante
95: nosubj
97: noante
103: noante
106: noante
110: noante
113: noante
120: nogov
121: nonobj
126: noante
130: noante
134: noante
145: nogov noante
146: noante
153: noante
154: nogov
158: noante
162: nosubj
164: noante
169: noante
170: nogov
172: noante
175: noante
178: noante
188: noante
191: noante
194: noante
196: noante
201: noante
203: nogov
206: noante
207: noante
209: nonobj
210: noante
217: noante
220: noante
222: noante
224: noante
226: noante
228: noante
230: noante
> redirect ./en/1100-en.info
