> errors
11: noante
13: noante
14: noante
20: nogov
22: noante
23: noante
28: noante
33: noante
42: noante
46: noante
47: nogov
52: noante
59: noante
65: noante
68: noante
72: nosubj
73: noante
80: nosubj
85: noante
89: noante
90: noante
94: noante
107: nogov
111: nosubj
113: noante
116: nosubj
121: noante
122: noante
128: nonobj
129: noante
131: noante
132: noante
139: noante
141: nogov
142: noante
145: noante
148: nonobj
153: noante
154: noante
159: noante
162: noante
163: noante
165: noante
169: noante
173: noante
182: nogov
186: noante
194: noante
197: noante
200: noante
201: noante
204: noante
208: noante
215: noante
219: noante
223: noante
227: noante
233: noante
235: noante
> redirect ./en/1117-en.info
