> errors
3: noante
8: noante
13: nogov
16: noante
21: noante
24: noante
25: noante
33: nosubj
34: noante
37: noante
38: nosubj
39: noante
48: noante
50: nogov
53: noante
55: noante
56: noante
58: nosubj
59: noante
61: nosubj
62: noante
66: nogov
75: noante
78: noante
80: noante
81: noante
85: nogov
89: noante
94: nosubj
100: nogov
102: noante
104: noante
107: noante
111: noante
118: noante
125: nogov
133: noante
138: nosubj
139: noante
140: nogov
144: nonobj
150: nosubj
157: noante
160: noante
166: nosubj
168: noante
173: noante
176: nogov
178: noante
182: nonobj
188: noante
191: noante
198: noante
203: nogov
204: noante
> redirect ./en/1125-en.info
