> errors
1: noante
5: noante
9: noante
13: nogov
14: nonobj
15: noante
16: noante
20: noante
22: noante
28: noante
31: nogov
33: noante
35: noante
36: noante
39: noante
41: noante
42: noante
44: noante
51: noante
54: noante
58: nogov
62: noante
65: noante
67: noante
72: noante
75: noante
76: noante
83: noante
84: nogov
91: nogov
93: noante
94: noante
98: noante
103: noante
104: noante
110: noante
111: noante
118: nonobj
120: noante
123: nonobj
132: noante
148: noante
156: nosubj
157: noante
159: nonobj
160: noante
165: nogov noante
170: noante
171: nogov
174: nonobj
179: noante
181: noante
190: noante
193: noante
200: noante
203: noante
204: noante
206: nosubj
214: noante
218: nogov
221: noante
226: noante
228: noante
237: noante
241: noante
244: noante
246: noante
253: nogov
> redirect ./en/1126-en.info
