> errors
2: noante
5: nogov
8: noante
10: nonobj
11: noante
13: noante
15: noante
17: noante
21: noante
22: nosubj
25: nosubj
33: nosubj
35: noante
41: noante
43: nogov
46: nonobj
51: noante
53: noante
56: noante
58: noante
62: noante
64: noante
66: nosubj
68: noante
72: noante
75: noante
76: noante
81: noante
84: noante
89: nonobj
104: noante
109: noante
116: nogov
124: noante
130: noante
131: noante
132: noante
135: noante
136: noante
145: noante
149: noante
151: nogov noante
158: nogov
159: noante
163: noante
168: noante
169: nogov
172: nonobj
175: noante
189: noante
192: nosubj
193: noante
197: noante
200: noante
204: nosubj
205: noante
208: noante
218: nogov
> redirect ./en/1127-en-lotte.info
