> errors
2: noante
7: noante
12: nosubj
15: noante
17: nogov
18: nonobj
24: noante
25: nogov
28: nonobj
30: noante
33: noante
40: noante
41: nogov
47: noante
53: noante
55: nosubj
64: nosubj
70: noante
72: noante
75: nogov
76: nonobj
78: noante
83: noante
87: noante
94: noante
97: nogov
98: nonobj
99: noante
109: noante
118: noante
119: noante
121: noante
124: noante
130: nosubj
137: nogov
138: noante
139: nonobj
141: noante
143: noante
146: noante
152: nosubj
153: noante
165: noante
182: noante
186: nogov
187: nonobj
188: noante
191: noante
199: noante
203: nosubj
206: noante
210: nosubj
211: noante
212: nogov
214: nonobj
> redirect ./en/1138-en.info
