> errors
1: nogov
4: nonobj
5: noante
11: noante
13: nogov
16: nosubj
25: noante
26: nogov
27: noante
30: noante
34: nosubj
38: noante
40: noante
41: noante
47: noante
48: nogov
49: nonobj
50: nosubj
52: nosubj
59: noante
60: nogov
63: noante
66: noante
68: nosubj
71: nosubj
75: noante
76: nogov
79: noante
86: nogov
88: nonobj
89: noante
93: noante
102: noante
105: nosubj
109: noante
112: nogov
113: noante
115: noante
128: nosubj
133: noante
135: nogov
136: noante
139: nosubj
142: nosubj
143: noante
146: nosubj
150: noante
160: noante
162: noante
170: noante
171: nogov
172: noante
173: nosubj
174: noante
176: 
    176 pnct# 171: manygovs
    176 nobj 174: manygovs
180: nogov
181: noante
182: noante
184: noante
185: noante
188: noante
193: nonobj
194: noante
> redirect ./en/1144-en.info
