> errors
2: nosubj
3: noante
12: noante
26: nogov
29: noante
33: noante
39: noante
42: noante
45: noante
56: noante
58: noante
60: noante
61: nogov
65: noante
66: noante
70: noante
74: nogov
76: noante
81: noante
82: nogov
83: noante
87: noante
91: nosubj
92: noante
94: noante
119: noante
124: nogov
125: nonobj
126: noante
135: noante
137: noante
145: noante
150: nogov
151: noante
160: nogov
163: noante
164: nonobj
165: noante
170: noante
172: nonobj
173: noante
175: nosubj
177: noante
180: noante
181: noante
189: nogov
190: nonobj
191: noante
196: noante
198: noante
201: noante
206: noante
> redirect ./en/1150-en.info
