> errors
3: noante
4: nogov
6: nonobj
7: noante
12: noante
14: nonobj
15: noante
21: noante
25: noante
28: noante
30: noante
34: noante
37: nogov
42: noante
44: nonobj
45: noante
48: noante
51: noante
56: noante
58: nosubj
64: nogov
69: nonobj
70: noante
75: nosubj
76: noante
79: noante
81: noante
83: noante
87: noante
90: noante
92: nosubj
94: noante
96: noante
102: noante
104: noante
106: nonobj
107: noante
111: noante
116: nosubj
120: noante
121: nogov
126: nogov
127: nogov nosubj
131: noante
134: noante
135: noante
140: noante
143: noante
150: noante
153: noante
158: noante
160: nosubj
162: noante
166: noante
168: nogov noante
176: nogov
180: nosubj
181: noante
191: noante
197: noante
203: noante
211: nosubj
213: noante
215: nosubj
217: noante
219: nosubj
220: noante
224: nogov
226: noante
229: noante
> redirect ./en/1154-en.info
