> errors
3: noante
8: noante
10: noante
17: nosubj
18: noante
21: noante
24: noante
26: nosubj
27: noante
31: noante
40: nogov
46: noante
56: noante
59: nogov
64: noante
67: noante
69: noante
75: nogov
76: noante
79: nonobj
80: noante
84: noante
86: noante
93: noante
98: noante
102: noante
107: noante
109: noante
118: noante
121: nosubj
125: noante
126: noante
133: nogov
140: noante
141: nogov
151: noante
157: noante
159: noante
165: nogov
168: noante
171: noante
179: noante
182: noante
197: noante
205: noante
213: noante
216: nogov
219: nonobj
221: noante
224: noante
225: noante
228: noante
230: nosubj
231: noante
237: noante
> redirect ./en/1162-en.info
