> errors
3: noante
6: nogov
8: nosubj
14: nogov
22: noante
24: noante
26: noante
30: nogov
37: noante
39: nogov
43: noante
46: noante
56: nogov
60: nonobj
62: noante
63: noante
67: noante
68: nogov
69: noante
76: noante
83: noante
87: noante
93: noante
99: noante
101: noante
107: nogov
108: nonobj
111: noante
113: nosubj
118: noante
123: noante
125: noante
130: nogov
131: noante
136: noante
139: noante
143: noante
148: nosubj
154: noante
162: noante
163: nogov
167: noante
170: nogov
172: noante
186: noante
195: noante
196: nogov
211: noante
212: noante
219: noante
228: nonobj
229: noante
231: nonobj
234: noante
235: 
    235 pnct# 222: manygovs
    235 nobj 234: manygovs
> redirect ./en/1166-en.info
