> errors
1: noante
5: noante
9: noante
10: nogov
15: noante
21: noante
25: noante
26: noante
30: noante
33: noante
35: nogov
37: noante
39: nonobj
47: nosubj
49: noante
55: noante
57: noante
65: noante
73: noante
74: noante
81: noante
82: nogov noante
89: nogov
91: noante
95: nosubj
98: noante
    98 [ref] 91: badtype
99: noante
103: noante
111: nogov
114: noante
124: noante
127: noante
131: noante
134: noante
136: nogov
137: nonobj
141: noante
147: noante
148: noante
153: noante
154: nogov
156: noante
157: nogov
    157 vobj? 155: badtype
158: noante
163: noante
165: noante
169: noante
171: noante
174: nogov
180: noante
181: noante
183: nogov
189: noante
193: noante
198: noante
203: noante
204: nogov
208: nosubj
209: nosubj
210: noante
212: noante
215: noante
220: noante
223: nonobj
225: noante
226: noante
> redirect ./en/1169-en.info
