> errors
1: nogov
4: noante
9: noante
12: noante
15: noante
18: nonobj
23: noante
31: noante
32: nogov
35: noante
38: noante
50: nogov
53: noante
65: nogov
67: noante
69: nosubj
72: noante
78: noante
86: noante
90: noante
92: nonobj
93: noante
94: noante
99: nogov
100: noante
102: nonobj
108: noante
121: noante
123: nogov
135: noante
138: noante
139: nogov
141: noante
143: noante
153: noante
163: noante
166: noante
167: noante
179: noante
186: nonobj
188: noante
191: noante
194: noante
200: nogov
204: nosubj
206: noante
208: nonobj
209: noante
> redirect ./en/1170-en.info
