> errors
1: noante
2: noante
4: nogov
10: noante
14: nogov
16: noante
22: noante
25: noante
27: noante
29: noante
32: noante
36: nosubj
37: noante
38: noante
41: nosubj
43: noante
47: noante
50: noante
51: nogov
59: noante
63: noante
64: nogov
67: noante
74: noante
75: noante
76: nogov
82: noante
84: noante
87: noante
92: nosubj
93: noante
97: noante
101: nogov
102: nonobj
103: noante
107: noante
108: noante
113: noante
118: noante
121: nosubj
123: nosubj
124: nogov
132: noante
136: noante
137: noante
139: noante
147: nosubj
151: noante
153: noante
154: noante
157: noante
161: noante
163: noante
164: noante
168: noante
171: noante
175: noante
177: nogov
179: noante
184: nogov nosubj
185: nonobj
192: noante
196: nosubj
197: nogov
198: noante
201: noante
210: nosubj
212: noante
213: noante
215: nosubj
216: noante
222: noante
223: nogov
227: nosubj
228: noante
231: noante
> redirect ./en/1172-en.info
