> errors
1: noante
2: noante
6: noante
7: nogov
12: nonobj
13: noante
15: noante
19: noante
26: noante
28: noante
31: noante
37: nogov
39: noante
42: noante
45: noante
47: noante
50: nosubj
57: noante
59: noante
60: noante
66: noante
67: noante
70: noante
81: noante
83: nogov
86: noante
89: noante
93: noante
94: nosubj
97: noante
100: nogov
101: noante
107: noante
113: noante
115: noante
120: nosubj
122: noante
126: noante
127: nogov
129: nonobj
136: nosubj
143: noante
149: noante
153: noante
155: noante
156: noante
163: nogov
164: noante
168: noante
170: nonobj
177: noante
179: noante
181: noante
197: noante
199: noante
200: noante
> redirect ./en/1181-en.info
