> errors
5: noante
10: nonobj
15: noante
18: noante
20: nogov
22: noante
26: noante
30: noante
33: noante
43: nogov
47: nonobj
48: noante
51: noante
53: nosubj
58: noante
64: nonobj
67: noante
68: nogov
70: noante
72: noante
73: nosubj
75: noante
78: noante
79: noante
83: noante
85: nosubj
89: noante
95: nogov
99: nosubj
100: noante
102: noante
104: nonobj
105: noante
108: noante
111: noante
112: noante
115: noante
125: nonobj
126: noante
128: noante
130: nogov
131: noante
136: nogov
143: noante
146: noante
152: noante
161: noante
177: noante
178: nogov
182: noante
188: noante
192: noante
194: noante
200: nogov
207: nonobj
210: noante
213: noante
220: noante
> redirect ./en/1183-en.info
