> errors
2: nogov
5: noante
6: noante
13: nogov
21: nogov
26: noante
30: nogov noante
31: nonobj
32: noante
34: noante
39: noante
45: noante
53: noante
57: nogov
72: nogov
73: noante
76: noante
78: noante
85: nosubj
90: noante
93: nogov
96: noante
101: noante
107: nogov
111: noante
118: noante
125: nogov
131: noante
133: noante
134: nonobj
135: noante
138: noante
140: noante
142: nosubj
143: noante
145: noante
150: noante
152: nogov
153: noante
166: noante
170: noante
171: nogov
173: noante
175: noante
181: nogov
183: noante
185: nosubj
186: noante
192: noante
196: noante
201: noante
202: nogov
203: noante
205: noante
209: noante
215: nogov
224: noante
> redirect ./en/1206-en.info
