> errors
3: noante
7: noante
12: noante
14: noante
19: noante
22: nogov
24: noante
27: noante
29: nonobj
30: noante
31: noante
36: noante
37: nogov
50: noante
51: nogov noante
53: noante
56: noante
63: noante
64: nogov
70: noante
75: noante
80: noante
83: nogov
90: noante
94: nosubj
99: noante
100: nogov
104: noante
107: noante
110: noante
111: nogov
113: nonobj
115: noante
120: noante
121: nogov
127: nosubj
128: noante
133: noante
135: noante
141: nogov
146: nogov noante
154: noante
158: noante
159: nosubj
165: noante
166: nosubj
171: noante
173: nonobj
177: noante
178: nogov
182: nosubj
185: noante
190: noante
194: noante
195: nogov
199: noante
204: noante
205: nogov
212: nosubj
216: noante
217: nogov
219: noante
221: nonobj
223: nonobj
225: noante
238: nogov nosubj
239: nonobj
> redirect ./en/1223-en.info
