> errors
2: noante
4: noante
5: noante
7: nosubj
8: nonobj
15: nosubj
18: noante
19: nosubj
23: nonobj
24: noante
30: noante
34: noante
35: nogov
39: noante
41: nogov
42: nonobj
43: noante
51: nosubj
52: noante
56: noante
59: nonobj
60: noante
62: noante
66: noante
69: noante
70: noante
73: nosubj
74: noante
75: noante
81: nogov
82: nonobj
83: noante
86: noante
89: noante
92: noante
97: noante
105: noante
109: noante
110: noante
115: noante
118: noante
124: noante
129: nogov noante
135: noante
140: noante
141: nogov
143: nonobj
147: noante
150: noante
154: nonobj
155: noante
161: noante
164: noante
165: noante
170: noante
172: noante
184: nonobj
187: noante
191: noante
194: noante
197: noante
198: nonobj
> redirect ./en/1228-en.info
