> errors
2: nogov
3: nonobj
4: noante
5: nosubj
9: nonobj
12: noante
14: noante
19: noante
22: noante
25: noante
33: noante
40: nogov
41: nonobj
42: noante
48: noante
58: noante
61: noante
66: noante
68: nogov
70: noante
79: noante
84: nosubj
86: noante
89: noante
93: nogov
105: noante
106: noante
118: noante
120: noante
132: noante
138: noante
139: noante
143: noante
145: nogov
149: nogov
150: nosubj
155: noante
160: nogov
165: noante
166: nosubj
174: noante
177: noante
186: nosubj
187: noante
189: nosubj
191: noante
192: nosubj
195: noante
> redirect ./en/1229-en.info
