> errors
1: noante
2: nogov
3: noante
9: noante
12: noante
15: noante
23: nogov
28: noante
44: noante
45: nogov
46: noante
47: noante
48: nogov noante
51: noante
58: noante
59: nogov
61: noante
62: nonobj
69: noante
77: nosubj
84: nonobj
86: noante
96: 
    96 pnct# 87: manygovs
    96 conj 91: manygovs
97: noante
100: noante
101: noante
103: noante
106: noante
109: nogov
113: noante
115: noante
116: noante
117: noante
123: nogov
127: noante
133: noante
137: noante
138: noante
142: noante
147: noante
149: noante
152: noante
158: noante
159: nogov
160: nonobj
170: noante
172: noante
178: noante
181: noante
185: nonobj
186: noante
187: noante
192: noante
193: nogov
198: nogov
199: noante
202: noante
206: nosubj
207: noante
208: noante
212: noante
213: noante
217: nogov
221: noante
223: nonobj
224: noante
226: noante
228: nosubj
229: nonobj
230: noante
233: noante
> redirect ./en/1241-en.info
