> errors
2: noante
6: noante
8: noante
13: noante
16: nogov
24: noante
25: noante
26: nogov
28: nonobj
30: noante
34: noante
51: noante
52: nogov
54: noante
59: nonobj
73: noante
78: nogov
79: noante
83: nonobj
84: noante
92: noante
93: nogov
94: noante
97: noante
100: 
    100 pnct# 93: manygovs
    100 conj 97: manygovs
105: nogov
110: noante
112: noante
113: noante
122: noante
126: nosubj
129: nosubj
130: noante
132: noante
134: noante
137: noante
141: noante
143: noante
147: nogov
149: nonobj
151: noante
159: noante
161: nonobj
162: noante
171: noante
175: noante
176: nogov
177: noante
180: noante
182: noante
185: noante
189: noante
194: noante
198: noante
205: noante
206: nogov
207: noante
208: noante
213: noante
215: nogov
219: noante
223: nonobj
225: noante
> redirect ./en/1244-en.info
