> errors
1: nogov
3: noante
11: nogov
12: noante
13: noante
32: nogov
35: noante
38: noante
40: noante
41: noante
44: noante
46: noante
49: noante
52: noante
53: noante
54: noante
56: noante
69: noante
70: nonobj
71: noante
76: noante
79: noante
82: noante
83: nogov
88: noante
91: noante
95: noante
96: nogov
98: noante
104: noante
106: noante
107: nogov
108: nonobj
109: noante
113: noante
118: noante
129: noante
133: noante
137: nonobj
141: nosubj
143: nosubj
144: noante
150: noante
153: noante
154: nogov
159: noante
161: noante
165: noante
166: nogov
167: noante
171: noante
176: noante
180: noante
188: noante
190: nogov
194: noante
199: noante
> redirect ./en/1259-en.info
