> errors
1: noante
4: nogov
7: noante
13: noante
16: nonobj
17: noante
25: noante
27: noante
29: nosubj
31: noante
33: noante
38: noante
40: noante
45: noante
46: nogov
52: noante
53: noante
54: noante
58: noante
63: nonobj
72: noante
73: nosubj
81: nonobj
82: noante
91: nonobj
92: noante
94: noante
100: noante
102: nonobj
103: noante
104: noante
108: noante
111: noante
118: noante
121: nogov
122: nonobj
123: noante
136: noante
143: nogov
147: noante
153: nosubj
155: noante
157: noante
167: noante
175: noante
178: nosubj
180: noante
181: noante
192: noante
195: noante
196: noante
199: noante
201: noante
> redirect ./en/1265-en.info
