> errors
1: noante
3: noante
4: nogov
5: noante
6: nonobj
7: nosubj
9: noante
17: nosubj
20: nonobj
21: noante
23: noante
25: noante
31: noante
32: nogov
33: noante
36: nosubj
38: noante
44: noante
46: nogov
54: noante
56: nogov
58: noante
61: noante
68: noante
69: noante
74: noante
77: nonobj
78: noante
81: noante
86: noante
87: nogov
89: noante
93: noante
94: nogov
97: nonobj
98: noante
102: noante
104: noante
109: nogov
110: noante
113: noante
118: noante
127: noante
129: noante
131: nosubj
132: noante
138: nogov
140: noante
143: noante
145: nosubj
148: noante
153: noante
160: noante
162: nonobj
163: noante
166: noante
167: noante
170: nosubj
171: nosubj
177: nogov
178: noante
184: nogov noante
186: noante
190: noante
191: nogov
198: noante
202: noante
213: noante
> redirect ./en/1270-en.info
