> errors
2: nogov
6: nogov
12: nogov
16: nogov
21: noante
29: nogov
36: noante
37: nogov
40: noante
42: noante
47: noante
49: nonobj
60: noante
63: noante
74: noante
75: noante
76: nogov
79: nonobj
80: noante
90: noante
91: nogov
94: noante
95: noante
96: nonobj
97: noante
100: nosubj
104: noante
108: noante
109: noante
114: noante
118: nogov
121: nosubj
122: noante
128: noante
135: noante
143: noante
144: nogov
155: noante
165: noante
168: noante
170: nonobj
173: nosubj
177: noante
183: noante
194: noante
196: nogov
206: nogov
207: noante
210: noante
213: noante
218: noante
219: noante
> redirect ./en/1289-en-lotte.info
