> errors
4: noante
9: noante
10: nogov
11: noante
16: noante
19: nosubj
21: noante
26: noante
28: noante
29: nogov
34: noante
44: noante
48: noante
51: noante
52: nogov
60: nogov
62: noante
65: noante
70: noante
71: noante
73: noante
77: noante
80: noante
81: nogov
82: nonobj
83: noante
88: nosubj
89: noante
91: noante
95: nogov
96: noante
97: noante
102: noante
105: noante
107: noante
110: noante
114: noante
116: nogov
124: nogov
    124 dobj? 123: badtype
130: noante
131: nogov
136: noante
142: noante
150: noante
154: noante
157: nogov
158: noante
162: noante
168: nogov
169: noante
173: noante
175: nonobj
176: noante
179: nosubj
188: noante
191: nogov
194: noante
200: noante
205: nonobj
206: noante
210: noante
213: nogov
> redirect ./en/1302-en.info
