> errors
1: noante
3: nogov
7: noante
17: noante
20: noante
24: noante
25: nogov
34: noante
36: nogov
39: nonobj
42: noante
45: noante
46: noante
54: noante
57: nogov
62: noante
70: noante
76: noante
78: nogov
86: noante
88: nogov
101: noante
102: noante
108: noante
112: noante
114: noante
119: nogov
122: noante
129: nogov
132: noante
140: noante
143: noante
148: noante
152: noante
155: noante
156: noante
158: nogov
161: noante
162: noante
169: noante
170: noante
174: noante
182: noante
194: noante
197: noante
199: noante
213: noante
216: noante
> redirect ./en/1306-en.info
