> errors
2: noante
3: noante
5: noante
12: noante
13: nogov
16: nonobj
17: noante
20: noante
24: noante
25: noante
29: noante
32: nonobj
33: noante
37: nosubj
38: noante
41: noante
45: nosubj
46: noante
48: noante
49: noante
51: noante
52: noante
56: noante
58: nogov
69: noante
72: nosubj
73: nosubj
75: nosubj
80: noante
83: noante
88: noante
89: noante
91: noante
94: nosubj
95: nosubj
99: nogov
105: nogov
106: noante
111: noante
114: nogov
122: nosubj
123: noante
126: nosubj
127: noante
129: noante
131: nosubj
135: noante
136: nogov
143: noante
147: nonobj
149: noante
154: noante
157: noante
166: noante
170: noante
173: noante
182: nosubj
188: noante
195: noante
199: nogov
> redirect ./en/1307-en.info
