> errors
2: noante
3: nogov
4: noante
7: nonobj
12: noante
13: noante
16: noante
21: noante
24: noante
26: nosubj
28: nonobj
31: nogov
32: noante
35: noante
37: noante
45: noante
53: noante
54: noante
59: nogov
60: nonobj
61: noante
63: noante
70: noante
77: noante
85: nosubj
86: noante
88: noante
89: noante
93: nogov
100: noante
105: noante
106: nogov
109: noante
116: noante
119: noante
121: noante
132: noante
134: nosubj
138: noante
140: noante
145: nogov noante
147: nosubj
152: noante
154: noante
155: nogov
158: noante
168: noante
172: noante
176: noante
178: noante
181: noante
183: noante
188: noante
191: nogov
194: noante
200: noante
204: noante
> redirect ./en/1321-en.info
