> errors
1: nogov
2: noante
5: nonobj
6: noante
11: noante
14: noante
19: noante
22: noante
37: noante
41: noante
45: noante
52: noante
53: nogov
54: noante
57: nonobj
58: noante
63: nosubj
64: noante
75: nogov
79: noante
81: noante
82: nogov
83: nosubj
90: noante
92: nosubj
94: nogov
95: nonobj
96: noante
105: noante
108: nogov
111: nonobj
112: noante
113: nosubj
114: noante
121: noante
122: noante
124: noante
128: noante
130: noante
135: noante
139: noante
144: noante
147: noante
150: nonobj
151: noante
157: nogov
158: noante
165: noante
167: nogov
168: noante
169: noante
176: noante
178: nosubj
    178 mod 177: manygovs
    178 pnct# 177: manygovs
185: noante
186: nonobj
187: noante
191: noante
193: noante
196: noante
197: noante
> redirect ./en/1325-en.info
