> errors
2: noante
6: noante
10: noante
13: noante
16: noante
20: nonobj
21: noante
25: nonobj
28: nogov
37: noante
38: noante
40: noante
41: nogov
42: nonobj
44: noante
49: noante
54: noante
59: noante
71: noante
74: noante
78: noante
79: noante
84: noante
91: noante
93: noante
98: noante
99: nosubj
101: noante
103: noante
106: nogov
114: noante
116: nogov
117: nonobj
119: noante
125: noante
131: noante
140: noante
143: noante
147: nonobj
152: noante
154: noante
165: noante
172: noante
176: noante
177: noante
181: noante
183: noante
193: nogov
200: noante
201: nosubj
203: noante
206: noante
213: noante
214: nogov
219: noante
221: noante
223: noante
228: noante
229: noante
232: noante
235: nonobj
> redirect ./en/1327-en.info
