> errors
7: noante
9: noante
11: nogov
14: noante
21: noante
22: noante
28: noante
30: noante
39: nogov
43: noante
53: noante
55: noante
57: noante
62: noante
67: noante
69: nosubj
71: noante
73: noante
81: noante
86: nogov
87: noante
88: nosubj
90: noante
93: noante
100: nogov noante
105: nogov
106: noante
108: noante
116: noante
132: nogov
133: noante
137: noante
148: noante
156: noante
157: nogov
162: noante
166: noante
172: noante
173: nosubj
175: nogov
180: nosubj
185: nosubj
187: nosubj
189: noante
192: noante
> redirect ./en/1336-en.info
