> errors
3: noante
4: nogov
7: nonobj
8: noante
11: nosubj
13: noante
15: noante
19: noante
22: noante
26: noante
27: nonobj
28: noante
37: noante
40: noante
41: nogov
43: nosubj
44: nonobj
45: noante
48: noante
51: noante
53: noante
54: nosubj
60: noante
64: noante
71: noante
75: noante
78: noante
82: noante
89: noante
92: noante
95: 
    95 pnct# 90: manygovs
    95 nobj 94: manygovs
96: noante
99: noante
100: nosubj
104: nogov
112: noante
115: noante
118: noante
119: noante
124: noante
127: noante
129: nosubj
131: nonobj
133: noante
141: noante
146: noante
151: noante
152: nosubj
157: nogov
165: noante
167: noante
168: noante
169: nonobj
171: nosubj
173: noante
177: noante
178: nogov
191: noante
193: nosubj
197: nosubj
199: noante
200: noante
> redirect ./en/1339-en.info
