> errors
1: nogov nosubj
2: nonobj
6: nogov
12: noante
28: nonobj
29: noante
35: noante
36: noante
38: noante
40: noante
44: nogov
47: noante
48: noante
56: nogov
61: noante
62: noante
64: nonobj
65: noante
70: nosubj
73: noante
80: nosubj
88: nogov
95: nonobj
101: noante
105: noante
109: nogov
115: noante
126: noante
128: noante
135: nogov
140: noante
148: noante
149: noante
150: noante
153: noante
157: noante
164: nogov
168: nogov
171: nosubj
177: noante
186: noante
194: nonobj
198: nonobj
201: nogov
210: noante
212: noante
> redirect ./en/1340-en.info
