> errors
1: noante
4: nogov
19: noante
21: noante
22: noante
24: noante
28: noante
38: noante
45: noante
46: nosubj
50: noante
54: noante
62: noante
67: noante
68: noante
73: noante
74: nogov
77: noante
82: nosubj
83: noante
85: nosubj
92: noante
97: noante
109: noante
110: nogov
111: nonobj
119: noante
124: noante
130: noante
132: nosubj
145: noante
147: nosubj
152: noante
153: nogov
154: nosubj
155: noante
158: noante
162: noante
172: noante
175: noante
178: noante
180: noante
184: nogov
185: noante
187: noante
189: nosubj
191: noante
197: noante
201: noante
204: nogov
205: nonobj
206: noante
210: noante
212: noante
214: noante
215: noante
221: noante
224: noante
230: nogov
232: noante
235: noante
238: noante
243: nosubj
244: noante
247: nosubj
248: noante
251: noante
258: noante
> redirect ./en/1347-en.info
