> errors
1: nogov
2: noante
3: noante
7: noante
10: noante
21: noante
32: noante
38: noante
39: nogov
45: nogov
50: noante
54: noante
58: noante
59: nogov
61: noante
65: nosubj
66: nosubj
73: nogov noante
76: noante
77: noante
79: nosubj
85: noante
88: nogov
89: nosubj
90: nosubj
93: noante
98: noante
106: noante
108: nogov noante
109: noante
113: nosubj
114: nosubj
116: noante
119: noante
123: noante
128: noante
129: nogov
130: noante
132: nosubj
133: noante
136: noante
139: nosubj
140: noante
154: noante
156: nogov
166: noante
169: noante
171: noante
172: noante
174: nosubj
175: noante
179: nogov
187: noante
192: noante
193: nogov
195: noante
197: noante
201: nogov
202: noante
203: nosubj
208: nonobj
211: noante
214: noante
> redirect ./en/1350-en.info
