> errors
1: noante
2: nogov
3: noante
10: nosubj
12: nosubj
13: noante
23: noante
24: nogov
26: noante
28: nosubj
29: noante
34: noante
36: nogov
39: noante
41: nonobj
42: noante
47: noante
49: noante
51: noante
55: noante
61: noante
64: nogov
65: noante
67: nonobj
71: noante
72: nosubj
74: noante
77: noante
82: noante
84: noante
88: noante
94: noante
97: noante
100: nogov
106: nosubj
108: noante
110: nosubj
112: noante
114: noante
115: noante
117: nosubj
121: nogov noante
126: noante
127: noante
131: nogov
132: noante
138: noante
146: noante
147: nogov
156: noante
158: noante
159: noante
166: noante
168: nogov
171: noante
172: noante
177: nosubj
194: nogov
195: nonobj
199: noante
204: noante
205: nogov
208: noante
210: noante
215: noante
> redirect ./en/1361-en.info
