> errors
1: noante
2: nogov
5: noante
8: noante
10: nonobj
14: noante
27: noante
32: noante
35: noante
36: nogov
45: noante
46: nogov
51: nosubj
52: noante
54: noante
60: noante
62: nogov
74: noante
78: nogov
87: noante
89: nogov
90: noante
91: noante
94: noante
96: noante
102: noante
105: nogov
107: nonobj
108: noante
111: noante
113: noante
116: noante
118: noante
125: noante
126: noante
127: nogov
133: noante
134: nogov
137: noante
141: noante
148: noante
149: nogov nonobj
150: noante
155: noante
159: nogov
162: noante
166: nonobj
167: noante
177: noante
181: noante
183: noante
188: noante
189: nosubj
196: noante
197: nogov
199: noante
201: noante
206: noante
208: noante
211: noante
216: noante
221: noante
225: noante
227: nogov noante
231: noante
234: nogov
236: noante
240: noante
244: noante
246: noante
> redirect ./en/1365-en.info
