> errors
2: noante
3: nogov
6: noante
21: noante
23: nonobj
24: noante
37: noante
40: noante
47: nogov
53: nogov
55: noante
65: noante
71: noante
75: noante
82: noante
83: nogov
89: noante
92: nonobj
93: noante
98: noante
107: nogov
109: noante
111: noante
117: noante
119: noante
124: nogov
133: noante
137: nogov
138: noante
140: nonobj
141: noante
153: noante
163: noante
166: noante
168: noante
171: nosubj
172: noante
174: noante
177: nogov
178: noante
183: noante
193: noante
197: noante
200: nogov
204: nosubj
207: noante
217: noante
219: noante
> redirect ./en/1368-en.info
