> errors
1: noante
9: noante
12: noante
16: nogov
21: nonobj
22: noante
26: noante
27: noante
33: nosubj
34: noante
35: nonobj
36: noante
39: noante
40: noante
41: noante
44: nonobj
51: noante
52: nogov
53: noante
57: nosubj
58: noante
65: noante
69: noante
77: noante
79: noante
82: noante
86: noante
89: noante
92: noante
94: nosubj
95: noante
100: nogov
107: noante
108: nogov
109: noante
111: nosubj
112: noante
117: noante
120: noante
123: nosubj
125: noante
127: nosubj
128: noante
140: nonobj
141: noante
144: noante
147: noante
150: noante
155: nosubj
161: nosubj
165: nogov noante
170: nogov noante
175: noante
176: nogov
177: noante
182: noante
188: noante
198: noante
199: nosubj
201: nosubj
202: noante
> redirect ./en/1371-en.info
