> errors
8: noante
9: nogov
13: noante
17: noante
20: noante
23: noante
28: nonobj
34: noante
35: nogov
41: noante
45: nosubj
54: noante
67: nosubj
82: nogov
85: noante
89: nogov
99: noante
100: noante
103: noante
108: noante
111: noante
112: nogov
115: noante
118: noante
122: noante
124: nonobj
125: noante
129: nonobj
133: noante
135: noante
138: noante
143: noante
145: noante
153: nogov
160: noante
161: noante
163: nogov
165: nosubj
169: noante
172: nosubj
176: noante
180: noante
181: nogov
183: noante
188: noante
192: noante
194: noante
199: noante
202: noante
205: nogov
211: noante
212: nogov
213: noante
216: noante
220: noante
222: nonobj
225: noante
226: nonobj
227: noante
229: 
    229 pnct# 212: manygovs
    229 vobj 228: manygovs
> redirect ./en/1372-en.info
