> errors
8: noante
10: nogov
17: noante
22: noante
23: nogov
26: noante
28: noante
30: noante
32: noante
34: noante
36: noante
38: noante
42: noante
43: nogov
48: noante
54: noante
56: noante
59: noante
65: nogov noante
67: noante
71: noante
72: nogov
75: nosubj
77: nosubj
79: nosubj
80: noante
84: noante
85: nogov
91: noante
100: nogov
103: nosubj
111: noante
112: noante
114: noante
115: noante
121: noante
122: nogov
125: noante
127: noante
128: noante
130: noante
131: noante
135: noante
141: noante
142: nogov
151: noante
156: noante
159: nosubj
162: noante
166: noante
172: noante
178: nogov
180: noante
184: nogov
188: noante
190: noante
192: noante
197: nogov
201: noante
203: nonobj
204: noante
211: noante
217: noante
218: nogov
221: noante
222: noante
227: noante
229: noante
> redirect ./en/1378-en.info
