> errors
3: noante
4: noante
9: 
    9 pnct# 5: manygovs
    9 nobj 8: manygovs
11: noante
15: noante
16: nogov
20: noante
26: noante
29: noante
35: noante
39: nogov
41: noante
44: noante
46: noante
48: noante
50: nonobj
57: noante
59: noante
66: noante
68: noante
70: noante
75: nosubj
76: nosubj
78: noante
83: nogov
84: noante
87: nosubj
88: noante
90: nonobj
105: noante
110: nogov
112: noante
117: noante
119: noante
124: noante
127: noante
135: noante
137: noante
144: nogov
146: noante
147: noante
153: noante
161: noante
165: noante
166: nogov
167: noante
171: noante
176: nosubj
177: nonobj
185: noante
187: noante
190: noante
191: noante
194: noante
197: noante
> redirect ./en/1379-en.info
