> errors
2: noante
6: noante
9: nogov
10: noante
12: noante
16: noante
17: noante
24: noante
28: noante
40: noante
42: nogov
44: noante
46: noante
51: noante
53: noante
56: noante
65: noante
68: noante
71: noante
76: nogov
86: noante
88: noante
95: noante
101: nogov
115: noante
122: noante
125: nosubj
126: noante
131: noante
135: noante
146: nogov
151: noante
154: noante
155: noante
158: nosubj
159: noante
166: noante
171: noante
172: noante
174: nogov noante
185: nogov
187: noante
191: noante
192: noante
198: noante
207: nogov
227: noante
229: noante
232: noante
> redirect ./en/1382-en.info
