> errors
6: noante
9: noante
10: nogov
13: nosubj
15: noante
27: noante
29: noante
31: noante
33: noante
35: noante
53: noante
54: nosubj
65: noante
67: noante
72: noante
75: nosubj
79: noante
80: noante
86: noante
88: noante
93: noante
95: nosubj
96: noante
97: noante
107: noante
109: noante
112: nosubj
113: nonobj
126: noante
129: noante
136: noante
138: noante
156: nosubj
157: noante
164: noante
165: noante
167: nonobj
171: noante
182: noante
183: nonobj
184: noante
185: noante
186: noante
191: nonobj
192: noante
204: nosubj
211: nosubj
221: noante
224: nonobj
230: 
    230 dobj 228: manygovs
    230 pnct# 228: manygovs
237: noante
> redirect ./en/1383-en-morten.info
