> errors
1: nogov
3: noante
10: noante
18: noante
19: noante
25: nogov
31: nogov
32: noante
37: noante
44: nogov
47: noante
50: noante
53: nosubj
56: noante
57: nosubj
61: noante
64: noante
71: noante
74: noante
77: nonobj
80: nogov
83: noante
90: noante
98: nogov
101: nosubj
103: noante
105: noante
114: noante
115: noante
116: noante
122: noante
123: noante
126: noante
127: nogov
129: noante
132: noante
136: nogov
148: noante
151: nogov
156: noante
157: nogov
168: noante
170: noante
173: noante
174: noante
180: nonobj
182: noante
189: nogov
190: nonobj
192: noante
194: noante
198: noante
199: nogov
201: nosubj
202: noante
208: noante
211: noante
215: nogov
222: noante
227: nogov
228: noante
230: nonobj
239: noante
240: nogov
249: noante
253: noante
> redirect ./en/1385-en.info
