> errors
1: noante
3: nogov
4: nonobj
8: nosubj
11: nosubj
12: noante
15: nosubj
17: noante
19: noante
27: noante
30: nosubj
31: noante
32: noante
34: noante
37: noante
40: noante
42: nosubj
52: noante
55: nonobj
56: noante
61: noante
62: nosubj
64: noante
65: nosubj
73: noante
77: nogov
87: noante
94: nosubj
95: noante
99: noante
105: noante
114: nonobj
118: noante
128: nogov
129: 
    129 coref 121: manygovs
    129 CONJ:elab/and/ATTR 121: manygovs
    129 subj 130: manygovs
    129 [subj] 136: manygovs
131: noante
134: noante
138: noante
146: noante
151: noante
153: noante
162: noante
169: noante
171: nosubj
173: noante
180: noante
181: nosubj
> redirect ./en/1390-en-morten.info
