> errors
1: noante
3: nogov
4: nonobj
8: nosubj
11: nosubj
12: noante
15: nosubj
17: noante
19: noante
27: noante
30: nosubj
31: noante
32: noante
34: noante
37: noante
40: noante
42: nosubj
52: noante
55: nonobj
56: noante
61: noante
62: nosubj
64: noante
65: nosubj
73: noante
77: nogov
79: 
    79 COND/and_only/ATTR1 54: manygovs
    79 conj 77: manygovs
87: noante
94: nosubj
95: noante
99: noante
105: noante
114: nonobj
118: noante
128: nogov
130: 
    130 CONJ:add/and/ATTR1 104: manygovs
    130 conj 128: manygovs
131: noante
134: noante
138: noante
146: noante
151: noante
153: noante
162: noante
169: noante
171: nosubj
173: noante
180: noante
181: nosubj
> redirect ./en/1390-en-lotte.info
