> errors
1: noante
3: nogov
4: nonobj
8: nosubj
11: nosubj
12: noante
15: nosubj
17: noante
19: noante
24: noante
27: noante
30: nosubj
31: noante
32: noante
34: noante
37: noante
40: noante
42: nosubj
52: noante
54: nogov
55: nonobj
56: noante
61: noante
62: nosubj
64: noante
65: nosubj
73: noante
77: nogov
78: noante
84: noante
87: noante
94: nosubj
95: noante
98: noante
99: noante
103: noante
104: nogov
105: noante
114: nonobj
115: noante
118: noante
128: nogov
129: noante
131: noante
134: noante
138: noante
144: noante
146: noante
147: noante
151: noante
153: noante
159: noante
162: noante
165: noante
169: noante
171: nosubj
173: noante
174: noante
177: noante
180: noante
181: nosubj
187: nogov
> redirect ./en/1390-en.info
