> errors
5: noante
8: nogov
10: nonobj
11: nonobj
14: noante
21: noante
26: noante
30: nogov
35: noante
39: noante
48: noante
53: noante
55: nogov
56: noante
59: noante
60: nonobj
62: noante
69: noante
74: noante
79: nogov
82: noante
85: nogov
90: noante
93: noante
97: noante
98: noante
102: noante
104: noante
106: noante
111: noante
115: nogov
116: noante
118: nonobj
121: noante
123: nonobj
124: noante
128: noante
130: noante
137: noante
138: nosubj
142: noante
144: nogov
147: noante
150: noante
155: noante
161: noante
165: noante
167: noante
171: nogov
175: noante
176: noante
185: nonobj
186: noante
191: noante
196: noante
198: nosubj
201: noante
204: noante
205: noante
> redirect ./en/1394-en.info
