> errors
5: nogov
6: noante
12: noante
14: noante
25: noante
28: noante
33: noante
36: nogov
39: noante
43: nosubj
47: noante
57: noante
65: noante
70: noante
72: noante
75: nogov
76: noante
79: nosubj
80: nosubj
81: noante
84: noante
88: noante
92: noante
93: noante
100: noante
102: noante
105: noante
107: noante
113: nogov
117: noante
121: noante
124: nonobj
125: noante
127: nosubj
136: noante
139: noante
146: noante
147: noante
153: noante
155: noante
163: noante
165: nogov
170: noante
175: noante
183: noante
189: noante
194: noante
196: noante
200: noante
> redirect ./en/1398-en.info
