> errors
1: nogov
10: nogov
16: nonobj
18: noante
33: noante
35: nogov
38: noante
44: noante
48: noante
54: noante
63: noante
68: noante
75: nogov
79: noante
82: noante
86: noante
87: 
    87 + 86: badtype
98: noante
99: nogov
112: nosubj
114: noante
119: noante
121: noante
123: noante
130: noante
131: nogov
132: noante
137: noante
140: noante
150: noante
153: noante
155: noante
158: noante
159: noante
161: noante
162: noante
163: noante
167: noante
168: noante
170: noante
172: noante
174: noante
177: nogov
178: noante
194: noante
195: nogov
196: noante
199: noante
201: noante
203: noante
205: noante
207: noante
210: noante
217: noante
227: noante
233: nosubj
234: noante
237: noante
244: noante
246: noante
249: noante
251: noante
254: nogov
255: noante
> redirect ./en/1400-en-morten.info
