> errors
6: noante
9: noante
21: noante
27: noante
30: noante
31: nogov
32: noante
41: noante
42: nogov
46: nogov
47: noante
51: noante
53: noante
59: noante
61: nogov
62: noante
64: noante
65: nosubj
71: noante
72: nogov
73: noante
78: noante
80: noante
88: noante
90: noante
95: noante
98: noante
101: noante
107: noante
108: noante
114: noante
119: noante
122: noante
124: noante
126: noante
132: nogov
133: noante
136: noante
137: noante
139: noante
143: nogov
149: noante
152: noante
160: noante
163: noante
166: noante
171: nosubj
173: noante
174: noante
175: noante
180: noante
184: noante
185: nogov
186: noante
188: nosubj
193: noante
197: noante
201: noante
202: nosubj
205: noante
207: noante
> redirect ./en/1405-en.info
