> errors
2: noante
3: nogov
6: nonobj
8: noante
16: noante
20: nonobj
22: noante
26: noante
28: noante
29: noante
30: nonobj
35: nogov
36: nosubj
37: noante
43: nogov
44: noante
48: noante
50: noante
56: noante
57: nogov
66: noante
69: noante
73: noante
79: noante
83: noante
90: noante
91: nogov
94: noante
95: noante
101: noante
111: noante
113: noante
117: nosubj
118: noante
121: noante
126: noante
129: noante
133: noante
134: nogov
137: nonobj
139: noante
142: noante
149: noante
151: noante
160: noante
161: noante
170: nogov
172: noante
174: noante
180: noante
184: noante
188: nonobj
191: noante
193: nogov
194: nonobj
197: noante
200: noante
201: noante
206: noante
207: nogov
208: noante
213: noante
217: noante
221: nogov
222: noante
223: noante
225: noante
228: noante
> redirect ./en/1406-en.info
