> errors
1: nosubj
6: noante
7: nosubj
8: noante
10: nogov
12: nonobj
14: noante
17: nosubj
24: noante
27: noante
28: nogov
30: nosubj
32: nosubj
41: noante
43: noante
55: noante
62: nogov
70: noante
72: nogov
76: noante
78: noante
85: noante
86: nogov
89: noante
90: noante
91: nosubj
92: noante
104: noante
105: nosubj
106: noante
111: nogov
118: noante
119: nogov
124: noante
126: noante
141: noante
148: noante
153: noante
157: nogov
167: nogov
170: noante
172: noante
174: nogov
179: noante
188: noante
191: noante
192: nogov
200: nosubj
202: noante
203: noante
207: noante
210: noante
213: noante
222: noante
223: noante
226: noante
232: nogov
235: noante
237: noante
> redirect ./en/1407-en.info
