> errors
1: noante
3: nogov
5: noante
7: noante
8: noante
11: noante
13: noante
16: noante
19: noante
28: noante
35: noante
37: noante
39: nogov
40: noante
42: noante
52: nogov
54: noante
57: noante
58: noante
64: nogov
65: noante
69: noante
72: noante
77: noante
80: noante
86: noante
91: nosubj
96: noante
100: noante
103: noante
111: nogov
113: nosubj
115: noante
116: nosubj
118: noante
123: noante
130: nogov noante
132: noante
137: nogov
144: noante
151: noante
157: noante
158: nogov
159: nonobj
160: noante
164: noante
166: noante
171: noante
175: noante
179: noante
180: nogov
184: noante
189: noante
192: nogov
193: noante
197: noante
199: noante
204: nogov
205: noante
208: nonobj
209: noante
212: noante
216: noante
217: nogov
221: noante
223: noante
224: noante
231: noante
233: nogov
239: noante
> redirect ./en/1414-en.info
