> errors
1: nogov
6: noante
8: noante
11: noante
15: noante
16: noante
27: nogov
28: noante
32: nonobj
33: noante
36: noante
45: noante
49: noante
52: noante
55: noante
56: 
    56 pnct# 49: manygovs
    56 nobj 55: manygovs
62: nogov
65: nonobj
66: noante
71: noante
77: nonobj
84: noante
87: noante
89: nonobj
96: noante
99: noante
102: nogov
103: noante
106: noante
111: noante
115: noante
117: noante
120: noante
121: nogov
123: noante
128: noante
131: noante
138: nonobj
139: noante
146: noante
147: nogov
161: nogov
169: noante
172: nogov
173: noante
177: noante
185: nosubj
189: noante
193: nogov
195: noante
200: noante
205: noante
209: nonobj
214: noante
217: noante
218: noante
> redirect ./en/1416-en.info
