> errors
3: noante
4: nogov
7: noante
12: noante
14: noante
19: nogov
23: noante
30: nogov
36: noante
37: nogov
44: nonobj
45: nogov
46: nogov
47: nogov
48: nogov noante
49: nogov
50: nogov nosubj
51: nogov
52: nosubj
53: noante
65: nogov
76: nogov
79: noante
84: nogov
88: noante
91: noante
96: noante
104: noante
108: nogov
110: noante
117: noante
123: noante
124: noante
130: noante
138: nogov
140: nonobj
149: noante
153: nogov
158: noante
163: noante
169: noante
170: nogov
176: noante
177: noante
188: noante
189: noante
193: nogov
196: noante
198: noante
211: nogov
214: noante
216: noante
223: noante
224: nogov
233: noante
235: nosubj
236: nonobj
> redirect ./en/1419-en.info
