> errors
1: noante
4: nogov
9: noante
23: noante
28: noante
32: noante
33: nogov
41: noante
52: noante
58: noante
62: noante
65: noante
76: nosubj
77: nogov
84: noante
85: nogov
89: noante
94: noante
100: 
    100 pnct# 85: manygovs
    100 nobj 97: manygovs
108: noante
111: nogov
121: noante
126: nogov
132: nosubj
138: nogov
150: noante
152: noante
158: noante
160: noante
163: noante
166: noante
170: nosubj
171: nogov
175: noante
180: noante
182: nogov
187: noante
195: noante
206: nogov
209: noante
216: nogov
225: noante
230: nogov
235: nonobj
241: noante
245: noante
246: noante
249: nogov
257: noante
> redirect ./en/1420-en.info
