> errors
2: noante
6: noante
7: nogov
8: noante
12: noante
19: noante
24: noante
28: noante
33: noante
40: noante
45: nonobj
46: nosubj
49: noante
52: nonobj
58: nogov
59: noante
62: noante
74: nogov
    74 rel? 59: badtype
75: noante
78: noante
86: noante
88: noante
92: noante
97: noante
103: noante
106: nogov
114: noante
126: noante
130: noante
132: nogov
134: noante
140: noante
142: nogov noante
144: nonobj
149: nosubj
157: nosubj
159: nosubj
160: nosubj
167: nogov
168: noante
171: nonobj
178: noante
179: noante
182: noante
186: noante
187: noante
189: nonobj
190: noante
198: noante
199: nogov
202: noante
203: noante
> redirect ./en/1426-en.info
