> errors
3: nogov
12: noante
13: nogov
16: noante
22: noante
23: nogov
24: noante
35: noante
38: noante
41: nosubj
47: noante
50: noante
59: noante
62: nogov
65: noante
68: noante
71: noante
75: nogov
77: noante
80: noante
82: noante
86: nosubj
87: nonobj
89: noante
92: noante
96: noante
98: noante
100: noante
107: noante
111: noante
114: nonobj
115: noante
118: noante
120: noante
123: noante
129: nonobj
132: noante
139: noante
143: nogov
149: nogov
152: noante
161: noante
165: nogov
171: noante
178: noante
179: noante
192: noante
197: noante
202: noante
204: nogov
210: noante
> redirect ./en/1427-en.info
