> errors
1: nogov
2: noante
6: noante
12: noante
15: noante
24: nosubj
26: noante
27: noante
29: noante
31: noante
33: noante
34: noante
40: noante
48: nogov
54: nogov
57: noante
66: noante
67: nogov
68: noante
81: noante
82: noante
84: noante
88: nogov noante
91: noante
94: noante
100: noante
102: noante
113: noante
118: noante
119: nogov
123: noante
124: nosubj
128: noante
141: nogov
142: noante
144: noante
151: noante
153: noante
156: noante
157: nogov
159: noante
164: noante
167: nosubj
170: noante
172: noante
176: noante
179: noante
180: noante
189: nosubj
198: nosubj
199: noante
201: noante
203: noante
204: noante
214: noante
> redirect ./en/1428-en.info
