> errors
2: noante
3: nogov
5: nosubj
7: noante
13: noante
14: nonobj
17: noante
24: noante
25: nogov
32: noante
35: noante
37: noante
40: noante
41: noante
43: 
    43 pnct# 25: manygovs
    43 nobj 42: manygovs
49: noante
57: noante
59: nogov
65: noante
66: nogov
68: nonobj
69: noante
78: noante
83: noante
86: nonobj
87: noante
94: nogov
101: noante
104: noante
110: noante
113: nosubj
114: nosubj
116: noante
125: nogov
129: noante
135: noante
140: nogov
141: noante
149: noante
154: noante
158: nosubj
159: noante
162: noante
164: noante
167: noante
172: noante
175: nogov
178: nosubj
180: noante
183: noante
189: noante
190: noante
196: nosubj
198: nosubj
199: noante
202: nogov
212: noante
> redirect ./en/1433-en.info
