> errors
1: nogov noante
6: noante
10: noante
12: noante
14: nogov
15: nosubj
19: noante
24: noante
26: noante
28: nogov
31: noante
33: nosubj
34: noante
50: noante
51: nonobj
53: noante
56: noante
57: nogov
59: noante
63: noante
65: noante
68: noante
76: noante
78: noante
80: nogov
81: nonobj
82: noante
91: noante
92: nogov
95: noante
97: nonobj
98: noante
104: noante
107: noante
111: noante
112: noante
115: noante
119: noante
120: noante
123: nosubj
124: nogov
128: noante
136: noante
141: noante
142: nogov
144: noante
151: noante
152: nogov
157: noante
160: noante
164: noante
171: noante
174: noante
175: nogov
180: noante
183: nogov
186: noante
188: noante
192: noante
194: nogov
204: noante
206: nogov
211: 
    211 pnct# 210: manygovs
    211 attr 210: manygovs
212: noante
214: noante
225: noante
226: nogov
230: noante
235: noante
237: nogov
239: noante
240: noante
246: noante
247: nogov
248: noante
249: noante
> redirect ./en/1449-en.info
