> errors
1: nogov
2: noante
6: noante
8: noante
9: noante
12: noante
14: noante
20: noante
21: nogov
27: noante
29: nonobj
31: noante
32: noante
41: noante
46: noante
50: noante
51: nogov
52: noante
55: nonobj
56: noante
58: nonobj
66: nogov
68: noante
70: noante
72: noante
77: noante
82: noante
86: noante
87: nogov
89: noante
99: noante
103: noante
104: nogov
106: noante
107: noante
108: nonobj
110: noante
119: nogov
121: noante
124: noante
127: noante
132: noante
136: noante
139: noante
141: noante
151: nogov
162: noante
168: nogov noante
171: noante
174: noante
175: noante
178: noante
181: noante
183: noante
184: noante
190: nogov
192: noante
196: noante
199: noante
200: noante
201: nonobj
205: noante
210: noante
212: noante
214: noante
215: nogov
223: noante
224: nogov
225: noante
227: noante
228: noante
230: noante
231: noante
237: noante
238: noante
240: noante
> redirect ./en/1453-en.info
