> errors
3: nogov
4: noante
8: noante
13: nogov
15: noante
25: 
    25 pnct# 18: manygovs
    25 list 23: manygovs
34: nogov
37: noante
39: noante
43: nosubj
50: noante
58: noante
60: nogov
72: noante
76: noante
80: noante
83: nogov
88: noante
92: noante
93: nosubj
95: noante
99: noante
103: noante
104: noante
121: noante
123: nogov
127: noante
134: nosubj
141: noante
146: noante
150: nogov
152: noante
158: nogov
159: noante
167: noante
169: nogov
170: noante
174: noante
183: noante
185: noante
195: noante
196: nogov
204: noante
209: noante
210: noante
212: noante
214: nogov
215: nonobj
220: nonobj
221: noante
227: noante
230: noante
233: nosubj
239: nosubj
242: nosubj
> redirect ./en/1459-en.info
