> errors
4: noante
6: nogov noante
7: noante
9: noante
10: nonobj
12: noante
19: noante
21: nosubj
32: nogov
34: noante
36: noante
38: noante
39: noante
41: noante
47: nogov
48: noante
51: noante
52: noante
57: noante
58: nogov
59: noante
63: noante
67: noante
68: noante
79: noante
83: noante
86: nonobj
88: noante
92: noante
95: nosubj
96: noante
98: noante
103: noante
104: nogov
106: nonobj
107: noante
116: noante
121: noante
125: noante
126: nogov
129: noante
131: noante
133: noante
139: noante
140: nogov
142: nosubj
147: noante
152: nonobj
155: nogov
161: noante
163: noante
165: nogov
167: nosubj
168: noante
180: nogov
181: noante
182: noante
193: noante
202: noante
204: nogov
205: noante
207: nonobj
208: noante
212: noante
214: nogov
215: noante
216: noante
218: noante
223: noante
> redirect ./en/1471-en.info
