> errors
1: nosubj
6: nosubj
7: nonobj
9: noante
15: noante
22: nosubj
24: noante
26: nogov
37: noante
39: noante
43: noante
45: nosubj
47: noante
53: noante
56: noante
58: nosubj
61: noante
63: nogov
67: nosubj
68: noante
74: nosubj
75: noante
78: noante
84: nonobj
92: noante
93: nosubj
96: noante
98: nogov
112: nogov
116: noante
119: nogov
120: nonobj
121: noante
129: noante
130: nogov
134: noante
138: noante
143: noante
144: nogov noante
147: noante
154: nonobj
161: nosubj
163: noante
164: noante
166: noante
169: nogov
170: noante
171: noante
182: nonobj
183: noante
190: nogov
193: noante
200: noante
202: nogov
203: nonobj
206: noante
209: noante
215: nogov
216: noante
219: nonobj
220: noante
224: noante
232: nogov
233: noante
234: noante
239: noante
240: noante
241: noante
> redirect ./en/1481-en.info
