> errors
1: noante
2: nogov
8: noante
11: noante
13: noante
15: nonobj
16: noante
21: noante
24: noante
27: noante
33: noante
36: noante
38: nogov
48: noante
52: noante
54: noante
58: noante
60: nogov
67: nonobj
68: noante
72: noante
93: noante
94: nonobj
97: noante
101: noante
105: noante
106: nogov
107: noante
109: noante
112: noante
117: noante
119: noante
123: nogov
127: noante
131: noante
136: nogov
138: noante
139: nosubj
141: noante
143: noante
145: noante
146: noante
148: noante
150: noante
152: nosubj
158: noante
165: noante
167: noante
172: noante
175: nogov
179: noante
188: noante
205: nogov
206: nonobj
212: noante
219: noante
229: noante
233: noante
236: noante
238: nogov
239: noante
244: nogov noante
> redirect ./en/1485-en.info
