> errors
3: nogov
4: nonobj
6: noante
14: noante
17: noante
19: nosubj
20: nonobj
21: noante
29: noante
31: noante
36: noante
37: nogov
40: noante
45: nosubj
47: noante
49: noante
51: noante
54: noante
70: nogov
81: nogov
82: noante
83: nonobj
85: noante
96: nogov noante
    96 possd? 93: badtype
97: nonobj
98: noante
101: noante
109: noante
114: nogov
121: noante
126: noante
128: nogov
135: noante
138: noante
145: nonobj
151: noante
157: noante
159: noante
168: noante
169: nogov
170: noante
172: nosubj
173: nonobj
175: noante
180: noante
186: nonobj
194: noante
197: noante
203: noante
205: nogov
209: noante
215: noante
218: noante
224: noante
225: noante
227: noante
228: noante
229: noante
232: noante
235: noante
> redirect ./en/1491-en.info
