> errors
1: noante
5: nogov
8: noante
19: noante
23: noante
29: noante
35: nogov
37: noante
42: noante
50: noante
51: noante
56: nosubj
58: noante
59: noante
63: nosubj
65: noante
70: noante
72: nogov
73: nonobj
74: noante
78: noante
79: noante
89: nosubj
90: noante
94: noante
96: noante
98: noante
99: noante
110: nosubj
113: noante
123: noante
125: nogov
126: noante
133: noante
144: noante
148: noante
156: nogov noante
159: noante
163: nogov
172: noante
185: noante
194: noante
202: nogov
203: nonobj
207: nonobj
208: noante
209: noante
212: noante
214: noante
215: noante
219: noante
220: noante
224: nonobj
228: noante
> redirect ./en/1495-en.info
