> errors
3: nogov
5: noante
9: noante
10: nogov
17: noante
22: noante
23: noante
28: nogov
34: noante
39: noante
43: nonobj
46: noante
47: nogov
49: noante
53: noante
58: nogov
59: noante
62: noante
63: noante
65: noante
70: noante
73: noante
75: nosubj
76: noante
85: noante
86: noante
89: noante
92: nogov
93: noante
97: noante
101: nogov
105: noante
107: nonobj
108: noante
113: noante
115: noante
116: nosubj
118: noante
121: noante
126: nogov
127: noante
131: noante
136: noante
137: nogov
138: nonobj
139: noante
143: noante
145: nonobj
147: noante
152: noante
156: noante
158: noante
160: nogov
166: noante
173: noante
174: nogov
189: noante
192: nogov
193: noante
194: noante
197: noante
198: noante
201: nosubj
205: noante
206: noante
209: noante
213: nogov
215: noante
218: noante
221: noante
224: noante
226: noante
230: noante
233: nosubj
234: noante
236: noante
> redirect ./en/1498-en.info
