> errors
1: noante
2: nogov
8: nosubj
10: noante
15: noante
18: noante
19: noante
23: noante
28: noante
31: nogov
33: nonobj
34: noante
39: noante
43: noante
44: nonobj
51: noante
57: noante
65: nogov
69: noante
77: nonobj
78: noante
81: noante
83: noante
85: noante
87: noante
90: noante
92: noante
94: noante
95: nogov
    95 poobj 94: badtype
96: noante
100: noante
102: noante
103: noante
105: noante
107: noante
109: noante
110: 
    110 pnct# 65: manygovs
    110 nobj 109: manygovs
116: noante
117: nogov
120: noante
121: noante
125: noante
131: noante
133: nonobj
134: noante
139: noante
140: noante
148: noante
152: noante
154: nogov
157: nosubj
164: noante
167: noante
169: nosubj
170: noante
174: nosubj
176: nosubj
182: nogov
185: noante
189: noante
190: noante
193: noante
197: noante
200: nosubj
201: noante
203: nosubj
204: nosubj
205: nonobj
206: noante
213: noante
215: noante
216: nogov
217: nonobj
218: noante
222: nonobj
223: noante
225: noante
227: nosubj
230: noante
> redirect ./en/1500-en.info
