> errors
1: noante
5: nonobj
7: noante
16: nosubj
18: noante
19: noante
20: nogov
21: noante
26: noante
35: noante
40: nogov
50: nogov
57: noante
60: nosubj
61: noante
62: noante
65: noante
70: noante
74: noante
76: noante
81: nogov noante
87: noante
90: nogov
91: noante
95: noante
99: noante
104: noante
113: noante
115: nogov
121: noante
126: noante
139: noante
140: noante
141: nogov
148: noante
156: noante
158: nosubj
159: noante
162: noante
165: noante
167: noante
169: nogov noante
175: nogov
176: noante
184: nogov
185: noante
191: nosubj
194: nosubj
198: noante
199: nogov
203: nonobj
209: noante
210: noante
213: noante
217: noante
> redirect ./en/1503-en.info
