> errors
1: noante
4: nogov
7: noante
9: noante
12: noante
16: noante
22: nonobj
28: nosubj
35: noante
36: noante
43: nogov
50: noante
54: noante
61: noante
64: nogov
69: noante
72: noante
74: noante
75: noante
78: noante
86: noante
94: nogov
95: noante
109: noante
112: noante
113: noante
114: nogov
120: 
    120 pnct# 114: manygovs
    120 nobj 119: manygovs
122: noante
129: noante
132: nosubj
137: nogov
141: noante
143: nogov
151: noante
159: noante
162: noante
166: noante
168: noante
171: nogov
177: nonobj
179: noante
181: noante
186: noante
188: nogov
194: noante
199: noante
203: noante
208: nogov
210: nosubj
212: noante
217: noante
221: noante
232: nogov
236: noante
238: noante
240: noante
251: noante
254: noante
> redirect ./en/1506-en.info
