> errors
2: noante
8: noante
13: noante
14: nogov
15: noante
26: nogov
29: noante
48: nosubj
50: noante
58: noante
62: noante
66: noante
70: noante
75: noante
81: noante
84: nogov
92: noante
95: nosubj
100: noante
102: noante
107: noante
125: noante
127: noante
130: nosubj
132: noante
135: nogov
137: noante
140: noante
151: nogov
157: noante
163: noante
165: noante
168: noante
174: nogov
175: noante
178: nosubj
187: nogov
188: noante
198: noante
204: noante
208: noante
209: noante
214: noante
218: noante
227: noante
> redirect ./en/1508-en.info
