> errors
1: nogov
3: noante
5: nonobj
7: noante
12: noante
18: noante
22: noante
24: noante
25: nogov
31: noante
36: noante
37: nogov
38: noante
40: noante
50: nogov
51: noante
53: noante
54: nonobj
55: noante
56: noante
58: noante
67: noante
68: nogov
79: nonobj
81: noante
89: noante
90: noante
95: noante
98: nogov
100: noante
103: noante
104: noante
105: noante
111: noante
113: noante
114: nogov
119: noante
122: noante
126: nogov
132: noante
133: noante
141: noante
143: nogov
146: nonobj
148: noante
155: noante
156: nogov
162: nonobj
163: noante
170: noante
175: noante
176: noante
179: noante
181: nogov
185: nonobj
193: noante
195: noante
197: nosubj
198: noante
200: noante
204: nogov
208: noante
210: nogov
214: noante
216: noante
218: nosubj
221: noante
233: nosubj
234: noante
236: noante
238: noante
> redirect ./en/1522-en.info
