> errors
3: noante
6: noante
8: noante
12: nogov
15: noante
21: nosubj
22: noante
24: noante
26: nosubj
27: noante
29: noante
32: nogov
33: noante
41: noante
45: noante
51: noante
58: noante
65: nogov
66: noante
77: nogov
81: noante
88: noante
89: nogov
95: noante
98: noante
104: noante
105: nogov
107: noante
109: noante
113: noante
118: noante
122: noante
125: nogov
131: noante
135: nogov
137: noante
139: noante
141: nonobj
142: noante
143: noante
152: noante
160: noante
161: nosubj
169: noante
171: nogov
177: nosubj
179: noante
182: nonobj
183: noante
188: noante
194: noante
196: noante
201: noante
203: nogov
204: noante
205: noante
207: noante
211: nosubj
214: noante
> redirect ./en/1523-en.info
