> errors
2: noante
5: noante
7: nogov
15: nogov
16: noante
25: nosubj
26: noante
41: noante
43: noante
47: noante
51: nonobj
52: noante
56: nosubj
57: noante
59: noante
62: nogov
69: noante
75: noante
78: noante
79: nogov
84: noante
85: nogov
88: noante
90: noante
95: noante
100: noante
101: nogov
104: noante
107: noante
111: nogov
112: noante
115: nonobj
116: noante
123: noante
124: 
    124 pnct# 111: manygovs
    124 nobj 123: manygovs
128: noante
133: nogov
135: noante
138: nosubj
139: noante
142: noante
146: noante
148: nosubj
149: noante
154: noante
157: nogov
163: noante
166: noante
178: nogov
180: noante
183: noante
187: noante
195: noante
198: nogov
202: noante
205: noante
> redirect ./en/1527-en.info
