> errors
3: noante
12: nogov
15: noante
20: noante
22: nonobj
23: noante
31: noante
32: noante
37: nosubj
38: nosubj
40: noante
42: nonobj
44: noante
50: noante
52: noante
55: noante
61: nogov
67: noante
69: nosubj
75: noante
76: noante
80: nogov
81: noante
86: noante
93: noante
95: nogov
101: noante
103: noante
108: noante
115: noante
123: noante
124: noante
125: nosubj
143: noante
159: nonobj
160: noante
167: nosubj
168: noante
173: noante
175: noante
179: nogov
186: noante
188: noante
189: noante
192: noante
194: nosubj
196: noante
206: nogov
207: nosubj
210: noante
213: noante
216: noante
> redirect ./en/1545-en.info
