> errors
1: noante
3: nogov
4: nonobj
5: noante
9: noante
13: noante
19: noante
21: noante
23: noante
26: noante
27: nogov
28: nosubj
29: noante
31: nosubj
32: noante
34: nosubj
35: noante
38: noante
42: noante
43: nogov
44: noante
48: noante
54: noante
57: noante
60: noante
63: noante
65: noante
71: noante
76: nogov
82: noante
83: nogov
88: noante
94: noante
97: noante
100: noante
104: noante
106: noante
109: nosubj
110: noante
112: noante
115: nosubj
116: noante
119: nosubj
121: nosubj
125: nosubj
126: noante
127: noante
131: noante
133: noante
135: nosubj
137: nosubj
139: noante
143: noante
144: nogov
150: nogov nosubj
151: noante
157: noante
159: noante
167: noante
173: noante
183: noante
185: noante
186: noante
190: noante
191: noante
194: nogov
200: noante
201: nogov
202: nonobj
203: noante
206: nosubj
212: noante
218: noante
> redirect ./en/1546-en.info
