> errors
1: noante
2: nogov
6: noante
14: noante
23: noante
28: noante
30: noante
32: noante
35: noante
42: nogov
51: noante
54: nonobj
59: noante
68: nogov
70: noante
76: noante
83: noante
97: noante
101: noante
102: nogov
103: noante
112: nogov
115: noante
118: noante
121: noante
127: noante
132: noante
133: nogov
137: noante
142: noante
150: noante
154: noante
157: noante
158: noante
160: noante
164: noante
165: nogov
168: noante
169: noante
173: noante
178: noante
183: nogov
187: nosubj
191: noante
192: nogov
197: noante
200: noante
204: nonobj
205: noante
207: noante
208: nonobj
> redirect ./en/1547-en.info
