> errors
3: noante
4: noante
6: nonobj
11: noante
15: noante
18: noante
22: noante
26: noante
29: noante
33: nosubj
39: noante
40: nogov
44: noante
56: 
    56 mod 55: manygovs
    56 pnct# 55: manygovs
59: nogov
62: noante
64: noante
70: noante
71: nogov
74: nosubj
75: noante
77: noante
82: noante
86: noante
87: nosubj
88: noante
92: nogov
93: noante
95: nonobj
99: noante
104: noante
105: noante
107: nogov
112: noante
119: nosubj
132: noante
137: noante
140: nogov
149: nogov
153: noante
154: noante
160: noante
162: noante
170: nogov
175: noante
179: noante
181: noante
183: noante
186: noante
190: noante
198: noante
200: noante
204: noante
205: noante
210: nogov noante
> redirect ./en/1551-en.info
