> errors
3: nogov
4: noante
22: noante
24: noante
34: nosubj
35: noante
37: noante
39: noante
41: noante
46: nogov
47: noante
60: noante
64: nogov
65: nonobj
67: noante
69: noante
72: noante
87: noante
88: noante
90: nonobj
91: noante
100: noante
102: noante
108: nogov
111: noante
112: noante
113: nosubj
114: noante
119: nogov
125: nosubj
127: nosubj
139: noante
149: noante
154: noante
155: nogov
162: noante
182: noante
184: noante
189: nogov
190: noante
193: noante
205: nogov
208: noante
222: noante
228: nogov
231: nonobj
232: noante
234: nosubj
250: noante
263: nogov
264: noante
276: noante
280: noante
290: nogov
292: noante
300: nosubj
304: nosubj
313: noante
314: nogov
317: noante
318: noante
320: noante
331: nogov
335: noante
348: noante
349: noante
363: noante
365: nogov
367: noante
372: noante
377: nogov
378: nosubj
385: noante
389: noante
391: noante
395: nosubj
397: noante
401: noante
407: noante
413: nogov
425: noante
> redirect ./en/wsj-0570-lotte.info
