> errors
1: nosubj
9: noante
17: nogov
18: noante
20: noante
23: noante
26: nosubj
32: noante
36: noante
37: nogov
39: noante
54: noante
68: noante
69: nogov
82: nogov nosubj
83: noante
86: nosubj
92: noante
93: nosubj
103: noante
104: nonobj
116: nogov
117: noante
119: nosubj
120: noante
129: noante
131: noante
137: nogov
142: noante
145: noante
146: nosubj
155: noante
157: noante
164: nogov
167: noante
169: noante
172: noante
176: noante
178: noante
179: noante
184: noante
189: noante
190: nogov
203: noante
217: noante
218: nogov
> redirect ./en/wsj-2332-lotte.info
