> errors
1: noante
2: nogov
4: noante
10: noante
17: noante
22: noante
30: nosubj
31: noante
33: noante
37: nogov
38: nonobj
44: nogov
46: noante
49: noante
53: noante
54: nogov
63: noante
77: nogov
85: noante
86: nogov
91: noante
93: noante
100: noante
103: noante
106: noante
107: noante
109: noante
111: noante
112: nogov
114: nosubj
125: noante
131: nosubj
136: noante
138: noante
142: noante
148: noante
152: nogov
159: noante
176: noante
179: noante
181: noante
183: nogov
192: noante
199: noante
203: noante
210: nogov
211: noante
214: nonobj
222: nogov
239: nosubj
241: noante
246: noante
247: nogov
257: nosubj
258: noante
266: noante
268: nogov
269: nonobj
270: noante
277: noante
280: noante
282: noante
283: noante
285: noante
286: noante
289: nosubj
290: noante
293: noante
296: noante
300: noante
304: noante
311: noante
313: nosubj
318: noante
328: noante
329: nogov
330: noante
331: noante
334: noante
348: noante
349: nogov
354: nogov
369: nosubj
370: noante
374: nogov
377: nosubj
385: nonobj
387: noante
390: noante
394: noante
395: nogov
403: nosubj
404: noante
408: noante
409: nonobj
412: noante
422: nogov
430: nosubj
432: noante
435: noante
441: noante
442: nogov
446: noante
448: noante
453: noante
454: noante
458: noante
468: noante
473: noante
475: noante
480: nosubj
482: noante
489: nogov
> redirect ./en/wsj-0747-lotte.info
