> errors
1: noante
5: nogov
8: noante
9: noante
11: noante
21: noante
31: noante
32: nosubj
34: nogov
41: noante
44: noante
54: nosubj
58: noante
60: noante
62: nogov
69: noante
71: noante
73: noante
81: noante
85: nosubj
113: nogov
118: noante
122: noante
125: noante
127: noante
133: nosubj
    133 *[subj] 135: badtype
136: noante
138: noante
141: nosubj
145: noante
146: nogov
147: noante
148: nosubj
150: noante
153: noante
157: nosubj
159: noante
164: noante
166: noante
168: noante
170: noante
174: noante
175: noante
177: noante
178: noante
181: noante
182: noante
186: noante
189: nogov
192: noante
193: noante
195: noante
197: nosubj
199: noante
202: noante
205: noante
208: noante
210: noante
214: noante
219: noante
221: noante
223: nogov
226: nosubj
229: noante
233: nosubj
235: nosubj
237: noante
244: noante
246: noante
247: noante
251: nosubj
253: noante
255: noante
256: noante
260: noante
263: noante
265: nosubj
266: noante
268: noante
271: nogov
273: nosubj
275: noante
277: noante
286: noante
294: noante
299: nogov
301: nosubj
303: noante
307: noante
309: noante
313: nosubj
316: noante
319: noante
323: noante
331: noante
335: nogov
336: noante
338: nonobj
342: noante
346: noante
351: noante
358: noante
359: nosubj
364: noante
367: noante
369: nogov
376: noante
377: nosubj
381: noante
383: nosubj
386: noante
391: noante
392: nogov
396: nosubj
401: noante
402: noante
407: nogov
408: noante
413: nosubj
425: nosubj
427: noante
428: noante
432: nogov noante
434: noante
442: nogov noante
444: noante
449: noante
453: nonobj
455: nonobj
459: noante
464: noante
468: noante
469: nogov
475: noante
479: noante
485: noante
487: noante
489: nogov
497: noante
499: noante
502: noante
504: nogov
506: nosubj
509: noante
521: noante
524: nogov
526: nosubj
528: noante
533: noante
539: nogov
543: nosubj
545: noante
554: noante
557: nogov
558: noante
559: noante
562: noante
565: noante
568: noante
572: noante
575: nogov
581: noante
584: noante
588: noante
592: noante
593: nogov
594: noante
598: noante
599: noante
606: noante
608: noante
613: noante
619: nogov
631: noante
636: noante
640: noante
641: nogov
642: noante
645: noante
647: noante
649: noante
650: nosubj
653: noante
655: noante
658: noante
660: nosubj
662: noante
667: noante
669: nosubj
670: noante
677: noante
679: noante
681: noante
683: nogov
695: noante
697: nogov
699: noante
701: noante
704: noante
705: noante
708: noante
711: noante
717: noante
721: nogov
723: noante
726: noante
730: noante
733: noante
737: noante
738: nogov
742: nosubj
743: nonobj
744: noante
747: noante
752: nosubj
753: noante
760: noante
764: noante
765: noante
766: nogov
771: noante
774: noante
778: noante
782: nosubj
783: noante
787: noante
789: noante
794: noante
796: nogov
798: noante
799: noante
802: noante
803: nosubj
806: noante
807: noante
810: noante
812: noante
816: noante
819: nogov
821: noante
827: noante
831: nosubj
833: noante
838: nosubj
839: noante
842: noante
847: noante
849: nogov
853: nosubj
854: noante
856: noante
860: noante
863: noante
868: noante
869: nogov
870: nosubj
871: nonobj
873: noante
876: noante
880: noante
884: noante
885: noante
892: noante
894: nogov
900: noante
901: noante
908: noante
913: nonobj
919: nogov
922: nosubj
925: noante
933: noante
936: noante
946: noante
947: nogov
950: noante
952: noante
955: nonobj
964: noante
967: nogov
968: noante
972: noante
976: noante
980: noante
981: noante
986: noante
989: noante
994: noante
996: nosubj
998: noante
1001: noante
1005: nosubj
1006: noante
1017: nogov
1020: noante
1027: noante
1031: noante
1040: noante
1042: noante
1047: noante
1049: noante
1051: nogov
1052: nonobj
1053: noante
1060: noante
1062: noante
1068: noante
1069: nogov
1075: noante
1079: nosubj
1082: noante
1084: noante
1088: noante
1095: noante
1096: noante
1103: noante
1105: nogov
1109: nosubj
1110: noante
1114: noante
1119: noante
1120: noante
1123: noante
1125: nogov
1129: nosubj
1144: noante
1146: nogov
1147: nosubj
1148: nosubj
1151: nosubj
1153: noante
1155: noante
1164: noante
1165: nosubj
1168: noante
1173: nosubj
1174: nosubj
1178: noante
1186: nogov
1187: noante
1189: noante
1200: noante
1202: noante
1203: noante
> redirect ./en/wsj-0788-lotte.info
