> errors
6: nosubj
8: noante
11: noante
13: nogov
14: noante
16: noante
22: noante
24: noante
26: nosubj
27: nonobj
33: noante
38: noante
49: noante
52: nosubj
57: noante
64: nogov
66: noante
68: noante
70: nosubj
72: noante
74: noante
76: noante
82: noante
83: noante
85: nogov
86: noante
88: noante
91: noante
93: noante
100: nosubj
    100 *[subj] 102: badtype
103: noante
106: noante
107: noante
120: noante
124: nogov
126: noante
134: noante
139: noante
143: noante
151: nogov
157: noante
161: nosubj
164: nogov
170: noante
175: noante
179: noante
185: noante
187: noante
193: noante
199: nosubj
201: nonobj
206: nogov
207: noante
209: noante
215: noante
219: nosubj
230: nogov
236: noante
243: noante
251: nogov
256: noante
258: noante
262: noante
263: nosubj
264: noante
275: noante
286: noante
288: noante
289: noante
290: nosubj
291: noante
293: nogov
299: noante
304: noante
308: noante
313: noante
315: noante
321: noante
323: nogov
324: noante
326: noante
330: noante
345: nogov
347: nonobj
348: noante
352: nonobj
360: nosubj
362: noante
367: nogov
368: noante
371: nonobj
372: noante
374: noante
375: noante
382: noante
383: nosubj
389: noante
392: nonobj
394: noante
395: noante
396: noante
399: noante
401: noante
402: noante
403: noante
406: noante
407: noante
409: nogov
410: nosubj
413: nonobj
420: noante
422: nogov
425: noante
427: noante
428: noante
431: noante
435: noante
437: nogov
442: noante
> redirect ./en/wsj-1074-lotte.info
