> errors
3: nogov
6: noante
17: nogov
20: noante
23: nosubj
37: noante
39: noante
41: nogov
43: noante
45: nonobj
71: nogov
72: noante
75: noante
85: nosubj
91: nosubj
93: noante
95: noante
96: noante
99: noante
101: noante
103: nogov
107: nosubj
108: noante
109: noante
114: noante
117: nogov
122: noante
123: nogov
137: noante
138: nogov
143: noante
145: noante
159: noante
160: noante
161: nogov
162: noante
166: nosubj
177: noante
178: noante
180: noante
182: nosubj
185: nogov
197: noante
198: nogov
199: nosubj
210: noante
212: nosubj
> redirect ./en/wsj-0657-lotte.info
