> errors
5: nogov
6: noante
8: noante
16: noante
18: noante
26: nosubj
27: noante
29: noante
35: noante
39: noante
41: nogov
42: noante
44: noante
47: noante
48: noante
57: nosubj
    57 *[subj] 58: badtype
59: noante
62: noante
66: noante
72: nogov
78: noante
79: noante
85: noante
86: nogov
87: nonobj
88: noante
91: noante
100: noante
106: noante
107: nogov
111: noante
113: noante
118: nogov
134: nogov
135: noante
137: noante
145: nonobj
150: noante
151: noante
159: noante
160: noante
162: nogov
167: noante
170: noante
177: 
    177 {ªrg} 176: badtype
178: noante
181: nosubj
182: noante
185: noante
190: noante
200: noante
203: noante
204: nonobj
205: noante
207: nosubj
208: nonobj
210: noante
214: nogov
224: noante
225: nogov
226: noante
232: noante
> redirect ./en/wsj-2375-lotte.info
