> errors
1: noante
2: noante
3: nogov
6: noante
10: nogov
18: nogov
27: noante
30: noante
33: nogov
35: noante
38: nosubj
43: noante
45: nosubj
46: noante
48: noante
54: noante
58: nosubj
61: nogov
70: noante
73: noante
75: nosubj
89: noante
92: nogov
99: noante
102: nogov
104: noante
113: noante
126: nogov
127: noante
131: noante
135: noante
147: noante
151: nogov
173: noante
175: nogov
178: noante
181: noante
182: nogov noante
191: nogov
193: noante
198: nosubj
207: noante
210: noante
222: noante
225: noante
228: noante
229: nogov
236: noante
243: noante
247: nogov
249: noante
251: noante
261: noante
264: nogov
267: noante
290: noante
295: nogov
296: noante
303: noante
309: nonobj
310: noante
318: noante
319: noante
322: noante
328: nogov
337: nogov
338: noante
342: noante
345: noante
348: noante
349: nogov
359: nosubj
365: noante
367: nogov
379: noante
382: nogov
383: nonobj
387: noante
388: nosubj
409: noante
410: nogov
413: noante
418: nosubj
425: noante
427: nogov
438: noante
439: nosubj
440: nosubj
441: nogov
442: nonobj
445: noante
451: noante
453: nonobj
460: noante
470: noante
471: nosubj
475: nogov
477: noante
480: noante
492: noante
498: nogov
506: noante
507: nosubj
512: noante
514: nosubj
518: nogov
535: noante
539: noante
542: nogov
546: nosubj
557: noante
558: nosubj
562: nogov
564: noante
567: noante
580: noante
583: nosubj
586: noante
590: nogov
602: noante
603: nogov
604: nosubj
609: noante
619: noante
620: nogov
623: noante
630: nogov
632: noante
634: noante
636: noante
640: nonobj
642: nonobj
643: nogov
644: noante
661: noante
663: noante
664: nogov
665: noante
668: noante
674: noante
680: noante
682: noante
685: noante
688: nosubj
692: noante
697: nosubj
700: noante
702: nosubj
703: noante
705: noante
707: nogov
709: noante
711: noante
720: noante
724: noante
726: nogov
727: noante
734: noante
736: noante
738: nogov
745: noante
747: nosubj
754: noante
756: nogov
758: nosubj
762: noante
768: noante
775: noante
780: nogov
781: noante
784: noante
785: nogov
787: noante
790: noante
795: noante
798: noante
800: nogov
801: noante
803: nosubj
804: noante
805: noante
808: nonobj
810: noante
811: noante
815: nosubj
816: noante
824: noante
828: noante
833: noante
836: noante
838: nogov
845: noante
849: nonobj
850: noante
853: noante
859: nogov
862: nosubj
863: noante
873: noante
875: nogov
879: noante
888: nogov
891: noante
896: noante
901: noante
903: noante
906: nosubj
907: noante
912: nogov
918: noante
919: noante
926: nogov
928: noante
932: noante
939: nonobj
941: noante
942: noante
947: noante
953: nogov noante
955: noante
958: noante
961: noante
963: noante
966: noante
969: noante
971: noante
972: noante
976: nogov
978: nonobj
985: noante
989: nogov
990: nonobj
991: noante
997: noante
999: noante
1001: noante
1015: noante
1018: noante
1020: noante
1022: nogov
1036: noante
1038: noante
1040: nogov
1043: noante
1047: nosubj
1049: noante
1057: noante
1060: noante
1061: nosubj
1064: noante
1067: noante
1069: noante
1070: nogov
1088: noante
1090: noante
1091: nogov
1112: noante
1113: noante
1122: noante
1128: nogov noante
1135: nogov
1136: noante
1143: noante
> redirect ./en/wsj-2366-lotte.info
