> errors
2: nogov
4: noante
9: noante
12: noante
15: nogov
    15 ¤qobj/ATTR1 45: badtype
18: noante
20: noante
29: noante
32: noante
36: noante
45: nogov
46: noante
50: noante
52: nosubj
60: noante
66: noante
70: noante
86: noante
89: noante
92: noante
97: noante
107: noante
113: noante
124: noante
131: nosubj
143: noante
147: nosubj
148: noante
150: noante
152: noante
161: noante
164: noante
166: noante
169: noante
172: noante
177: noante
180: noante
182: nosubj
185: noante
187: noante
190: noante
193: noante
195: noante
198: noante
209: noante
211: noante
216: noante
217: noante
> redirect ./de/0005-de-morten.info
