> errors
4: noante
9: noante
12: noante
15: noante
20: noante
28: nogov
30: noante
36: nogov
37: noante
41: noante
50: noante
55: noante
56: noante
59: noante
61: noante
67: noante
71: nosubj
72: nosubj
85: noante
86: nogov
    86 +TIME:time 35: badtype
98: noante
121: noante
124: noante
127: noante
134: nogov
    134 ¤time:time 120: badtype
136: noante
156: noante
160: noante
170: noante
174: noante
175: noante
177: noante
179: noante
182: noante
186: noante
189: noante
191: noante
201: noante
207: noante
209: nonobj
213: noante
218: noante
224: noante
226: noante
> redirect ./de/0008-de-morten.info
