> errors
3: nosubj
7: nosubj
9: noante
15: noante
16: noante
21: nogov
22: noante
30: noante
39: noante
42: noante
45: noante
50: nogov
56: noante
59: noante
67: nogov
75: noante
81: noante
84: noante
87: noante
95: noante
97: noante
100: nonobj
102: nonobj
103: noante
106: noante
109: nogov
117: noante
127: noante
130: noante
134: noante
145: nogov
149: noante
155: nosubj
156: noante
164: noante
166: noante
168: noante
172: noante
175: noante
184: noante
185: noante
187: noante
189: nogov
190: noante
192: noante
> redirect ./de/0029-de-morten.info
