> errors
2: noante
5: nogov
6: noante
16: noante
19: nosubj
25: noante
32: noante
34: noante
36: noante
38: noante
48: nogov
49: noante
52: noante
57: noante
60: nosubj
63: noante
65: noante
69: nosubj
75: noante
84: noante
91: noante
95: noante
97: noante
104: nogov
121: noante
124: noante
128: nogov
138: noante
140: noante
142: nogov noante
146: noante
147: noante
148: noante
151: noante
157: noante
158: nosubj
166: nogov
168: noante
172: noante
174: noante
177: noante
183: noante
185: noante
189: nosubj
195: nogov
203: noante
208: noante
210: noante
211: noante
215: noante
220: noante
221: noante
224: noante
229: nogov
> redirect ./de/0042-de-morten.info
