> errors
2: nogov nosubj
3: noante
11: nosubj
12: nogov
13: noante
17: 
    17 + 16: badtype
18: noante
20: noante
24: noante
27: noante
30: noante
33: noante
35: noante
36: noante
    36 + 35: badtype
38: noante
40: noante
46: noante
49: noante
51: nogov
53: noante
56: noante
58: noante
67: 
    67 + 66: badtype
68: noante
71: noante
79: noante
83: noante
85: noante
86: 
    86 + 85: badtype
94: noante
96: nogov
99: noante
103: 
    103 + 102: badtype
104: noante
106: noante
110: noante
112: noante
113: noante
115: nosubj
124: nogov nosubj
138: noante
141: noante
143: noante
153: noante
155: nogov
156: noante
161: 
    161 + 160: badtype
162: noante
170: noante
172: nogov nosubj
175: noante
190: noante
199: noante
202: noante
204: noante
207: noante
209: noante
213: nogov
216: noante
225: nogov
226: noante
230: noante
233: noante
235: noante
237: nosubj
239: noante
> redirect ./de/0043-de-morten.info
