> errors
6: noante
7: nogov
8: noante
22: nogov
23: noante
26: noante
30: noante
32: nosubj
34: noante
38: nosubj
47: nogov
49: noante
60: nogov
64: noante
66: nogov
70: noante
79: nogov
80: noante
90: noante
91: nogov
92: noante
95: noante
96: nogov
103: noante
104: noante
116: noante
117: noante
119: noante
124: nogov
125: noante
126: noante
130: noante
132: nosubj
136: noante
137: nogov
142: noante
147: noante
149: noante
155: noante
157: noante
160: nogov
161: noante
162: noante
164: noante
174: noante
176: nogov
186: noante
187: nogov
188: noante
195: nogov noante
199: nosubj
201: noante
203: noante
205: noante
212: noante
214: nogov
218: noante
219: nogov
221: noante
223: noante
224: nogov
225: noante
237: noante
239: noante
243: nogov
250: noante
255: noante
> redirect ./de/0061-de-morten.info
