> errors
3: noante
5: nogov
6: noante
7: noante
9: noante
13: noante
18: nogov
20: noante
26: noante
29: noante
31: noante
33: noante
41: nogov
42: noante
47: noante
50: noante
54: noante
58: noante
67: noante
68: nosubj
72: nogov
82: noante
83: nogov
87: noante
88: noante
91: nogov
94: noante
108: nosubj
111: noante
115: noante
116: nogov
130: noante
132: noante
135: noante
136: nogov
139: nosubj
142: noante
145: nosubj
146: noante
150: nogov
152: noante
164: nogov
168: noante
172: noante
175: nosubj
176: noante
185: noante
186: nogov
195: noante
204: noante
> redirect ./de/0065-de-morten.info
