> errors
3: noante
4: nogov
6: noante
19: nogov
20: noante
23: noante
28: nogov
29: noante
33: noante
41: noante
43: nogov nosubj
45: noante
47: noante
49: noante
52: noante
54: nogov
57: noante
60: noante
62: noante
64: noante
69: nogov
71: noante
74: nonobj
76: noante
81: noante
84: noante
91: noante
100: noante
101: nogov
102: noante
104: noante
108: noante
112: nonobj
114: noante
116: noante
117: noante
120: noante
121: noante
131: noante
132: nogov
136: noante
137: noante
141: noante
146: noante
147: noante
152: noante
154: noante
156: noante
162: nosubj
169: noante
170: nogov
171: noante
172: noante
174: noante
175: noante
178: noante
179: noante
180: nogov
181: noante
185: noante
187: noante
192: noante
193: noante
201: noante
203: nogov
204: noante
208: noante
210: nosubj
214: noante
216: noante
220: nogov
221: noante
222: noante
224: noante
> redirect ./de/0090-de-morten.info
