> errors
3: noante
5: noante
7: nogov
20: noante
22: noante
24: noante
28: noante
30: noante
35: nogov
40: noante
42: noante
43: noante
44: nosubj
47: noante
49: noante
51: noante
54: noante
59: noante
63: noante
71: noante
75: noante
84: nosubj
98: noante
100: nogov
102: nosubj
104: noante
107: noante
111: noante
113: noante
115: noante
119: noante
123: noante
127: noante
130: noante
134: noante
137: nosubj
139: noante
141: noante
142: nonobj
143: noante
146: noante
148: noante
149: noante
150: nosubj
153: nogov
161: nogov
162: noante
164: noante
172: noante
173: nogov
174: noante
186: noante
190: noante
195: noante
199: noante
202: noante
205: noante
207: noante
212: noante
216: noante
223: nogov
225: noante
231: nogov
> redirect ./de/0091-de-morten.info
