> errors
3: noante
7: noante
10: noante
12: nogov
13: noante
21: noante
25: noante
29: noante
42: nogov
51: noante
55: noante
64: noante
74: noante
76: nogov
77: noante
79: nosubj
90: noante
91: nogov
92: noante
95: noante
106: noante
114: noante
117: noante
121: nogov
122: noante
132: noante
135: nogov
142: noante
144: noante
150: noante
158: noante
170: noante
173: nogov nosubj
186: noante
187: nogov
192: noante
194: noante
198: noante
209: nonobj
210: noante
212: nonobj
217: nogov
218: noante
221: noante
222: noante
225: noante
227: noante
233: noante
> redirect ./de/0093-de-morten.info
