> errors
2: noante
3: nogov
6: noante
8: noante
20: noante
21: nogov
22: noante
24: noante
25: noante
27: noante
36: noante
37: nogov
39: noante
42: noante
47: noante
51: noante
52: nosubj
59: noante
62: noante
67: noante
71: noante
75: nosubj
81: noante
82: nogov
84: noante
85: noante
88: noante
90: noante
92: noante
95: noante
100: noante
101: noante
109: nogov
110: noante
111: noante
114: noante
117: noante
120: noante
128: noante
131: noante
133: noante
135: noante
143: nogov
144: noante
145: noante
146: noante
147: nosubj
154: noante
156: noante
157: nogov
158: noante
162: noante
163: noante
168: nonobj
169: noante
170: noante
174: noante
181: noante
183: noante
184: nosubj
187: noante
190: noante
198: noante
201: nogov
202: noante
206: noante
> redirect ./de/0096-de-morten.info
