> errors
5: nogov
6: noante
10: nogov
18: noante
23: noante
28: noante
32: noante
35: noante
38: noante
43: nogov
46: noante
59: nogov
71: nogov
73: noante
77: noante
80: nosubj
83: noante
88: noante
90: noante
91: noante
100: nosubj
106: noante
108: nosubj
111: nogov
112: noante
113: noante
115: noante
116: noante
117: noante
124: noante
130: noante
135: nogov
136: noante
140: noante
152: nogov
153: noante
156: noante
159: nosubj
165: noante
167: noante
178: nogov noante
184: noante
188: nogov
189: noante
193: nogov
195: noante
197: nosubj
200: nosubj
201: noante
205: noante
208: noante
216: noante
223: nogov
224: noante
> redirect ./de/0097-de-morten.info
