> errors
4: noante
5: nogov
6: noante
20: noante
24: noante
27: nogov
28: noante
38: nosubj
45: noante
49: noante
52: noante
54: noante
60: noante
63: nogov
66: noante
67: nosubj
80: noante
81: nogov
86: noante
89: noante
90: noante
101: noante
104: nonobj
113: noante
116: noante
126: noante
127: nogov
128: noante
131: nogov
135: noante
150: nogov noante
151: noante
157: noante
159: nogov
164: noante
168: noante
169: nogov
170: noante
    170 assoc-scope 157: badtype
174: noante
176: noante
184: noante
190: nogov
200: noante
206: noante
207: nosubj
> redirect ./de/0101-de-morten.info
