> errors
3: noante
5: nogov nosubj
6: noante
12: noante
13: noante
17: noante
19: noante
21: noante
24: noante
25: nogov
31: noante
36: noante
40: nosubj
42: noante
47: noante
52: noante
54: nogov
56: noante
58: noante
60: noante
62: nosubj
66: noante
70: noante
73: noante
78: noante
82: noante
86: noante
92: noante
94: noante
95: nogov
99: noante
100: noante
104: noante
105: noante
106: nogov
107: noante
113: noante
116: noante
125: nogov
126: noante
127: noante
130: noante
135: noante
138: noante
146: noante
147: noante
149: nosubj
152: nogov
159: noante
160: nogov
164: noante
167: noante
168: noante
> redirect ./de/0102-de-morten.info
