> errors
3: noante
4: nogov
6: noante
9: noante
10: nogov
13: noante
20: noante
23: noante
25: nogov
32: noante
35: noante
40: nogov
51: noante
54: noante
61: noante
    61 assoc-scope 46: badtype
68: nogov
70: noante
73: noante
75: nogov
77: noante
79: noante
83: noante
87: noante
89: noante
97: noante
99: nogov
105: noante
108: noante
109: nogov
113: noante
118: noante
122: noante
128: noante
135: noante
136: nogov
138: 
    138 + 137: badtype
141: noante
144: noante
146: nosubj
155: noante
156: noante
161: nogov
164: noante
166: noante
169: noante
175: noante
177: nogov
188: nosubj
193: noante
201: noante
203: nogov
204: noante
207: noante
209: noante
213: nogov nosubj
215: noante
222: noante
224: noante
230: nogov
233: noante
234: nosubj
237: noante
243: noante
247: nogov
251: noante
> redirect ./de/0103-de-morten.info
