> errors
3: noante
4: nogov
8: noante
9: noante
10: noante
15: noante
23: noante
24: noante
27: noante
28: noante
32: noante
39: noante
44: noante
47: nogov
49: noante
56: nogov
60: noante
62: noante
69: noante
70: noante
73: noante
77: noante
83: nosubj
87: nogov
96: nosubj
105: nogov
111: noante
117: noante
120: nogov
121: noante
123: noante
134: nogov
136: noante
137: noante
144: nogov
145: noante
146: noante
152: noante
162: nogov
163: noante
167: noante
171: noante
178: noante
186: noante
190: noante
193: noante
196: nosubj
198: nogov
205: noante
207: noante
> redirect ./de/0107-de-morten.info
