> errors
5: nogov
6: noante
14: noante
16: noante
27: nogov
30: noante
32: noante
35: noante
42: nogov
45: noante
49: noante
54: nogov
57: noante
    57 assoc-scope 48: badtype
59: noante
61: noante
63: noante
68: noante
81: noante
82: nogov
83: noante
86: noante
91: nosubj
93: noante
94: nogov
96: nosubj
98: noante
101: nosubj
104: nosubj
106: noante
109: nosubj
114: noante
123: noante
125: noante
128: nogov
130: noante
133: noante
135: nosubj
142: noante
144: noante
148: noante
149: noante
155: nogov
165: nogov
166: noante
168: noante
178: noante
181: noante
183: nosubj
186: nogov
195: nogov noante
201: noante
208: noante
214: nogov
216: noante
218: nosubj
220: noante
227: nosubj
> redirect ./de/0112-de-morten.info
