> errors
3: nogov
4: noante
9: noante
16: nosubj
27: nogov
29: noante
32: nosubj
36: noante
37: nogov
50: noante
51: nogov
53: nosubj
56: noante
57: noante
59: nosubj
64: noante
69: nogov
70: noante
80: noante
84: noante
85: noante
87: nogov
88: noante
89: noante
95: noante
99: noante
112: noante
113: noante
117: noante
    117 assoc-formal.loc 95: badtype
123: nogov
124: noante
133: nogov noante
137: noante
138: nogov
143: noante
144: nogov
148: noante
149: noante
151: noante
152: nosubj
154: noante
156: nogov
163: noante
168: noante
169: noante
171: noante
182: nogov
187: noante
188: nogov
190: noante
198: noante
217: nogov
218: noante
221: noante
227: noante
228: noante
233: nogov
235: noante
238: nosubj
242: noante
243: noante
246: nosubj
> redirect ./de/0119-de-morten.info
