> errors
2: noante
14: nogov
15: noante
17: noante
19: noante
22: noante
29: noante
33: noante
36: noante
41: nonobj
44: noante
54: noante
57: noante
63: nosubj
71: noante
74: nosubj
78: nogov
79: noante
80: noante
82: noante
92: nogov
97: noante
103: nogov
105: noante
110: noante
112: nogov
115: noante
119: noante
120: noante
124: noante
131: noante
135: noante
137: noante
141: noante
147: nogov
149: noante
152: nogov
154: nonobj
165: 
    165 + 164: badtype
167: nosubj
171: nosubj
174: noante
175: nogov
178: noante
180: noante
182: nosubj
189: nogov
191: noante
195: noante
198: nogov
200: noante
201: noante
205: noante
214: noante
221: noante
> redirect ./de/0133-de-morten.info
