> errors
2: nogov nosubj
3: noante
9: noante
11: nogov
15: noante
16: nogov
17: noante
20: noante
21: nogov
22: noante
26: noante
35: nogov
40: noante
42: noante
45: noante
49: noante
56: noante
62: noante
63: noante
65: noante
67: noante
70: noante
71: noante
82: nogov
85: noante
88: noante
98: nogov
105: noante
107: nogov
115: noante
116: noante
120: noante
121: noante
124: noante
125: nogov
126: nonobj
132: noante
133: nogov noante
    133 poss 132: badtype
139: noante
142: nogov
143: noante
148: noante
149: nogov
150: noante
153: nogov noante
    153 poss 152: badtype
159: noante
164: nogov
165: noante
166: nosubj
170: noante
171: noante
175: noante
180: noante
182: nosubj
187: nogov
188: noante
192: noante
201: nogov nosubj
203: noante
208: 
    208 ¹pnct 201: manygovs
    208 ²subj 210: manygovs
210: nogov
213: noante
223: nogov
228: noante
232: noante
234: 
    234 + 233: badtype
> redirect ./de/0138-de-morten.info
