> errors
3: noante
5: noante
8: nonobj
9: noante
10: nogov
11: noante
13: noante
15: noante
19: noante
25: noante
27: noante
42: noante
45: nogov
59: noante
65: nogov
72: noante
79: noante
81: noante
94: nogov
98: noante
102: noante
111: noante
112: noante
116: nogov noante
118: nosubj
120: nosubj
123: nogov
130: noante
134: noante
137: nosubj
143: noante
147: nogov
167: nogov
169: noante
173: noante
178: noante
179: noante
184: nogov
187: noante
196: noante
202: noante
205: noante
209: nogov
215: noante
217: noante
223: noante
225: noante
> redirect ./de/0141-de-morten.info
