> errors
3: nogov
4: noante
9: noante
11: noante
13: noante
16: nogov
17: noante
21: noante
24: noante
27: noante
29: nogov
33: noante
35: nosubj
37: noante
40: noante
41: nogov
43: noante
50: nogov
51: noante
52: noante
54: noante
60: noante
62: noante
68: noante
69: noante
70: nogov
75: noante
77: noante
80: noante
82: noante
84: noante
90: noante
93: nogov
95: noante
108: nogov
111: noante
116: nogov
119: noante
121: nosubj
125: nosubj
128: noante
135: nogov
136: noante
139: noante
142: nogov
143: noante
147: noante
150: noante
152: noante
156: nogov noante
165: nogov
166: noante
170: noante
173: noante
177: nogov
180: noante
185: nosubj
188: nogov
191: noante
194: noante
195: nogov
196: noante
201: noante
> redirect ./de/0144-de-morten.info
