> errors
2: nogov noante
3: nogov noante
4: nogov
5: nogov noante
6: nogov nonobj
7: nogov noante
8: nogov noante
9: nogov nosubj
10: nogov nosubj
11: nogov
12: nogov nosubj
13: nogov
14: nogov
15: nogov
16: nogov nosubj
17: nogov
18: nogov noante
19: nogov
20: nogov noante
21: nogov
22: nogov noante
23: nogov
24: nogov nosubj
25: nogov nonobj
26: nogov noante
27: nogov noante
28: nogov nosubj
29: nogov
30: nogov nosubj
31: nogov noante
32: nogov
33: nogov nosubj
34: nogov
35: nogov noante
36: nogov nosubj
37: nogov
38: nogov
39: nogov
40: nogov
41: nogov
42: nogov
43: nogov
44: nogov
45: nogov
46: nogov
47: nogov
52: nogov noante
53: nogov
54: nogov noante
55: nogov nosubj
56: nogov
57: nogov noante
58: nogov nonobj
59: nogov noante
60: nogov noante
61: nogov
62: nogov nosubj
63: nogov
64: nogov
65: nogov
66: nogov
67: nogov noante
68: nogov
69: nogov
70: nogov nosubj
71: nogov
72: nogov nonobj
73: nogov noante
74: nogov noante
75: nogov nosubj
76: nogov nosubj
77: nogov
82: nogov noante
83: nogov noante
84: nogov nosubj
85: nogov
86: nogov nonobj
87: nogov noante
88: nogov nosubj
89: nogov nosubj
90: nogov
95: nogov noante
96: nogov
97: nogov noante
98: nogov
99: nogov nosubj
100: nogov
101: nogov
102: nogov
103: nogov nonobj
104: nogov
105: nogov noante
106: nogov nosubj
107: nogov
108: nogov noante
109: nogov noante
110: nogov noante
111: nogov nosubj
112: nogov
117: nogov
118: nogov noante
119: nogov noante
120: nogov
121: nogov noante
122: nogov nonobj
123: nogov noante
124: nogov
125: nogov noante
126: nogov
127: nogov nosubj
128: nogov
129: nogov noante
130: nogov noante
131: nogov
132: nogov nosubj
133: nogov
134: nogov
135: nogov noante
136: nogov
137: nogov noante
138: nogov nosubj
139: nogov
140: nogov noante
141: nogov nonobj
142: nogov noante
143: nogov noante
144: nogov nosubj
145: nogov
146: nogov nosubj
147: nogov
148: nogov
149: nogov noante
150: nogov nosubj
151: nogov nosubj
152: nogov
157: nogov noante
158: nogov
159: nogov noante
160: nogov nonobj
161: nogov noante
162: nogov noante
163: nogov nonobj
164: nogov
165: nogov noante
166: nogov noante
167: nogov nosubj
168: nogov
169: nogov noante
170: nogov noante
171: nogov nonobj
172: nogov noante
173: nogov noante
174: nogov nosubj
175: nogov
176: nogov nosubj
177: nogov
178: nogov noante
179: nogov
180: nogov noante
181: nogov
182: nogov nosubj
183: nogov
184: nogov noante
185: nogov noante
186: nogov
187: nogov nosubj
188: nogov nosubj
189: nogov
> redirect ./de/0148-de-morten.info
