> errors
2: noante
3: nogov
5: nosubj
7: nosubj
10: noante
15: noante
17: noante
19: noante
26: nonobj
27: noante
32: noante
35: nogov
36: noante
37: noante
43: noante
46: noante
48: noante
54: noante
57: noante
60: nogov
61: noante
67: noante
74: noante
75: nogov
76: noante
82: noante
86: noante
89: noante
96: noante
100: noante
109: noante
112: noante
115: noante
119: noante
120: noante
123: nogov
130: noante
136: noante
146: nogov noante
151: noante
152: nogov
155: noante
158: noante
162: noante
166: noante
171: nogov
174: noante
186: nogov
190: noante
209: noante
213: noante
> redirect ./de/0184-de-morten.info
