> errors
2: nogov noante
4: noante
6: noante
8: noante
13: noante
14: nogov
15: noante
20: noante
22: noante
24: noante
26: noante
28: noante
31: noante
42: noante
44: nogov
53: nogov
54: noante
58: noante
60: noante
64: noante
66: noante
67: noante
70: noante
80: noante
83: nogov
84: noante
89: noante
90: noante
91: noante
98: noante
99: noante
102: nosubj
109: noante
110: nogov
111: noante
113: noante
118: noante
119: nogov
120: noante
123: noante
128: noante
133: noante
137: noante
141: noante
143: nogov
144: noante
147: noante
160: noante
163: noante
164: nonobj
166: noante
173: noante
182: nogov
184: noante
186: noante
188: nosubj
192: noante
202: nogov
203: noante
210: noante
219: noante
229: nogov
232: nonobj
233: noante
> redirect ./de/0188-de-morten.info
