> errors
2: noante
6: noante
8: nogov
11: noante
12: noante
14: noante
17: noante
18: noante
23: nogov
24: noante
26: noante
28: nosubj
32: nogov
33: nosubj
36: noante
38: noante
42: noante
45: noante
51: noante
52: nogov
68: noante
71: nogov
72: noante
75: noante
78: noante
79: nogov
81: noante
83: noante
84: nogov
86: noante
89: noante
91: noante
93: nogov
95: noante
96: noante
98: noante
110: nogov
111: noante
116: noante
118: noante
119: nogov
124: noante
129: noante
130: nosubj
132: nosubj
137: noante
139: noante
141: nogov
145: noante
150: nonobj
158: noante
159: nogov
162: noante
163: nosubj
172: noante
174: noante
> redirect ./de/0204-de-morten.info
