> errors
3: noante
7: noante
9: nogov
11: noante
17: nogov
18: noante
19: noante
24: noante
29: noante
33: noante
35: noante
38: noante
41: nogov
42: noante
48: noante
51: noante
53: noante
59: noante
65: nogov nosubj
67: noante
70: noante
72: noante
75: noante
78: noante
84: nogov
85: noante
86: noante
92: noante
94: noante
96: nogov
101: noante
106: noante
113: noante
115: noante
120: nosubj
121: nosubj
131: noante
132: nogov
137: noante
140: noante
142: noante
152: nogov nosubj
154: noante
156: noante
158: noante
160: noante
162: noante
164: nosubj
172: noante
174: noante
175: noante
178: noante
180: noante
185: noante
186: nosubj
188: nogov
189: noante
192: noante
> redirect ./de/0212-de-morten.info
