> errors
2: noante
3: nogov
13: noante
15: nogov
16: noante
21: nogov
22: noante
30: noante
33: noante
35: nogov
49: noante
53: noante
54: nogov
56: noante
59: noante
61: noante
63: noante
64: nogov
65: noante
69: noante
73: noante
75: nogov
83: noante
85: noante
87: noante
88: nogov
89: noante
97: noante
99: noante
101: noante
104: noante
110: noante
111: nogov
112: noante
114: noante
122: noante
131: noante
132: nogov
134: noante
143: noante
146: noante
147: nogov
148: noante
155: noante
163: noante
164: noante
169: noante
175: noante
176: nogov
177: noante
179: noante
181: nosubj
183: noante
186: noante
> redirect ./de/0235-de-morten.info
