> errors
4: nogov
7: noante
10: noante
18: noante
21: nogov
23: noante
24: noante
27: noante
31: noante
37: nogov
38: noante
40: noante
41: nogov
47: noante
51: noante
57: noante
62: noante
63: nogov
66: noante
74: noante
75: nogov
76: noante
77: nonobj
81: noante
89: nosubj
91: noante
92: nogov
98: noante
100: noante
105: noante
106: noante
108: noante
109: noante
118: nogov
122: noante
127: nogov
128: noante
132: noante
135: noante
137: noante
141: nogov noante
143: noante
145: noante
147: noante
150: nosubj
153: noante
157: nogov
162: noante
168: nogov
170: noante
171: nogov
175: noante
177: nogov
182: noante
> redirect ./de/0244-de-morten.info
