> errors
2: nogov noante
15: noante
17: nogov
19: noante
26: nogov noante
31: noante
33: noante
38: noante
47: noante
48: nogov
49: noante
53: noante
55: noante
59: noante
65: nogov noante
74: noante
75: nogov
85: nosubj
86: noante
89: noante
92: noante
96: nogov
97: noante
99: noante
103: noante
104: noante
106: nosubj
109: nogov
110: noante
111: noante
112: nonobj
114: noante
117: noante
123: noante
124: nosubj
131: noante
133: nogov
134: noante
137: noante
138: noante
147: noante
154: noante
162: noante
163: nogov
167: noante
170: nosubj
177: noante
179: noante
190: noante
191: noante
193: nogov
194: noante
195: noante
199: noante
203: nosubj
208: noante
214: nogov noante
> redirect ./de/0260-de-morten.info
