> errors
3: noante
4: noante
6: noante
9: nogov
10: noante
12: noante
15: noante
16: noante
18: noante
28: noante
29: noante
30: nogov
31: noante
35: nogov
50: nogov noante
52: noante
61: nogov
63: noante
69: noante
75: nogov
76: noante
79: noante
84: noante
91: noante
102: nogov
106: nogov
113: nogov
125: noante
130: noante
138: nogov
140: noante
150: noante
163: nogov
164: noante
166: noante
168: noante
176: noante
177: nogov
183: noante
186: noante
192: nogov
196: noante
> redirect ./de/0306-de-morten.info
