> errors
2: noante
4: nogov noante
9: noante
10: nogov
13: noante
15: noante
17: noante
19: noante
23: nogov
24: noante
27: noante
32: noante
37: noante
40: 
    40 + 39: badtype
45: noante
48: noante
54: nogov
55: noante
66: noante
71: nogov
72: noante
74: noante
78: noante
80: nogov
81: noante
85: noante
89: noante
91: noante
97: noante
100: noante
104: nogov
107: noante
113: noante
120: noante
122: nogov
123: noante
127: noante
135: nogov
136: noante
139: noante
144: nosubj
146: noante
148: noante
150: noante
153: noante
156: nosubj
162: noante
165: noante
166: nogov
172: noante
179: noante
181: noante
183: noante
186: noante
190: noante
196: noante
198: nogov
> redirect ./de/0307-de-morten.info
