> errors
4: nogov
5: noante
9: nosubj
13: noante
14: nogov
15: noante
19: noante
20: nogov
21: noante
24: nosubj
25: noante
27: noante
30: noante
32: noante
35: noante
42: nogov
43: noante
48: nogov noante
50: noante
53: noante
56: noante
57: nogov
65: noante
67: nogov
70: noante
74: noante
78: nogov
80: noante
82: nogov
84: noante
86: noante
90: nogov
91: noante
100: noante
102: noante
110: noante
113: noante
117: nogov
118: noante
121: noante
124: noante
133: noante
142: nogov
143: noante
146: noante
153: noante
155: noante
159: nogov noante
162: noante
163: noante
167: noante
176: noante
177: nogov
182: noante
190: noante
194: nogov
195: noante
198: noante
200: noante
205: nogov
206: noante
211: nosubj
213: noante
215: noante
218: nosubj
220: noante
221: noante
222: noante
> redirect ./de/0339-de-morten.info
