> errors
2: noante
4: nogov
5: noante
11: noante
13: noante
15: noante
18: nogov
19: noante
22: noante
30: nogov
31: noante
35: noante
39: noante
54: nogov
55: noante
58: noante
63: noante
65: noante
68: noante
74: nogov
75: noante
77: noante
79: noante
86: noante
89: nogov
90: noante
93: noante
95: nosubj
98: nogov
105: nogov
106: noante
109: nosubj
112: nogov
125: noante
129: noante
135: noante
137: noante
141: noante
144: noante
146: nogov
147: noante
150: noante
154: noante
155: noante
160: noante
162: nogov
163: noante
165: noante
168: noante
175: noante
179: noante
181: noante
184: noante
186: nosubj
193: nogov noante
202: nosubj
207: nogov
212: noante
> redirect ./de/0351-de-morten.info
