> errors
3: noante
5: noante
8: nogov
12: noante
15: noante
19: noante
21: noante
36: nogov
42: noante
44: noante
54: nogov
55: noante
59: noante
65: noante
70: noante
73: noante
81: noante
82: noante
85: noante
91: nogov
94: noante
116: noante
118: noante
119: nogov
121: noante
129: nogov
130: noante
137: noante
140: noante
142: nogov
148: noante
150: noante
153: noante
160: nosubj
166: noante
181: noante
183: nogov
184: noante
189: noante
193: noante
194: nogov
195: noante
198: noante
201: noante
204: noante
206: noante
> redirect ./de/0376-de-morten.info
