> errors
3: nogov
4: noante
6: noante
8: nogov
12: nosubj
15: noante
17: noante
22: nogov
23: noante
24: nonobj
27: noante
30: noante
32: noante
33: nogov
38: noante
40: noante
52: noante
53: noante
59: nogov
64: nogov
65: noante
70: noante
71: noante
81: nogov
87: noante
88: noante
89: noante
93: nosubj
94: noante
102: noante
105: noante
106: nogov
107: noante
110: noante
112: noante
115: noante
116: nogov
117: noante
118: nonobj
121: noante
123: noante
125: noante
129: noante
130: nogov
135: noante
137: noante
146: noante
147: nogov
148: noante
151: noante
152: nogov
153: noante
155: noante
158: noante
160: noante
168: noante
169: nogov
171: noante
176: noante
177: nogov
181: noante
189: noante
191: nosubj
193: noante
194: nogov
198: noante
205: noante
210: noante
211: nogov
214: noante
219: noante
221: noante
222: nogov
224: noante
226: noante
> redirect ./de/0388-de-morten.info
