> errors
3: noante
5: noante
7: noante
10: noante
13: nogov
14: noante
16: nosubj
19: noante
20: nosubj
25: nogov
26: noante
30: noante
31: nogov
34: noante
37: nosubj
43: noante
44: noante
45: noante
52: nosubj
53: noante
56: noante
62: noante
63: noante
73: noante
74: nogov
78: noante
80: noante
82: noante
85: noante
86: noante
    86 ²nobj 85: manygovs
    86 ¹attr 85: manygovs
90: noante
91: nogov
92: noante
93: noante
99: nogov
100: noante
101: noante
108: noante
123: nogov
124: noante
132: nosubj
135: nosubj
138: noante
140: noante
141: noante
142: noante
152: noante
154: noante
157: noante
159: noante
163: nogov
164: noante
165: noante
166: noante
176: noante
179: noante
181: noante
182: nogov
183: noante
184: noante
187: noante
> redirect ./de/0421-de-morten.info
