> errors
2: nogov noante
9: nogov
10: noante
11: noante
14: noante
22: noante
23: nogov
24: noante
28: noante
35: nogov
36: noante
39: noante
42: noante
50: nogov
57: noante
59: nogov
63: noante
67: nogov
72: noante
74: noante
75: noante
79: noante
82: noante
87: noante
91: noante
94: noante
96: noante
99: noante
102: noante
106: noante
107: noante
110: nogov
114: noante
115: nogov
116: noante
122: noante
123: nogov
124: noante
127: noante
128: noante
129: noante
134: noante
137: nosubj
138: nosubj
141: noante
143: noante
146: noante
147: noante
154: noante
159: noante
160: noante
162: nosubj
165: nogov
166: noante
168: noante
173: nogov
174: noante
180: noante
181: nogov
192: noante
199: noante
204: noante
206: nogov
207: noante
208: noante
211: noante
> redirect ./de/0426-de-morten.info
