> errors
2: noante
7: nogov
9: noante
12: noante
13: noante
16: noante
17: noante
22: nogov
32: noante
39: noante
41: nogov
44: noante
45: noante
51: nogov
54: noante
58: noante
61: noante
63: noante
65: noante
67: noante
69: noante
70: noante
78: noante
80: noante
82: noante
84: nogov
85: nonobj
87: noante
89: noante
92: noante
95: noante
99: nogov
109: nogov noante
111: noante
120: noante
125: nogov
126: noante
136: nogov
137: noante
141: noante
147: nogov noante
154: nogov
155: noante
160: noante
164: nogov
167: noante
170: noante
172: noante
178: noante
182: nogov
183: noante
185: noante
189: noante
198: noante
206: nogov noante
211: noante
212: nogov
220: nogov
223: noante
224: noante
229: noante
230: nogov
231: noante
237: noante
> redirect ./de/0431-de-morten.info
