> errors
11: noante
12: noante
17: noante
18: noante
20: nogov
26: noante
33: noante
37: nogov
38: nogov noante
45: nogov
48: noante
62: noante
67: noante
75: noante
82: noante
83: noante
85: nogov
87: noante
94: noante
97: nogov
114: nosubj
115: noante
116: nosubj
119: nogov
120: noante
122: noante
124: noante
129: noante
130: nogov
133: noante
134: noante
135: noante
136: noante
137: nogov
141: noante
144: noante
145: noante
162: noante
165: noante
166: noante
178: nogov
186: noante
> redirect ./de/0531-de-bjarne.info
