> errors
3: nogov noante
9: noante
11: noante
13: noante
16: nogov
17: noante
23: noante
24: nogov
27: noante
31: noante
32: nogov
33: noante
34: noante
37: noante
42: noante
44: nonobj
47: noante
51: noante
62: nogov
63: noante
65: noante
69: noante
80: noante
81: noante
84: noante
85: nogov
86: noante
87: noante
95: noante
96: noante
99: nogov
100: noante
102: noante
103: nogov
104: noante
106: noante
109: noante
111: noante
113: noante
114: nogov
118: nosubj
120: nosubj
121: noante
123: noante
132: noante
134: noante
136: nonobj
137: noante
139: nogov
140: noante
142: noante
143: nogov
144: noante
147: noante
150: noante
153: noante
157: noante
164: noante
165: nogov
168: noante
173: noante
175: noante
182: noante
> redirect ./de/0602-de-morten.info
