> errors
2: noante
4: noante
9: noante
14: noante
18: nogov
19: noante
24: noante
25: noante
27: noante
37: noante
40: noante
52: noante
56: nogov
57: noante
65: nogov
67: noante
74: noante
79: nogov
80: noante
84: noante
88: noante
91: noante
95: nogov nosubj
96: noante
97: noante
101: noante
102: nogov
103: noante
111: nogov noante
117: noante
118: nogov
122: noante
123: noante
132: noante
138: nogov nosubj
139: noante
140: noante
150: noante
152: nogov
153: noante
155: noante
160: nogov
161: noante
162: noante
166: noante
170: noante
176: nogov
177: noante
184: noante
186: noante
187: nogov
190: noante
191: noante
194: noante
> redirect ./de/0620-de-morten.info
