> errors
0: noante
6: noante
12: noante
16: nogov
17: noante
18: noante
20: noante
22: noante
23: noante
41: nosubj
44: noante
46: noante
50: nogov
51: noante
54: noante
55: nogov
60: noante
65: nogov
66: noante
70: noante
75: noante
80: nogov
81: nosubj
82: noante
83: noante
87: noante
88: nogov
89: nogov noante
    89 dobj2 91: badtype
93: nogov noante
95: noante
96: nogov
100: noante
101: noante
103: noante
108: noante
110: noante
112: noante
115: nosubj
116: nogov
117: noante
118: noante
122: noante
124: noante
126: nogov
127: noante
131: nogov
135: noante
136: noante
142: noante
148: nogov
149: noante
150: noante
152: noante
154: noante
155: nogov
159: noante
> redirect ./de/0620-de-bjarne.info
