> errors
3: noante
5: noante
6: noante
8: noante
11: noante
14: noante
16: noante
20: noante
25: nogov
26: noante
34: nosubj
39: nogov
40: noante
41: noante
45: noante
51: noante
55: noante
56: nogov
60: nosubj
64: noante
74: noante
75: nogov
76: noante
84: noante
86: noante
97: nogov
98: noante
101: noante
104: noante
105: noante
108: noante
112: noante
113: nogov
118: noante
120: noante
122: noante
127: noante
134: noante
137: noante
139: noante
143: nosubj
147: noante
149: noante
151: nosubj
152: nosubj
154: nogov
155: noante
159: noante
164: nosubj
168: noante
170: noante
173: nonobj
178: noante
180: noante
> redirect ./de/0647-de-morten.info
