> errors
2: nogov
5: noante
7: noante
11: noante
14: nogov
17: noante
24: noante
26: noante
28: nosubj
31: nogov
35: noante
36: noante
39: noante
41: noante
46: noante
52: noante
55: noante
59: nosubj
60: noante
66: noante
70: noante
80: noante
84: nogov
85: noante
89: nogov noante
97: nogov
101: nogov
104: noante
106: nogov
110: noante
117: noante
119: nogov
122: noante
125: noante
127: noante
135: nonobj
137: nogov
142: nogov
147: nogov
151: noante
152: nogov
153: noante
170: noante
173: nogov
176: noante
181: noante
186: noante
190: noante
195: nogov nosubj
> redirect ./de/0685-de-morten.info
