> errors
2: noante
4: nogov
7: noante
12: noante
13: nogov
14: noante
15: noante
20: nogov
21: noante
28: noante
29: noante
33: noante
34: nosubj
37: noante
40: noante
44: nogov
45: noante
47: noante
51: noante
69: nogov
71: noante
73: noante
76: noante
79: noante
82: noante
85: noante
93: noante
95: noante
102: noante
104: nogov
112: noante
122: nosubj
128: noante
134: nosubj
137: noante
144: noante
152: nogov
153: noante
156: noante
158: nogov
160: noante
163: noante
166: noante
168: noante
171: nogov
176: nonobj
177: noante
180: noante
182: noante
185: noante
188: noante
189: nogov
190: noante
192: noante
193: noante
198: noante
206: nonobj
212: nogov
213: noante
214: noante
220: noante
> redirect ./de/0705-de-morten.info
