> errors
6: noante
8: noante
14: nogov
16: noante
20: noante
21: nogov
31: nogov
32: noante
33: nonobj
36: nogov
37: noante
44: noante
47: noante
49: nogov
55: nosubj
57: nosubj
60: noante
62: nogov
64: noante
65: noante
77: noante
80: noante
82: noante
86: nogov
89: noante
96: noante
97: nogov
98: noante
100: noante
102: nogov noante
104: nogov noante
109: noante
114: nosubj
115: nogov noante
121: nogov
126: noante
129: nogov
130: noante
132: noante
135: noante
141: noante
143: noante
144: nosubj
152: noante
157: nosubj
169: noante
171: noante
181: noante
185: noante
187: noante
190: nosubj
195: nogov
196: noante
200: noante
202: noante
205: noante
209: noante
212: noante
> redirect ./de/0729-de-morten.info
