> errors
2: noante
6: noante
9: noante
11: nogov
12: noante
23: noante
32: noante
35: noante
43: noante
45: noante
47: noante
51: noante
58: nogov
60: noante
63: noante
66: noante
67: noante
76: noante
86: noante
91: noante
92: noante
101: nogov
102: noante
104: nosubj
108: noante
110: noante
112: noante
115: noante
117: noante
119: noante
121: noante
123: noante
130: noante
133: noante
135: nogov nosubj
138: noante
143: noante
144: noante
147: noante
149: noante
154: noante
155: nogov
157: noante
160: noante
165: noante
170: noante
171: noante
172: noante
175: noante
181: nogov
185: noante
188: noante
196: noante
199: nogov
201: noante
202: noante
204: noante
205: noante
209: noante
213: noante
219: nogov
221: noante
222: noante
230: noante
> redirect ./de/0783-de-morten.info
