> errors
3: nogov
4: noante
5: noante
7: noante
9: noante
16: noante
23: noante
24: nogov
25: noante
30: noante
38: noante
41: noante
42: nogov
46: noante
50: noante
60: noante
63: nogov
65: noante
71: noante
75: 
    75 + 74: badtype
85: noante
89: noante
91: nosubj
94: noante
95: noante
99: noante
108: nogov noante
114: noante
115: nogov
116: noante
119: noante
120: noante
123: noante
125: noante
131: nosubj
134: noante
138: nogov
139: noante
146: noante
148: nogov
150: noante
154: noante
155: noante
158: noante
164: nogov
165: noante
168: noante
170: noante
173: noante
178: noante
179: noante
183: noante
184: noante
198: noante
199: nogov
204: noante
209: noante
214: noante
217: noante
222: nogov
> redirect ./de/0800-de-morten.info
