> errors
3: noante
5: noante
8: noante
9: noante
13: nogov
17: noante
19: noante
23: noante
30: nogov
31: noante
36: nosubj
37: noante
38: noante
41: noante
43: noante
45: noante
48: noante
51: noante
63: noante
77: nosubj
78: nogov
79: noante
81: noante
84: noante
88: noante
96: noante
98: noante
101: noante
106: noante
107: noante
109: noante
117: noante
118: nogov
120: noante
124: noante
128: noante
129: nogov
130: noante
132: noante
136: noante
139: noante
142: noante
146: noante
151: noante
157: noante
159: nogov
162: noante
166: noante
168: noante
178: nogov
179: noante
181: noante
> redirect ./de/0805-de-morten.info
