> errors
2: noante
4: noante
5: noante
7: nogov
13: noante
25: noante
29: nogov
30: noante
34: noante
36: noante
38: noante
42: noante
44: noante
45: nogov
48: 
    48 + 47: badtype
53: noante
56: noante
57: noante
72: noante
75: noante
76: noante
78: noante
81: nogov
82: noante
85: noante
87: noante
89: noante
93: nogov
94: noante
98: noante
107: nogov
113: noante
116: nogov
119: noante
120: noante
124: noante
128: nogov
131: noante
138: noante
145: nogov
154: noante
159: nosubj
162: noante
164: noante
167: nogov
168: noante
170: noante
172: noante
176: noante
177: noante
180: noante
183: noante
186: noante
188: nogov
189: noante
191: noante
192: noante
204: noante
208: noante
211: noante
215: nogov
216: noante
218: noante
221: noante
> redirect ./de/0848-de-morten.info
