> errors
2: noante
6: nogov
7: noante
9: noante
11: noante
15: noante
16: nogov
17: noante
20: noante
23: noante
29: noante
30: nogov
31: noante
35: noante
38: noante
40: noante
43: noante
44: nogov
46: noante
48: noante
52: noante
56: noante
57: nogov
62: noante
64: nonobj
65: noante
    65 + 64: badtype
70: noante
79: noante
84: noante
90: nogov
91: noante
103: noante
104: nogov
107: noante
110: noante
114: noante
120: noante
123: noante
125: noante
131: noante
134: noante
140: noante
142: noante
151: nogov nosubj
155: noante
159: noante
175: noante
177: nogov
179: noante
183: noante
186: noante
189: noante
191: nogov
193: noante
201: noante
202: nogov
203: noante
214: noante
220: noante
224: noante
228: noante
230: noante
235: noante
239: noante
240: noante
244: noante
249: nogov
251: noante
> redirect ./de/0863-de-morten.info
