> errors
4: nogov
5: noante
7: noante
15: noante
17: noante
21: nosubj
23: noante
29: noante
32: nogov
42: nogov
43: noante
59: noante
63: nosubj
66: nogov
71: noante
72: nogov
73: noante
75: noante
80: noante
91: noante
92: nogov
93: noante
97: noante
101: noante
102: noante
106: noante
109: noante
114: noante
115: noante
122: noante
128: nogov
133: noante
136: noante
140: noante
151: noante
159: noante
165: nogov
166: noante
172: noante
174: noante
176: noante
178: nogov
182: noante
185: noante
189: noante
191: noante
192: noante
194: noante
198: noante
202: noante
> redirect ./de/0881-de-morten.info
