> errors
2: nogov noante
3: nogov noante
4: nogov
5: nogov noante
6: nogov
7: nogov
8: nogov
9: nogov noante
10: nogov nonobj
11: nogov noante
12: nogov noante
13: nogov noante
14: nogov noante
15: nogov
16: nogov
17: nogov nosubj
18: nogov
19: nogov
20: nogov nosubj
21: nogov
22: nogov
23: nogov
24: nogov noante
25: nogov nonobj
26: nogov noante
27: nogov
28: nogov noante
29: nogov nonobj
30: nogov noante
31: nogov
32: nogov nosubj
33: nogov
34: nogov
39: nogov
40: nogov
41: nogov nosubj
42: nogov
43: nogov
44: nogov nosubj
45: nogov
46: nogov noante
47: nogov
48: nogov noante
49: nogov noante
50: nogov noante
51: nogov noante
52: nogov noante
53: nogov
54: nogov nosubj
55: nogov
56: nogov
57: nogov nonobj
58: nogov noante
59: nogov noante
60: nogov nosubj
61: nogov noante
62: nogov noante
63: nogov
64: nogov noante
65: nogov nonobj
66: nogov noante
67: nogov
68: nogov noante
69: nogov nonobj
70: nogov
71: nogov
72: nogov noante
73: nogov noante
74: nogov noante
75: nogov
76: nogov noante
77: nogov nonobj
78: nogov
79: nogov nonobj
80: nogov
81: nogov noante
82: nogov nosubj
83: nogov nosubj
84: nogov nosubj
85: nogov
86: nogov noante
87: nogov noante
88: nogov nosubj
89: nogov
90: nogov noante
91: nogov noante
92: nogov noante
93: nogov
94: nogov
95: nogov noante
96: nogov nonobj
97: nogov
98: nogov
99: nogov
100: nogov
101: nogov
102: nogov
103: nogov
104: nogov
105: nogov nosubj
106: nogov
107: nogov noante
108: nogov
109: nogov
110: nogov noante
111: nogov nosubj
112: nogov
113: nogov
114: nogov noante
115: nogov noante
116: nogov nosubj
117: nogov
118: nogov nosubj
119: nogov noante
120: nogov
121: nogov noante
122: nogov
123: nogov
124: nogov
125: nogov nosubj
126: nogov
131: nogov
132: nogov nonobj
133: nogov
134: nogov nosubj
135: nogov
136: nogov
137: nogov
138: nogov noante
139: nogov nosubj
140: nogov
141: nogov noante
142: nogov noante
143: nogov noante
144: nogov noante
145: nogov nonobj
146: nogov
147: nogov
148: nogov
149: nogov
150: nogov nonobj
151: nogov
152: nogov
153: nogov nosubj
154: nogov nosubj
155: nogov
160: nogov
161: nogov
162: nogov nosubj
163: nogov
164: nogov noante
165: nogov
166: nogov
167: nogov nosubj
168: nogov noante
169: nogov noante
170: nogov nonobj
171: nogov
172: nogov
173: nogov nosubj
174: nogov noante
175: nogov noante
176: nogov
177: nogov
178: nogov noante
179: nogov
180: nogov
181: nogov noante
182: nogov
183: nogov nosubj
184: nogov noante
185: nogov nonobj
186: nogov
187: nogov nosubj
188: nogov
189: nogov
190: nogov noante
191: nogov noante
192: nogov noante
193: nogov
194: nogov noante
195: nogov noante
196: nogov nosubj
197: nogov
198: nogov
199: nogov
200: nogov noante
201: nogov
202: nogov
203: nogov noante
204: nogov noante
205: nogov noante
206: nogov
207: nogov
208: nogov
209: nogov
210: nogov noante
211: nogov
212: nogov noante
213: nogov noante
214: nogov nosubj
215: nogov
> redirect ./de/0939-de-morten.info
