> errors
2: noante
4: nogov
7: noante
14: nosubj
17: noante
25: nogov
26: noante
31: noante
41: noante
42: nogov
48: noante
51: noante
54: noante
58: nosubj
60: noante
64: nosubj
67: noante
69: nonobj
77: nogov noante
79: noante
86: noante
88: noante
93: noante
94: nogov
95: noante
98: noante
100: noante
103: nosubj
105: nonobj
107: noante
110: noante
112: noante
115: noante
122: noante
125: noante
131: noante
134: noante
136: nogov
137: noante
142: noante
147: noante
152: noante
153: nogov
154: noante
160: noante
163: noante
166: nosubj
169: noante
175: noante
176: nogov
177: noante
180: noante
182: noante
183: noante
189: noante
190: noante
> redirect ./de/0956-de-morten.info
