> errors
4: nogov
5: noante
7: noante
9: noante
14: noante
15: noante
19: noante
25: noante
31: nogov
39: noante
41: nogov
43: noante
44: noante
49: noante
51: nosubj
53: noante
58: noante
60: noante
66: noante
67: noante
72: noante
77: noante
80: noante
84: nogov
93: nogov
94: noante
95: noante
98: noante
101: noante
104: noante
109: nogov
112: noante
114: noante
116: noante
120: noante
123: noante
126: noante
127: nogov
134: noante
141: noante
143: noante
145: noante
146: nogov
150: noante
154: noante
155: noante
159: noante
163: noante
173: nosubj
174: nogov
175: noante
176: noante
180: noante
181: noante
182: noante
187: noante
190: noante
195: noante
197: noante
> redirect ./de/1014-de-morten.info
