> errors
2: noante
3: noante
7: noante
9: noante
11: noante
16: noante
18: noante
30: nogov
37: noante
44: noante
45: nogov
    45 AGENTIVE:cause/(weil) 42: badtype
46: noante
50: noante
56: noante
62: noante
67: noante
68: noante
72: noante
74: noante
81: noante
83: noante
85: noante
100: noante
101: noante
116: noante
124: noante
125: nogov
    125 +AGENTIVE:cause/(weil) 91: badtype
126: noante
127: noante
132: noante
135: noante
142: noante
148: noante
149: noante
158: noante
169: noante
170: noante
175: noante
180: noante
181: noante
188: noante
189: nosubj
192: noante
> redirect ./de/1035-de-morten.info
