> errors
3: noante
5: nogov
9: noante
12: noante
14: noante
18: noante
19: nogov
23: noante
28: noante
29: noante
33: nogov
34: noante
35: noante
38: noante
40: nogov
70: nosubj
72: noante
90: noante
92: noante
98: noante
101: noante
102: nogov nosubj
106: noante
111: noante
112: nosubj
114: noante
118: nogov noante
121: noante
124: noante
126: nosubj
128: nosubj
130: noante
133: nosubj
135: noante
137: noante
138: nosubj
141: noante
142: nosubj
145: noante
146: nosubj
152: noante
154: nogov
157: noante
160: noante
164: noante
169: noante
172: nosubj
173: noante
178: nogov
179: noante
181: noante
184: noante
201: nogov
202: noante
210: nogov
211: noante
214: noante
219: noante
220: noante
225: noante
226: noante
> redirect ./de/1038-de-morten.info
