> errors
2: noante
5: noante
9: nogov
10: noante
12: noante
17: nogov
20: noante
27: noante
30: noante
41: nogov
42: noante
44: noante
49: noante
50: nogov
52: noante
55: noante
56: noante
60: noante
69: noante
73: noante
74: noante
83: noante
88: noante
90: noante
93: noante
95: noante
96: noante
100: nogov
104: noante
106: noante
108: noante
110: noante
119: nogov
121: noante
123: noante
125: noante
126: noante
131: noante
134: noante
135: noante
139: noante
143: noante
145: noante
156: nogov
160: noante
162: noante
165: noante
168: noante
172: noante
175: noante
181: noante
186: nogov
187: noante
193: noante
194: nogov
199: nosubj
200: noante
202: noante
205: noante
209: noante
210: nogov
213: noante
220: noante
> redirect ./de/1241-de-morten.info
