> errors
2: noante
4: nogov
13: noante
16: noante
19: noante
27: noante
31: noante
33: nosubj
35: noante
38: noante
40: noante
43: nosubj
56: noante
60: noante
62: noante
67: noante
81: noante
86: noante
90: noante
111: nosubj
121: noante
124: nosubj
131: nogov
    131 +AGENTIVE:cause 87: badtype
132: noante
134: noante
138: noante
141: noante
142: noante
147: noante
154: noante
156: noante
161: noante
164: noante
173: noante
176: noante
177: noante
180: noante
182: noante
185: noante
189: nonobj
190: noante
194: noante
199: noante
204: noante
207: noante
> redirect ./de/1347-de-morten.info
