> errors
2: noante
3: nogov
6: noante
10: noante
14: noante
20: noante
25: noante
26: noante
29: noante
36: noante
39: noante
41: noante
42: noante
53: noante
55: nogov
58: noante
63: noante
66: noante
70: noante
71: nosubj
74: noante
75: nogov
80: noante
82: noante
87: noante
89: noante
98: noante
100: nogov
102: noante
104: noante
106: noante
109: noante
114: noante
115: noante
119: noante
121: noante
125: noante
126: nogov
128: noante
130: noante
133: noante
139: noante
142: noante
145: noante
149: noante
150: noante
160: noante
163: noante
165: noante
168: noante
176: noante
184: nogov
> redirect ./de/1390-de-morten.info
