> errors
2: noante
3: noante
6: noante
9: noante
13: nogov
17: noante
18: noante
21: noante
23: nogov
32: nogov
33: noante
34: noante
40: noante
46: noante
49: noante
55: noante
63: noante
67: nogov noante
72: noante
82: noante
83: noante
84: nogov
85: noante
86: noante
87: nonobj
89: noante
93: noante
96: noante
100: noante
101: nogov
105: noante
108: nosubj
111: noante
118: noante
121: noante
125: nogov
126: noante
133: noante
139: noante
143: noante
145: nogov
148: noante
150: noante
152: noante
156: noante
164: noante
165: nogov
170: noante
175: noante
177: nogov
179: noante
190: noante
192: noante
> redirect ./de/1408-de-morten.info
