> errors
2: noante
5: nogov
8: noante
10: noante
11: nonobj
12: noante
21: noante
27: noante
30: nogov
31: nonobj
32: noante
38: noante
49: noante
57: noante
59: noante
65: noante
66: noante
70: nogov
72: noante
76: nogov
77: noante
78: noante
80: noante
87: noante
89: noante
97: noante
102: noante
105: nogov
106: noante
119: noante
121: nogov
123: noante
128: noante
131: nogov
139: noante
141: noante
144: noante
149: nogov
150: noante
153: noante
157: noante
159: noante
161: noante
166: noante
171: noante
173: nogov
174: noante
176: noante
186: nogov
187: noante
189: noante
193: noante
194: nogov
199: noante
200: noante
202: noante
204: nogov
206: noante
212: noante
216: noante
218: nogov
220: noante
224: nonobj
225: noante
229: noante
> redirect ./de/1420-de-morten.info
