> errors
2: nogov
3: noante
7: noante
13: noante
15: noante
22: nosubj
25: noante
26: nosubj
28: noante
29: nosubj
31: noante
32: noante
34: noante
36: nosubj
42: nogov noante
51: noante
53: nonobj
55: nogov
59: noante
60: nogov
61: noante
63: noante
69: noante
71: noante
73: noante
75: nogov noante
77: noante
80: noante
85: noante
87: noante
93: noante
96: noante
97: nogov
101: noante
106: noante
113: noante
114: nogov
115: noante
126: noante
128: nogov
129: noante
131: noante
138: noante
142: noante
146: noante
150: noante
154: noante
159: noante
164: noante
168: noante
169: noante
175: noante
176: noante
184: noante
187: noante
> redirect ./de/1428-de-morten.info
