> errors
2: nogov
4: noante
10: noante
21: nogov
22: noante
26: noante
28: noante
35: noante
42: nogov
45: noante
54: noante
57: noante
67: noante
70: noante
72: noante
76: noante
79: noante
82: noante
89: nogov
90: noante
102: noante
103: noante
108: noante
109: nogov
111: noante
116: noante
121: noante
126: noante
136: nogov
143: noante
146: noante
149: nogov
150: noante
155: noante
157: noante
160: noante
162: nogov
163: nonobj
172: noante
175: noante
178: nogov
180: noante
182: nosubj
186: noante
192: noante
194: noante
197: noante
200: nogov
205: noante
211: nonobj
> redirect ./de/1429-de-morten.info
