> errors
2: nogov nonobj
3: nogov noante
4: nogov noante
9: nogov noante
10: nogov noante
11: nogov nonobj
12: nogov noante
13: nogov nonobj
14: nogov
15: nogov
16: nogov nosubj
17: nogov nosubj
18: nogov nonobj
19: nogov noante
20: nogov
21: nogov
22: nogov nonobj
23: nogov noante
24: nogov
25: nogov nonobj
26: nogov noante
27: nogov noante
28: nogov noante
29: nogov nonobj
30: nogov noante
31: nogov
32: nogov nosubj
33: nogov nosubj
34: nogov
35: nogov noante
36: nogov
37: nogov
42: nogov noante
43: nogov
44: nogov nosubj
45: nogov noante
46: nogov noante
47: nogov noante
48: nogov nonobj
49: nogov noante
50: nogov
51: nogov noante
52: nogov noante
53: nogov
54: nogov nosubj
55: nogov noante
56: nogov noante
57: nogov noante
58: nogov
59: nogov noante
60: nogov nosubj
61: nogov nonobj
62: nogov noante
63: nogov nonobj
64: nogov noante
65: nogov noante
66: nogov nonobj
67: nogov noante
68: nogov noante
69: nogov noante
70: nogov noante
71: nogov nosubj
72: nogov nosubj
73: nogov nonobj
74: nogov nosubj
75: nogov
76: nogov
77: nogov nonobj
78: nogov noante
79: nogov
80: nogov
85: nogov nosubj
86: nogov noante
87: nogov nosubj
88: nogov noante
89: nogov noante
90: nogov nonobj
91: nogov
92: nogov
93: nogov
94: nogov noante
95: nogov noante
96: nogov nosubj
97: nogov nosubj
98: nogov nonobj
99: nogov noante
100: nogov noante
101: nogov
102: nogov
103: nogov noante
104: nogov
107: nogov
108: nogov
109: nogov nosubj
110: nogov noante
111: nogov noante
112: nogov
113: nogov noante
114: nogov nosubj
115: nogov nonobj
116: nogov
117: nogov
118: nogov
119: nogov nosubj
120: nogov
125: nogov noante
126: nogov
127: nogov noante
128: nogov nonobj
129: nogov noante
130: nogov
131: nogov
132: nogov
133: nogov noante
134: nogov
135: nogov noante
136: nogov
137: nogov noante
138: nogov
139: nogov
140: nogov
141: nogov noante
142: nogov
143: nogov nosubj
144: nogov
145: nogov nosubj
146: nogov nonobj
147: nogov noante
148: nogov
153: nogov noante
154: nogov noante
155: nogov
156: nogov nonobj
157: nogov
158: nogov noante
159: nogov nosubj
160: nogov noante
161: nogov noante
162: nogov noante
163: nogov nosubj
164: nogov nosubj
165: nogov
166: nogov
167: nogov nonobj
168: nogov noante
169: nogov nonobj
170: nogov noante
171: nogov
174: nogov nonobj
175: nogov noante
176: nogov noante
177: nogov noante
178: nogov nonobj
179: nogov noante
180: nogov noante
181: nogov nosubj
182: nogov nosubj
183: nogov
184: nogov
185: nogov noante
186: nogov nonobj
187: nogov noante
188: nogov noante
189: nogov
190: nogov noante
191: nogov noante
192: nogov
193: nogov
194: nogov noante
195: nogov noante
196: nogov
197: nogov nonobj
198: nogov
199: nogov
200: nogov
201: nogov
202: nogov nosubj
203: nogov noante
204: nogov noante
205: nogov nonobj
206: nogov nosubj
207: nogov
208: nogov noante
209: nogov
210: nogov
211: nogov noante
212: nogov nosubj
213: nogov
216: nogov
217: nogov
218: nogov nosubj
219: nogov noante
220: nogov noante
221: nogov noante
222: nogov nosubj
223: nogov nonobj
224: nogov noante
225: nogov nonobj
226: nogov noante
227: nogov noante
228: nogov
229: nogov
230: nogov noante
231: nogov
232: nogov
237: nogov
238: nogov noante
239: nogov noante
240: nogov
241: nogov noante
242: nogov noante
243: nogov nosubj
244: nogov
245: nogov noante
246: nogov
247: nogov
248: nogov nonobj
249: nogov noante
250: nogov
251: nogov
252: nogov nosubj
253: nogov
254: nogov noante
255: nogov
> redirect ./it/0005-it-morten.info
