> errors
2: nogov
3: noante
4: noante
9: noante
12: noante
16: nogov
19: noante
23: noante
26: noante
27: noante
30: noante
42: nogov noante
45: noante
46: noante
49: noante
51: noante
52: noante
54: nosubj
55: noante
56: noante
59: noante
62: noante
64: noante
67: noante
69: noante
73: nonobj
78: noante
85: nosubj
86: noante
87: nogov
88: noante
94: noante
97: nosubj
99: noante
100: noante
103: noante
109: nosubj
110: noante
111: noante
119: nogov nosubj
125: noante
127: noante
129: noante
133: noante
137: noante
141: noante
143: nogov
145: nosubj
147: noante
153: noante
158: noante
159: nogov
160: noante
161: noante
168: noante
170: noante
175: noante
176: noante
179: noante
181: nogov
187: noante
190: noante
194: noante
195: noante
203: noante
205: nonobj
211: noante
212: nosubj
219: noante
224: noante
226: noante
227: noante
238: noante
239: noante
242: noante
243: nosubj
249: noante
252: nogov
254: noante
> redirect ./it/0005-it-lisa.info
