> errors
2: nogov
3: nogov noante
4: nogov noante
5: nogov nosubj
6: nogov
7: nogov nosubj
8: nogov
9: nogov nonobj
10: nogov
11: nogov
12: nogov nosubj
13: nogov nosubj
14: nogov
15: nogov noante
16: nogov
19: nogov
20: nogov
21: nogov nosubj
22: nogov nosubj
23: nogov nonobj
24: nogov nosubj
25: nogov
26: nogov noante
27: nogov noante
28: nogov nosubj
29: nogov nosubj
30: nogov nonobj
31: nogov
32: nogov
33: nogov nonobj
34: nogov noante
35: nogov
36: nogov
37: nogov noante
38: nogov noante
39: nogov nosubj
40: nogov
41: nogov noante
42: nogov
43: nogov
44: nogov nosubj
45: nogov
46: nogov
47: nogov
48: nogov noante
49: nogov
50: nogov nonobj
51: nogov noante
52: nogov nonobj
53: nogov noante
54: nogov nosubj
55: nogov nosubj
56: nogov noante
57: nogov noante
58: nogov noante
59: nogov
60: nogov
61: nogov nosubj
62: nogov noante
63: nogov
64: nogov noante
65: nogov
66: nogov
67: nogov nonobj
68: nogov noante
69: nogov noante
70: nogov nosubj
71: nogov nonobj
72: nogov
73: nogov
78: nogov noante
79: nogov
80: nogov nosubj
81: nogov nonobj
82: nogov noante
83: nogov
84: nogov nonobj
85: nogov noante
86: nogov
87: nogov noante
88: nogov nonobj
89: nogov noante
90: nogov nosubj
91: nogov nosubj
92: nogov nosubj
93: nogov
94: nogov noante
95: nogov noante
96: nogov
97: nogov noante
98: nogov noante
99: nogov
100: nogov nosubj
101: nogov nonobj
102: nogov nosubj
103: nogov noante
104: nogov
105: nogov
110: nogov nonobj
111: nogov noante
112: nogov nonobj
113: nogov noante
114: nogov noante
115: nogov noante
116: nogov noante
117: nogov nonobj
118: nogov
119: nogov
120: nogov nosubj
121: nogov nonobj
122: nogov noante
123: nogov
124: nogov
125: nogov noante
126: nogov nosubj
127: nogov
128: nogov
129: nogov noante
130: nogov noante
131: nogov noante
132: nogov nonobj
133: nogov noante
134: nogov nosubj
135: nogov nosubj
136: nogov
137: nogov noante
138: nogov
139: nogov nonobj
140: nogov
141: nogov noante
142: nogov noante
143: nogov nosubj
144: nogov nosubj
145: nogov noante
146: nogov nonobj
147: nogov noante
148: nogov
153: nogov noante
154: nogov
155: nogov noante
156: nogov nosubj
157: nogov
158: nogov nonobj
159: nogov nosubj
160: nogov nonobj
161: nogov
162: nogov noante
163: nogov noante
164: nogov
165: nogov
166: nogov
167: nogov nosubj
168: nogov
169: nogov nosubj
170: nogov noante
171: nogov noante
172: nogov
175: nogov
176: nogov nonobj
177: nogov
178: nogov
179: nogov noante
180: nogov noante
181: nogov noante
182: nogov nosubj
183: nogov
184: nogov
185: nogov
186: nogov
187: nogov
188: nogov nosubj
189: nogov nosubj
190: nogov noante
191: nogov
192: nogov nonobj
193: nogov nosubj
194: nogov nosubj
195: nogov
198: nogov
199: nogov
200: nogov nosubj
201: nogov noante
202: nogov noante
203: nogov nonobj
204: nogov
205: nogov noante
206: nogov nonobj
207: nogov nosubj
208: nogov nosubj
209: nogov
210: nogov noante
211: nogov noante
212: nogov nonobj
213: nogov
214: nogov noante
215: nogov
> redirect ./it/0029-it-morten.info
