> errors
2: noante
3: nogov
8: nogov noante
9: nogov noante
10: nogov noante
11: nogov nosubj
12: nogov
13: nogov
14: nogov nonobj
15: nogov noante
16: nogov noante
17: nogov
18: nogov noante
19: nogov
20: nogov nonobj
21: nogov noante
22: nogov noante
23: nogov nonobj
24: nogov noante
25: nogov
26: nogov noante
27: nogov
28: nogov nosubj
29: nogov noante
30: nogov noante
31: nogov
32: nogov nonobj
33: nogov noante
34: nogov
35: nogov noante
36: nogov
37: nogov
38: nogov
39: nogov
40: nogov noante
41: nogov
42: nogov noante
43: nogov
48: nogov noante
49: nogov noante
50: nogov nonobj
51: nogov noante
52: nosubj
53: nogov nosubj
54: nogov
55: nogov noante
56: nogov nonobj
57: nogov noante
58: nogov nonobj
59: nogov noante
60: nogov
61: nogov nonobj
62: nogov
63: nogov noante
64: nogov nonobj
65: nogov
66: nogov noante
67: nogov noante
68: nogov nosubj
69: nogov noante
70: nogov
71: nogov noante
72: nogov
73: nogov
74: nogov noante
75: nogov noante
76: nogov nosubj
77: nogov noante
78: nogov
79: nogov
84: nogov noante
85: nogov
86: nogov noante
87: nogov
88: nogov noante
89: nogov
90: nogov noante
91: nogov
92: nogov
93: nogov noante
94: nogov
99: nogov noante
100: nogov nosubj
101: nogov
102: nogov noante
103: nogov noante
104: nogov
105: nogov
106: nogov noante
107: nogov noante
108: nogov nonobj
109: nogov noante
110: nogov noante
111: nogov noante
112: nosubj
113: nogov nonobj
114: nogov noante
115: nogov noante
116: nogov
117: nogov nonobj
118: nogov
119: nogov noante
120: nogov
125: nogov nonobj
126: nogov noante
127: nogov noante
128: nogov noante
129: nogov nosubj
    129 +TIME:time 114: badtype
130: nogov
131: nogov
132: nogov noante
133: nogov noante
134: nogov nosubj
135: nogov nosubj
136: nogov nosubj
137: nogov
138: nogov noante
139: nogov
140: nogov
141: nogov nonobj
142: nogov
143: nogov nosubj
144: nogov nonobj
145: nogov nonobj
146: nogov
147: nogov
148: nogov noante
149: nogov nosubj
150: nogov nonobj
151: nogov noante
152: nogov
157: nogov
158: nogov
159: nogov nosubj
160: nogov
161: nogov noante
162: nogov noante
163: nogov nonobj
164: nogov noante
165: nosubj
166: nogov nosubj
167: nogov
168: nogov noante
169: nogov
170: nogov noante
171: nogov
176: nogov
    176 ¤elab:exp 161: badtype
177: nogov noante
178: nogov noante
179: nogov nosubj
180: nogov
181: nogov noante
182: nogov
183: nogov noante
184: nogov
185: nogov nonobj
186: nogov
187: nogov noante
188: nogov noante
189: nogov
190: nogov
191: nogov nosubj
192: nogov noante
193: nogov noante
194: nogov
195: nogov nonobj
196: nogov noante
197: nogov
198: nogov
203: nogov
204: nogov nonobj
205: nogov noante
206: nogov
207: nogov noante
208: nogov nonobj
209: nogov noante
210: nogov nonobj
211: nogov
212: nogov noante
213: nogov noante
214: nogov nosubj
215: nogov nosubj
216: nogov noante
217: nogov noante
218: nogov noante
219: nogov
220: nogov
221: nogov noante
222: nosubj
223: nogov nosubj
224: nogov nonobj
225: nogov noante
226: nogov
231: nogov
232: nogov
233: nogov noante
234: nogov
235: nogov noante
236: nogov nonobj
237: nogov noante
238: nogov
239: nogov noante
240: nogov nonobj
241: nogov noante
242: nosubj
243: nogov nonobj
244: nogov noante
245: nogov
246: nogov noante
247: nogov nonobj
248: nogov
249: nogov noante
250: nogov
251: nogov
252: nogov
253: nogov
254: nogov
> redirect ./it/0043-it-disc-morten.info
