> errors
2: nogov noante
8: noante
10: noante
11: nogov
15: noante
16: noante
21: noante
24: noante
26: noante
28: nosubj
29: noante
33: noante
35: noante
40: noante
42: noante
48: noante
51: noante
52: nogov
57: noante
59: noante
69: noante
74: noante
77: noante
84: noante
86: noante
88: noante
90: noante
93: noante
99: noante
102: noante
106: noante
109: noante
112: nogov
114: noante
119: noante
126: noante
128: noante
129: nogov
132: noante
136: nosubj
138: noante
144: nonobj
148: noante
151: noante
159: nosubj
161: noante
164: noante
165: nogov
166: nosubj
168: noante
176: nogov
181: noante
187: noante
192: noante
196: noante
205: noante
207: noante
209: noante
216: noante
218: noante
222: nogov
223: nosubj
225: noante
233: noante
237: noante
241: noante
242: nogov
244: noante
> redirect ./it/0043-it-lisa.info
