> errors
5: noante
7: nogov
8: nosubj
9: noante
22: noante
25: nogov
27: noante
29: nosubj
30: nonobj
32: noante
35: noante
47: nogov
59: nogov
65: noante
67: nogov
69: nosubj
78: noante
80: noante
83: nogov
84: noante
87: noante
96: nogov noante
97: nosubj
101: noante
105: nogov noante
107: noante
108: noante
113: nosubj
117: noante
126: nosubj
129: noante
    129 {prg} 130: badtype
132: noante
137: nogov
139: nosubj
141: noante
153: noante
154: nogov
156: noante
157: noante
158: nosubj
159: nosubj
165: noante
172: noante
176: nogov nosubj
181: noante
185: noante
194: noante
197: nogov noante
209: noante
211: noante
212: nogov
220: nogov
224: noante
226: noante
228: noante
235: noante
237: nogov
240: nosubj
244: noante
246: noante
247: nogov
249: noante
253: nogov noante
254: nosubj
255: noante
263: noante
272: noante
275: nogov
277: noante
280: noante
282: noante
285: noante
287: noante
291: noante
> redirect ./it/0061-it-morten.info
