> errors
5: noante
7: nogov
9: noante
22: noante
29: nosubj
30: nonobj
31: nosubj
32: noante
34: nosubj
35: noante
65: noante
69: nosubj
78: noante
79: nogov
80: noante
84: noante
87: noante
96: noante
97: nosubj
101: noante
105: noante
107: noante
108: noante
117: noante
126: nosubj
129: noante
130: noante
132: noante
141: noante
149: noante
153: noante
156: noante
157: noante
158: nosubj
159: nosubj
165: noante
172: noante
176: nosubj
181: noante
185: noante
194: noante
197: noante
209: noante
211: noante
220: nogov
    220 ¤elab:exp 212: badtype
224: noante
226: noante
228: noante
235: noante
244: noante
246: noante
249: noante
253: noante
254: nosubj
255: noante
263: noante
272: noante
277: noante
280: noante
282: noante
284: nogov
285: noante
287: noante
291: noante
> redirect ./it/0061-it-disc-morten.info
