> errors
3: noante
4: noante
5: noante
9: noante
10: noante
14: nogov
16: noante
18: nosubj
24: noante
26: nosubj
31: noante
33: noante
35: noante
40: noante
44: nogov
46: nosubj
49: nosubj
51: nosubj
62: noante
65: noante
69: nogov
75: noante
82: noante
83: noante
84: noante
90: nosubj
94: nonobj
95: nosubj
97: noante
104: nosubj
111: nogov nosubj
118: noante
121: noante
122: nogov
125: noante
128: noante
130: noante
134: noante
136: noante
139: noante
142: noante
143: nosubj
144: nosubj
148: noante
154: nogov
155: noante
156: nonobj
157: nonobj
164: noante
171: noante
176: noante
178: nonobj
179: nosubj
181: noante
182: nogov
191: noante
197: noante
205: nonobj
206: nosubj
207: noante
209: noante
211: noante
213: noante
216: nogov noante
218: noante
227: noante
> redirect ./it/0079-it-morten.info
