> errors
2: nogov nosubj
3: nonobj
7: noante
8: nosubj
11: noante
15: noante
26: noante
27: noante
29: nogov
32: noante
35: noante
40: noante
42: noante
44: noante
50: nogov noante
52: noante
53: noante
54: noante
56: noante
62: nosubj
72: noante
73: nosubj
75: noante
77: noante
80: noante
83: noante
88: noante
92: noante
96: noante
101: noante
108: noante
110: noante
118: noante
122: noante
128: noante
133: noante
136: noante
138: noante
142: noante
143: nogov
154: nogov
156: noante
160: noante
163: noante
165: noante
167: noante
170: noante
172: noante
173: noante
175: noante
180: noante
182: noante
189: nosubj
190: noante
191: nosubj
193: noante
194: noante
198: noante
> redirect ./it/0086-it-morten.info
