> errors
2: noante
4: noante
9: nonobj
10: nosubj
12: nogov
13: noante
22: noante
25: noante
31: noante
33: noante
35: noante
36: noante
38: noante
42: noante
43: noante
50: nogov
    50 +¤elab 41: badtype
53: noante
55: noante
57: noante
58: noante
61: noante
64: noante
67: noante
69: nosubj
72: noante
76: noante
79: noante
81: nonobj
82: nosubj
83: noante
87: noante
91: noante
103: noante
106: noante
110: noante
112: noante
114: noante
117: noante
120: noante
124: noante
126: nonobj
127: nosubj
128: noante
130: nosubj
138: noante
144: noante
145: nonobj
146: nosubj
150: noante
153: noante
156: noante
166: noante
172: noante
174: noante
180: nosubj
190: noante
192: noante
207: noante
208: noante
211: noante
213: noante
214: noante
218: noante
219: noante
222: nonobj
223: nosubj
225: noante
227: nosubj
229: noante
232: noante
237: 
    237 + 236: badtype
241: 
    241 + 240: badtype
247: noante
255: noante
> redirect ./it/0091-it-disc-morten.info
