> errors
5: noante
6: nogov
8: noante
11: noante
13: noante
15: nosubj
17: noante
20: nonobj
34: noante
35: noante
36: nogov
    36 CONJ:add:seq 6: badtype
38: noante
40: noante
41: noante
43: nosubj
44: noante
50: nogov
    50 CONJ:add:seq 36: badtype
51: noante
53: noante
55: noante
57: noante
61: noante
62: nosubj
64: noante
67: noante
76: nogov
    76 +CONJ:add:seq 50: badtype
77: nosubj
80: noante
82: noante
84: noante
86: noante
88: noante
89: noante
95: noante
98: noante
99: noante
101: noante
102: noante
106: noante
107: nonobj
108: nosubj
113: noante
116: noante
122: noante
126: nosubj
128: nonobj
129: nosubj
130: noante
133: nosubj
136: noante
144: nonobj
148: noante
150: noante
152: nosubj
158: noante
160: nosubj
162: nosubj
166: noante
172: noante
179: noante
181: nosubj
184: noante
185: nosubj
186: noante
189: noante
193: noante
195: nosubj
196: noante
198: nonobj
199: nosubj
200: noante
203: noante
206: noante
212: noante
218: noante
219: noante
224: noante
229: nosubj
234: noante
236: noante
> redirect ./it/0101-it-disc-morten.info
