> errors
5: noante
6: nogov nosubj
8: noante
11: noante
13: noante
15: nosubj
17: noante
21: noante
34: noante
35: noante
36: nogov
37: nosubj
38: noante
40: noante
41: noante
43: nosubj
44: noante
50: nogov
51: noante
53: noante
55: noante
57: noante
61: noante
62: nosubj
64: noante
67: noante
76: nogov
77: nosubj
80: noante
82: noante
84: noante
86: noante
88: noante
89: noante
95: noante
96: nogov
97: nosubj
98: noante
99: noante
    99 *[subj] 126: badtype
101: noante
102: noante
106: noante
107: nonobj
113: noante
116: noante
119: nosubj
122: noante
126: 
    126 *[subj] 127: badtype
    126 *[subj] 129: badtype
    126 *[subj] 133: badtype
128: nonobj
130: noante
133: 
    133 *[subj] 135: badtype
146: nogov
148: noante
150: noante
158: noante
162: nosubj
166: noante
172: nogov noante
178: 
    178 *[subj] 185: badtype
179: noante
181: nogov nosubj
183: nosubj
184: noante
189: noante
194: nogov
198: nonobj
200: noante
203: noante
206: noante
212: noante
219: noante
    219 *[subj] 228: badtype
    219 *[subj] 231: badtype
224: noante
225: nogov
226: nosubj
234: noante
236: noante
> redirect ./it/0101-it-morten.info
