> errors
2: nogov nonobj
3: nogov
4: nogov noante
5: nogov nosubj
6: nogov nosubj
7: nogov nosubj
8: nogov noante
9: nogov
10: nogov noante
11: nogov nosubj
12: nogov noante
13: nogov
14: nogov noante
15: nogov
16: nogov
17: nogov noante
18: nogov
19: nogov
20: nogov
21: nogov
22: nosubj
23: nogov nosubj
24: nogov nonobj
25: nogov
26: nogov
27: nogov nosubj
28: nogov
29: nogov nosubj
30: nogov nosubj
31: nogov noante
32: nogov noante
33: nogov noante
34: nogov nosubj
35: nogov
36: nogov noante
37: nogov
38: nogov noante
39: nogov noante
40: nogov nosubj
41: nogov nonobj
42: nogov noante
43: nogov
44: nogov nonobj
45: nogov
46: nogov noante
47: nogov
48: nogov
49: nogov nosubj
50: nogov nosubj
51: nogov nonobj
52: nogov nosubj
53: nogov noante
54: nogov
55: nogov
56: nogov noante
57: nogov
58: nogov nonobj
59: nogov noante
60: nogov noante
61: nogov nosubj
62: nogov noante
63: nogov
64: nogov noante
65: nogov
66: nogov nosubj
67: nogov noante
68: nogov
69: nogov
70: nogov
71: nogov
72: nogov
73: nogov noante
74: nogov
75: nogov
76: nogov noante
77: nogov
78: nogov
79: nogov nonobj
80: nogov noante
81: nogov
82: nogov
83: nogov
84: nogov noante
85: nogov
86: nogov noante
87: nogov noante
88: nogov
89: nogov
92: nogov
93: nogov
94: nogov nonobj
95: nogov noante
96: nogov
    96 AGENTIVE:cause/perché 22: badtype
97: nogov
98: nogov
99: nogov noante
100: nogov noante
101: nogov nonobj
102: nogov noante
103: nogov
106: nogov
107: nosubj
108: nogov noante
109: nogov noante
110: nogov nonobj
111: nogov nosubj
112: nogov noante
113: nogov noante
114: nogov
115: nogov nosubj
116: nogov
117: nogov
118: nogov nosubj
119: nogov nosubj
120: nogov nonobj
121: nogov nosubj
122: nogov noante
123: nogov
124: nogov nonobj
125: nogov
126: nogov noante
127: nogov
132: nogov noante
133: nosubj
134: nogov
135: nogov nosubj
136: nogov nonobj
137: nogov noante
138: nogov noante
139: nogov
140: nogov nonobj
141: nogov noante
142: nogov noante
143: nogov
144: nogov noante
145: nogov noante
146: nogov
147: nogov nosubj
148: nogov nonobj
149: nogov noante
150: nogov noante
151: nogov noante
152: nogov
153: nogov
154: nogov
155: nogov
156: nogov noante
157: nogov noante
158: nogov nonobj
159: nogov noante
160: nogov
161: nogov nonobj
162: nogov noante
163: nogov nonobj
164: nogov noante
165: nogov nonobj
166: nogov noante
167: nogov nosubj
168: nogov
171: noante
172: nogov
173: nogov noante
174: nogov
175: nogov
180: nogov noante
181: nogov noante
182: nogov nosubj
    182 +AGENTIVE:cause|expl 171: badtype
183: nogov
184: nogov nonobj
185: nogov nosubj
186: nogov
187: nogov nosubj
188: nogov nonobj
189: nogov noante
190: nogov nonobj
191: nogov noante
192: nogov
193: nogov nonobj
194: nogov noante
195: nogov noante
196: nogov
197: nogov
198: nogov nosubj
199: nogov nonobj
200: nogov noante
201: nogov noante
202: nogov noante
203: nogov
204: nogov noante
205: nogov noante
206: nogov
> redirect ./it/0102-it-disc-morten.info
