> errors
3: noante
5: noante
11: nosubj
13: nosubj
14: noante
23: noante
25: noante
27: noante
28: nogov
30: noante
36: noante
37: noante
39: noante
40: noante
44: nosubj
46: nosubj
47: noante
48: nonobj
49: nosubj
50: noante
51: nosubj
52: noante
54: noante
56: noante
57: noante
63: noante
65: noante
66: noante
68: noante
76: noante
83: noante
85: noante
87: noante
89: noante
91: nonobj
94: noante
96: noante
98: noante
102: noante
108: noante
111: noante
112: noante
113: noante
125: nosubj
127: nosubj
128: noante
132: nonobj
133: nosubj
134: noante
138: nosubj
140: noante
142: nosubj
144: noante
153: nosubj
154: noante
156: noante
164: noante
167: nosubj
169: noante
171: noante
174: noante
175: noante
177: noante
181: noante
187: noante
191: noante
194: noante
197: noante
199: noante
201: nosubj
204: noante
205: noante
208: noante
211: noante
213: noante
220: noante
222: noante
223: noante
224: nogov
    224 +TIME:time/nel_frattempo 188: badtype
226: noante
229: noante
231: nosubj
236: noante
237: noante
242: nosubj
244: noante
250: nosubj
254: noante
256: noante
258: noante
261: noante
267: nosubj
268: noante
272: noante
274: noante
278: noante
> redirect ./it/0103-it-disc-morten.info
