> errors
0: noante
3: noante
4: noante
6: noante
11: noante
16: noante
20: noante
23: nogov
28: noante
35: noante
38: noante
41: noante
44: noante
47: noante
49: noante
50: nogov
55: noante
62: noante
66: noante
67: noante
69: noante
73: noante
74: noante
75: noante
78: noante
82: noante
96: noante
98: noante
101: nogov
112: nosubj
122: nogov
124: nosubj
132: noante
136: noante
138: nosubj
143: noante
150: noante
154: noante
155: nogov
157: noante
161: nosubj
165: noante
166: noante
170: nogov nosubj
176: noante
181: noante
183: nosubj
195: noante
199: noante
200: noante
204: nogov
205: noante
208: noante
213: noante
215: noante
217: noante
219: noante
221: noante
224: nogov
230: noante
233: noante
235: noante
> redirect ./it/0104-it-lisa.info
