> errors
4: nosubj
6: noante
9: noante
11: noante
13: noante
18: noante
23: nosubj
25: nosubj
28: noante
30: noante
31: nonobj
32: nosubj
33: noante
36: noante
40: noante
45: noante
47: noante
49: noante
53: nogov
55: noante
61: noante
64: noante
66: nosubj
68: noante
70: noante
75: noante
79: nonobj
80: nosubj
81: noante
87: noante
89: nonobj
90: nosubj
92: nonobj
96: noante
100: noante
107: noante
111: nonobj
116: noante
118: noante
127: noante
129: nosubj
130: noante
132: noante
134: noante
136: noante
143: noante
146: noante
151: nonobj
161: noante
163: noante
165: noante
167: noante
170: noante
173: noante
177: noante
180: noante
185: noante
191: noante
193: noante
194: noante
198: noante
204: noante
209: noante
217: noante
221: nosubj
225: noante
240: noante
243: noante
> redirect ./it/0107-it-disc-morten.info
