> errors
4: nogov nosubj
    4 coref* 55: badtype
6: noante
9: noante
11: noante
13: noante
18: noante
23: nosubj
    23 *coref 8: badtype
25: nosubj
28: noante
30: noante
31: nonobj
33: noante
36: noante
40: noante
45: noante
47: noante
49: noante
53: nogov
55: noante
62: nogov nosubj
64: noante
68: noante
70: noante
75: noante
79: nonobj
81: noante
87: noante
89: nonobj
92: nonobj
96: noante
104: nogov
107: noante
109: nosubj
111: nonobj
116: noante
118: noante
127: noante
129: nosubj
130: noante
132: noante
134: noante
136: noante
143: noante
146: noante
148: nogov
150: nosubj
151: nonobj
160: nogov
161: noante
163: noante
165: noante
167: noante
173: noante
177: noante
180: noante
185: noante
192: nogov
193: noante
198: noante
204: noante
209: noante
225: noante
228: nogov
240: noante
> redirect ./it/0107-it-morten.info
