> errors
7: noante
9: noante
12: nogov
14: noante
22: noante
26: nosubj
30: noante
50: noante
52: noante
55: noante
58: noante
66: noante
69: nosubj
71: noante
74: noante
80: noante
81: nosubj
83: noante
87: noante
93: noante
96: nosubj
99: noante
100: nosubj
112: nonobj
113: noante
114: noante
123: noante
126: noante
130: noante
136: noante
137: noante
141: noante
143: noante
145: noante
152: nosubj
153: noante
154: noante
158: noante
170: nosubj
179: nosubj
182: noante
185: noante
187: noante
189: nonobj
190: nosubj
191: noante
192: noante
202: noante
203: noante
205: nonobj
206: nosubj
208: nosubj
218: noante
225: noante
227: noante
234: noante
236: noante
238: noante
241: noante
244: noante
249: noante
251: noante
252: noante
> redirect ./it/0134-it-disc-morten.info
