> errors
2: nogov nonobj
3: nogov
4: nogov
5: nogov noante
6: nogov
7: nogov
8: nogov noante
9: nogov
10: nogov noante
11: nogov
12: nogov nosubj
13: nogov
14: nogov noante
15: nogov nonobj
16: nogov noante
17: nogov noante
18: nogov
21: nosubj
22: nogov nosubj
23: nogov
24: nogov noante
25: nogov
26: nogov
27: nogov nosubj
28: nogov nosubj
29: nogov noante
30: nogov noante
31: nogov noante
32: nogov
33: nogov
34: nogov
35: nogov nonobj
36: nogov nosubj
37: nogov noante
38: nogov nonobj
39: nogov
40: nogov noante
41: nogov
42: nogov nonobj
43: nogov
44: nogov noante
45: nogov
46: nogov
51: nogov
52: nogov
53: nogov noante
54: nosubj
55: nogov nosubj
56: nogov nosubj
57: nogov nonobj
58: nogov noante
59: nogov noante
60: nogov noante
61: nogov noante
62: nogov noante
63: nogov nosubj
64: nogov nosubj
65: nogov
66: nogov noante
67: nogov
68: nogov
69: nogov nosubj
70: nogov noante
71: nogov
72: nogov noante
73: nogov nonobj
74: nogov noante
75: nogov
76: nogov
77: nogov
78: nogov
79: nogov
80: nogov
81: nogov nosubj
82: nogov
83: nogov nosubj
84: nogov
89: nogov
90: nogov nonobj
91: nogov nosubj
92: nogov noante
93: nogov noante
94: nogov nosubj
95: nogov nonobj
96: nogov
97: nogov noante
98: nogov
99: nogov
100: nogov
101: nogov noante
102: nogov noante
103: nogov
104: nogov noante
105: nosubj
106: nogov
107: nogov noante
108: nogov nonobj
109: nogov noante
110: nogov nosubj
111: nogov noante
112: nogov noante
113: nogov
116: nogov noante
117: nogov
118: nogov noante
119: nogov nonobj
120: nogov noante
121: nosubj
122: nogov noante
123: nogov noante
124: nogov nonobj
125: nogov noante
126: nogov nonobj
127: nogov noante
128: nogov
129: nogov noante
130: nogov noante
131: nogov nonobj
132: nogov
133: nogov noante
134: nogov noante
135: nogov nosubj
136: nogov noante
137: nogov noante
138: nogov
143: noante
144: nogov noante
145: nogov noante
150: nogov
151: nogov noante
152: nogov nosubj
153: nogov
154: nogov noante
155: nogov nonobj
156: nogov nosubj
157: nogov noante
158: nogov noante
159: nogov
160: nogov nosubj
161: nogov nosubj
162: nogov nonobj
163: nogov noante
164: nogov nonobj
165: nogov noante
166: nogov nosubj
167: nogov noante
168: nogov noante
169: nogov
170: nogov noante
171: nosubj
172: nogov nonobj
173: nogov
174: nogov
175: nogov noante
176: nogov
177: nogov
178: nogov noante
179: nogov
180: nogov noante
181: nogov nonobj
182: nogov
183: nogov
184: nogov
189: nogov noante
190: nosubj
191: nogov
192: nogov nonobj
193: nogov
194: nogov noante
195: nogov nonobj
196: nogov noante
197: nogov
198: nogov nosubj
199: nogov
200: nogov noante
201: nogov
202: nogov
203: nogov noante
204: nogov
205: nogov noante
206: nogov nosubj
207: nogov nosubj
208: nogov nonobj
209: nogov noante
210: nogov noante
211: nogov nonobj
212: nogov noante
213: nogov noante
214: nogov nonobj
215: nogov noante
216: nogov nosubj
217: nogov noante
218: nogov nonobj
219: nogov
220: nogov
221: nogov
> redirect ./it/0140-it-disc-morten.info
