> errors
2: noante
4: noante
7: nogov
9: noante
13: noante
18: noante
25: noante
30: noante
35: noante
37: noante
39: noante
42: noante
46: noante
50: noante
53: nogov
    53 DESCR 45: badtype
65: noante
66: noante
70: noante
77: nonobj
78: nogov noante
80: noante
86: noante
87: nonobj
88: nosubj
91: nosubj
95: noante
98: noante
100: noante
103: noante
105: noante
108: noante
109: nosubj
111: noante
112: noante
117: nogov noante
    117 +CONST:rest|exp 96: badtype
128: nosubj
131: noante
133: noante
135: nosubj
139: noante
142: noante
146: nonobj
152: noante
157: noante
161: noante
162: noante
164: noante
167: noante
170: noante
172: nosubj
174: noante
177: noante
182: nosubj
184: noante
187: noante
195: noante
203: noante
207: noante
210: noante
216: noante
217: noante
227: noante
232: noante
234: noante
237: noante
240: noante
242: noante
> redirect ./it/0144-it-disc-morten.info
