> errors
2: nogov noante
3: nogov noante
4: nogov nonobj
5: nogov nosubj
6: nogov nonobj
7: nogov noante
8: nogov noante
9: nogov
10: nogov nosubj
11: nogov nosubj
12: nogov
13: nogov nosubj
14: nogov
17: nogov
18: nogov noante
20: nogov nosubj
21: nogov nonobj
22: nogov noante
23: nogov
24: nogov
25: nogov nonobj
26: nogov noante
27: nogov noante
28: nogov noante
29: nogov nosubj
30: nogov nosubj
31: nogov nonobj
32: nogov noante
33: nogov noante
34: nogov
37: nosubj
38: nogov
39: nogov
40: nogov
41: nogov
42: nogov
43: nogov noante
44: nogov noante
45: nogov
46: nogov nosubj
47: nogov
48: nogov
49: nogov
54: nosubj
55: nogov
56: nogov noante
57: nogov nonobj
58: nogov noante
59: nogov nonobj
60: nogov noante
61: nogov
62: nogov nonobj
63: nogov nosubj
64: nogov
65: nogov noante
66: nogov nonobj
67: nogov noante
68: nogov nosubj
69: nogov nonobj
70: nogov
71: nogov
72: nogov
73: nogov nosubj
74: nogov nonobj
75: nogov
76: nogov
81: nogov noante
82: nogov noante
83: nogov nosubj
    83 +CONJ:add:seq 54: badtype
84: nogov nosubj
85: nogov nosubj
86: nogov nonobj
87: nogov noante
88: nogov
93: nogov nosubj
    93 +CONJ:add:seq 83: badtype
94: nogov
95: nogov noante
96: nogov
97: nogov nosubj
98: nogov nonobj
99: nogov noante
100: nogov
101: nogov
102: nogov nonobj
103: nogov noante
104: nogov
105: nogov
106: nogov
109: nogov
110: nogov noante
111: nosubj
112: nogov nosubj
113: nogov
114: nogov noante
115: nogov nonobj
116: nogov noante
117: nogov
118: nogov
123: nogov nosubj
    123 +CONJ:add:seq 93: badtype
124: nogov
125: nogov
126: nogov noante
127: nogov nonobj
128: nogov noante
129: nogov
130: nogov nonobj
131: nogov noante
132: nogov nonobj
133: nogov noante
134: nogov nonobj
135: nogov
136: nogov
137: nogov noante
138: nogov
141: nogov nosubj
    141 CONJ:add:seq 123: badtype
142: nogov noante
143: nogov noante
144: nogov nonobj
145: nogov noante
146: nogov
147: nogov nosubj
148: nogov nonobj
149: nogov nosubj
150: nogov noante
151: nogov
154: nogov nosubj
    154 CONJ:add:seq 141: badtype
155: nogov noante
156: nogov noante
157: nogov nonobj
158: nogov noante
159: nogov
160: nogov nosubj
161: nogov
164: nosubj
165: nogov nosubj
166: nogov
167: nogov noante
168: nogov
173: nogov nosubj
    173 +CONJ:add:seq 164: badtype
174: nogov noante
175: nogov noante
176: nogov nonobj
177: nogov noante
178: nogov
179: nogov noante
180: nogov noante
181: nogov nonobj
182: nogov
183: nogov noante
184: nogov nonobj
185: nogov
186: nogov noante
187: nogov nonobj
188: nogov noante
189: nogov nonobj
190: nogov noante
191: nogov
194: nogov nosubj
    194 CONJ:add:seq 173: badtype
195: nogov noante
196: nogov noante
197: nogov nonobj
198: nogov noante
199: nogov
200: nogov nosubj
201: nogov
204: nogov nosubj
    204 CONJ:add:seq 194: badtype
205: nogov noante
206: nogov noante
207: nogov nonobj
208: nogov noante
209: nogov nonobj
210: nogov noante
211: nogov
212: nogov nosubj
213: nogov nosubj
214: nogov noante
215: nogov noante
216: nogov
> redirect ./it/0148-it-disc-morten.info
