> errors
4: nogov noante
6: noante
9: noante
10: nogov
14: nosubj
15: noante
16: noante
18: noante
20: noante
28: noante
29: noante
31: noante
36: noante
40: noante
41: nogov
45: nonobj
46: noante
47: noante
57: noante
64: noante
67: noante
69: noante
76: noante
78: noante
80: noante
82: nosubj
88: nogov
89: noante
90: noante
92: noante
94: noante
95: noante
97: noante
99: noante
109: noante
112: noante
113: nogov
114: noante
118: noante
122: noante
124: noante
128: noante
137: noante
139: nogov
140: noante
141: noante
145: noante
152: noante
155: noante
157: noante
158: noante
159: noante
162: noante
167: nogov nosubj
169: noante
170: noante
173: noante
175: noante
179: noante
180: nogov
181: nonobj
185: noante
189: noante
194: nonobj
198: noante
206: nogov nosubj
207: noante
210: noante
211: noante
219: noante
221: noante
224: nosubj
228: noante
> redirect ./it/0150-it-morten.info
