> errors
2: nogov
3: nogov noante
4: nogov nonobj
5: nogov noante
6: nogov noante
7: nogov noante
8: nogov
9: nogov
10: nogov nonobj
11: nogov noante
12: nogov noante
13: nogov
14: nogov nosubj
15: nogov noante
16: nogov
17: nogov
18: nogov
21: nogov noante
22: nogov noante
23: nogov noante
24: nogov
25: nogov
26: nogov noante
27: nosubj
28: nogov
29: nogov
30: nogov
31: nogov
32: nogov
33: nogov
36: nosubj
37: nogov nosubj
38: nogov nonobj
39: nogov noante
40: nogov nonobj
41: nogov
42: nogov noante
43: nogov
44: nogov
45: nogov nonobj
46: nogov
47: nogov nonobj
48: nogov noante
49: nogov
50: nogov nonobj
51: nogov noante
52: nogov
53: nogov
54: nogov
59: nogov
60: nogov nonobj
61: nogov
62: nogov
63: nogov noante
64: nogov
65: nosubj
66: nogov
67: nogov
68: nogov nonobj
69: nogov noante
70: nogov noante
71: nogov nonobj
72: nogov
73: nogov noante
74: nogov nonobj
75: nogov noante
76: nogov
77: nogov
78: nogov noante
79: nogov
80: nogov nonobj
81: nogov noante
82: nogov
83: nogov
84: nogov noante
85: nogov nosubj
86: nogov noante
87: nogov noante
88: nogov noante
89: nogov noante
90: nogov nonobj
91: nogov noante
92: nogov
93: nogov noante
94: nogov
95: nogov noante
96: nogov nonobj
97: nogov
98: nogov noante
99: nogov
100: nogov nonobj
101: nogov
102: nogov
103: nogov
104: nogov noante
105: nogov
106: nogov
107: nogov
112: nogov nonobj
113: nogov noante
114: nogov noante
115: nogov
116: nogov
117: nogov noante
118: nosubj
119: nogov
120: nogov
121: nogov nonobj
122: nogov
123: nogov
128: nogov noante
129: nogov
130: nogov noante
131: nogov
132: nogov noante
133: nogov
134: nogov noante
135: nogov
136: nogov
137: nogov noante
138: nogov
139: nogov
140: nogov
141: nogov
142: nogov
143: nogov noante
144: nogov
145: nogov
146: nosubj
147: nogov
148: nogov noante
149: nogov noante
150: nogov
151: nogov nosubj
152: nogov nosubj
153: nogov
154: nogov
155: nogov nonobj
156: nogov
157: nogov
158: nogov
159: nogov noante
160: nogov
161: nogov noante
162: nogov nosubj
163: nogov nonobj
164: nogov
165: nogov
166: nogov noante
167: nogov nonobj
168: nogov
169: nogov
174: nogov nonobj
175: nogov nosubj
176: nogov
177: nogov noante
178: nogov noante
179: nogov
180: nogov nonobj
181: nogov
182: nogov
183: nogov noante
184: nogov noante
185: nosubj
186: nogov nosubj
187: nogov nonobj
188: nogov
189: nogov noante
190: nogov nonobj
191: nogov noante
192: nogov nonobj
193: nogov
194: nogov nosubj
195: nogov nosubj
196: nogov nonobj
197: nogov
198: nogov noante
199: nogov
204: noante
205: nogov
206: nogov nonobj
207: nogov noante
208: nogov noante
209: nogov
214: nogov noante
215: nosubj
216: nogov nosubj
217: nogov nosubj
218: nogov nonobj
219: nogov noante
220: nogov
221: nogov noante
222: nogov nonobj
223: nogov
224: nogov noante
225: nogov
226: nogov noante
227: nogov
228: nogov
229: nogov
230: nogov noante
231: nogov noante
232: nogov nonobj
233: nogov noante
234: nogov nonobj
235: nogov noante
236: nogov nosubj
237: nogov noante
238: nogov
239: nogov nonobj
240: nogov
241: nogov noante
242: nogov noante
243: nogov
244: nogov nosubj
245: nogov noante
246: nogov nonobj
247: nogov
248: nogov noante
249: nogov noante
250: nogov
> redirect ./it/0151-it-disc-morten.info
