> errors
0: noante
6: noante
8: noante
10: noante
12: noante
15: nogov
17: noante
22: nogov
23: nosubj
25: noante
27: noante
29: noante
31: noante
33: nosubj
36: noante
38: noante
40: noante
43: noante
45: noante
51: noante
54: noante
63: nogov
64: noante
68: noante
72: noante
75: noante
76: noante
78: nosubj
80: noante
83: noante
84: noante
85: nonobj
87: noante
91: noante
93: nosubj
95: noante
101: noante
    101 coref* 102: badtype
102: nogov nosubj
    102 *coref 67: badtype
103: nosubj
104: noante
109: noante
111: noante
114: noante
117: noante
120: nogov
122: noante
124: nonobj
127: noante
131: noante
133: noante
135: noante
137: noante
141: nogov noante
142: nogov
146: noante
150: noante
151: nogov
154: noante
155: nonobj
157: nonobj
166: noante
168: noante
173: noante
176: noante
180: noante
181: noante
184: noante
190: noante
191: nogov
193: noante
> redirect ./it/0152-it-morten.info
