> errors
2: nogov noante
3: nogov nosubj
4: nogov noante
5: nogov noante
6: nogov nosubj
7: nogov nonobj
8: nogov
9: nogov
12: nogov noante
13: nogov noante
14: nogov nonobj
15: nogov noante
16: nosubj
17: nogov noante
18: nogov noante
19: nogov nonobj
20: nogov
21: nogov noante
22: nogov nonobj
23: nogov noante
24: nogov
25: nogov
26: nogov noante
27: nogov nonobj
28: nogov noante
29: nogov nonobj
30: nogov noante
31: nogov
32: nogov noante
33: nogov noante
34: nogov noante
35: nogov nosubj
36: nogov nosubj
37: nogov nosubj
38: nogov nonobj
39: nogov
40: nogov noante
41: nogov
44: nogov noante
45: nogov noante
46: nosubj
47: nogov nosubj
48: nogov nonobj
49: nogov
50: nogov noante
51: nogov noante
52: nogov
53: nogov noante
54: nogov noante
55: nogov
56: nogov nosubj
57: nogov
58: nogov noante
59: nogov nonobj
60: nogov noante
61: nogov
64: nogov noante
65: nogov noante
66: nogov nonobj
67: nogov noante
68: nosubj
69: nogov nonobj
70: nogov nosubj
71: nogov
72: nogov noante
73: nogov
74: nogov
75: nogov nonobj
76: nogov noante
77: nogov
78: nogov noante
79: nogov nonobj
80: nogov noante
81: nogov
82: nogov
83: nogov nonobj
84: nogov noante
85: nogov
86: nogov
87: nogov
88: nogov noante
89: nogov noante
90: nosubj
91: nogov nonobj
92: nogov nosubj
93: nogov
94: nogov
95: nogov nonobj
96: nogov noante
97: nogov nosubj
98: nogov
99: nogov noante
100: nogov nonobj
101: nogov noante
102: nogov nonobj
103: nogov noante
104: nogov
107: nogov
108: nogov noante
109: nogov noante
110: nosubj
111: nogov
112: nogov
113: nogov
114: nogov
115: nogov
118: nogov nonobj
119: nogov noante
121: nogov noante
122: nogov nonobj
123: nogov noante
124: nogov nonobj
125: nogov noante
126: nogov
127: nogov
128: nogov noante
129: nogov noante
130: nogov
133: nogov noante
134: nogov
135: nogov
136: nogov nonobj
137: nogov noante
138: nogov nonobj
139: nogov noante
140: nogov nonobj
141: nogov noante
142: nogov
143: nogov noante
144: nogov
145: nogov
146: nogov
147: nosubj
148: nogov nosubj
149: nogov
150: nogov noante
151: nogov
152: nogov nosubj
153: nogov noante
154: nogov noante
155: nogov
156: nogov nonobj
157: nogov noante
158: nogov
159: nogov
160: nogov
163: nogov noante
164: nogov
165: nogov noante
166: nogov
167: nosubj
168: nogov nosubj
169: nogov nosubj
170: nogov nonobj
171: nogov noante
172: nogov
173: nogov nosubj
174: nogov
175: nogov
176: nogov noante
177: nogov nosubj
178: nogov nosubj
179: nogov nonobj
180: nogov noante
181: nogov
182: nogov nonobj
183: nogov noante
184: nogov
185: nogov nosubj
186: nogov
187: nogov
188: nogov noante
189: nogov noante
190: nogov noante
191: nogov nosubj
192: nogov nonobj
193: nogov
194: nogov noante
195: nogov
200: nogov noante
201: nogov nonobj
202: nogov noante
203: nogov
204: nogov noante
205: nogov
206: nogov
207: nogov noante
208: nogov nonobj
209: nogov noante
210: nogov nonobj
211: nogov
212: nosubj
213: nogov
214: nogov
215: nogov
216: nogov noante
217: nogov
220: nogov noante
221: nogov
222: nogov noante
223: nogov
224: nosubj
225: nogov nonobj
226: nogov
227: nogov nosubj
228: nogov noante
229: nogov
230: nogov noante
231: nogov
232: nogov noante
233: nogov
234: nogov noante
235: nogov
236: nogov noante
237: nogov nonobj
238: nogov noante
239: nogov noante
240: nogov nonobj
241: nogov noante
242: nogov
245: nogov noante
246: nogov noante
247: nogov nonobj
248: nogov noante
249: nogov nonobj
250: nogov noante
251: nosubj
252: nogov nonobj
253: nogov
254: nogov noante
255: nogov nonobj
256: nogov noante
257: nogov
258: nogov
259: nogov nonobj
260: nogov
261: nogov noante
262: nogov nonobj
263: nogov
264: nogov noante
265: nogov nonobj
266: nogov noante
267: nogov
268: nogov
> redirect ./it/0159-it-disc-morten.info
