> errors
5: noante
6: nogov nosubj
9: noante
11: noante
15: noante
19: noante
22: noante
28: noante
30: noante
31: nosubj
37: noante
42: nosubj
45: noante
48: nosubj
50: noante
52: noante
54: noante
56: noante
59: noante
71: noante
72: noante
77: nosubj
79: noante
81: nosubj
84: noante
86: noante
93: nosubj
97: noante
99: noante
103: noante
105: noante
113: nosubj
120: noante
124: nosubj
127: noante
131: noante
135: noante
142: noante
145: noante
151: noante
153: nosubj
162: noante
163: nosubj
168: noante
170: noante
177: nosubj
179: nonobj
182: noante
183: nonobj
184: nosubj
186: noante
191: noante
193: nosubj
194: nonobj
195: nosubj
200: noante
203: noante
216: noante
217: noante
221: noante
223: noante
232: noante
234: noante
237: noante
239: noante
240: noante
244: noante
247: noante
249: noante
251: noante
> redirect ./it/0169-it-disc-morten.info
