> errors
4: noante
5: noante
8: noante
9: nogov
10: noante
12: noante
17: noante
19: noante
22: noante
23: noante
32: noante
38: nosubj
40: nonobj
42: noante
46: noante
47: nosubj
51: noante
53: noante
55: noante
59: nonobj
60: nosubj
63: noante
69: noante
75: noante
77: noante
79: nonobj
80: nosubj
82: noante
83: noante
90: noante
92: noante
94: noante
96: noante
97: noante
102: noante
103: noante
107: noante
109: nonobj
110: nosubj
112: noante
114: noante
119: noante
135: noante
138: noante
144: noante
151: noante
153: noante
155: noante
160: noante
163: noante
165: nosubj
169: noante
171: noante
174: noante
175: nosubj
180: noante
182: noante
184: noante
186: noante
192: noante
195: noante
196: noante
202: noante
205: noante
206: nosubj
207: noante
210: noante
213: nosubj
218: noante
228: noante
230: noante
234: noante
236: noante
239: noante
> redirect ./it/0182-it-disc-morten.info
