> errors
0: nogov
5: nosubj
7: noante
10: noante
18: noante
21: noante
27: noante
28: nogov
39: noante
43: noante
48: noante
52: noante
54: noante
55: noante
57: noante
59: noante
62: noante
64: noante
65: nosubj
67: noante
75: noante
77: nogov
83: noante
85: 
    85 + 86: badtype
88: noante
91: noante
94: noante
96: nosubj
99: nogov
101: noante
114: nogov
115: noante
116: noante
118: noante
123: noante
125: noante
133: nogov
134: noante
137: noante
139: noante
141: noante
145: nogov
147: noante
152: nogov
157: noante
166: nogov
167: noante
173: noante
175: nonobj
176: nosubj
178: noante
186: noante
190: noante
193: noante
198: noante
205: noante
210: noante
213: noante
219: noante
220: nogov
> redirect ./it/0187-it-morten.info
