> errors
0: nogov noante
3: noante
5: noante
7: noante
10: noante
12: noante
14: noante
19: noante
20: nogov
23: noante
26: nonobj
28: noante
30: nonobj
33: noante
35: noante
38: noante
40: noante
43: noante
48: noante
50: noante
52: noante
55: noante
57: nogov
65: nogov
66: noante
69: noante
70: noante
74: noante
76: noante
80: noante
83: nonobj
84: nosubj
86: noante
88: noante
95: nogov nosubj
99: noante
108: noante
109: nogov nosubj
111: noante
113: nosubj
114: noante
133: noante
135: noante
139: nonobj
143: noante
150: noante
156: nosubj
158: noante
159: nogov
164: nonobj
170: nosubj
    170 assoc-const* 91: badtype
175: noante
177: noante
180: noante
    180 *coref 170: badtype
185: noante
186: noante
189: nogov
191: noante
193: noante
205: noante
206: noante
213: noante
215: noante
217: noante
219: nogov
239: nogov
> redirect ./it/0188-it-lisa.info
