> errors
0: nogov noante
1: nogov
2: nogov
3: nogov noante
4: nogov nosubj
5: nogov noante
6: nogov nonobj
7: nogov noante
8: nogov
9: nogov nonobj
10: nogov noante
11: nogov
12: nogov noante
13: nogov nonobj
14: nogov noante
15: nogov
16: nogov
17: nogov
18: nogov nonobj
19: nogov noante
20: nogov nosubj
21: nogov
22: nogov nonobj
23: nogov noante
24: nogov
25: nogov noante
26: nogov nonobj
27: nogov nosubj
28: nogov noante
29: nogov noante
30: nogov nonobj
31: nogov nosubj
32: nogov nonobj
33: nogov noante
34: nogov
35: nogov noante
36: nogov noante
37: nogov nonobj
38: nogov noante
39: nogov
40: nogov noante
41: nogov noante
42: nogov nonobj
43: nogov noante
44: nogov
45: nogov
46: nogov
47: nogov nonobj
48: nogov noante
49: nogov nonobj
50: nogov noante
51: nogov
52: nogov noante
53: nogov
54: nogov
55: nogov noante
56: nogov
57: nogov nosubj
58: nogov nosubj
59: nogov
60: nogov
61: nogov
62: nogov noante
63: nogov
64: nogov noante
65: nogov nosubj
66: nogov noante
67: nogov noante
68: nogov nonobj
69: nogov noante
70: nogov noante
71: nogov noante
72: nogov
73: nogov nonobj
74: nogov noante
75: nogov nonobj
76: nogov noante
77: nogov
78: nogov
79: nogov
80: nogov noante
81: nogov
82: nogov noante
83: nogov nonobj
84: nogov nosubj
85: nogov nonobj
86: nogov noante
87: nogov nonobj
88: nogov noante
89: nogov
90: nogov
91: nogov nonobj
92: nogov noante
93: nogov noante
94: nogov noante
95: nogov nosubj
96: nogov noante
97: nogov noante
98: nogov noante
99: nogov noante
100: nogov
101: nogov nosubj
102: nogov nosubj
103: nogov
104: nogov nonobj
105: nogov noante
106: nogov noante
107: nogov noante
108: nogov
109: nogov noante
110: nogov nosubj
111: nogov nosubj
112: nogov noante
113: nogov
114: nogov nosubj
115: nogov noante
116: nogov noante
117: nogov nonobj
118: nogov
119: nogov noante
120: nogov
121: nogov
122: nogov noante
123: nogov noante
124: nogov
125: nogov
126: nogov nonobj
127: nogov
128: nogov noante
129: nogov
130: nogov
131: nogov
132: nogov noante
133: nogov noante
134: nogov noante
135: nogov nosubj
136: nogov noante
137: nogov noante
138: nogov
139: nogov
140: nogov nonobj
141: nogov nosubj
142: nogov noante
143: nogov
144: nogov noante
145: nogov noante
146: nogov noante
147: nogov noante
148: nogov nosubj
149: nogov
150: nogov nonobj
151: nogov noante
152: nogov
153: nogov
154: nogov nonobj
155: nogov
156: nogov noante
157: nogov nosubj
158: nogov
159: nogov noante
160: nogov nosubj
161: nogov
162: nogov
163: nogov
164: nogov
165: nogov nonobj
166: nogov nosubj
167: nogov noante
168: nogov noante
169: nogov
170: nogov
171: nogov nosubj
172: nogov nosubj
173: nogov
174: nogov
175: nogov nonobj
176: nogov noante
177: nogov
178: nogov noante
179: nogov
180: nogov noante
181: nogov noante
182: nogov nosubj
183: nogov nosubj
184: nogov
185: nogov
186: nogov noante
187: nogov noante
188: nogov
189: nogov
190: nogov nosubj
191: nogov
192: nogov noante
193: nogov nonobj
194: nogov noante
195: nogov
196: nogov
197: nogov
198: nogov nonobj
199: nogov noante
200: nogov noante
201: nogov
202: nogov
203: nogov
204: nogov noante
205: nogov
206: nogov noante
207: nogov noante
208: nogov
209: nogov
210: nogov nonobj
211: nogov
212: nogov noante
213: nogov nonobj
214: nogov noante
215: nogov nonobj
216: nogov noante
217: nogov nonobj
218: nogov noante
219: nogov
220: nogov nosubj
221: nogov nosubj
222: nogov noante
223: nogov noante
224: nogov nonobj
225: nogov
226: nogov noante
227: nogov
228: nogov nonobj
229: nogov
230: nogov noante
231: nogov nonobj
232: nogov noante
233: nogov noante
234: nogov
235: nogov
236: nogov noante
237: nogov noante
238: nogov nonobj
239: nogov
240: nogov nosubj
241: nogov nosubj
242: nogov
243: nogov
> redirect ./it/0188-it-morten.info
