> errors
2: nogov
3: nogov nosubj
4: nogov nosubj
5: nogov nosubj
6: nogov
7: nogov noante
8: nogov noante
9: nogov nonobj
10: nogov noante
11: nogov nonobj
12: nogov noante
13: nogov
14: nogov
15: nogov
16: nogov noante
17: nogov nosubj
18: nogov nosubj
19: nogov noante
20: nogov
21: nogov noante
22: nogov
23: nogov
24: nogov noante
25: nogov nonobj
26: nogov noante
27: nogov nonobj
28: nogov noante
29: nogov
30: nogov
31: nogov nosubj
32: nogov nonobj
33: nogov noante
34: nogov noante
35: nogov
36: nogov
37: nogov nosubj
38: nogov
39: nogov
40: nogov noante
41: nogov
42: nogov nonobj
43: nogov noante
44: nogov
49: nogov noante
50: nogov
51: nogov noante
53: nogov nonobj
54: nogov noante
55: nogov
56: nogov nosubj
57: nogov nonobj
58: nogov
59: nogov noante
60: nogov nonobj
61: nogov
62: nogov nosubj
63: nogov nosubj
64: nogov nonobj
65: nogov noante
66: nogov noante
67: nogov
68: nogov noante
69: nogov
70: nogov nonobj
71: nogov noante
72: nogov
73: nogov noante
74: nogov
75: nogov noante
76: nogov nosubj
77: nogov
78: nogov noante
79: nogov nosubj
80: nogov nonobj
81: nogov noante
82: nogov
83: nogov
84: nogov noante
85: nogov nonobj
86: nogov noante
87: nogov nonobj
88: nogov noante
89: nogov nonobj
90: nogov noante
91: nogov nonobj
92: nogov noante
93: nogov
94: nogov nonobj
95: nogov noante
96: nogov noante
97: nogov nonobj
98: nogov noante
99: nogov
104: nogov
105: nogov noante
106: nosubj
107: nogov
108: nogov nosubj
109: nogov
110: nogov noante
111: nogov nonobj
112: nogov noante
113: nogov
114: nogov noante
115: nogov nonobj
116: nogov noante
117: nogov
118: nogov nonobj
119: nogov nosubj
120: nogov nonobj
121: nogov noante
122: nogov
123: nogov
124: nogov
125: nogov nonobj
126: nogov noante
127: nogov nonobj
128: nogov noante
129: nogov nonobj
130: nogov noante
131: nogov nonobj
132: nogov noante
133: nogov
138: nogov noante
139: nogov
140: nosubj
141: nogov nosubj
142: nogov noante
143: nogov noante
144: nogov nonobj
145: nogov
146: nogov noante
147: nogov nonobj
148: nogov noante
149: nogov noante
150: nogov noante
151: nogov nosubj
152: nogov noante
153: nogov noante
154: nogov
155: nogov
156: nogov nonobj
157: nogov noante
158: nogov noante
159: nogov
160: nogov nonobj
161: nogov
162: nogov noante
163: nogov nonobj
164: nogov noante
165: nogov
166: nogov nosubj
167: nogov
168: nogov nosubj
169: nogov nosubj
170: nogov
171: nogov nonobj
172: nogov nosubj
173: nogov nosubj
174: nogov noante
175: nogov
176: nogov
177: nogov
181: nogov
182: nogov nosubj
183: nogov noante
184: nogov noante
185: nogov noante
186: nogov nonobj
187: nogov noante
188: nogov nonobj
189: nogov noante
190: nogov
191: nogov nonobj
192: nogov noante
193: nogov nonobj
194: nogov noante
195: nogov
196: nogov
197: nogov nosubj
198: nogov
199: nogov nosubj
200: nogov nonobj
201: nogov
202: nogov
203: nogov nonobj
204: nogov
205: nogov noante
206: nogov
208: nogov noante
209: nogov noante
210: nogov nonobj
211: nogov noante
212: nogov
213: nogov
214: nogov noante
215: nogov noante
216: nogov nonobj
217: nogov noante
218: nogov
219: nogov noante
220: nogov nosubj
221: nogov nosubj
222: nogov noante
223: nogov noante
224: nogov
225: nogov
226: nogov noante
227: nogov nosubj
228: nogov nonobj
229: nogov
230: nogov noante
231: nogov
232: nogov
233: nogov noante
234: nogov nosubj
235: nogov
236: nogov
237: nogov noante
238: nogov
243: nogov nonobj
244: nogov
245: nogov noante
246: nosubj
247: nogov nosubj
248: nogov noante
249: nogov noante
250: nogov noante
251: nogov
252: nogov nosubj
253: nogov
254: nogov
255: nogov
256: nogov
257: nogov noante
258: nogov nonobj
259: nogov
260: nogov noante
261: nogov nosubj
262: nogov nosubj
263: nogov nosubj
264: nogov nonobj
265: nogov noante
266: nogov noante
267: nogov
> redirect ./it/0191-it-disc-morten.info
