> errors
2: nosubj
3: noante
11: noante
18: nonobj
21: noante
23: nogov
24: noante
28: noante
29: nogov
30: noante
32: noante
34: noante
36: noante
38: noante
41: noante
42: nosubj
53: noante
60: noante
65: noante
69: noante
70: nosubj
72: noante
76: nonobj
77: nosubj
85: noante
86: nosubj
88: noante
89: noante
94: noante
96: noante
98: noante
100: noante
102: noante
103: nogov
104: noante
107: noante
109: noante
114: nosubj
117: noante
120: noante
121: noante
123: noante
124: noante
129: noante
131: noante
139: noante
142: noante
148: noante
157: nosubj
162: noante
170: noante
176: noante
182: nosubj
191: nosubj
196: noante
200: noante
202: nosubj
208: noante
211: noante
213: noante
215: noante
217: noante
219: noante
229: noante
232: noante
234: nogov
237: noante
240: noante
244: noante
247: noante
> redirect ./it/0197-it-disc-morten.info
