> errors
2: nogov noante
3: nogov noante
4: nogov
5: nogov nonobj
6: nogov noante
7: nogov
8: nogov nosubj
9: nogov noante
10: nogov noante
11: nogov nosubj
12: nogov nosubj
13: nogov noante
14: nogov
15: nogov nonobj
16: nogov
17: nogov noante
18: nogov nonobj
19: nogov
20: nogov
23: nogov nonobj
24: nogov noante
25: nogov noante
26: nosubj
27: nogov nosubj
28: nogov nonobj
29: nogov noante
30: nogov nosubj
31: nogov
32: nogov noante
33: nogov
34: nogov
37: nogov noante
38: nogov noante
39: nogov
40: nosubj
41: nogov nosubj
42: nogov nosubj
43: nogov nosubj
44: nogov noante
45: nogov nonobj
46: nogov
47: nogov noante
48: nogov
49: nogov nonobj
50: nogov noante
51: nogov
52: nogov nonobj
53: nogov noante
54: nogov nonobj
55: nogov
56: nogov noante
57: nogov
60: nogov noante
61: nogov noante
62: nosubj
63: nogov nosubj
64: nogov noante
65: nogov noante
66: nogov noante
67: nogov nosubj
68: nogov nosubj
69: nogov
70: nogov
71: nogov
72: nogov noante
73: nogov noante
74: nogov
79: nogov nonobj
80: nogov noante
81: nogov noante
82: nogov nosubj
83: nogov nonobj
84: nogov noante
85: nogov
86: nogov
87: nogov noante
88: nogov noante
89: nogov
90: nosubj
91: nogov nosubj
92: nogov nonobj
93: nogov
94: nogov noante
95: nogov
98: nogov noante
99: nogov noante
100: nogov nonobj
101: nogov noante
102: nosubj
103: nogov noante
104: nogov nonobj
105: nogov nosubj
106: nogov noante
107: nogov noante
108: nogov
111: nogov noante
112: nogov noante
113: nosubj
114: nogov noante
115: nogov
118: nogov nonobj
119: nogov noante
120: nogov nonobj
121: nogov noante
122: nosubj
123: nogov noante
124: nogov noante
125: nogov
126: nogov nosubj
127: nogov nonobj
128: nogov nosubj
129: nogov noante
130: nogov noante
131: nogov
132: nogov nonobj
133: nogov noante
134: nogov
139: nogov
140: nogov noante
141: nogov noante
142: nogov
143: nosubj
144: nogov nonobj
145: nogov
146: nogov noante
147: nogov nonobj
148: nogov noante
149: nogov
150: nogov
153: nogov nonobj
154: nogov
155: nogov noante
156: nosubj
157: nogov nonobj
158: nogov nosubj
159: nogov nosubj
160: nogov noante
161: nogov
162: nogov noante
163: nogov nonobj
164: nogov noante
165: nogov
166: nogov nosubj
167: nogov
170: nogov
171: nogov noante
172: nogov noante
173: nogov
174: nogov noante
175: nogov noante
176: nogov
178: nogov
179: nogov
180: nogov nosubj
181: nogov
182: nogov nonobj
183: nogov noante
184: nogov
185: nogov noante
186: nogov nonobj
187: nogov noante
188: nogov
189: nogov nosubj
190: nogov
191: nogov noante
192: nogov
193: nogov
196: nogov noante
197: nogov noante
198: nosubj
199: nogov nonobj
200: nogov
201: nogov noante
202: nogov
203: nogov nosubj
204: nogov
205: nogov noante
206: nogov noante
207: nogov noante
208: nogov nosubj
209: nogov noante
210: nogov
211: nogov nonobj
212: nogov
213: nogov
214: nogov nonobj
215: nogov noante
216: nogov
> redirect ./it/0204-it-disc-morten.info
