> errors
3: noante
5: nogov
6: nonobj
8: noante
19: nogov
21: nosubj
23: noante
26: noante
27: nonobj
28: nosubj
29: noante
33: noante
40: noante
41: nosubj
43: noante
44: nogov
53: nosubj
55: noante
58: noante
60: noante
74: nogov
75: noante
83: noante
86: noante
87: noante
88: nogov
89: nonobj
94: noante
101: noante
106: noante
107: noante
109: noante
116: noante
119: noante
120: nogov
123: noante
125: noante
127: noante
134: noante
139: noante
142: noante
144: noante
151: noante
153: nonobj
154: nosubj
160: nonobj
161: nosubj
163: noante
168: noante
169: nogov
173: noante
179: nonobj
181: nogov nosubj
185: nonobj
191: noante
198: noante
199: noante
200: nogov
201: nonobj
202: nosubj
204: noante
206: noante
209: nosubj
210: noante
213: noante
215: nosubj
220: noante
> redirect ./it/0211-it-morten.info
