> errors
1: noante
    1 *[subj] 10: badtype
6: noante
8: nosubj
10: nogov
    10 *[subj] 11: badtype
12: noante
16: noante
19: noante
21: noante
26: noante
29: nogov
31: noante
32: noante
35: noante
40: nosubj
41: nonobj
51: noante
53: noante
55: noante
59: noante
61: noante
63: nogov nosubj
66: noante
69: noante
71: noante
73: noante
76: noante
78: noante
80: noante
82: nogov
83: noante
85: noante
90: noante
92: nogov
94: nosubj
96: nosubj
105: noante
107: noante
109: noante
111: nosubj
    111 *[subj] 112: badtype
113: nosubj
115: noante
117: noante
120: noante
121: nosubj
123: noante
125: noante
136: nogov
138: nosubj
140: noante
145: noante
147: noante
150: noante
156: 
    156 *[subj] 168: badtype
157: noante
158: nogov
160: nosubj
163: noante
165: noante
168: 
    168 *[subj] 169: badtype
170: nosubj
172: noante
175: noante
177: nosubj
180: noante
182: noante
191: noante
193: noante
198: noante
202: noante
208: noante
210: noante
213: nogov
214: 
    214 ²coref 182: manygovs
    214 ¹vobj 213: manygovs
    214 ²pobj 216: manygovs
218: nogov
219: noante
> redirect ./it/0212-it-morten.info
