> errors
2: nogov nosubj
3: nogov noante
4: nogov noante
5: nogov noante
6: nogov
7: nogov nosubj
8: nogov nonobj
9: nogov noante
10: nogov nonobj
11: nogov noante
12: nogov nonobj
13: nogov noante
14: nogov
15: nogov nosubj
16: nogov
17: nogov
18: nogov noante
19: nogov nonobj
20: nogov
21: nogov noante
22: nogov
23: nogov
24: nogov noante
25: nogov nonobj
26: nogov noante
27: nogov
28: nogov nonobj
29: nogov noante
30: nogov noante
31: nogov nosubj
32: nogov nonobj
33: nogov nosubj
34: nogov noante
35: nogov noante
36: nogov nosubj
37: nogov nonobj
38: nogov noante
39: nogov
40: nogov
41: nogov
44: nogov nonobj
45: nogov
46: nogov noante
47: nogov
48: nogov noante
49: nogov
50: nogov noante
51: nogov nonobj
52: nogov noante
53: nosubj
54: nogov nosubj
55: nogov
58: nogov noante
59: nogov noante
60: nosubj
61: nogov nosubj
62: nogov nosubj
63: nogov nonobj
64: nogov
65: nogov
66: nogov noante
67: nogov
70: nogov nonobj
71: nogov noante
72: nogov
73: nogov noante
74: nogov noante
75: nogov nosubj
    75 TIME:time/nel_frattempo 60: badtype
76: nogov nosubj
77: nogov
78: nogov
79: nogov
80: nogov nosubj
81: nogov
82: nogov noante
83: nogov noante
84: nogov
87: nogov noante
88: nosubj
89: nogov
90: nogov noante
91: nogov nosubj
92: nogov nonobj
93: nogov noante
94: nogov nonobj
95: nogov noante
96: nogov
97: nogov nosubj
98: nogov
101: nogov noante
102: nosubj
103: nogov nosubj
104: nogov nonobj
105: nogov
106: nogov noante
107: nogov
108: nogov nonobj
109: nogov noante
110: nogov
111: nogov
112: nogov nosubj
113: nogov nonobj
114: nogov noante
115: nogov nonobj
116: nogov
117: nogov nonobj
118: nogov noante
119: nogov nonobj
120: nogov noante
121: nogov
124: nogov
125: nogov noante
126: nogov noante
127: nogov nonobj
128: nogov noante
129: nosubj
130: nogov nonobj
131: nogov noante
132: nogov noante
133: nogov
134: nogov
135: nogov
136: nogov noante
137: nogov noante
138: nogov noante
139: nogov nonobj
140: nogov noante
141: nogov
142: nogov
143: nogov
144: nogov
145: nogov nosubj
146: nogov noante
147: nogov noante
148: nogov
151: nogov nosubj
    151 QUEST:query 129: badtype
152: nogov
153: nogov noante
154: nogov noante
155: nogov noante
156: nogov
157: nogov noante
158: nogov
159: nogov nosubj
160: nogov nonobj
161: nogov nosubj
162: nogov
163: nogov noante
164: nogov
165: nogov
166: nogov nonobj
167: nogov noante
168: nogov
169: nogov nonobj
170: nogov noante
171: nogov noante
172: nogov noante
173: nogov nonobj
174: nogov noante
175: nogov nosubj
176: nogov nonobj
177: nogov noante
178: nogov
179: nogov noante
180: nogov nosubj
181: nogov nonobj
182: nogov noante
183: nogov
184: nogov
185: nogov nosubj
186: nogov nonobj
187: nogov nosubj
188: nogov noante
189: nogov nonobj
190: nogov noante
191: nogov
192: nogov
196: nogov nonobj
197: nogov nosubj
198: nogov noante
199: nogov nonobj
200: nogov noante
201: nogov
202: nogov nonobj
203: nogov noante
204: nogov
> redirect ./it/0215-it-disc-morten.info
