> errors
2: nogov noante
3: nogov noante
4: nogov nonobj
5: nogov noante
6: nogov nosubj
7: nogov noante
8: nogov noante
9: nogov noante
10: nogov nosubj
11: nogov nonobj
12: nogov noante
13: nogov
14: nogov noante
15: nogov noante
16: nogov nonobj
17: nogov noante
18: nogov nonobj
19: nogov noante
20: nogov nonobj
21: nogov noante
22: nogov noante
23: nogov noante
24: nogov noante
25: nogov nonobj
26: nogov noante
27: nogov
28: nogov
29: nogov
30: nogov
31: nogov nonobj
32: nogov noante
33: nogov nonobj
34: nogov noante
35: nogov
36: nogov
39: nogov noante
40: nogov noante
41: nogov nonobj
42: nogov noante
43: nogov
44: nogov noante
45: nosubj
46: nogov nosubj
47: nogov nonobj
48: nogov noante
49: nogov noante
50: nogov
51: nogov noante
52: nogov noante
53: nogov
54: nogov noante
55: nogov noante
56: nogov noante
57: nogov nonobj
58: nogov noante
59: nogov
60: nogov noante
61: nogov
62: nogov
63: nogov
64: nogov nosubj
65: nogov
66: nogov noante
67: nogov noante
68: nogov noante
69: nogov noante
70: nogov noante
71: nogov nonobj
72: nogov noante
73: nogov nosubj
74: nogov nosubj
75: nogov nosubj
76: nogov nonobj
77: nogov noante
78: nogov
79: nogov
80: nogov noante
81: nogov nonobj
82: nogov
83: nogov nosubj
84: nogov nonobj
85: nogov
86: nogov
91: nogov
92: nosubj
97: nogov noante
98: nogov noante
99: nogov nonobj
100: nogov noante
101: nogov noante
102: nogov
103: nogov
104: nogov
105: nogov noante
106: nogov
108: nogov
109: nogov
110: nogov nosubj
111: nogov
112: nogov noante
113: nogov
114: nogov noante
115: nogov noante
116: nogov nonobj
117: nogov
118: nogov noante
119: nogov nonobj
120: nogov noante
121: nogov
122: nogov
125: nogov noante
126: nogov noante
127: nosubj
128: nogov
129: nogov
130: nogov noante
131: nogov
134: nogov nonobj
135: nogov
136: nogov noante
137: nogov noante
138: nosubj
139: nogov noante
140: nogov nonobj
141: nogov noante
142: nogov noante
143: nogov
144: nogov
145: nogov
146: nogov nonobj
147: nogov nosubj
148: nogov nonobj
149: nogov noante
150: nogov
151: nogov noante
152: nogov nosubj
153: nogov
154: nogov
155: nogov nonobj
156: nogov noante
157: nogov nonobj
158: nogov noante
159: nogov
160: nogov
163: nogov nonobj
164: nogov
165: nogov
166: nogov noante
167: nogov
168: nogov noante
169: nosubj
170: nogov nonobj
171: nogov
172: nogov
173: nogov nonobj
174: nogov noante
175: nogov
176: nogov
177: nogov
178: nogov
179: nogov noante
180: nogov nosubj
181: nogov
182: nogov noante
183: nogov nonobj
184: nogov noante
185: nogov
188: nogov
189: nogov noante
190: nogov noante
191: nosubj
192: nogov
193: nogov
194: nogov
199: nogov noante
200: nogov noante
201: nogov
202: nogov
203: nogov nonobj
204: nogov noante
205: nogov nonobj
206: nogov noante
207: nogov nonobj
208: nogov noante
209: nogov
210: nogov
211: nogov noante
212: nogov noante
213: nogov
214: nosubj
215: nogov noante
216: nogov noante
217: nogov noante
218: nogov nonobj
219: nogov noante
220: nogov noante
221: nogov nosubj
222: nogov
223: nogov
224: nogov noante
225: nogov nonobj
226: nogov noante
227: nogov nonobj
228: nogov noante
229: nogov
> redirect ./it/0229-it-disc-morten.info
