> errors
0: nogov nosubj
1: nosubj
6: noante
9: nosubj
15: nosubj
23: nogov nosubj
    23 :CONS 15: badtype
26: nosubj
29: nosubj
31: nonobj
32: nosubj
34: noante
43: noante
45: noante
49: noante
50: nosubj
52: noante
56: noante
59: noante
61: noante
63: noante
68: noante
70: noante
    70 assoc-formal.loc 65: badtype
75: noante
77: noante
82: nosubj
85: noante
92: noante
97: nonobj
98: noante
104: noante
106: nosubj
108: noante
114: noante
115: noante
122: noante
130: noante
131: nosubj
132: nosubj
138: noante
147: noante
150: noante
153: noante
154: nosubj
158: noante
> redirect ./it/0235-it-disc-iorn.info
