> errors
0: nogov nosubj
1: nogov nosubj
2: nogov
3: nogov
4: nogov nonobj
5: nogov
6: nogov noante
7: nogov noante
8: nogov noante
9: nogov nosubj
10: nogov
11: nogov nonobj
12: nogov
13: nogov noante
14: nogov
15: nogov nosubj
16: nogov
17: nogov noante
18: nogov
19: nogov noante
20: nogov nosubj
21: nogov
22: nogov
23: nogov nosubj
24: nogov nosubj
25: nogov nonobj
26: nogov nosubj
27: nogov
28: nogov
29: nogov nosubj
30: nogov nosubj
31: nogov nonobj
32: nogov nosubj
33: nogov
34: nogov noante
35: nogov noante
36: nogov nosubj
37: nogov
38: nogov
39: nogov
40: nogov
41: nogov
42: nogov nonobj
43: nogov noante
44: nogov nonobj
45: nogov noante
46: nogov
47: nogov nonobj
48: nogov
49: nogov noante
50: nogov nosubj
51: nogov nonobj
52: nogov noante
53: nogov
54: nogov nosubj
55: nogov nonobj
56: nogov noante
57: nogov noante
58: nogov nonobj
59: nogov noante
60: nogov
61: nogov noante
62: nogov
63: nogov noante
64: nogov
65: nogov
66: nogov noante
67: nogov nonobj
68: nogov noante
69: nogov
70: nogov noante
71: nogov noante
72: nogov nosubj
73: nogov nosubj
74: nogov nonobj
75: nogov noante
76: nogov
77: nogov noante
78: nogov nonobj
79: nogov noante
80: nogov
81: nogov
82: nogov nosubj
83: nogov nosubj
84: nogov nosubj
85: nogov noante
86: nogov
87: nogov nonobj
88: nogov
89: nogov
90: nogov
91: nogov noante
92: nogov noante
93: nogov nosubj
94: nogov nosubj
95: nogov
96: nogov noante
97: nogov nonobj
98: nogov noante
99: nogov nonobj
100: nogov
101: nogov noante
102: nogov noante
103: nogov nonobj
104: nogov noante
105: nogov
106: nogov nosubj
107: nogov
108: nogov noante
109: nogov nonobj
110: nogov
111: nogov noante
112: nogov
113: nogov nonobj
114: nogov noante
115: nogov noante
116: nogov
117: nogov
118: nogov
119: nogov
120: nogov noante
121: nogov nonobj
122: nogov noante
123: nogov noante
124: nogov
125: nogov
126: nogov
127: nogov noante
128: nogov
129: nogov
130: nogov noante
131: nogov nosubj
132: nogov nosubj
133: nogov
134: nogov
135: nogov
136: nogov
137: nogov
138: nogov noante
139: nogov nosubj
140: nogov nonobj
141: nogov
142: nogov noante
143: nogov
144: nogov
145: nogov noante
146: nogov
147: nogov noante
148: nogov nosubj
149: nogov nonobj
150: nogov noante
151: nogov
152: nogov
153: nogov noante
154: nogov nosubj
155: nogov
156: nogov noante
157: nogov nonobj
158: nogov noante
159: nogov
> redirect ./it/0235-it-morten.info
