> errors
2: nogov noante
3: nogov noante
4: nogov nosubj
5: nogov nosubj
6: nogov
7: nogov noante
8: nogov nonobj
9: nogov noante
10: nogov noante
11: nogov
12: nogov
13: nogov nosubj
14: nogov nosubj
15: nogov
16: nogov noante
17: nogov noante
18: nogov noante
19: nogov nosubj
20: nogov noante
21: nogov
22: nogov noante
23: nogov
24: nogov
25: nogov
28: nogov noante
29: nogov noante
30: nogov
31: nogov noante
32: nogov
33: nogov
34: nogov
35: nogov
36: nogov noante
37: nogov
38: nogov nonobj
39: nogov noante
40: nosubj
41: nogov nosubj
42: nogov
43: nogov nosubj
44: nogov nonobj
45: nogov noante
46: nogov noante
47: nogov
48: nogov
49: nogov noante
50: nogov
51: nogov noante
52: nogov
53: nogov nosubj
54: nogov nosubj
55: nogov nonobj
56: nogov noante
57: nogov nonobj
58: nogov nosubj
59: nogov noante
60: nogov noante
61: nogov nonobj
62: nogov noante
63: nogov
66: nogov
67: nogov noante
68: nogov noante
69: nogov noante
70: nogov noante
71: nogov noante
72: nosubj
73: nogov
74: nogov nosubj
75: nogov nonobj
76: nogov noante
77: nogov
78: nogov noante
79: nogov nosubj
80: nogov
81: nogov noante
82: nogov noante
83: nogov
84: nogov noante
85: nogov noante
86: nogov noante
87: nogov nonobj
88: nogov noante
89: nogov
94: nogov
95: nogov noante
96: nogov
97: nosubj
98: nogov nosubj
99: nogov nosubj
100: nogov
101: nogov nonobj
102: nogov noante
103: nosubj
104: nogov
105: nogov noante
106: nogov nonobj
107: nogov
108: nogov noante
109: nogov noante
110: nogov noante
111: nogov nosubj
112: nogov nonobj
113: nogov
114: nogov noante
115: nogov nonobj
116: nogov noante
117: nogov noante
118: nogov
119: nogov noante
120: nogov noante
121: nogov
122: nogov
123: nogov
124: nogov noante
125: nogov noante
126: nogov nosubj
127: nogov
128: nogov nonobj
129: nogov noante
130: nogov
131: nogov nonobj
132: nogov noante
133: nogov
138: noante
139: nogov noante
140: nogov
145: nogov
146: nogov noante
147: nosubj
148: nogov
149: nogov
150: nogov noante
151: nogov nonobj
152: nogov noante
153: nogov
154: nogov
157: nogov nonobj
158: nogov noante
159: nogov noante
160: nogov noante
161: nogov
162: nogov
163: nogov nonobj
164: nogov noante
165: nogov nonobj
166: nogov noante
167: nogov
168: nogov
169: nosubj
170: nogov
171: nogov
172: nogov nonobj
173: nogov noante
174: nogov noante
175: nogov
176: nogov
179: nogov
180: nogov
181: nogov noante
182: nogov noante
183: nogov noante
184: nogov nosubj
185: nogov
186: nogov nosubj
187: nogov noante
189: nogov nonobj
190: nogov nosubj
191: nogov
192: nogov
193: nogov noante
194: nogov nonobj
195: nogov noante
196: nogov
197: nogov
200: nogov nonobj
201: nogov noante
202: nogov
203: nogov
204: nogov
205: nogov noante
206: nogov noante
207: nogov
208: nogov nonobj
209: nogov noante
210: nosubj
211: nogov nonobj
212: nogov noante
213: nogov
214: nogov nonobj
215: nogov noante
216: nogov
217: nogov
218: nogov nonobj
219: nogov noante
220: nogov
221: nogov
222: nogov
223: nogov noante
224: nogov noante
225: nogov nonobj
226: nogov noante
227: nogov
228: nogov
229: nogov nosubj
230: nogov nonobj
231: nogov
232: nogov nonobj
233: nogov noante
234: nogov nonobj
235: nogov noante
236: nogov
237: nogov noante
238: nogov
239: nogov noante
240: nogov nosubj
241: nogov noante
242: nogov
243: nogov
244: nogov
> redirect ./it/0237-it-disc-morten.info
