> errors
0: nogov
1: nogov
2: nogov noante
3: nogov nosubj
4: nogov noante
5: nogov noante
6: nogov nonobj
7: nogov noante
8: nogov nonobj
9: nogov noante
10: nogov noante
11: nogov nosubj
12: nogov nosubj
13: nogov nosubj
14: nogov
15: nogov nonobj
16: nogov noante
17: nogov
18: nogov
19: nogov
20: nogov noante
21: nogov nosubj
22: nogov nosubj
23: nogov noante
24: nogov noante
25: nogov nosubj
26: nogov
27: nogov
28: nogov noante
29: nogov noante
30: nogov noante
31: nogov nosubj
32: nogov nonobj
33: nogov noante
34: nogov nonobj
35: nogov noante
36: nogov
37: nogov nonobj
38: nogov
39: nogov nosubj
40: nogov
41: nogov noante
42: nogov nosubj
43: nogov noante
44: nogov nonobj
45: nogov
46: nogov noante
47: nogov nonobj
48: nogov
49: nogov
50: nogov noante
51: nogov nosubj
52: nogov nonobj
53: nogov
54: nogov nonobj
55: nogov
56: nogov
57: nogov nosubj
58: nogov
59: nogov nonobj
60: nogov
61: nogov noante
62: nogov nonobj
63: nogov
64: nogov nonobj
65: nogov
66: nogov
67: nogov nosubj
68: nogov nonobj
69: nogov noante
70: nogov noante
71: nogov noante
72: nogov noante
73: nogov nonobj
74: nogov noante
75: nogov
76: nogov nosubj
77: nogov nosubj
78: nogov nonobj
79: nogov noante
80: nogov noante
81: nogov
82: nogov nonobj
83: nogov noante
84: nogov noante
85: nogov
86: nogov noante
87: nogov nosubj
88: nogov
89: nogov noante
90: nogov nonobj
91: nogov nosubj
92: nogov noante
93: nogov noante
94: nogov nosubj
95: nogov nonobj
96: nogov
97: nogov noante
98: nogov nonobj
99: nogov noante
100: nogov
101: nogov nonobj
102: nogov
103: nogov
104: nogov nonobj
105: nogov nosubj
106: nogov nonobj
107: nogov
108: nogov
109: nogov noante
110: nogov nosubj
111: nogov nonobj
112: nogov noante
113: nogov
114: nogov noante
115: nogov
116: nogov
117: nogov
118: nogov
119: nogov noante
120: nogov nosubj
121: nogov
122: nogov noante
123: nogov noante
124: nogov nosubj
125: nogov noante
126: nogov noante
127: nogov
128: nogov
129: nogov noante
130: nogov nosubj
131: nogov
132: nogov
133: nogov noante
134: nogov
135: nogov noante
136: nogov
137: nogov noante
138: nogov noante
139: nogov nonobj
140: nogov noante
141: nogov
142: nogov
143: nogov
144: nogov
145: nogov
146: nogov noante
147: nogov
148: nogov nosubj
149: nogov nonobj
150: nogov
151: nogov noante
152: nogov nosubj
153: nogov
154: nogov
155: nogov noante
156: nogov noante
157: nogov nosubj
158: nogov nosubj
159: nogov nonobj
160: nogov
161: nogov noante
162: nogov
163: nogov
164: nogov
165: nogov
166: nogov noante
167: nogov nonobj
168: nogov noante
169: nogov nosubj
170: nogov
171: nogov
172: nogov nosubj
173: nogov
174: nogov
175: nogov
176: nogov
177: nogov noante
178: nogov
179: nogov nonobj
180: nogov noante
181: nogov
> redirect ./it/0244-it-morten.info
