> errors
2: nogov nonobj
3: nogov noante
4: nogov noante
5: nogov noante
6: nogov nonobj
7: nogov noante
8: nogov nosubj
9: nogov nosubj
10: nogov nosubj
11: nogov
16: noante
17: nogov noante
18: nogov
19: nogov nonobj
20: nogov noante
21: nogov nosubj
22: nogov nonobj
23: nogov noante
28: nogov nonobj
29: nogov noante
30: nogov noante
31: nogov nosubj
32: nogov nosubj
33: nogov noante
34: nogov noante
35: nogov
36: nogov
37: nosubj
38: nogov
39: nogov nosubj
40: nogov noante
41: nogov noante
42: nogov noante
43: nogov nonobj
44: nogov noante
45: nogov nosubj
46: nogov
47: nogov nosubj
48: nogov nonobj
49: nogov noante
50: nogov
51: nogov noante
52: nogov
57: nogov noante
58: nosubj
59: nogov nosubj
60: nogov nonobj
61: nogov nosubj
62: nogov nonobj
63: nogov noante
64: nogov noante
65: nogov
66: nogov noante
67: nogov nosubj
68: nogov nosubj
69: nogov
70: nogov nonobj
71: nogov noante
72: nogov
73: nogov
74: nogov
75: nogov nosubj
76: nogov
77: nogov
78: nogov nonobj
79: nogov
80: nogov
85: nogov nonobj
86: nogov
87: nogov nonobj
88: nogov noante
89: nogov noante
90: nogov
91: nosubj
92: nogov
93: nogov nosubj
94: nogov nosubj
95: nogov
96: nogov noante
97: nogov
98: nogov
101: nogov
102: nosubj
103: nogov nosubj
104: nogov nosubj
105: nogov
106: nogov noante
107: nogov nonobj
108: nogov noante
109: nogov noante
110: nogov nosubj
111: nogov nosubj
112: nogov
113: nogov nosubj
114: nogov nonobj
115: nogov
116: nogov noante
117: nogov noante
118: nogov nosubj
119: nogov
120: nogov nosubj
121: nogov nosubj
122: nogov
123: nogov
124: nogov
125: nogov nonobj
126: nogov
127: nogov
132: nosubj
133: nogov nosubj
134: nogov nosubj
135: nogov
136: nogov noante
137: nogov nonobj
138: nogov noante
139: nogov nonobj
140: nogov noante
141: nogov noante
142: nogov nonobj
143: nogov noante
144: nogov nonobj
145: nogov noante
146: nogov nonobj
147: nogov nosubj
148: nogov noante
149: nogov
150: nogov
151: nogov nonobj
152: nogov noante
153: nogov
154: nogov
155: nogov nonobj
156: nogov noante
157: nogov nonobj
158: nogov nosubj
159: nogov nonobj
160: nogov noante
161: nogov
162: nogov nonobj
163: nogov
164: nogov noante
165: nogov
166: nogov
171: nogov nonobj
172: nogov noante
173: nogov noante
174: nosubj
175: nogov nosubj
176: nogov
177: nogov nosubj
178: nogov
179: nogov
180: nogov noante
181: nogov
182: nogov noante
183: nogov
184: nogov nosubj
185: nogov
186: nogov nonobj
187: nogov noante
188: nogov
189: nogov
192: nogov noante
193: nogov noante
194: nosubj
195: nogov
196: nogov noante
197: nogov
198: nogov nonobj
199: nogov noante
200: nogov noante
201: nogov nonobj
202: nogov noante
203: nogov nonobj
204: nogov noante
205: nogov noante
206: nogov nosubj
207: nogov
208: nogov noante
209: nogov
210: nogov noante
211: nogov nonobj
212: nogov noante
213: nogov nonobj
214: nogov noante
215: nogov
> redirect ./it/0245-it-disc-morten.info
