> errors
2: nogov noante
3: nogov nosubj
4: nogov noante
5: nogov
6: nogov noante
7: nogov nonobj
8: nogov noante
9: nogov noante
10: nogov nonobj
11: nogov noante
12: nogov nosubj
13: nogov nosubj
14: nogov nosubj
15: nogov noante
16: nogov noante
17: nogov nonobj
18: nogov noante
19: nogov
22: nogov
23: nogov noante
24: nosubj
25: nogov nosubj
26: nogov noante
27: nogov
28: nogov noante
29: nogov
30: nogov
31: nogov noante
32: nogov nonobj
33: nogov noante
34: nogov
35: nogov noante
36: nogov nonobj
37: nogov noante
38: nogov nonobj
39: nogov
40: nogov noante
41: nogov
42: nogov noante
43: nogov nosubj
44: nogov nonobj
45: nogov
46: nogov noante
47: nogov
50: nogov
51: nogov noante
52: nogov noante
53: nosubj
54: nogov nosubj
55: nogov nosubj
56: nogov noante
57: nogov noante
58: nogov noante
59: nogov nosubj
60: nogov
61: nogov nonobj
62: nogov noante
63: nogov noante
64: nogov
67: nogov
68: nosubj
69: nogov
70: nogov nosubj
71: nogov nonobj
72: nogov noante
73: nogov nonobj
74: nogov
75: nogov
76: nogov nonobj
77: nogov
78: nogov
79: nogov noante
80: nogov nonobj
81: nogov noante
82: nogov
83: nogov
84: nogov nonobj
85: nogov
86: nogov nosubj
87: nogov nonobj
88: nogov noante
89: nogov
90: nogov nosubj
91: nogov nosubj
92: nogov noante
93: nogov nonobj
94: nogov noante
95: nogov
96: nogov
101: nogov
102: nosubj
103: nogov nosubj
104: nogov
105: nogov noante
106: nogov noante
107: nogov
110: nogov
111: nogov noante
112: nosubj
113: nogov nosubj
114: nogov nosubj
115: nogov
116: nogov nosubj
117: nogov
118: nogov noante
119: nogov
120: nogov
125: nogov nonobj
126: nogov
127: nogov noante
128: nosubj
129: nogov nosubj
130: nogov noante
131: nogov
132: nogov nosubj
133: nogov nonobj
134: nogov nosubj
135: nogov nosubj
136: nogov
137: nogov noante
138: nogov
141: nosubj
142: nogov nonobj
143: nogov nosubj
144: nogov nonobj
145: nogov noante
146: nogov nonobj
147: nogov noante
148: nogov
151: nogov
152: nosubj
153: nogov nosubj
154: nogov
159: noante
160: nogov
161: nogov noante
162: nogov
163: nogov nosubj
164: nogov
165: nogov nosubj
166: nogov
167: nogov noante
168: nogov nonobj
169: nogov noante
170: nogov noante
171: nogov nosubj
172: nogov nonobj
173: nogov noante
174: nogov nonobj
175: nogov noante
176: nogov noante
177: nogov noante
178: nogov
181: nogov nonobj
182: nogov
183: nogov noante
184: nogov nonobj
185: nogov noante
186: nogov
187: noante
188: nogov
189: nogov nonobj
190: nogov noante
191: nogov noante
192: nogov
193: nogov noante
194: nogov noante
195: nogov nosubj
196: nogov nonobj
197: nogov noante
198: nogov
199: nogov noante
200: nogov
205: nosubj
206: nogov
207: nogov noante
208: nogov noante
209: nogov noante
210: nogov noante
211: nogov nosubj
212: nogov nosubj
213: nogov noante
214: nogov
215: nogov noante
216: nogov
> redirect ./it/0257-it-disc-morten.info
