> errors
2: nogov nonobj
3: nogov noante
4: nogov noante
5: nogov noante
6: nogov nosubj
7: nogov nonobj
8: nogov
9: nogov noante
10: nogov nonobj
11: nogov noante
12: nogov
13: nogov noante
14: nogov nosubj
15: nogov nosubj
16: nogov nosubj
17: nogov nonobj
18: nogov noante
19: nogov nonobj
20: nogov noante
21: nogov noante
22: nogov nonobj
23: nogov
24: nogov
25: nogov noante
26: nogov noante
27: nogov nonobj
28: nogov noante
29: nogov noante
30: nogov
35: nosubj
36: nogov nosubj
37: nogov nosubj
38: nogov nonobj
39: nogov
40: nogov nonobj
41: nogov noante
42: nogov
43: nogov nonobj
44: nogov
45: nogov noante
46: nogov nonobj
47: nogov noante
48: nogov
53: nogov
54: nosubj
55: nogov nosubj
56: nogov nonobj
57: nogov nonobj
58: nogov noante
59: nogov nonobj
60: nogov noante
61: nogov
64: nogov noante
65: nogov noante
66: nosubj
67: nogov nonobj
68: nogov noante
69: nogov nonobj
70: nogov noante
71: nogov
72: nogov noante
73: nogov
76: nogov
77: nogov nonobj
78: nogov noante
79: noante
80: nogov
81: nogov
82: nogov nonobj
83: nogov
84: nogov noante
85: nogov nosubj
86: nogov
87: nogov noante
88: nogov
89: nogov nonobj
90: nogov noante
91: nogov
94: nogov
95: nogov
96: nogov noante
97: nogov nonobj
98: nogov noante
99: nogov
100: nogov noante
101: nosubj
102: nogov nonobj
103: nogov noante
104: nogov
105: nogov
106: nogov
107: nogov
108: nogov noante
109: nogov nonobj
110: nogov noante
111: nogov noante
112: nogov
113: nogov noante
114: nogov noante
115: nogov nosubj
116: nogov
117: nogov nonobj
118: nogov noante
119: nogov
120: nogov nosubj
121: nogov
122: nogov
123: nogov noante
124: nogov nosubj
125: nogov nosubj
126: nogov noante
127: nogov noante
128: nogov
133: nogov
134: nogov nosubj
135: nogov noante
136: nogov nonobj
137: nogov noante
138: nogov nonobj
139: nogov noante
140: nogov
141: nogov nosubj
142: nogov nosubj
143: nosubj
144: nogov
145: nogov noante
146: nogov nonobj
147: nogov
148: nogov
149: nogov
150: nogov
151: nogov noante
152: nogov
153: nogov
154: nogov
155: nogov noante
156: nogov nonobj
157: nogov noante
158: nogov
159: nogov nonobj
160: nogov nosubj
161: nogov noante
162: nogov noante
163: nogov
164: nogov nonobj
165: nogov
166: nogov noante
167: nogov
168: nogov
169: nogov noante
170: nogov
171: nogov nonobj
172: nogov noante
173: nogov
178: nogov
179: nogov noante
180: nogov nosubj
181: nogov nonobj
182: nogov noante
183: nogov
184: nogov
185: nogov noante
186: nogov
187: nosubj
188: nogov nosubj
189: nogov
190: nogov noante
191: nogov
192: nogov nosubj
193: nogov
194: nogov noante
195: nogov
196: nogov nosubj
197: nogov nonobj
198: nogov nosubj
199: nogov noante
200: nogov noante
201: nogov
206: noante
207: nogov
212: nogov
213: nogov nonobj
214: nogov noante
215: nogov nosubj
216: nosubj
217: nogov noante
218: nogov noante
219: nogov
220: nogov
221: nogov noante
222: nogov
223: nogov nonobj
224: nogov noante
225: nogov
226: nogov noante
227: nogov nonobj
228: nogov noante
229: nogov
232: nogov noante
233: nogov
234: nogov noante
235: nogov
236: nogov noante
237: nosubj
238: nogov nonobj
239: nogov
240: nogov noante
241: nogov nonobj
242: nogov noante
243: nogov
244: nogov nonobj
245: nogov noante
246: nogov nosubj
247: nogov nosubj
248: nogov nosubj
249: nogov noante
250: nogov noante
251: nogov
> redirect ./it/0258-it-disc-morten.info
