> errors
2: nogov nonobj
3: nogov
4: nogov
5: nogov
6: nogov
7: nogov noante
8: nogov nosubj
9: nogov nosubj
10: nogov nosubj
11: nogov
12: nogov nosubj
13: nogov nonobj
14: nogov noante
15: nogov
16: nogov
17: nogov noante
18: nogov
19: nogov nosubj
20: nogov nosubj
21: nogov nosubj
22: nogov nonobj
23: nogov noante
24: nogov nonobj
25: nogov noante
26: nogov
27: nogov
30: nogov
31: nogov noante
32: nogov
33: nosubj
34: nogov nosubj
35: nogov
36: nogov noante
37: nogov
38: nogov
39: nogov nosubj
40: nogov nosubj
41: nogov nosubj
42: nogov
43: nogov noante
44: nogov nonobj
45: nogov noante
46: nogov
51: nogov noante
52: nogov noante
53: nogov
54: nosubj
55: nogov noante
56: nogov noante
57: nogov noante
58: nogov nosubj
59: nogov nonobj
60: nogov
61: nogov
62: nogov
63: nogov
64: nogov nonobj
65: nogov noante
66: nogov noante
67: nogov
68: nogov noante
69: nogov nosubj
70: nogov nosubj
71: nogov noante
72: nogov
77: nogov
78: nogov
79: nogov noante
81: nogov nosubj
82: nogov nosubj
83: nogov nonobj
84: nogov
85: nogov
88: nogov noante
89: nogov noante
90: nogov
91: nosubj
92: nogov nosubj
93: nogov nosubj
94: nogov
95: nogov nosubj
96: nogov
97: nogov nonobj
98: nogov noante
99: nogov
102: nogov noante
103: nogov noante
104: nogov noante
105: nogov nosubj
106: nogov nonobj
107: nogov
108: nogov noante
109: nosubj
110: nogov nosubj
111: nogov nosubj
112: nogov
113: nogov
114: nosubj
115: nogov
120: nogov noante
121: nogov noante
122: nogov nonobj
123: nogov noante
124: nogov nonobj
125: nogov noante
126: nogov
127: nogov
128: nogov
129: nogov noante
130: nogov noante
131: nogov
132: nosubj
133: nogov
134: nogov
135: nogov noante
136: nogov
137: nogov nosubj
138: nogov nosubj
139: nogov noante
140: nogov
141: nogov noante
142: nogov
143: nogov nonobj
144: nogov
145: nogov noante
146: nogov nonobj
147: nogov
148: nogov
151: nosubj
152: nogov nosubj
153: nogov noante
154: nogov noante
155: nogov noante
156: nogov nosubj
157: nogov nosubj
158: nogov nonobj
159: nogov
160: nogov noante
161: nogov
162: nogov
163: nogov noante
164: nogov noante
165: nogov noante
166: nogov nonobj
167: nogov
168: nogov nosubj
169: nogov
170: nogov
175: nogov
176: nogov nonobj
177: nogov
178: nogov noante
179: nogov noante
180: nogov nosubj
181: nogov nosubj
182: nogov
183: nogov
184: nogov
185: nogov nonobj
186: nogov noante
187: nogov noante
188: nogov nosubj
189: nogov noante
190: nogov noante
191: nogov nonobj
192: nogov noante
193: nogov
194: nogov noante
195: nogov
196: nogov
197: nogov
198: nogov noante
199: nogov nosubj
200: nogov nosubj
201: nogov noante
202: nogov nonobj
203: nogov noante
204: nogov nonobj
205: nogov noante
206: nogov
207: nogov
208: nosubj
209: nogov nosubj
210: nogov
211: nogov noante
212: nogov nonobj
213: nogov noante
214: nogov nonobj
215: nogov noante
216: nogov
217: nogov
218: nogov
> redirect ./it/0262-it-disc-morten.info
