> errors
2: nosubj
3: nogov nonobj
4: nogov
5: nogov noante
6: nogov nonobj
7: nogov
12: nogov noante
13: nogov
14: nogov noante
15: nogov nosubj
16: nogov nosubj
17: nogov
18: nogov nonobj
19: nogov noante
20: nogov nonobj
21: nogov
22: nogov
23: nogov noante
24: nogov
25: nogov
26: nogov
27: nogov nosubj
28: nogov nosubj
29: nogov noante
30: nogov nonobj
31: nogov
32: nogov
33: nogov noante
34: nogov
35: nogov
36: nogov nonobj
37: nogov
38: nogov
39: nogov noante
40: nogov nosubj
41: nogov
42: nogov noante
43: nogov
44: nogov noante
45: nogov nonobj
46: nogov nosubj
47: nogov
52: nogov noante
53: nogov noante
54: nogov nonobj
55: nogov noante
56: nogov noante
57: nosubj
58: nogov
59: nogov nosubj
60: nogov nonobj
61: nogov noante
62: nogov nonobj
63: nogov noante
64: nogov nonobj
65: nogov noante
66: nogov noante
67: nogov nonobj
68: nogov noante
69: nogov nosubj
70: nogov noante
71: nogov noante
72: nogov nonobj
73: nogov
74: nogov noante
75: nogov nonobj
76: nogov noante
77: nogov nonobj
78: nogov noante
79: nogov
82: nogov
83: nogov noante
84: nosubj
85: nogov
86: nogov nonobj
87: nogov nosubj
88: nogov noante
89: nogov
94: nogov
95: nogov nonobj
96: nogov
97: nogov noante
98: nogov nosubj
99: nogov nosubj
100: nogov
101: nogov
102: nogov noante
103: nogov nonobj
104: nogov noante
105: nogov noante
106: nogov
107: nogov
108: nogov noante
109: nogov noante
110: nogov nonobj
111: nogov
112: nogov
113: nogov noante
114: nogov
115: nogov
116: nogov nonobj
117: nogov noante
118: nogov
119: nosubj
120: nogov nosubj
121: nogov
122: nogov noante
123: nogov
124: nogov nonobj
125: nogov nosubj
126: nogov
127: nogov nonobj
128: nogov noante
129: nogov
130: nogov noante
131: nogov
132: nogov noante
133: nogov noante
134: nogov
135: nogov
138: nogov
139: nogov noante
140: nogov
141: nogov noante
142: nogov noante
143: nogov nonobj
144: nogov
145: nogov
150: nogov noante
151: nogov noante
152: nogov nonobj
153: nogov
154: nogov noante
155: nosubj
156: nogov nosubj
157: nogov nosubj
158: nogov nonobj
159: nogov
160: nogov
161: nogov noante
162: nogov nonobj
163: nogov noante
164: nogov nonobj
165: nogov noante
166: nogov
169: nogov noante
170: nogov noante
171: nogov nonobj
172: nogov noante
173: nogov nonobj
174: nogov noante
175: nogov
176: nogov noante
177: nogov
178: nogov
179: nogov
180: nogov noante
181: nogov
182: nogov noante
183: nogov nonobj
184: nogov noante
185: nogov
186: nosubj
187: nogov
188: nogov
189: nogov
190: nogov
195: noante
196: nogov
201: nogov
202: nogov nonobj
203: nogov noante
204: nogov nonobj
205: nogov noante
206: nogov
207: nogov noante
208: nogov
209: nosubj
210: nogov nosubj
211: nogov nonobj
212: nogov noante
213: nogov nonobj
214: nogov noante
215: nogov nonobj
216: nogov noante
217: nogov nonobj
218: nogov noante
219: nogov
222: nogov noante
223: nogov noante
224: nogov nonobj
225: nogov noante
226: nogov nonobj
227: nogov noante
228: nogov
229: nogov noante
230: nogov noante
231: nogov
232: nosubj
233: nogov nosubj
234: nogov noante
235: nogov noante
236: nogov
237: nogov nosubj
238: nogov nosubj
239: nogov noante
240: nogov noante
241: nogov nonobj
242: nogov noante
243: nogov
244: nogov noante
245: nogov nonobj
246: nogov
247: nogov noante
248: nogov nonobj
249: nogov noante
250: nogov nonobj
251: nogov noante
252: nogov
253: nogov
254: nogov
257: nogov noante
258: nogov noante
259: nosubj
260: nogov noante
261: nogov noante
262: nogov nonobj
263: nogov noante
264: nogov noante
265: nogov noante
266: nogov
267: nogov noante
268: nogov noante
269: nogov nonobj
270: nogov noante
271: nogov noante
272: nogov
> redirect ./it/0264-it-disc-morten.info
