> errors
2: nogov
3: nogov
4: nogov
5: nogov noante
6: nogov
7: noante
8: nogov nosubj
9: nogov nonobj
10: nogov noante
11: nogov
12: nogov noante
13: nogov noante
14: nogov
17: nogov noante
18: nosubj
19: nogov nosubj
20: nogov
21: nogov nosubj
22: nogov
25: nogov
26: nogov
27: nosubj
28: nogov nosubj
29: nogov
30: nogov noante
31: nogov noante
32: nogov
35: nogov
36: nogov nosubj
    36 CONJ:elab|rest/ATTR 27: badtype
37: nogov nosubj
38: nogov noante
39: nogov nonobj
40: nogov nosubj
41: nogov
42: nogov
43: nogov noante
44: nogov nosubj
45: nogov nosubj
46: nogov noante
47: nogov
50: nogov
51: nogov
52: nosubj
53: nogov
54: nogov
55: nogov
58: nogov
59: nosubj
60: nogov noante
61: nogov noante
62: nogov noante
63: nogov nosubj
64: nogov nosubj
65: nogov noante
66: nogov noante
67: nogov
68: nogov
69: nogov
70: nogov nosubj
71: nogov
72: nogov nosubj
73: nogov
78: nogov
79: nosubj
80: nogov nonobj
81: nogov noante
82: nogov
83: nogov nosubj
84: nogov nonobj
85: nogov
86: nogov
87: nogov nonobj
88: nogov nosubj
89: nogov nonobj
90: nogov noante
91: nogov
92: nogov noante
93: nogov noante
94: nogov noante
95: nogov
96: nogov nonobj
97: nogov noante
98: nogov noante
99: nogov
104: nogov
105: nogov
106: nogov noante
107: nogov
108: nosubj
109: nogov
112: nogov
113: nogov
114: nogov
115: nogov
116: nogov noante
117: nosubj
118: nogov
119: nogov
120: nogov
123: nogov
124: nogov nosubj
    124 AGENTIVE:cause/(perché)/ATTR 117: badtype
125: nogov
126: nogov noante
127: nogov
130: nogov
131: nosubj
132: nogov
133: nogov
136: nogov
    136 CONJ:elab|rest/ATTR 124: badtype
137: nogov
138: nogov
139: nogov
140: nogov
141: nogov
142: nogov
143: nogov noante
144: nogov
145: nogov noante
146: nogov
147: nogov noante
148: nogov noante
149: nogov nosubj
150: nogov nonobj
151: nogov
152: nogov
157: nosubj
158: nogov
159: nogov noante
160: nogov nosubj
161: nogov
162: nogov nonobj
163: nogov noante
164: nogov
169: nogov
170: nogov noante
171: nogov
172: noante
173: nogov
174: noante
175: nogov
176: nogov noante
177: nogov noante
178: nogov nosubj
179: nogov
182: nogov nosubj
    182 AGENTIVE:cause/ATTR 178: badtype
183: nogov noante
184: nogov nosubj
185: nogov nonobj
186: nogov
187: nogov
188: nogov
189: nogov nosubj
190: nogov nosubj
191: nogov
192: nogov
193: nogov noante
194: nogov nonobj
195: nogov noante
196: nogov noante
197: nogov nonobj
198: nogov noante
199: nogov
204: nogov noante
205: nogov noante
206: nogov nonobj
207: nogov noante
208: nogov
209: nogov noante
210: nogov noante
211: nogov nonobj
212: nogov noante
213: nogov noante
214: nogov
215: nogov noante
216: nogov noante
217: nogov
218: nogov noante
219: nosubj
220: nogov nonobj
221: nogov
222: nogov nonobj
223: nogov noante
224: nogov
> redirect ./it/0265-it-disc-morten.info
