> errors
2: nogov
3: nogov
4: nogov nonobj
5: nogov noante
6: nogov nosubj
7: nogov nosubj
8: nogov noante
9: nogov noante
10: nogov nonobj
11: nogov noante
12: nogov noante
13: nogov nosubj
14: nogov noante
15: nogov nosubj
16: nogov noante
17: nogov noante
18: nogov nonobj
19: nogov nosubj
20: nogov
21: nogov nosubj
22: nogov
23: nogov noante
24: nogov
27: nosubj
28: nogov nosubj
29: nogov nosubj
30: nogov nonobj
31: nogov noante
32: nogov
33: nogov nonobj
34: nogov noante
35: nogov nonobj
36: nogov noante
37: nogov noante
38: nogov
39: nogov
40: nogov noante
41: nogov noante
42: nogov nosubj
43: nogov nosubj
44: nogov nonobj
45: nogov
46: nogov noante
47: nogov noante
48: nogov nonobj
49: nogov nosubj
50: nogov nosubj
51: nogov
54: nogov noante
55: nosubj
56: nogov
57: nogov nosubj
58: nogov nosubj
59: nogov nosubj
60: nogov nonobj
61: nogov noante
62: nogov
63: nogov
64: nogov nosubj
65: nogov nosubj
66: nogov noante
67: nogov
68: nogov nosubj
69: nogov nonobj
70: nogov noante
71: nogov
76: nogov
77: nogov noante
78: nosubj
79: nogov
80: nogov nonobj
81: nogov nosubj
82: nogov nonobj
83: nogov noante
84: nogov noante
85: nogov noante
86: nogov noante
87: nogov nonobj
88: nogov noante
89: nogov noante
90: nogov
91: nogov
92: nogov
93: nogov nosubj
94: nogov noante
95: nogov noante
96: nogov nonobj
97: nogov nosubj
98: nogov noante
99: nogov noante
100: nogov
101: nogov noante
102: nogov nosubj
103: nogov nonobj
104: nogov noante
105: nogov nonobj
106: nogov
107: nogov
112: nogov nonobj
113: nogov noante
114: nogov noante
115: nogov
116: nogov noante
117: nogov
118: nogov nonobj
119: nogov noante
120: nogov
121: nogov
122: nogov noante
123: nogov
124: nogov
125: nogov noante
126: nogov
127: nosubj
128: nogov nosubj
129: nogov nonobj
130: nogov noante
131: nogov nonobj
132: nogov noante
133: nogov
134: nogov noante
135: nogov nosubj
136: nogov noante
137: nogov noante
138: nogov nonobj
139: nogov noante
140: nogov nonobj
141: nogov noante
142: nogov nonobj
143: nogov noante
144: nogov
147: nogov
148: noante
149: nogov nosubj
150: nogov
151: nogov
152: nogov nosubj
153: nogov nonobj
154: nogov noante
155: nogov
156: nogov
157: nogov
158: nogov noante
159: nogov nosubj
160: nogov
161: nogov nosubj
162: nogov nonobj
163: nogov noante
164: nogov noante
165: nogov
168: nogov nonobj
169: nogov noante
170: nogov
171: nogov noante
172: nogov nosubj
    172 TIME:time/in_quel_istante 159: badtype
173: nogov
174: nogov
175: nogov noante
176: nogov
177: nogov
178: nogov
179: nogov noante
180: nogov noante
181: nogov nosubj
182: nogov nosubj
183: nogov nonobj
184: nogov noante
185: nogov
> redirect ./it/0269-it-disc-morten.info
