> errors
2: nogov nonobj
3: nogov noante
4: nogov nonobj
5: nogov
6: nogov noante
7: nogov nosubj
8: nogov
9: nogov noante
10: nogov nonobj
11: nogov noante
12: nogov
13: nogov noante
14: nogov
15: nogov
16: nogov nonobj
17: nogov noante
18: nogov nosubj
19: nogov nosubj
20: nogov
21: nogov nonobj
22: nogov
23: nogov noante
24: nogov
25: nogov noante
26: nogov
27: nogov nonobj
28: nogov noante
29: nogov
34: nogov noante
35: nogov
36: nogov noante
37: nogov nosubj
38: nosubj
39: nogov nonobj
40: nogov noante
41: nogov nonobj
42: nogov noante
43: nogov
44: nogov nosubj
45: nogov noante
46: nogov
47: nogov noante
48: nogov nonobj
49: nogov noante
50: nogov nonobj
51: nogov noante
52: nogov
53: nogov noante
54: nogov nonobj
55: nogov noante
56: nogov
57: nogov noante
58: nogov
59: nogov noante
60: nogov noante
61: nogov nosubj
62: nogov nonobj
63: nogov noante
64: nogov nonobj
65: nogov noante
66: nogov
67: nogov nosubj
68: nogov
69: nogov noante
70: nogov
71: nogov
72: nogov
73: nogov nosubj
74: nogov noante
75: nogov
76: nogov noante
77: nogov nonobj
78: nogov noante
79: nogov
80: nogov noante
81: nogov
86: nogov nonobj
87: nogov
88: nogov noante
89: nogov
90: nogov
91: nogov
92: nogov
93: nogov noante
94: nosubj
95: nogov nosubj
96: nogov
97: nogov noante
98: nogov
99: nogov noante
100: nogov noante
101: nogov noante
102: nogov nosubj
103: nogov nosubj
104: nogov noante
105: nogov nosubj
106: nogov nosubj
107: nogov noante
108: nogov noante
109: nogov noante
110: nogov
111: nogov
114: nogov nonobj
115: nogov
116: nogov noante
117: nogov noante
118: nogov noante
119: nosubj
120: nogov noante
121: nogov nonobj
122: nogov noante
123: nogov
124: nogov
125: nogov noante
126: nogov
127: nogov nosubj
128: nogov nonobj
129: nogov noante
130: nogov
131: nogov noante
132: nogov noante
133: nogov noante
134: nogov noante
135: nogov nosubj
136: nogov nosubj
137: nogov nonobj
138: nogov noante
139: nogov noante
140: nogov
145: nogov
146: nogov noante
147: nogov
148: nogov noante
149: nosubj
150: nogov nosubj
151: nogov nonobj
152: nogov noante
153: nogov nonobj
154: nogov noante
155: nogov
156: nogov
157: nogov
158: nogov noante
159: nogov
160: nogov noante
161: nogov nosubj
162: nogov nosubj
163: nogov noante
164: nogov
165: nogov nonobj
166: nogov noante
167: nogov
168: nogov nonobj
169: nogov noante
170: nogov
173: nogov noante
174: nogov noante
175: nogov nonobj
176: nogov
177: nogov noante
178: nogov noante
179: nosubj
180: nogov nonobj
181: nogov nosubj
182: nogov noante
183: nogov
184: nogov nosubj
185: nogov noante
186: nogov
187: nogov nosubj
188: nogov noante
189: nogov noante
190: nogov nonobj
191: nogov noante
192: nogov
> redirect ./it/0272-it-disc-morten.info
