> errors
2: nogov
3: nogov
4: nogov
5: nogov noante
6: nogov
7: nogov
8: nogov
9: nogov noante
10: nogov
11: nogov nonobj
12: nogov noante
13: nogov noante
14: nogov noante
15: nogov
16: nogov
17: nogov nosubj
18: nogov
19: nogov nonobj
20: nogov noante
21: nogov nonobj
22: nogov noante
23: nogov noante
24: nogov
27: nosubj
28: nogov
29: nogov nonobj
30: nogov noante
31: nogov noante
32: nogov
33: nogov nosubj
34: nogov
35: nogov noante
36: nogov
37: nogov
38: nogov
41: nogov noante
42: nosubj
43: nogov nonobj
44: nogov noante
45: nogov noante
46: nogov
47: nogov
48: nogov noante
49: nogov nosubj
50: nogov
51: nogov noante
52: nogov nonobj
53: nogov noante
54: nogov nonobj
55: nogov noante
56: nogov
59: nogov
60: nogov
61: nogov noante
62: nosubj
63: nogov nonobj
64: nogov noante
65: nogov
68: noante
69: nogov nosubj
70: nogov
71: nogov noante
72: nogov
73: nogov noante
74: nogov noante
75: nogov noante
76: nogov nonobj
77: nogov
78: nogov noante
79: nogov
80: nogov nonobj
81: nogov noante
82: nogov
83: nogov
84: nogov nosubj
85: nogov nosubj
86: nogov nosubj
87: nogov noante
88: nogov noante
89: nogov
90: nogov nonobj
91: nogov nosubj
92: nogov nosubj
93: nogov
94: nogov nonobj
95: nogov
96: nogov nonobj
97: nogov noante
98: nogov noante
99: nogov
102: nogov
104: nogov
105: nogov nosubj
106: nogov noante
107: nogov noante
108: nogov nosubj
109: nogov
112: nogov
113: nogov
114: nosubj
115: nogov
116: nogov noante
117: nogov nosubj
118: nogov nonobj
119: nogov nosubj
120: nogov noante
121: nogov noante
122: nogov nonobj
123: nogov nosubj
124: nogov nonobj
125: nogov noante
126: nogov
127: nogov
128: nogov
129: nogov nonobj
130: nogov
131: nogov noante
132: nogov
133: nogov
138: nogov
139: nogov
140: nogov nonobj
141: nogov noante
142: nogov nosubj
    142 +QUEST:probl/ATTR3 114: badtype
143: nogov noante
144: nogov noante
145: nogov noante
146: nogov nosubj
147: nogov noante
148: nogov noante
149: nogov
150: nogov
151: nogov
152: nogov
155: nogov
160: nogov
161: nogov
162: nogov nosubj
163: nogov noante
164: nogov nosubj
165: nogov nonobj
166: nogov nosubj
167: nogov
168: nogov noante
169: nogov nonobj
170: nogov noante
171: nogov nonobj
172: nogov noante
173: nogov
174: nogov noante
175: nogov
176: nogov nosubj
177: nogov noante
178: nogov
179: nogov noante
180: nogov nonobj
181: nogov noante
182: nogov noante
183: nogov nonobj
184: nogov
185: nogov noante
186: nogov
187: nogov
188: nosubj
189: nogov noante
190: nogov
191: nogov noante
192: nogov
193: nogov nosubj
194: nogov noante
195: nogov noante
196: nogov
197: nogov noante
198: nogov noante
199: nogov
200: nogov nonobj
201: nogov noante
202: nogov
203: nogov noante
204: nogov noante
205: nogov nosubj
206: nogov nosubj
207: nogov noante
208: nogov
209: nogov
210: nogov
211: nogov noante
212: nogov noante
213: nogov
216: nogov
217: noante
218: nogov nosubj
219: nogov nonobj
220: nogov noante
221: nogov noante
222: nogov nosubj
223: nogov nosubj
224: nogov nonobj
225: nogov noante
226: nogov noante
227: nogov noante
228: nogov
231: nosubj
232: nogov nosubj
233: nogov nonobj
234: nogov noante
235: nogov noante
236: nogov noante
237: nogov
238: nogov nosubj
239: nogov nosubj
240: nogov nosubj
241: nogov nonobj
242: nogov nosubj
243: nogov noante
244: nogov noante
245: nogov
> redirect ./it/0273-it-disc-morten.info
