> errors
2: nogov nonobj
3: nogov noante
4: nogov nonobj
5: nogov noante
6: nogov nosubj
7: nogov
8: nogov noante
9: nogov
10: nogov nonobj
11: nogov noante
12: nogov nonobj
13: nogov noante
14: nogov nonobj
15: nogov noante
16: nogov
17: nogov
18: nogov
19: nogov
20: nogov noante
21: nogov
22: nogov
23: nogov nosubj
24: nogov noante
25: nogov nonobj
26: nogov noante
27: nogov
32: nogov nonobj
33: nogov nonobj
34: nogov noante
35: nogov noante
36: nosubj
37: nogov noante
38: nogov noante
39: nogov noante
40: nogov
41: nogov
44: nosubj
45: nogov
46: nogov nosubj
47: nogov nonobj
48: nogov nosubj
49: nogov noante
50: nogov
51: nogov noante
52: nogov nonobj
53: nogov noante
54: nogov
55: nogov noante
56: nogov nosubj
57: nogov nosubj
58: nogov nosubj
59: nogov nosubj
60: nogov nonobj
61: nogov noante
62: nogov nosubj
63: nogov nonobj
64: nogov
65: nogov
66: nogov
67: nogov
68: nogov
69: nogov noante
70: nogov nonobj
71: nogov noante
72: nogov
77: nogov noante
78: nogov noante
79: nogov nonobj
80: nogov noante
81: nosubj
82: nogov nosubj
83: nogov
84: nogov nosubj
85: nogov nonobj
86: nogov
87: nogov noante
88: nogov noante
89: nogov nosubj
90: nogov nosubj
91: nogov noante
92: nogov nosubj
93: nogov
94: nogov noante
95: nogov
96: nogov
97: nogov
98: nogov noante
99: nogov
100: nogov noante
101: nogov nosubj
102: nogov nonobj
103: nogov noante
104: nogov
105: nogov nosubj
106: nogov nonobj
107: nogov
108: nogov noante
109: nogov nonobj
110: nogov
111: nogov noante
112: nogov
115: nogov
116: nogov nonobj
117: nogov noante
118: nosubj
119: nogov noante
120: nogov noante
121: nogov
122: nogov nonobj
123: nogov noante
124: nogov
127: nogov
128: nogov noante
129: nogov nonobj
130: nogov
131: nogov noante
132: nogov nonobj
133: nogov
134: nogov nonobj
135: nogov
136: nogov noante
137: nogov nonobj
138: nogov noante
139: nogov noante
140: nosubj
141: nogov nonobj
142: nogov noante
143: nogov
144: nogov noante
145: nogov noante
146: nogov nosubj
147: nogov nosubj
148: nogov nonobj
149: nogov noante
150: nogov
151: nogov nonobj
152: nogov noante
153: nogov
154: nogov
155: nogov noante
156: nogov noante
157: nogov nonobj
158: nogov
159: nogov noante
160: nogov
165: nogov
166: nogov
168: nogov
169: nogov
170: nogov
175: nogov nosubj
176: nogov noante
177: nogov noante
178: nogov
179: nogov noante
180: nogov
181: nogov
182: nosubj
183: nogov
184: nogov
185: nogov
186: nogov noante
187: nogov
188: nogov nonobj
189: nogov noante
190: nogov
191: nogov noante
192: nogov nonobj
193: nogov noante
194: nogov
195: nogov nonobj
196: nogov noante
197: nogov
198: nogov
199: nogov
200: nogov
201: nogov
202: nogov nonobj
203: nogov noante
204: nogov
205: nogov
206: nogov
207: nogov
208: nogov
209: nogov nonobj
210: nogov noante
211: nogov
212: nogov
213: nogov
214: nogov
215: nogov
218: nogov
223: nogov nosubj
224: nogov noante
225: nogov noante
226: nogov
227: nogov noante
228: nogov noante
229: nogov
230: nogov
231: nogov nosubj
232: nosubj
233: nogov
234: nogov nosubj
235: nogov
236: nogov
237: nogov noante
238: nogov noante
239: nogov noante
240: nogov
241: nogov
244: nogov noante
245: nogov noante
    245 CONJ:add:seq/ATTR 240: badtype
246: nogov
247: nogov
248: nogov
249: nogov
252: nogov
253: nogov noante
254: nogov noante
255: nogov
256: nogov
257: nogov
    257 CONJ:add:seq/ATTR 245: badtype
258: nogov
> redirect ./it/0294-it-disc-morten.info
