> errors
2: nogov noante
3: nogov noante
4: nogov nonobj
5: nogov noante
6: nogov
7: nogov noante
8: nogov
9: nogov nonobj
10: nogov noante
11: nogov nonobj
12: nogov noante
13: nogov nonobj
14: nogov noante
15: nogov
16: nogov
17: nogov nonobj
18: nogov noante
19: nogov
20: nogov noante
21: nogov nonobj
22: nogov noante
23: nogov nosubj
24: nogov
25: nogov nonobj
26: nogov noante
27: nogov
28: nogov nosubj
29: nogov nonobj
30: nogov
31: nogov
34: nogov
35: nogov noante
36: nosubj
37: nogov
38: nogov
39: nogov
40: nogov
41: nogov noante
42: nogov nonobj
43: nogov noante
44: nogov noante
45: nogov nonobj
46: nogov noante
47: nogov
48: nogov
49: nogov nonobj
50: nogov noante
51: nogov nosubj
52: nogov nosubj
53: nogov nonobj
54: nogov
55: nogov noante
56: nogov
61: nogov
62: nogov
63: nogov noante
64: nosubj
65: nogov
66: nogov noante
67: nogov
68: nogov nosubj
69: nogov nonobj
70: nogov noante
71: nogov nonobj
72: nogov
73: nogov noante
74: nogov nonobj
75: nogov noante
76: nogov
77: nogov
78: nogov
79: nogov
80: nogov nosubj
81: nogov nonobj
82: nogov noante
83: nogov nonobj
84: nogov
85: nogov noante
86: nogov nonobj
87: nogov noante
88: nogov
93: nogov noante
94: nogov noante
95: nosubj
96: nogov nosubj
97: nogov nosubj
98: nogov nonobj
99: nogov
100: nogov
101: nogov noante
102: nogov nonobj
103: nogov noante
104: nogov
105: nogov noante
106: nogov nonobj
107: nogov
108: nogov noante
109: nogov nosubj
110: nogov nonobj
111: nogov
112: nogov noante
113: nogov nonobj
114: nogov
115: nogov
116: nogov nonobj
117: nogov
118: nogov noante
119: nogov
120: nogov noante
121: nogov nonobj
122: nogov noante
123: nogov
124: nogov noante
125: nogov nonobj
126: nogov noante
127: nogov nonobj
128: nogov noante
129: nogov
132: nogov noante
133: nogov
134: nogov noante
135: nogov
136: nogov nosubj
137: nogov nonobj
138: nogov
139: nogov noante
140: nogov
141: nosubj
142: nogov nonobj
143: nogov noante
144: nogov
145: nogov noante
146: nogov
147: nogov
148: nogov nosubj
149: nogov
150: nogov
151: nogov
152: nogov noante
153: nogov noante
154: nogov nosubj
155: nogov
156: nogov noante
157: nogov nonobj
158: nogov nosubj
159: nogov nonobj
160: nogov noante
161: nogov noante
162: nogov nosubj
163: nogov
164: nogov
165: nogov noante
166: nogov
167: nogov noante
168: nogov nonobj
169: nogov noante
170: nogov
175: nogov noante
176: nogov
177: nogov
178: nogov
179: nogov noante
180: nogov nonobj
181: nogov noante
182: nosubj
183: nogov
184: nogov
185: nogov nonobj
186: nogov noante
187: nogov
188: nogov nosubj
189: nogov nonobj
190: nogov
191: nogov noante
192: nogov
193: nogov
194: nogov noante
195: nogov nosubj
196: nogov nonobj
197: nogov noante
198: nogov noante
199: nogov
200: nogov nosubj
201: nogov nonobj
202: nogov noante
203: nogov
> redirect ./it/0298-it-disc-morten.info
