> errors
0: nogov noante
1: nogov noante
2: nogov noante
3: nogov nonobj
4: nogov noante
5: nogov noante
6: nogov
7: nogov noante
8: nogov nosubj
9: nogov noante
10: nogov noante
11: nogov
12: nogov
13: nogov
14: nogov
15: nogov
16: nogov noante
17: nogov
18: nogov nosubj
19: nogov
20: nogov nonobj
21: nogov noante
22: nogov
23: nogov nosubj
24: nogov noante
25: nogov nosubj
26: nogov
27: nogov nosubj
28: nogov noante
29: nogov noante
30: nogov nonobj
31: nogov noante
32: nogov
33: nogov noante
34: nogov noante
35: nogov nosubj
36: nogov noante
37: nogov
38: nogov noante
39: nogov
40: nogov nosubj
41: nogov
42: nogov nosubj
43: nogov
44: nogov
45: nogov
46: nogov noante
47: nogov
48: nogov noante
49: nogov noante
50: nogov nonobj
51: nogov noante
52: nogov
53: nogov
54: nogov
55: nogov
56: nogov
57: nogov noante
58: nogov noante
59: nogov
60: nogov nosubj
61: nogov
62: nogov noante
63: nogov noante
64: nogov
65: nogov nosubj
66: nogov
67: nogov
68: nogov
69: nogov noante
70: nogov noante
71: nogov nosubj
72: nogov nonobj
73: nogov nonobj
74: nogov noante
75: nogov
76: nogov noante
77: nogov
78: nogov noante
79: nogov nonobj
80: nogov
81: nogov noante
82: nogov noante
83: nogov noante
84: nogov nosubj
85: nogov nosubj
86: nogov nonobj
87: nogov noante
88: nogov nosubj
89: nogov noante
90: nogov noante
91: nogov
92: nogov
93: nogov
94: nogov noante
95: nogov noante
96: nogov noante
97: nogov nosubj
98: nogov nosubj
99: nogov
100: nogov noante
101: nogov nonobj
102: nogov noante
103: nogov noante
104: nogov noante
105: nogov nosubj
106: nogov
107: nogov noante
108: nogov noante
109: nogov nosubj
110: nogov nosubj
111: nogov nonobj
112: nogov noante
113: nogov noante
114: nogov
115: nogov noante
116: nogov nonobj
117: nogov noante
118: nogov noante
119: nogov nosubj
120: nogov nonobj
121: nogov noante
122: nogov noante
123: nogov
124: nogov nosubj
125: nogov
126: nogov nosubj
127: nogov nosubj
128: nogov
129: nogov
130: nogov noante
131: nogov nosubj
132: nogov
133: nogov nonobj
134: nogov nosubj
135: nogov noante
136: nogov noante
137: nogov noante
138: nogov
139: nogov
140: nogov noante
141: nogov noante
142: nogov nonobj
143: nogov noante
144: nogov
145: nogov nosubj
146: nogov
147: nogov nosubj
148: nogov nosubj
149: nogov
150: nogov nonobj
151: nogov
152: nogov noante
153: nogov nonobj
154: nogov noante
155: nogov
156: nogov
157: nogov
158: nogov
159: nogov
160: nogov nonobj
161: nogov nosubj
162: nogov noante
163: nogov
164: nogov noante
165: nogov
166: nogov nonobj
167: nogov nosubj
168: nogov nonobj
169: nogov
170: nogov noante
171: nogov noante
172: nogov nosubj
173: nogov nosubj
174: nogov
175: nogov
> redirect ./it/0339-it-morten.info
