> errors
2: nogov
5: noante
8: 
    8 *[subj] 9: badtype
13: noante
23: nogov noante
    23 *coref 1: badtype
    23 *[subj] 30: badtype
27: noante
31: noante
35: noante
36: nogov
37: noante
40: noante
    40 *coref 23: badtype
    40 *[subj] 53: badtype
41: nogov
45: noante
47: noante
52: noante
55: noante
57: noante
58: nogov nosubj
    58 *coref 40: badtype
60: nosubj
63: noante
    63 *coref 37: badtype
65: 
    65 *coref* 58: badtype
66: nogov
76: nogov nosubj
    76 *coref 65: badtype
    76 *[subj] 77: badtype
79: noante
83: noante
    83 *coref 76: badtype
97: nosubj
104: nogov
106: noante
108: noante
110: noante
114: noante
116: noante
118: noante
122: noante
124: nogov
129: noante
134: noante
137: 
    137 *[subj] 138: badtype
140: noante
142: noante
144: noante
145: nosubj
147: noante
149: noante
154: nogov
159: nosubj
162: noante
165: noante
168: nogov
172: noante
> redirect ./it/0351-it-morten.info
