> errors
0: nogov
1: nogov
2: nogov nosubj
3: nogov nonobj
4: nogov noante
5: nogov noante
6: nogov
7: nogov
8: nogov noante
9: nogov nosubj
10: nogov nosubj
11: nogov noante
12: nogov noante
13: nogov nonobj
14: nogov
15: nogov nonobj
16: nogov noante
17: nogov
18: nogov noante
19: nogov nonobj
20: nogov noante
21: nogov nonobj
22: nogov noante
23: nogov noante
24: nogov nonobj
25: nogov noante
26: nogov
27: nogov nonobj
28: nogov
29: nogov noante
30: nogov
31: nogov
32: nogov
33: nogov
34: nogov
35: nogov noante
36: nogov
37: nogov
38: nogov noante
39: nogov nosubj
40: nogov nosubj
41: nogov nonobj
42: nogov noante
43: nogov
44: nogov
45: nogov
46: nogov
47: nogov noante
48: nogov noante
49: nogov nonobj
50: nogov
51: nogov noante
52: nogov
53: nogov nosubj
54: nogov
55: nogov noante
56: nogov noante
57: nogov noante
58: nogov
59: nogov nosubj
60: nogov
61: nogov noante
62: nogov nonobj
63: nogov noante
64: nogov
65: nogov nonobj
66: nogov noante
67: nogov
68: nogov
69: nogov noante
70: nogov noante
71: nogov nosubj
72: nogov nosubj
73: nogov nonobj
74: nogov
75: nogov
76: nogov nonobj
77: nogov noante
78: nogov
79: nogov
80: nogov noante
81: nogov noante
82: nogov
83: nogov nosubj
84: nogov
85: nogov nonobj
86: nogov noante
87: nogov
88: nogov
89: nogov nosubj
90: nogov
91: nogov nonobj
92: nogov noante
93: nogov nonobj
94: nogov noante
95: nogov
96: nogov noante
97: nogov noante
98: nogov
99: nogov noante
100: nogov
101: nogov nonobj
102: nogov noante
103: nogov
104: nogov
105: nogov
106: nogov nonobj
107: nogov noante
108: nogov nosubj
109: nogov noante
110: nogov
111: nogov noante
112: nogov noante
113: nogov nonobj
114: nogov nonobj
115: nogov noante
116: nogov
117: nogov
118: nogov nonobj
119: nogov
120: nogov noante
121: nogov nosubj
122: nogov
123: nogov
124: nogov nosubj
125: nogov noante
126: nogov nosubj
127: nogov
128: nogov
129: nogov noante
130: nogov noante
131: nogov
132: nogov nosubj
133: nogov nonobj
134: nogov noante
135: nogov nonobj
136: nogov noante
137: nogov nonobj
138: nogov noante
139: nogov nonobj
140: nogov noante
141: nogov noante
142: nogov
143: nogov noante
144: nogov noante
145: nogov
146: nogov nonobj
147: nogov
148: nogov noante
149: nogov
150: nogov noante
151: nogov
152: nogov noante
153: nogov noante
154: nogov noante
155: nogov nosubj
156: nogov
157: nogov nonobj
158: nogov noante
159: nogov noante
160: nogov nosubj
161: nogov noante
162: nogov noante
163: nogov nonobj
164: nogov noante
165: nogov
166: nogov noante
167: nogov
168: nogov nonobj
169: nogov noante
170: nogov nonobj
171: nogov
172: nogov
173: nogov nonobj
174: nogov noante
175: nogov nonobj
176: nogov noante
177: nogov
178: nogov
179: nogov nonobj
180: nogov noante
181: nogov
182: nogov nosubj
183: nogov
184: nogov nonobj
185: nogov noante
186: nogov nosubj
187: nogov nonobj
188: nogov noante
189: nogov nonobj
190: nogov noante
191: nogov nonobj
192: nogov noante
193: nogov
194: nogov nosubj
195: nogov
196: nogov noante
197: nogov
198: nogov nonobj
199: nogov noante
200: nogov nonobj
201: nogov noante
202: nogov
203: nogov
204: nogov noante
205: nogov nonobj
206: nogov noante
207: nogov noante
208: nogov
209: nogov
> redirect ./it/0376-it-morten.info
