> errors
4: noante
9: nogov
11: noante
20: noante
22: noante
25: noante
39: nogov
42: noante
51: noante
53: nogov
55: noante
63: noante
89: nogov
92: noante
94: noante
96: noante
99: noante
102: noante
108: nogov
109: noante
113: nonobj
115: noante
121: nosubj
125: noante
126: nosubj
132: nogov
134: noante
136: noante
138: noante
140: noante
143: noante
150: noante
152: noante
158: noante
161: noante
169: noante
174: noante
180: noante
182: nogov nosubj
    182 *coref 107: badtype
    182 *[subj] 194: badtype
185: noante
186: nosubj
188: noante
190: noante
192: noante
199: noante
201: noante
> redirect ./it/0376-it-lisa.info
