> errors
0: nogov noante
1: nogov nonobj
2: nogov
3: nogov
4: nogov noante
5: nogov noante
6: nogov nosubj
7: nogov
8: nogov
9: nogov
10: nogov
11: nogov noante
12: nogov
13: nogov
14: nogov
15: nogov nosubj
16: nogov nonobj
17: nogov noante
18: nogov nonobj
19: nogov noante
20: nogov noante
21: nogov
22: nogov
23: nogov noante
24: nogov noante
25: nogov
26: nogov
27: nogov
28: nogov nonobj
29: nogov
30: nogov noante
31: nogov
32: nogov noante
33: nogov nosubj
34: nogov
35: nogov
36: nogov
37: nogov noante
38: nogov nosubj
39: nogov nosubj
40: nogov nonobj
41: nogov noante
42: nogov noante
43: nogov nonobj
44: nogov noante
45: nogov
46: nogov nosubj
47: nogov nosubj
48: nogov nosubj
49: nogov
50: nogov
51: nogov noante
52: nogov
53: nogov noante
54: nogov noante
55: nogov nonobj
56: nogov noante
57: nogov
58: nogov
59: nogov noante
60: nogov nosubj
61: nogov nosubj
62: nogov noante
63: nogov nosubj
64: nogov
65: nogov
66: nogov noante
67: nogov
68: nogov nosubj
69: nogov nonobj
70: nogov
71: nogov nonobj
72: nogov noante
73: nogov
74: nogov
75: nogov noante
76: nogov noante
77: nogov nonobj
78: nogov noante
79: nogov nosubj
80: nogov nonobj
81: nogov noante
82: nogov
83: nogov
84: nogov
85: nogov noante
86: nogov
87: nogov noante
88: nogov noante
89: nogov nosubj
90: nogov
91: nogov noante
92: nogov nosubj
93: nogov
94: nogov
95: nogov
96: nogov noante
97: nogov nosubj
98: nogov nonobj
99: nogov
100: nogov
101: nogov nosubj
102: nogov
103: nogov
104: nogov noante
105: nogov nonobj
106: nogov noante
107: nogov
108: nogov
109: nogov nosubj
110: nogov noante
111: nogov noante
112: nogov nonobj
113: nogov noante
114: nogov nonobj
115: nogov noante
116: nogov
117: nogov
118: nogov
119: nogov nosubj
120: nogov
121: nogov nosubj
122: nogov noante
123: nogov noante
124: nogov nosubj
125: nogov nosubj
126: nogov
127: nogov noante
128: nogov nosubj
129: nogov nosubj
130: nogov nosubj
131: nogov noante
132: nogov noante
133: nogov nosubj
134: nogov noante
135: nogov noante
136: nogov
137: nogov nosubj
138: nogov nosubj
139: nogov noante
140: nogov noante
141: nogov noante
142: nogov
143: nogov noante
144: nogov
145: nogov
146: nogov nosubj
147: nogov nosubj
148: nogov nosubj
149: nogov
150: nogov nonobj
151: nogov noante
152: nogov nosubj
153: nogov nonobj
154: nogov noante
155: nogov noante
156: nogov nonobj
157: nogov noante
158: nogov nosubj
159: nogov
160: nogov
161: nogov noante
162: nogov nosubj
163: nogov nosubj
164: nogov nonobj
165: nogov nosubj
166: nogov noante
167: nogov noante
168: nogov
169: nogov nonobj
170: nogov nosubj
171: nogov nonobj
172: nogov noante
173: nogov noante
174: nogov nosubj
175: nogov
176: nogov
177: nogov noante
178: nogov noante
179: nogov
180: nogov noante
181: nogov nonobj
182: nogov noante
183: nogov
184: nogov
185: nogov
186: nogov nonobj
187: nogov noante
188: nogov
189: nogov
190: nogov nosubj
191: nogov nosubj
192: nogov nonobj
193: nogov noante
194: nogov noante
195: nogov nonobj
196: nogov noante
197: nogov noante
> redirect ./it/0388-it-morten.info
