> errors
3: noante
4: noante
5: nogov
6: noante
14: noante
17: noante
19: noante
25: noante
29: nogov
30: nosubj
32: nonobj
33: nosubj
35: noante
39: nogov nosubj
    39 $*[subj]ยน 40: badtype
    39 $*[subj] 57: badtype
41: noante
42: 
    42 *[subj] 47: badtype
43: noante
46: noante
56: nonobj
58: noante
60: noante
67: nosubj
69: noante
71: noante
72: nosubj
75: noante
76: nosubj
86: noante
88: noante
90: noante
91: nogov
97: nosubj
104: nogov
105: noante
107: noante
117: noante
118: nogov
123: noante
127: noante
129: noante
133: nosubj
    133 $*[subj] 134: badtype
136: noante
138: noante
140: noante
142: nonobj
145: noante
156: nogov
166: nosubj
174: noante
178: noante
181: nogov
196: nosubj
200: nogov
204: nosubj
205: noante
216: noante
218: noante
221: noante
223: noante
> redirect ./it/0401-it-morten.info
