> errors
0: nogov noante
2: nogov
6: nogov
13: noante
14: nogov
18: noante
23: noante
    23 *coref 15: badtype
    23 *[subj] 26: badtype
30: noante
31: nogov
34: noante
36: nogov
41: 
    41 *[subj] 49: badtype
51: nosubj
52: noante
53: 
    53 *[subj] 64: badtype
62: noante
64: 
    64 *[subj] 65: badtype
67: noante
76: noante
79: nogov
84: nogov
    84 $*[subj] 85: badtype
91: noante
92: noante
    92 $*coref 84: badtype
    92 *[subj] 100: badtype
    92 *[subj] 113: badtype
93: nogov nosubj
98: noante
100: 
    100 *[subj] 102: badtype
101: nonobj
103: noante
106: noante
108: nosubj
110: noante
114: nosubj
117: nosubj
    117 *coref 92: badtype
    117 *[subj] 119: badtype
    117 *[subj] 123: badtype
118: nonobj
120: noante
123: nogov
    123 *[subj]¹ 136: badtype
    123 *[subj]¹ 138: badtype
126: noante
128: noante
129: 
    129 *coref 123: badtype
134: noante
135: nonobj
136: 
    136 ²coref 128: manygovs
    136 ¹vobj 135: manygovs
    136 ²pobj 138: manygovs
141: noante
146: nogov
149: noante
150: nonobj
152: noante
154: nosubj
160: nosubj
161: noante
164: noante
166: noante
169: noante
172: nonobj
178: noante
> redirect ./it/0426-it-morten.info
