> errors
0: nogov
1: nogov
2: nogov nosubj
3: nogov
4: nogov
5: nogov nonobj
6: nogov nosubj
7: nogov nosubj
8: nogov noante
9: nogov noante
10: nogov nonobj
11: nogov noante
12: nogov nonobj
13: nogov noante
14: nogov
15: nogov
16: nogov noante
17: nogov nosubj
18: nogov nonobj
19: nogov noante
20: nogov noante
21: nogov
22: nogov noante
23: nogov nosubj
24: nogov nonobj
25: nogov nosubj
26: nogov noante
27: nogov nosubj
28: nogov nonobj
29: nogov
30: nogov nonobj
31: nogov nosubj
32: nogov nonobj
33: nogov noante
34: nogov
35: nogov
36: nogov noante
37: nogov noante
38: nogov nosubj
39: nogov nosubj
40: nogov
41: nogov nosubj
42: nogov nonobj
43: nogov noante
44: nogov
45: nogov noante
46: nogov noante
47: nogov
48: nogov noante
49: nogov nosubj
50: nogov noante
51: nogov noante
52: nogov
53: nogov
54: nogov noante
55: nogov noante
56: nogov
57: nogov nosubj
58: nogov nosubj
59: nogov
60: nogov
61: nogov nosubj
62: nogov nosubj
63: nogov
64: nogov noante
65: nogov noante
66: nogov nonobj
67: nogov noante
68: nogov nosubj
69: nogov
70: nogov
71: nogov
72: nogov noante
73: nogov nosubj
74: nogov
75: nogov
76: nogov noante
77: nogov nonobj
78: nogov nosubj
79: nogov
80: nogov
81: nogov
82: nogov nosubj
83: nogov noante
84: nogov noante
85: nogov
86: nogov
87: nogov nosubj
88: nogov noante
89: nogov
90: nogov
91: nogov
92: nogov
93: nogov nosubj
94: nogov
95: nogov
96: nogov
97: nogov
98: nogov
99: nogov
100: nogov nosubj
101: nogov noante
102: nogov nonobj
103: nogov noante
104: nogov noante
105: nogov
106: nogov
107: nogov nosubj
108: nogov noante
109: nogov
110: nogov nosubj
111: nogov noante
112: nogov
113: nogov noante
114: nogov
115: nogov nosubj
116: nogov nosubj
117: nogov
118: nogov nonobj
119: nogov noante
120: nogov
121: nogov nosubj
122: nogov nosubj
123: nogov
124: nogov
125: nogov
126: nogov
127: nogov
128: nogov
129: nogov nosubj
130: nogov
131: nogov noante
132: nogov
133: nogov
134: nogov nosubj
135: nogov
136: nogov
137: nogov
138: nogov noante
139: nogov
140: nogov
141: nogov noante
142: nogov
143: nogov nosubj
144: nogov nosubj
145: nogov nonobj
146: nogov noante
147: nogov noante
148: nogov noante
149: nogov nosubj
150: nogov nosubj
151: nogov
152: nogov noante
153: nogov nosubj
154: nogov nosubj
155: nogov
156: nogov
157: nogov
158: nogov
159: nogov
160: nogov
161: nogov
162: nogov
163: nogov noante
164: nogov
165: nogov nosubj
166: nogov
167: nogov noante
168: nogov noante
169: nogov noante
170: nogov
171: nogov
172: nogov nosubj
173: nogov noante
174: nogov noante
175: nogov
176: nogov
177: nogov
178: nogov
179: nogov noante
180: nogov nosubj
181: nogov nosubj
182: nogov nonobj
183: nogov noante
184: nogov
185: nogov noante
186: nogov nonobj
187: nogov nosubj
188: nogov nosubj
189: nogov noante
190: nogov
191: nogov
192: nogov nonobj
193: nogov noante
194: nogov
195: nogov
196: nogov noante
197: nogov nosubj
198: nogov
199: nogov
> redirect ./it/0428-it-morten.info
