> errors
0: nogov nonobj
1: nogov noante
2: nogov nonobj
3: nogov noante
4: nogov
5: nogov noante
6: nogov noante
7: nogov
8: nogov noante
9: nogov nosubj
10: nogov nosubj
11: nogov
12: nogov noante
13: nogov nonobj
14: nogov nosubj
15: nogov
16: nogov noante
17: nogov nonobj
18: nogov
19: nogov noante
20: nogov
21: nogov noante
22: nogov noante
23: nogov nosubj
24: nogov nosubj
25: nogov nosubj
26: nogov
27: nogov noante
28: nogov
29: nogov
30: nogov noante
31: nogov noante
32: nogov nosubj
33: nogov nosubj
34: nogov nosubj
35: nogov nonobj
36: nogov noante
37: nogov
38: nogov
39: nogov noante
40: nogov
41: nogov noante
42: nogov
43: nogov noante
44: nogov nonobj
45: nogov
46: nogov noante
47: nogov
48: nogov noante
49: nogov noante
50: nogov nosubj
51: nogov nosubj
52: nogov noante
53: nogov
54: nogov noante
55: nogov
56: nogov nonobj
57: nogov noante
58: nogov
59: nogov nonobj
60: nogov noante
61: nogov nonobj
62: nogov
63: nogov noante
64: nogov
65: nogov noante
66: nogov nosubj
67: nogov noante
68: nogov
69: nogov
70: nogov noante
71: nogov
72: nogov noante
73: nogov nonobj
74: nogov noante
75: nogov
76: nogov nonobj
77: nogov noante
78: nogov
79: nogov nonobj
80: nogov noante
81: nogov
82: nogov
83: nogov noante
84: nogov
85: nogov noante
86: nogov nonobj
87: nogov noante
88: nogov
89: nogov nosubj
90: nogov nosubj
91: nogov nonobj
92: nogov
93: nogov noante
94: nogov noante
95: nogov
96: nogov
97: nogov noante
98: nogov nonobj
99: nogov noante
100: nogov nonobj
101: nogov noante
102: nogov
103: nogov
104: nogov nosubj
105: nogov nosubj
106: nogov nonobj
107: nogov noante
108: nogov noante
109: nogov nosubj
110: nogov
111: nogov
112: nogov noante
113: nogov nonobj
114: nogov
115: nogov noante
116: nogov
117: nogov
118: nogov noante
119: nogov
120: nogov noante
121: nogov
122: nogov
123: nogov
124: nogov noante
125: nogov noante
126: nogov
127: nogov
128: nogov noante
129: nogov
130: nogov
131: nogov nosubj
132: nogov nosubj
133: nogov noante
134: nogov noante
135: nogov nonobj
136: nogov noante
137: nogov nonobj
138: nogov noante
139: nogov nonobj
140: nogov noante
141: nogov noante
142: nogov noante
143: nogov
144: nogov noante
145: nogov noante
146: nogov noante
147: nogov
148: nogov noante
149: nogov nonobj
150: nogov noante
151: nogov
152: nogov noante
153: nogov
154: nogov noante
155: nogov noante
156: nogov
157: nogov
158: nogov noante
159: nogov nosubj
160: nogov
161: nogov noante
162: nogov nonobj
163: nogov noante
164: nogov
165: nogov nonobj
166: nogov noante
167: nogov
168: nogov
169: nogov noante
170: nogov noante
171: nogov nosubj
172: nogov nosubj
173: nogov nosubj
174: nogov nonobj
175: nogov noante
176: nogov nonobj
177: nogov noante
178: nogov noante
179: nogov nonobj
180: nogov
181: nogov noante
182: nogov nonobj
183: nogov noante
184: nogov noante
185: nogov
186: nogov
187: nogov
188: nogov nonobj
189: nogov noante
190: nogov nonobj
191: nogov noante
192: nogov
193: nogov noante
194: nogov
195: nogov nosubj
196: nogov nosubj
197: nogov
198: nogov noante
199: nogov nosubj
200: nogov nonobj
201: nogov noante
202: nogov noante
203: nogov nosubj
204: nogov nonobj
205: nogov noante
206: nogov
207: nogov
208: nogov noante
209: nogov
210: nogov
211: nogov noante
212: nogov
213: nogov noante
214: nogov
215: nogov
216: nogov noante
217: nogov
218: nogov noante
219: nogov nonobj
220: nogov noante
221: nogov nosubj
222: nogov nosubj
223: nogov nosubj
224: nogov nonobj
225: nogov noante
226: nogov
227: nogov
228: nogov noante
229: nogov noante
230: nogov noante
231: nogov nosubj
232: nogov nosubj
233: nogov nonobj
234: nogov noante
235: nogov
236: nogov
237: nogov noante
238: nogov
239: nogov
240: nogov noante
241: nogov
242: nogov noante
243: nogov nonobj
244: nogov noante
245: nogov
246: nogov
247: nogov noante
248: nogov
249: nogov nonobj
250: nogov noante
251: nogov
252: nogov noante
253: nogov noante
254: nogov
> redirect ./it/0431-it-morten.info
