> errors
2: nosubj
    2 assoc-const* 30: badtype
4: noante
8: nosubj
9: nonobj
11: nonobj
14: noante
18: noante
20: noante
22: noante
26: nogov
28: noante
36: nogov nosubj
    36 *coref 30: badtype
38: noante
43: noante
45: noante
47: nogov noante
48: nogov nosubj
51: nosubj
56: noante
58: noante
60: noante
62: noante
64: noante
67: noante
70: noante
72: noante
80: noante
82: noante
86: nosubj
87: nogov
91: noante
103: noante
105: noante
107: noante
112: nogov
122: nosubj
125: noante
129: noante
130: noante
132: noante
134: noante
137: noante
138: 
    138 *[subj] 151: badtype
139: noante
144: noante
146: noante
151: 
    151 *[subj] 152: badtype
154: noante
158: nogov
160: noante
166: nogov nosubj
    166 *coref 162: badtype
169: noante
172: noante
176: noante
178: nosubj
181: noante
189: nosubj
192: noante
199: nogov noante
200: noante
212: nogov
214: noante
221: noante
226: noante
231: noante
236: noante
238: noante
> redirect ./it/0483-it-morten.info
