> errors
0: noante
4: noante
6: nogov
8: nosubj
19: noante
28: nosubj
33: noante
35: nogov
36: nosubj
38: noante
41: noante
42: nogov
43: nosubj
44: nosubj
45: noante
48: noante
50: noante
53: noante
55: noante
57: noante
60: noante
62: noante
65: noante
68: noante
72: noante
75: noante
76: noante
77: nogov noante
80: noante
81: noante
97: noante
98: nogov
99: nosubj
104: noante
111: nogov
112: noante
115: noante
117: noante
119: noante
120: nosubj
122: noante
124: noante
128: nogov
131: noante
135: noante
137: noante
139: noante
166: noante
168: noante
175: noante
180: noante
182: nogov
186: noante
188: noante
189: nosubj
197: noante
200: noante
202: noante
205: nosubj
208: noante
209: 
    209 + 208: badtype
211: noante
213: noante
216: noante
218: noante
221: noante
223: noante
225: noante
227: noante
230: noante
232: noante
238: nogov
240: noante
242: noante
> redirect ./it/0593-it-morten.info
