> errors
2: nogov noante
3: nogov noante
4: nogov nosubj
5: nogov nosubj
6: nogov
7: nogov noante
8: nogov nosubj
9: nogov noante
10: nogov noante
11: nogov
12: nogov
13: nogov noante
14: nogov
15: nogov noante
16: nogov noante
17: nogov nosubj
18: nogov nonobj
19: nogov noante
20: nogov
23: nogov noante
24: nogov
25: nogov noante
26: nogov nosubj
27: nogov
28: nogov nonobj
29: nogov noante
30: nogov noante
31: nogov
32: nogov nonobj
33: nogov noante
34: nogov nosubj
35: nogov nonobj
36: nogov noante
37: nogov
38: nogov noante
39: nogov noante
40: nogov noante
41: nogov nonobj
42: nogov noante
43: nogov
48: nogov noante
49: nogov
50: nogov noante
51: nogov
52: nogov nonobj
53: nogov noante
54: nogov
55: nogov nosubj
56: nogov noante
57: nogov
58: nogov noante
59: nogov nonobj
60: nogov noante
61: nogov
62: nogov nonobj
63: nogov noante
64: nogov nonobj
65: nogov noante
66: nogov nosubj
67: nogov
68: nogov
69: nogov
70: nogov noante
71: nogov noante
72: nogov noante
73: nogov
74: nogov
75: nogov noante
76: nogov
77: nogov nosubj
78: nogov
79: nogov nonobj
80: nogov
81: nogov noante
82: nogov
83: nogov
84: nogov noante
85: nogov noante
86: nogov noante
87: nogov nonobj
88: nogov noante
89: nogov
90: nogov
91: nogov nonobj
92: nogov
93: nogov noante
94: nogov
95: nogov nonobj
96: nogov noante
97: nogov nonobj
98: nogov
99: nogov
100: nogov nonobj
101: nogov noante
102: nogov nonobj
103: nogov noante
104: nogov noante
105: nogov nonobj
106: nogov noante
107: nogov
108: nogov
109: nogov nonobj
110: nogov noante
111: nogov
112: nogov noante
113: nogov
114: nogov nonobj
115: nogov
116: nogov
121: nogov noante
122: nogov noante
123: nogov
124: nogov nonobj
125: nogov noante
126: nogov nosubj
127: nogov nonobj
128: nogov noante
129: nogov nonobj
130: nogov noante
131: nogov nonobj
132: nogov
133: nogov noante
134: nogov nonobj
135: nogov noante
136: nogov
137: nogov
138: nogov nosubj
139: nogov noante
140: nogov nosubj
141: nogov
142: nogov
143: nogov
144: nogov nonobj
145: nogov
146: nogov noante
147: nogov
148: nogov
149: nogov nonobj
150: nogov noante
151: nogov noante
152: nogov nosubj
153: nogov
154: nogov noante
155: nogov noante
156: nogov noante
157: nogov noante
158: nogov noante
159: nogov noante
160: nogov
161: nogov nosubj
162: nogov nosubj
163: nogov
164: nogov noante
165: nogov noante
166: nogov nonobj
167: nogov noante
168: nogov noante
169: nogov
170: nogov
171: nogov
172: nogov nonobj
173: nogov noante
174: nogov
175: nogov nosubj
176: nogov nosubj
177: nogov nonobj
178: nogov
179: nogov noante
180: nogov
181: nogov
182: nogov nosubj
183: nogov nonobj
184: nogov noante
185: nogov
186: nogov noante
187: nogov nosubj
188: nogov
189: nogov
> redirect ./it/0601-it-morten.info
