> errors
1: nogov noante
3: nosubj
5: noante
6: noante
7: nogov
8: noante
10: noante
13: nonobj
14: noante
15: noante
16: nosubj
19: noante
20: noante
21: noante
22: noante
25: noante
26: noante
29: nosubj
30: noante
34: nosubj
35: noante
36: noante
40: noante
42: noante
47: noante
49: noante
55: noante
57: nosubj
58: nosubj
61: nonobj
62: noante
66: noante
67: noante
68: nogov nosubj
    68 QUEST:query/ATTR2 42: badtype
69: noante
71: nosubj
72: noante
73: noante
76: noante
78: nosubj
83: nosubj
89: noante
91: nosubj
93: nosubj
94: noante
96: noante
99: nosubj
103: noante
104: nosubj
110: noante
113: noante
114: nosubj
115: noante
117: nosubj
118: noante
119: noante
122: nosubj
123: noante
125: nosubj
126: nosubj
127: nonobj
128: nosubj
130: noante
131: noante
136: noante
142: noante
> redirect ./it/0602-it-disc-morten.info
