> errors
0: nogov
1: nogov noante
2: nogov
3: nogov nosubj
4: nogov nonobj
5: nogov noante
6: nogov noante
7: nogov nosubj
8: nogov noante
9: nogov
10: nogov noante
11: nogov
12: nogov nonobj
13: nogov nonobj
14: nogov noante
15: nogov noante
16: nogov nosubj
17: nogov
18: nogov nonobj
19: nogov noante
20: nogov noante
21: nogov noante
22: nogov noante
23: nogov noante
24: nogov nonobj
25: nogov noante
26: nogov noante
27: nogov
28: nogov
29: nogov nosubj
30: nogov noante
31: nogov noante
32: nogov nonobj
33: nogov
34: nogov nosubj
35: nogov noante
36: nogov noante
37: nogov noante
38: nogov
39: nogov nosubj
40: nogov noante
41: nogov
42: nogov noante
43: nogov
44: nogov noante
45: nogov noante
46: nogov nonobj
47: nogov noante
48: nogov nonobj
49: nogov noante
50: nogov nosubj
51: nogov nosubj
52: nogov
53: nogov
54: nogov
55: nogov noante
56: nogov noante
57: nogov nosubj
58: nogov nosubj
59: nogov nosubj
60: nogov
61: nogov nonobj
62: nogov noante
63: nogov
64: nogov
65: nogov
66: nogov noante
67: nogov noante
68: nogov nosubj
69: nogov noante
70: nogov
71: nogov nosubj
72: nogov noante
73: nogov noante
74: nogov
75: nogov nonobj
76: nogov noante
77: nogov
78: nogov nosubj
79: nogov
80: nogov
81: nogov
82: nogov
83: nogov nosubj
84: nogov
85: nogov
86: nogov
87: nogov
88: nogov
89: nogov noante
90: nogov
91: nogov nosubj
92: nogov
93: nogov nosubj
94: nogov noante
95: nogov
96: nogov noante
97: nogov
98: nogov
99: nogov nosubj
100: nogov nonobj
101: nogov
102: nogov noante
103: nogov noante
104: nogov nosubj
105: nogov
106: nogov
107: nogov
108: nogov
109: nogov nonobj
110: nogov noante
111: nogov
112: nogov nonobj
113: nogov noante
114: nogov nosubj
115: nogov noante
116: nogov
117: nogov nosubj
118: nogov noante
119: nogov noante
120: nogov noante
121: nogov
122: nogov nosubj
123: nogov noante
124: nogov
125: nogov nosubj
126: nogov nosubj
127: nogov nonobj
128: nogov nosubj
129: nogov nonobj
130: nogov noante
131: nogov noante
132: nogov
133: nogov noante
134: nogov
135: nogov nonobj
136: nogov noante
137: nogov
138: nogov
139: nogov
140: nogov nosubj
141: nogov nosubj
142: nogov noante
> redirect ./it/0602-it-morten.info
