> errors
0: nogov noante
2: noante
4: noante
6: noante
8: noante
11: noante
13: noante
24: nogov
25: nogov
26: noante
29: noante
31: noante
40: nonobj
46: noante
48: noante
50: nonobj
55: nogov
56: nogov
57: noante
59: noante
68: noante
69: noante
72: noante
74: nogov
75: nogov
84: nogov noante
86: nosubj
90: noante
98: noante
99: nosubj
102: noante
104: nosubj
105: noante
109: nosubj
112: noante
118: noante
120: noante
124: nonobj
125: nosubj
127: nosubj
131: nogov
136: noante
138: noante
142: noante
144: noante
147: noante
148: nonobj
149: nosubj
150: noante
160: noante
170: noante
176: noante
177: nogov
183: noante
186: noante
188: nonobj
190: noante
192: noante
195: noante
197: nosubj
> redirect ./it/0607-it-morten.info
