> errors
1: nosubj
2: noante
3: noante
7: noante
13: nogov
14: noante
18: nosubj
19: noante
29: noante
38: nogov
39: noante
42: noante
43: nogov
44: noante
49: nosubj
50: nosubj
53: nogov
55: nosubj
60: nosubj
61: noante
67: nosubj
70: noante
71: nogov
75: noante
76: nosubj
81: nogov
86: nogov nosubj
89: noante
90: nosubj
95: noante
99: noante
104: nogov nosubj
106: nogov nosubj
107: nosubj
116: nogov
119: noante
125: noante
144: nogov
147: noante
151: nogov noante
155: nogov
156: noante
160: noante
162: nosubj
165: noante
> redirect ./it/0620-it-iorn.info
