> errors
0: nogov
1: nogov
2: nogov noante
3: nogov
4: nogov
5: nogov nosubj
6: nogov nonobj
7: nogov noante
8: nogov
9: nogov noante
10: nogov nosubj
11: nogov nonobj
12: nogov
13: nogov noante
14: nogov
15: nogov nosubj
16: nogov
17: nogov nonobj
18: nogov
19: nogov noante
20: nogov nosubj
21: nogov nonobj
22: nogov noante
23: nogov noante
24: nogov
25: nogov noante
26: nogov noante
27: nogov noante
28: nogov nosubj
29: nogov noante
30: nogov
31: nogov
32: nogov noante
33: nogov noante
34: nogov nosubj
35: nogov
36: nogov nosubj
37: nogov noante
38: nogov
39: nogov
40: nogov noante
41: nogov
42: nogov
43: nogov
44: nogov nosubj
45: nogov nosubj
46: nogov nosubj
47: nogov nonobj
48: nogov
49: nogov noante
50: nogov
51: nogov
52: nogov noante
53: nogov
54: nogov
55: nogov nonobj
56: nogov noante
57: nogov noante
58: nogov noante
59: nogov nosubj
60: nogov noante
61: nogov nosubj
62: nogov
63: nogov nosubj
64: nogov
65: nogov noante
66: nogov
67: nogov
68: nogov nonobj
69: nogov
70: nogov
71: nogov noante
72: nogov nosubj
73: nogov nonobj
74: nogov nosubj
75: nogov
76: nogov nosubj
77: nogov noante
78: nogov nonobj
79: nogov noante
80: nogov
81: nogov
82: nogov noante
83: nogov
84: nogov nosubj
85: nogov noante
86: nogov noante
87: nogov nonobj
88: nogov noante
89: nogov nosubj
90: nogov
91: nogov noante
92: nogov
93: nogov noante
94: nogov nosubj
95: nogov nonobj
96: nogov noante
97: nogov
98: nogov nonobj
99: nogov noante
100: nogov
101: nogov
102: nogov
103: nogov noante
104: nogov noante
105: nogov nosubj
106: nogov
107: nogov noante
108: nogov nonobj
109: nogov
110: nogov noante
111: nogov
112: nogov
113: nogov
114: nogov
115: nogov
116: nogov nosubj
117: nogov
118: nogov nonobj
119: nogov
120: nogov
121: nogov noante
122: nogov nosubj
123: nogov nonobj
124: nogov noante
125: nogov nosubj
126: nogov
127: nogov noante
128: nogov
129: nogov nonobj
130: nogov noante
131: nogov
132: nogov noante
133: nogov noante
134: nogov nosubj
135: nogov
136: nogov noante
137: nogov noante
138: nogov nosubj
139: nogov nonobj
140: nogov
141: nogov noante
142: nogov
143: nogov noante
144: nogov
145: nogov noante
146: nogov nonobj
147: nogov noante
148: nogov nosubj
149: nogov noante
150: nogov nonobj
151: nogov noante
152: nogov nonobj
153: nogov noante
154: nogov nonobj
155: nogov noante
156: nogov noante
157: nogov nosubj
158: nogov
159: nogov noante
160: nogov nosubj
161: nogov nonobj
162: nogov noante
163: nogov nonobj
164: nogov
165: nogov noante
166: nogov nonobj
167: nogov noante
168: nogov noante
169: nogov
170: nogov nonobj
171: nogov
172: nogov noante
173: nogov nonobj
174: nogov noante
175: nogov
> redirect ./it/0643-it-morten.info
