> errors
2: noante
4: noante
9: noante
19: noante
26: noante
28: noante
32: nogov
38: noante
42: noante
46: nonobj
51: nosubj
54: noante
56: nosubj
58: nosubj
63: noante
70: nosubj
75: noante
78: noante
81: noante
85: nogov
    85 CONS 58: badtype
89: noante
92: noante
94: noante
96: noante
98: nosubj
100: noante
101: nonobj
102: nosubj
106: noante
109: noante
113: noante
117: nonobj
118: nosubj
119: noante
125: nosubj
127: noante
129: noante
132: noante
135: noante
137: noante
138: nosubj
141: noante
144: noante
145: noante
153: noante
154: nonobj
155: nosubj
156: noante
157: noante
165: noante
169: noante
171: noante
172: nonobj
173: nogov noante
177: nogov
    177 +CONS 115: badtype
180: noante
182: noante
188: noante
189: nosubj
190: noante
191: noante
> redirect ./it/0647-it-disc-iorn.info
