> errors
5: nosubj
8: noante
11: nogov
12: noante
17: nosubj
20: noante
23: nosubj
25: noante
29: noante
30: nosubj
32: noante
34: nogov
35: nosubj
44: noante
46: nogov
59: noante
63: noante
66: noante
67: nogov
68: noante
72: nosubj
74: noante
76: noante
81: noante
83: noante
86: noante
91: nogov
94: noante
96: noante
97: nogov nosubj
100: noante
103: nogov noante
106: nogov
110: noante
113: noante
115: nogov
116: noante
119: nogov
122: noante
125: noante
127: nogov
132: noante
133: noante
136: noante
139: noante
144: noante
152: noante
153: noante
158: noante
161: noante
162: noante
167: noante
174: noante
175: nosubj
183: noante
186: nosubj
188: noante
191: noante
193: noante
195: noante
197: noante
198: noante
> redirect ./it/0729-it-lisa.info
