> errors
0: nogov
1: nogov
2: nogov
3: nogov nonobj
4: nogov
5: nogov nosubj
6: nogov nosubj
7: nogov nonobj
8: nogov noante
9: nogov
10: nogov
11: nogov nosubj
12: nogov noante
13: nogov
14: nogov
15: nogov
16: nogov
17: nogov nosubj
18: nogov nonobj
19: nogov nonobj
20: nogov noante
21: nogov
22: nogov
23: nogov nosubj
24: nogov nonobj
25: nogov noante
26: nogov
27: nogov noante
28: nogov nonobj
29: nogov noante
30: nogov nosubj
31: nogov
32: nogov noante
33: nogov noante
34: nogov nosubj
35: nogov nosubj
36: nogov
37: nogov
38: nogov
39: nogov nonobj
40: nogov
41: nogov
42: nogov noante
43: nogov
44: nogov noante
45: nogov noante
46: nogov nosubj
47: nogov nonobj
48: nogov
49: nogov
50: nogov noante
51: nogov
52: nogov nosubj
53: nogov
54: nogov
55: nogov
56: nogov
57: nogov
58: nogov nonobj
59: nogov noante
60: nogov noante
61: nogov nonobj
62: nogov noante
63: nogov noante
64: nogov nosubj
65: nogov
66: nogov noante
67: nogov nosubj
68: nogov noante
69: nogov noante
70: nogov
71: nogov
72: nogov nosubj
73: nogov nonobj
74: nogov noante
75: nogov nonobj
76: nogov noante
77: nogov
78: nogov
79: nogov
80: nogov nonobj
81: nogov noante
82: nogov
83: nogov noante
84: nogov noante
85: nogov
86: nogov noante
87: nogov noante
88: nogov
89: nogov
90: nogov
91: nogov
92: nogov noante
93: nogov nonobj
94: nogov noante
95: nogov
96: nogov noante
97: nogov nosubj
98: nogov noante
99: nogov nosubj
100: nogov noante
101: nogov noante
102: nogov
103: nogov noante
104: nogov noante
105: nogov
106: nogov
107: nogov noante
108: nogov noante
109: nogov nosubj
110: nogov noante
111: nogov noante
112: nogov nonobj
113: nogov noante
114: nogov
115: nogov nonobj
116: nogov noante
117: nogov
118: nogov
119: nogov
120: nogov
121: nogov
122: nogov noante
123: nogov
124: nogov noante
125: nogov noante
126: nogov noante
127: nogov nosubj
128: nogov nosubj
129: nogov
130: nogov noante
131: nogov nonobj
132: nogov noante
133: nogov noante
134: nogov nonobj
135: nogov
136: nogov noante
137: nogov
138: nogov
139: nogov noante
140: nogov
141: nogov
142: nogov
143: nogov
144: nogov noante
145: nogov
146: nogov
147: nogov
148: nogov
149: nogov
150: nogov
151: nogov
152: nogov noante
153: nogov noante
154: nogov
155: nogov
156: nogov
157: nogov
158: nogov noante
159: nogov
160: nogov
161: nogov noante
162: nogov noante
163: nogov
164: nogov
165: nogov
166: nogov
167: nogov noante
168: nogov
169: nogov
170: nogov
171: nogov
172: nogov nonobj
173: nogov
174: nogov noante
175: nogov nosubj
176: nogov
177: nogov
178: nogov
179: nogov noante
180: nogov
181: nogov nosubj
182: nogov
183: nogov noante
184: nogov noante
185: nogov nonobj
186: nogov nosubj
187: nogov nonobj
188: nogov noante
189: nogov
190: nogov
191: nogov noante
192: nogov
193: nogov noante
194: nogov
195: nogov noante
196: nogov
197: nogov noante
198: nogov noante
199: nogov
> redirect ./it/0729-it-morten.info
