> errors
1: nogov noante
5: noante
6: noante
11: noante
14: noante
17: noante
20: noante
22: nogov
30: noante
31: noante
33: noante
35: noante
38: noante
42: noante
43: noante
45: noante
47: noante
50: noante
51: nogov
53: nonobj
59: noante
62: nogov
69: noante
71: noante
77: nosubj
79: noante
81: noante
86: noante
89: nosubj
91: noante
96: noante
98: nogov
99: noante
102: noante
104: noante
109: noante
111: noante
112: nonobj
114: noante
116: noante
123: noante
125: nonobj
129: nonobj
130: noante
133: noante
136: nogov
137: noante
140: noante
145: noante
147: nonobj
155: noante
159: nogov
160: noante
161: nosubj
    161 *coref 148: badtype
169: nosubj
172: nonobj
177: noante
179: noante
> redirect ./it/0781-it-lisa.info
