> errors
0: nogov noante
1: nogov
2: nogov noante
3: nogov
4: nogov
5: nogov
6: nogov noante
7: nogov
8: nogov noante
9: nogov noante
10: nogov
11: nogov nosubj
12: nogov
13: nogov noante
14: nogov
15: nogov nonobj
16: nogov noante
17: nogov
18: nogov noante
19: nogov nosubj
20: nogov nosubj
21: nogov
22: nogov nonobj
23: nogov
24: nogov noante
25: nogov noante
26: nogov
27: nogov
28: nogov noante
29: nogov nosubj
30: nogov nosubj
31: nogov noante
32: nogov noante
33: nogov
34: nogov nonobj
35: nogov nosubj
36: nogov noante
37: nogov noante
38: nogov nonobj
39: nogov noante
40: nogov
41: nogov
42: nogov noante
43: nogov
44: nogov noante
45: nogov nosubj
46: nogov nosubj
47: nogov
48: nogov nosubj
49: nogov
50: nogov noante
51: nogov
52: nogov noante
53: nogov
54: nogov noante
55: nogov
56: nogov nonobj
57: nogov
58: nogov noante
59: nogov
60: nogov
61: nogov nosubj
62: nogov nosubj
63: nogov nonobj
64: nogov
65: nogov noante
66: nogov nonobj
67: nogov noante
68: nogov
69: nogov nonobj
70: nogov noante
71: nogov nonobj
72: nogov noante
73: nogov noante
74: nogov nosubj
75: nogov
76: nogov nosubj
77: nogov
78: nogov nonobj
79: nogov noante
80: nogov noante
81: nogov noante
82: nogov
83: nogov nosubj
84: nogov
85: nogov nosubj
86: nogov nonobj
87: nogov noante
88: nogov
89: nogov noante
90: nogov noante
91: nogov
92: nogov
93: nogov noante
94: nogov noante
95: nogov nonobj
96: nogov noante
97: nogov
98: nogov
99: nogov noante
100: nogov
101: nogov noante
102: nogov
103: nogov noante
104: nogov
105: nogov noante
106: nogov
107: nogov noante
108: nogov
109: nogov noante
110: nogov
111: nogov
112: nogov
113: nogov nosubj
114: nogov
115: nogov nosubj
116: nogov nonobj
117: nogov noante
118: nogov nosubj
119: nogov nonobj
120: nogov noante
121: nogov nonobj
122: nogov
123: nogov noante
124: nogov nonobj
125: nogov noante
126: nogov nonobj
127: nogov noante
128: nogov
129: nogov
130: nogov nonobj
131: nogov
132: nogov noante
133: nogov
134: nogov nosubj
135: nogov nosubj
136: nogov
137: nogov
138: nogov noante
139: nogov noante
140: nogov nonobj
141: nogov noante
142: nogov
143: nogov noante
144: nogov
145: nogov
146: nogov nonobj
147: nogov noante
148: nogov
149: nogov nosubj
150: nogov noante
151: nogov nonobj
152: nogov
153: nogov
154: nogov noante
155: nogov nosubj
156: nogov
157: nogov
158: nogov nosubj
159: nogov noante
160: nogov
161: nogov
162: nogov noante
163: nogov
164: nogov nonobj
165: nogov noante
166: nogov noante
167: nogov
168: nogov noante
169: nogov noante
170: nogov
171: nogov nosubj
172: nogov nosubj
173: nogov noante
174: nogov nonobj
175: nogov noante
176: nogov nonobj
177: nogov noante
178: nogov
179: nogov noante
180: nogov
181: nogov nonobj
182: nogov noante
183: nogov nonobj
184: nogov
185: nogov
186: nogov
187: nogov
188: nogov noante
189: nogov nosubj
190: nogov nosubj
191: nogov noante
192: nogov noante
193: nogov
194: nogov nonobj
195: nogov noante
196: nogov noante
197: nogov nonobj
198: nogov noante
199: nogov noante
200: nogov
201: nogov
202: nogov noante
203: nogov
204: nogov
205: nogov nonobj
206: nogov noante
207: nogov nonobj
208: nogov noante
209: nogov nonobj
210: nogov noante
211: nogov
212: nogov
213: nogov noante
214: nogov noante
215: nogov
216: nogov noante
217: nogov
> redirect ./it/0783-it-morten.info
