> errors
0: noante
8: noante
11: nogov
16: noante
24: noante
28: noante
29: nosubj
31: noante
34: nonobj
36: noante
39: noante
48: nogov
50: noante
52: noante
54: noante
61: nosubj
67: noante
70: noante
72: noante
74: nosubj
79: noante
83: nogov nosubj
85: nosubj
87: noante
89: noante
93: noante
96: noante
99: noante
101: noante
103: noante
105: noante
107: noante
113: nogov
118: nosubj
120: noante
125: noante
127: noante
132: noante
138: noante
141: noante
147: noante
149: nosubj
150: noante
155: nosubj
158: nogov
159: noante
162: noante
165: noante
168: noante
171: nogov
172: nosubj
173: noante
175: noante
177: noante
182: noante
188: noante
189: nosubj
191: noante
195: noante
196: noante
198: noante
202: noante
206: noante
208: noante
210: noante
213: noante
216: noante
> redirect ./it/0783-it-lisa.info
