> errors
3: nogov
6: nosubj
8: noante
11: noante
13: noante
14: noante
17: noante
19: noante
22: nosubj
24: noante
27: noante
29: noante
30: nosubj
33: nosubj
35: noante
37: noante
42: nogov
49: noante
50: noante
52: noante
53: nogov
58: nonobj
61: noante
66: noante
75: nonobj
81: noante
87: nonobj
89: noante
92: noante
93: nonobj
95: noante
98: noante
100: nogov
105: noante
106: nosubj
108: noante
110: nogov
119: nonobj
121: noante
124: nogov
125: noante
128: noante
131: nogov
136: noante
139: noante
143: noante
146: nogov
147: noante
149: noante
152: noante
153: nosubj
155: noante
160: noante
163: noante
165: noante
167: noante
170: noante
172: noante
177: noante
181: noante
182: nosubj
185: nonobj
186: nosubj
187: nosubj
190: nogov nosubj
192: nonobj
194: nosubj
196: noante
198: noante
200: noante
202: nogov
204: noante
> redirect ./it/0800-it-iorn.info
