> errors
0: noante
3: noante
6: noante
11: nogov
14: noante
17: noante
22: noante
26: noante
32: nosubj
35: noante
37: noante
43: noante
48: noante
50: noante
53: noante
55: noante
58: noante
63: noante
67: noante
69: noante
70: noante
72: noante
73: noante
74: nogov
76: noante
77: nosubj
80: noante
82: noante
85: noante
88: noante
91: noante
94: noante
98: noante
100: noante
104: noante
109: nonobj
111: noante
113: noante
115: noante
117: noante
120: noante
121: nogov
128: noante
130: noante
133: noante
135: noante
139: noante
141: noante
147: noante
153: noante
157: noante
158: nosubj
160: noante
162: noante
167: nosubj
168: noante
170: noante
173: noante
176: noante
178: nosubj
180: noante
184: noante
> redirect ./it/0805-it-morten.info
