> errors
0: nogov noante
1: nogov
2: nogov noante
3: nogov
4: nogov noante
5: nogov nosubj
6: nogov
7: nogov nonobj
8: nogov noante
9: nogov noante
10: nogov noante
11: nogov nonobj
12: nogov noante
13: nogov
14: nogov nonobj
15: nogov noante
16: nogov
17: nogov
18: nogov noante
19: nogov
20: nogov
21: nogov noante
22: nogov nonobj
23: nogov noante
24: nogov noante
25: nogov nonobj
26: nogov noante
27: nogov nonobj
28: nogov noante
29: nogov nonobj
30: nogov noante
31: nogov
32: nogov noante
33: nogov nosubj
34: nogov nosubj
35: nogov
36: nogov
37: nogov
38: nogov
39: nogov nonobj
40: nogov noante
41: nogov noante
42: nogov
43: nogov nonobj
44: nogov noante
45: nogov noante
46: nogov nonobj
47: nogov noante
48: nogov nonobj
49: nogov noante
50: nogov
51: nogov noante
52: nogov
53: nogov noante
54: nogov
55: nogov
56: nogov nonobj
57: nogov
58: nogov noante
59: nogov
60: nogov
61: nogov noante
62: nogov nonobj
63: nogov noante
64: nogov nonobj
65: nogov noante
66: nogov
67: nogov
68: nogov nonobj
69: nogov noante
70: nogov nosubj
71: nogov nosubj
72: nogov nonobj
73: nogov
74: nogov noante
75: nogov
76: nogov
77: nogov noante
78: nogov noante
79: nogov nonobj
80: nogov noante
81: nogov
82: nogov nosubj
83: nogov
84: nogov noante
85: nogov
86: nogov
87: nogov noante
88: nogov
89: nogov nosubj
90: nogov nonobj
91: nogov noante
92: nogov
93: nogov
94: nogov noante
95: nogov nonobj
96: nogov noante
97: nogov nonobj
98: nogov noante
99: nogov
100: nogov
101: nogov noante
102: nogov nosubj
103: nogov nonobj
104: nogov nosubj
105: nogov
106: nogov noante
107: nogov noante
108: nogov
109: nogov nonobj
110: nogov noante
111: nogov noante
112: nogov
113: nogov noante
114: nogov nonobj
115: nogov noante
116: nogov nonobj
117: nogov noante
118: nogov nonobj
119: nogov
120: nogov
121: nogov
122: nogov
123: nogov nonobj
124: nogov nosubj
125: nogov nonobj
126: nogov
127: nogov nosubj
128: nogov nonobj
129: nogov noante
130: nogov
131: nogov
132: nogov nonobj
133: nogov
134: nogov
135: nogov noante
136: nogov
137: nogov
138: nogov
139: nogov
140: nogov noante
141: nogov noante
142: nogov noante
143: nogov
144: nogov noante
145: nogov
146: nogov noante
147: nogov
148: nogov
149: nogov noante
150: nogov
151: nogov
152: nogov
153: nogov nonobj
154: nogov
155: nogov noante
156: nogov
157: nogov
158: nogov
159: nogov
160: nogov noante
161: nogov noante
162: nogov
163: nogov noante
164: nogov nonobj
165: nogov noante
166: nogov nonobj
167: nogov
168: nogov noante
169: nogov nonobj
170: nogov noante
171: nogov nonobj
172: nogov noante
173: nogov
174: nogov
175: nogov
176: nogov
177: nogov
178: nogov
179: nogov
180: nogov nonobj
181: nogov noante
182: nogov nonobj
183: nogov noante
184: nogov
185: nogov nonobj
186: nogov
187: nogov
188: nogov
189: nogov
190: nogov
191: nogov
192: nogov nonobj
193: nogov
194: nogov nonobj
195: nogov
196: nogov
197: nogov nonobj
198: nogov
199: nogov nonobj
200: nogov
201: nogov
202: nogov
203: nogov
204: nogov noante
205: nogov nonobj
206: nogov
207: nogov noante
208: nogov nonobj
209: nogov noante
210: nogov nosubj
211: nogov
212: nogov
> redirect ./it/0848-it-morten.info
