> errors
0: noante
4: noante
5: nogov
8: noante
9: noante
12: noante
15: noante
18: noante
23: noante
26: noante
28: noante
30: noante
32: noante
34: nosubj
39: nonobj
40: noante
44: noante
47: noante
49: noante
51: noante
63: noante
65: noante
69: noante
74: noante
77: noante
80: noante
91: noante
96: noante
98: noante
101: noante
103: nonobj
104: nosubj
106: noante
110: noante
111: noante
115: noante
117: noante
123: nonobj
124: nosubj
129: noante
140: noante
142: noante
144: noante
146: noante
149: noante
155: noante
163: noante
165: noante
168: noante
170: noante
172: noante
181: noante
183: noante
209: noante
> redirect ./it/0848-it-disc-morten.info
