> errors
0: noante
2: nogov
5: noante
6: noante
8: noante
9: nosubj
10: noante
13: noante
15: noante
23: noante
26: noante
29: noante
32: nosubj
34: noante
41: nosubj
51: noante
54: noante
55: nosubj
56: nosubj
58: noante
60: noante
67: noante
68: noante
76: noante
78: noante
83: noante
86: noante
88: noante
90: noante
93: nosubj
94: nosubj
95: noante
97: noante
102: noante
105: noante
113: noante
116: noante
120: nosubj
122: nosubj
125: noante
126: noante
129: noante
134: noante
140: noante
144: noante
147: noante
149: noante
156: noante
158: noante
163: noante
174: nosubj
175: noante
182: noante
185: noante
186: noante
187: 
    187 + 186: badtype
188: noante
191: noante
192: noante
198: noante
201: noante
206: nosubj
209: noante
212: nosubj
213: nosubj
215: noante
217: noante
222: nosubj
223: nonobj
224: nosubj
> redirect ./it/0866-it-disc-morten.info
