> errors
0: nogov noante
1: nogov
2: nogov
3: nogov noante
4: nogov
5: nogov nonobj
6: nogov noante
7: nogov noante
8: nogov nosubj
9: nogov
10: nogov
11: nogov nosubj
12: nogov nonobj
13: nogov
14: nogov noante
15: nogov nonobj
16: nogov noante
17: nogov
18: nogov
19: nogov noante
20: nogov nonobj
21: nogov noante
22: nogov
23: nogov
24: nogov
25: nogov noante
26: nogov nonobj
27: nogov noante
28: nogov
29: nogov nosubj
30: nogov
31: nogov noante
32: nogov nonobj
33: nogov noante
34: nogov
35: nogov noante
36: nogov
37: nogov noante
38: nogov nonobj
39: nogov noante
40: nogov nonobj
41: nogov noante
42: nogov
43: nogov
44: nogov noante
45: nogov nonobj
46: nogov noante
47: nogov nonobj
48: nogov noante
49: nogov
50: nogov
51: nogov noante
52: nogov nonobj
53: nogov noante
54: nogov nosubj
55: nogov
56: nogov
57: nogov nosubj
58: nogov
59: nogov noante
60: nogov noante
61: nogov
62: nogov nosubj
63: nogov
64: nogov noante
65: nogov nonobj
66: nogov noante
67: nogov
68: nogov
69: nogov
70: nogov nosubj
71: nogov nonobj
72: nogov noante
73: nogov
74: nogov noante
75: nogov
76: nogov nosubj
77: nogov nonobj
78: nogov noante
79: nogov
80: nogov noante
81: nogov
82: nogov noante
83: nogov nonobj
84: nogov noante
85: nogov nonobj
86: nogov noante
87: nogov
88: nogov nosubj
89: nogov
90: nogov nosubj
91: nogov nosubj
92: nogov nonobj
93: nogov
94: nogov
95: nogov noante
96: nogov
97: nogov
98: nogov
99: nogov
100: nogov noante
101: nogov
102: nogov
103: nogov nosubj
104: nogov nonobj
105: nogov
106: nogov
107: nogov noante
108: nogov noante
109: nogov
110: nogov
111: nogov nonobj
112: nogov nosubj
113: nogov noante
114: nogov noante
115: nogov
116: nogov noante
117: nogov noante
118: nogov nosubj
119: nogov nosubj
120: nogov
121: nogov
122: nogov
123: nogov
124: nogov nosubj
125: nogov nonobj
126: nogov noante
127: nogov
128: nogov
129: nogov nosubj
130: nogov
131: nogov nosubj
132: nogov nonobj
133: nogov nonobj
134: nogov noante
135: nogov
136: nogov noante
137: nogov
138: nogov
139: nogov nonobj
140: nogov noante
141: nogov
142: nogov noante
143: nogov noante
144: nogov nosubj
145: nogov
146: nogov
147: nogov noante
148: nogov nonobj
149: nogov noante
150: nogov
151: nogov noante
152: nogov noante
153: nogov noante
154: nogov nosubj
155: nogov
156: nogov
157: nogov nosubj
158: nogov
159: nogov
160: nogov
161: nogov
162: nogov
163: nogov nonobj
164: nogov noante
165: nogov
166: nogov
167: nogov nonobj
168: nogov noante
169: nogov
170: nogov nonobj
171: nogov noante
172: nogov
173: nogov
174: nogov
175: nogov noante
176: nogov
177: nogov noante
178: nogov nonobj
179: nogov noante
180: nogov
181: nogov
> redirect ./it/0876-it-morten.info
