> errors
1: noante
2: nosubj
3: nosubj
11: noante
13: nogov
16: noante
18: noante
21: nogov
23: noante
26: noante
30: nosubj
33: noante
38: nosubj
39: noante
43: nogov nosubj
44: nosubj
51: nosubj
52: nosubj
59: noante
63: noante
65: nogov
66: noante
67: noante
75: noante
77: noante
85: noante
87: nosubj
89: noante
91: nosubj
92: nonobj
93: nosubj
95: noante
98: noante
99: nosubj
103: nosubj
104: nosubj
105: noante
108: noante
110: noante
116: noante
118: noante
119: noante
120: nosubj
121: nosubj
126: nogov
129: noante
131: noante
135: noante
137: noante
141: noante
145: noante
147: noante
150: nosubj
159: nonobj
161: noante
170: nogov
173: noante
177: noante
179: noante
180: noante
182: noante
189: noante
191: noante
193: noante
> redirect ./it/0881-it-morten.info
