> errors
0: nogov
1: nogov noante
2: nogov nonobj
3: nogov noante
4: nogov nosubj
5: nogov nonobj
6: nogov noante
7: nogov
8: nogov nosubj
9: nogov nosubj
10: nogov
11: nogov noante
12: nogov noante
13: nogov nonobj
14: nogov noante
15: nogov
16: nogov
17: nogov nonobj
18: nogov noante
19: nogov
20: nogov
21: nogov nosubj
22: nogov
23: nogov nonobj
24: nogov noante
25: nogov
26: nogov
27: nogov nonobj
28: nogov
29: nogov noante
30: nogov nonobj
31: nogov noante
32: nogov
33: nogov noante
34: nogov nonobj
35: nogov noante
36: nogov noante
37: nogov noante
38: nogov
39: nogov nosubj
40: nogov noante
41: nogov noante
42: nogov
43: nogov
44: nogov noante
45: nogov noante
46: nogov nonobj
47: nogov noante
48: nogov nonobj
49: nogov noante
50: nogov
51: nogov noante
52: nogov noante
53: nogov nonobj
54: nogov
55: nogov noante
56: nogov
57: nogov
58: nogov nosubj
59: nogov
60: nogov
61: nogov noante
62: nogov noante
63: nogov nonobj
64: nogov noante
65: nogov
66: nogov
67: nogov nosubj
68: nogov nosubj
69: nogov noante
70: nogov noante
71: nogov nonobj
72: nogov noante
73: nogov noante
74: nogov
75: nogov noante
76: nogov noante
77: nogov nonobj
78: nogov noante
79: nogov
80: nogov noante
81: nogov nonobj
82: nogov noante
83: nogov noante
84: nogov
85: nogov
86: nogov
87: nogov nosubj
88: nogov
89: nogov
90: nogov nonobj
91: nogov noante
92: nogov
93: nogov
94: nogov
95: nogov nosubj
96: nogov
97: nogov noante
98: nogov nonobj
99: nogov noante
100: nogov noante
101: nogov noante
102: nogov
103: nogov noante
104: nogov
105: nogov nosubj
106: nogov nonobj
107: nogov nosubj
108: nogov noante
109: nogov noante
110: nogov
111: nogov nonobj
112: nogov noante
113: nogov noante
114: nogov
115: nogov
116: nogov
117: nogov nonobj
118: nogov noante
119: nogov nosubj
120: nogov
121: nogov
122: nogov
123: nogov nosubj
124: nogov
125: nogov nosubj
126: nogov
127: nogov
128: nogov
129: nogov nosubj
130: nogov
131: nogov
132: nogov
133: nogov noante
134: nogov nosubj
135: nogov nosubj
136: nogov nonobj
137: nogov noante
138: nogov nonobj
139: nogov noante
140: nogov noante
141: nogov
142: nogov
143: nogov noante
144: nogov noante
145: nogov nosubj
146: nogov nosubj
147: nogov nonobj
148: nogov noante
149: nogov
150: nogov nonobj
151: nogov noante
152: nogov nosubj
153: nogov noante
154: nogov noante
155: nogov nonobj
156: nogov noante
157: nogov nosubj
158: nogov
159: nogov noante
160: nogov
161: nogov nosubj
162: nogov noante
163: nogov noante
164: nogov
165: nogov
166: nogov
167: nogov
168: nogov
169: nogov nosubj
170: nogov nosubj
171: nogov nonobj
172: nogov noante
173: nogov
174: nogov noante
175: nogov noante
176: nogov
177: nogov nonobj
178: nogov noante
179: nogov
180: nogov nosubj
181: nogov nosubj
182: nogov nonobj
183: nogov
184: nogov noante
185: nogov
186: nogov nonobj
187: nogov
188: nogov
189: nogov noante
190: nogov nonobj
191: nogov
192: nogov noante
193: nogov
194: nogov nonobj
195: nogov noante
196: nogov noante
197: nogov nosubj
198: nogov noante
199: nogov noante
200: nogov nosubj
201: nogov nonobj
202: nogov noante
203: nogov nonobj
204: nogov noante
205: nogov nonobj
206: nogov noante
207: nogov nonobj
208: nogov noante
209: nogov
> redirect ./it/0915-it-morten.info
