> errors
0: noante
3: noante
5: noante
7: nogov
10: noante
13: noante
17: noante
21: noante
26: noante
28: noante
30: noante
35: noante
39: noante
42: noante
44: noante
46: noante
47: nogov nosubj
50: nosubj
51: noante
58: nosubj
60: noante
63: noante
65: noante
69: noante
72: noante
73: noante
75: noante
78: noante
80: noante
83: noante
91: noante
95: noante
96: nosubj
100: noante
103: noante
107: nosubj
108: noante
111: noante
115: nosubj
121: noante
123: noante
125: nosubj
128: noante
130: noante
131: noante
133: noante
134: noante
140: nosubj
142: noante
144: noante
148: noante
151: nosubj
153: noante
156: noante
157: nosubj
158: noante
161: noante
166: nosubj
167: noante
175: nosubj
177: noante
179: noante
183: noante
186: nosubj
201: noante
202: nosubj
203: noante
205: nosubj
207: noante
209: noante
211: noante
212: nonobj
213: noante
> redirect ./it/0915-it-disc-morten.info
