> errors
0: noante
2: nogov
5: noante
6: nonobj
11: noante
13: noante
15: noante
17: noante
19: nonobj
21: noante
23: nonobj
24: nosubj
27: noante
28: noante
34: noante
36: nogov noante
38: nonobj
41: noante
43: noante
47: noante
53: noante
60: nosubj
63: noante
66: noante
74: noante
75: noante
    75 + 74: badtype
77: noante
80: noante
83: noante
84: nogov nosubj
85: nosubj
86: nonobj
87: nosubj
91: noante
93: noante
95: noante
96: noante
98: noante
99: noante
100: nonobj
101: noante
105: noante
107: noante
111: noante
113: nosubj
114: noante
119: noante
122: nogov
124: nosubj
126: noante
128: noante
133: noante
135: noante
136: nogov
143: noante
150: noante
151: noante
155: noante
157: nogov
159: noante
167: noante
173: noante
181: noante
185: noante
188: noante
193: noante
195: noante
206: noante
> redirect ./it/0939-it-morten.info
