> errors
0: nogov noante
1: noante
4: noante
12: noante
17: noante
22: nosubj
23: noante
27: nogov
28: noante
34: noante
38: noante
45: noante
46: noante
48: noante
52: noante
57: noante
61: noante
66: noante
68: noante
69: nogov
71: noante
72: nonobj
76: noante
81: noante
92: noante
93: nogov
95: nonobj
102: noante
103: noante
107: noante
109: nogov
113: noante
118: noante
126: nosubj
135: noante
138: nogov
139: noante
140: noante
143: noante
144: noante
147: noante
149: noante
154: noante
157: noante
163: noante
165: noante
166: noante
169: noante
170: noante
174: noante
176: noante
180: noante
185: noante
189: nogov nosubj
192: noante
194: noante
197: noante
199: nonobj
204: nogov
208: noante
214: noante
> redirect ./it/0960-it-lisa.info
