> errors
2: noante
6: noante
8: nogov
9: nosubj
11: noante
19: noante
21: noante
26: noante
29: nosubj
31: noante
36: noante
41: noante
42: nonobj
48: noante
49: noante
50: noante
54: noante
63: nogov
68: noante
71: noante
83: nosubj
85: noante
91: nosubj
93: noante
95: noante
97: noante
100: noante
102: noante
109: noante
115: noante
117: nogov
119: nonobj
120: nosubj
127: noante
129: nogov
130: noante
133: nosubj
    133 *[subj] 137: badtype
135: noante
136: nonobj
139: noante
140: noante
145: noante
151: noante
158: noante
159: nogov
160: nosubj
162: 
    162 cored-iden 76: badtype
164: noante
166: noante
168: nonobj
174: noante
176: noante
183: noante
185: nogov
187: noante
192: noante
197: noante
198: nogov
199: noante
200: noante
203: noante
204: noante
206: noante
210: noante
215: nogov nonobj
216: noante
227: nosubj
229: noante
235: noante
237: noante
242: noante
246: noante
248: noante
259: nogov
260: noante
263: noante
266: noante
270: noante
271: noante
> redirect ./it/0968-it-morten.info
