> errors
0: noante
3: noante
5: noante
7: noante
8: noante
10: noante
12: noante
14: nogov
19: noante
21: noante
22: noante
26: nosubj
32: noante
34: noante
35: nosubj
39: nosubj
41: noante
44: nosubj
45: nonobj
48: noante
51: noante
53: noante
54: nosubj
57: noante
62: noante
65: noante
68: noante
77: noante
81: nogov
87: noante
89: noante
91: noante
93: noante
95: noante
98: noante
100: noante
106: noante
113: noante
115: nogov
116: noante
121: nosubj
122: nosubj
123: noante
125: noante
130: noante
131: nosubj
132: nosubj
140: noante
144: noante
147: noante
151: noante
153: nosubj
154: nosubj
156: noante
159: nosubj
167: nonobj
171: noante
173: noante
183: nogov
184: noante
187: noante
189: noante
> redirect ./it/0998-it-morten.info
