> errors
2: noante
3: noante
5: noante
7: nosubj
9: noante
13: noante
17: noante
28: nosubj
29: nosubj
31: nogov
33: noante
35: noante
39: noante
42: nonobj
43: nogov noante
47: 
    47 +JUST/ATTR 28: manygovs
    47 qobj 90: manygovs
49: noante
50: nonobj
51: nosubj
57: noante
62: noante
63: nosubj
64: noante
68: noante
71: nonobj
72: nosubj
76: nosubj
79: noante
81: noante
85: nosubj
92: noante
97: noante
98: noante
100: nonobj
101: nogov noante
104: nosubj
105: noante
106: nonobj
107: nosubj
112: noante
114: noante
119: noante
121: nonobj
122: nosubj
123: noante
126: noante
129: nosubj
130: nosubj
131: noante
136: nosubj
141: noante
145: noante
149: noante
153: nosubj
155: noante
158: nosubj
159: nosubj
161: noante
166: noante
169: noante
170: noante
172: noante
178: noante
181: noante
186: noante
187: 
    187 CONS/ATTR 136: badtype
188: noante
189: nosubj
190: noante
192: noante
194: noante
198: noante
201: nosubj
202: nosubj
210: noante
214: noante
> redirect ./it/1014-it-disc-iorn.info
