> errors
0: noante
2: noante
7: noante
8: nosubj
9: noante
12: noante
15: noante
18: noante
20: nogov
21: noante
24: noante
26: noante
27: noante
29: noante
32: noante
34: noante
37: nogov
38: noante
41: noante
44: noante
46: noante
49: noante
51: noante
55: noante
58: noante
62: noante
63: nogov
65: noante
67: noante
77: noante
79: noante
81: noante
91: noante
92: nogov
94: nosubj
102: noante
104: noante
107: noante
113: noante
115: nogov
116: nosubj
124: noante
130: noante
132: noante
134: noante
136: noante
141: noante
142: noante
145: noante
148: nonobj
154: noante
156: noante
157: nogov
161: noante
163: noante
164: nogov
168: noante
173: noante
175: noante
177: noante
186: noante
189: noante
192: noante
203: nogov
208: nonobj
209: nosubj
217: noante
223: noante
225: noante
228: nogov nonobj
229: nosubj
230: nonobj
235: noante
> redirect ./it/1035-it-morten.info
