> errors
1: nogov noante
4: noante
7: noante
9: noante
11: noante
12: noante
14: noante
17: noante
18: noante
23: noante
25: noante
28: noante
29: nogov nosubj
31: noante
32: noante
33: noante
34: noante
38: noante
39: noante
40: nogov
52: 
    52 + 51: badtype
54: noante
56: noante
60: 
    60 + 59: badtype
62: noante
64: noante
68: 
    68 + 67: badtype
70: noante
72: nosubj
74: noante
85: noante
90: noante
92: noante
93: nosubj
98: nosubj
100: noante
105: noante
110: noante
114: 
    114 + 113: badtype
116: noante
118: noante
120: noante
121: noante
122: 
    122 + 121: badtype
125: nogov nonobj
126: nosubj
130: nosubj
131: noante
134: noante
136: nosubj
141: noante
142: nosubj
144: nosubj
149: noante
152: nogov nosubj
156: nogov
157: noante
160: nosubj
162: noante
166: noante
168: noante
170: noante
173: nosubj
175: nosubj
180: nonobj
181: noante
183: noante
187: nosubj
193: nosubj
197: noante
200: nosubj
203: nosubj
205: nogov nosubj
209: noante
210: nonobj
217: noante
219: nonobj
220: nosubj
    220 vobj 219: manygovs
    220 [subj] 221: manygovs
    220 ²loc 221: manygovs
227: nosubj
231: noante
233: noante
234: nosubj
236: nogov nosubj
    236 *[subj] 237: badtype
242: noante
244: nosubj
246: noante
248: noante
252: noante
255: nogov noante
257: nonobj
258: noante
265: noante
266: nogov nosubj
    266 *coref 254: badtype
    266 *[subj] 267: badtype
270: noante
272: nonobj
273: noante
275: noante
277: noante
279: noante
282: noante
286: noante
289: noante
> redirect ./it/1038-it-lisa.info
