> errors
0: nosubj
5: noante
7: noante
11: noante
13: nogov
19: noante
20: nogov
23: noante
26: nosubj
29: noante
31: nonobj
32: nosubj
33: noante
35: noante
41: nonobj
43: noante
46: noante
50: noante
52: noante
57: noante
59: nonobj
60: nogov noante
64: nonobj
65: nosubj
68: noante
70: noante
80: noante
82: noante
85: noante
92: noante
93: nogov
94: noante
96: noante
99: noante
103: nogov
    103 DESCR 89: badtype
106: nosubj
108: noante
110: nosubj
112: noante
117: nosubj
118: nosubj
119: noante
122: noante
124: noante
127: noante
129: noante
130: noante
133: nonobj
136: noante
137: noante
140: nosubj
141: noante
144: noante
148: noante
151: noante
156: noante
166: noante
170: nosubj
171: noante
174: nosubj
175: noante
179: noante
181: noante
183: noante
> redirect ./it/1043-it-disc-morten.info
