> errors
1: noante
2: nosubj
3: noante
6: noante
7: nosubj
10: noante
13: noante
15: noante
16: nosubj
17: nosubj
20: noante
24: noante
25: noante
26: nosubj
27: nosubj
28: noante
32: nogov
36: noante
41: noante
44: noante
46: noante
50: noante
51: noante
58: noante
60: nogov
65: noante
66: nonobj
67: nosubj
69: noante
75: nosubj
77: nosubj
78: noante
81: noante
84: noante
88: noante
94: noante
96: noante
102: noante
105: noante
108: noante
111: nogov
116: nonobj
123: noante
129: nogov
135: noante
137: noante
140: nosubj
142: noante
143: nonobj
144: nosubj
145: noante
149: noante
152: nonobj
153: nosubj
154: noante
157: noante
162: noante
163: nogov nosubj
164: nonobj
165: nosubj
167: noante
172: noante
176: noante
179: noante
181: noante
182: noante
184: noante
187: noante
191: noante
195: noante
196: noante
199: noante
202: noante
203: noante
204: noante
> redirect ./it/1054-it-lisa.info
