> errors
0: nogov
1: nogov noante
2: nogov nosubj
3: nogov noante
4: nogov nonobj
5: nogov
6: nogov noante
7: nogov nosubj
8: nogov nosubj
9: nogov nonobj
10: nogov noante
11: nogov
12: nogov
13: nogov noante
14: nogov nosubj
15: nogov noante
16: nogov nosubj
17: nogov nosubj
18: nogov
19: nogov nonobj
20: nogov noante
21: nogov noante
22: nogov
23: nogov nonobj
24: nogov noante
25: nogov noante
26: nogov nosubj
27: nogov nosubj
28: nogov noante
29: nogov
30: nogov noante
31: nogov
32: nogov nosubj
33: nogov
34: nogov noante
35: nogov nonobj
36: nogov noante
37: nogov
38: nogov
39: nogov
40: nogov
41: nogov noante
42: nogov
43: nogov nonobj
44: nogov noante
45: nogov nonobj
46: nogov noante
47: nogov nonobj
48: nogov
49: nogov
50: nogov noante
51: nogov noante
52: nogov
53: nogov
54: nogov
55: nogov noante
56: nogov noante
57: nogov nonobj
58: nogov noante
59: nogov noante
60: nogov nosubj
61: nogov
62: nogov nonobj
63: nogov
64: nogov
65: nogov noante
66: nogov nonobj
67: nogov nosubj
68: nogov nonobj
69: nogov noante
70: nogov nonobj
71: nogov
72: nogov
73: nogov
74: nogov
75: nogov nosubj
76: nogov nosubj
77: nogov nosubj
78: nogov noante
79: nogov noante
80: nogov nonobj
81: nogov noante
82: nogov
83: nogov nonobj
84: nogov noante
85: nogov noante
86: nogov nosubj
87: nogov
88: nogov noante
89: nogov
90: nogov noante
91: nogov
92: nogov nonobj
93: nogov
94: nogov noante
95: nogov nonobj
96: nogov noante
97: nogov
98: nogov noante
99: nogov nonobj
100: nogov
101: nogov
102: nogov noante
103: nogov
104: nogov
105: nogov noante
106: nogov noante
107: nogov nosubj
108: nogov noante
109: nogov noante
110: nogov
111: nogov nosubj
112: nogov nonobj
113: nogov
114: nogov noante
115: nogov
116: nogov nonobj
117: nogov nosubj
118: nogov
119: nogov nosubj
120: nogov
121: nogov noante
122: nogov nonobj
123: nogov noante
124: nogov nonobj
125: nogov
126: nogov
127: nogov
128: nogov noante
129: nogov nosubj
130: nogov
131: nogov
132: nogov noante
133: nogov
134: nogov nonobj
135: nogov noante
136: nogov nonobj
137: nogov noante
138: nogov noante
139: nogov
140: nogov nosubj
141: nogov nonobj
142: nogov noante
143: nogov nonobj
144: nogov nosubj
145: nogov noante
146: nogov
147: nogov noante
148: nogov nonobj
149: nogov noante
150: nogov
151: nogov
152: nogov nonobj
153: nogov nosubj
154: nogov noante
155: nogov noante
156: nogov nonobj
157: nogov noante
158: nogov
159: nogov nonobj
160: nogov
161: nogov noante
162: nogov noante
163: nogov nosubj
164: nogov nonobj
165: nogov nosubj
166: nogov nonobj
167: nogov noante
168: nogov nonobj
169: nogov
170: nogov
171: nogov
172: nogov noante
173: nogov
174: nogov noante
175: nogov nonobj
176: nogov noante
177: nogov
178: nogov nonobj
179: nogov noante
180: nogov
181: nogov noante
182: nogov noante
183: nogov
184: nogov noante
185: nogov noante
186: nogov nonobj
187: nogov noante
188: nogov
189: nogov
190: nogov
191: nogov noante
192: nogov noante
193: nogov nonobj
194: nogov
195: nogov noante
196: nogov noante
197: nogov
198: nogov
199: nogov noante
200: nogov noante
201: nogov nonobj
202: nogov noante
203: nogov noante
204: nogov noante
205: nogov
> redirect ./it/1054-it-morten.info
