> errors
0: nogov noante
2: nosubj
3: noante
6: noante
8: noante
10: noante
12: noante
21: noante
22: noante
27: noante
37: noante
40: noante
43: noante
44: noante
47: noante
52: noante
54: noante
56: nogov
57: noante
59: noante
66: noante
68: noante
71: noante
73: noante
76: noante
79: noante
85: nosubj
88: noante
92: noante
95: noante
102: nogov
103: noante
106: noante
112: noante
114: noante
117: noante
120: noante
123: nogov
130: noante
131: nosubj
133: nosubj
134: noante
136: noante
141: noante
143: noante
147: noante
149: nogov
150: noante
152: noante
156: noante
159: noante
164: noante
172: noante
173: noante
177: noante
180: noante
184: noante
186: noante
187: nogov
192: noante
197: noante
199: noante
> redirect ./it/1057-it-morten.info
