> errors
0: noante
3: nogov
6: noante
10: noante
14: noante
15: noante
19: noante
21: nonobj
22: nosubj
23: noante
26: noante
30: noante
33: noante
36: noante
39: noante
42: nonobj
47: noante
55: nogov noante
61: noante
63: noante
67: noante
70: noante
75: noante
79: noante
82: noante
83: nogov
87: noante
91: noante
92: noante
95: nosubj
96: noante
100: noante
101: noante
105: nogov
111: noante
114: noante
117: noante
118: noante
120: noante
124: noante
126: noante
129: noante
134: noante
136: noante
139: nonobj
140: noante
147: nogov
153: noante
154: noante
170: noante
174: nosubj
175: nonobj
180: noante
184: noante
186: noante
190: noante
192: noante
197: noante
199: noante
203: nogov
204: noante
207: nonobj
210: noante
215: noante
219: noante
223: noante
227: noante
228: nogov
232: nosubj
234: noante
236: noante
238: noante
247: noante
251: noante
> redirect ./it/1077-it-lisa.info
