> errors
0: nogov noante
1: nogov noante
2: nogov
3: nogov nosubj
4: nogov
5: nogov
6: nogov noante
7: nogov noante
8: nogov nosubj
9: nogov nosubj
10: nogov noante
11: nogov noante
12: nogov
13: nogov
14: nogov noante
15: nogov nosubj
16: nogov nosubj
17: nogov noante
18: nogov noante
19: nogov nonobj
20: nogov nosubj
21: nogov noante
22: nogov
23: nogov nonobj
24: nogov noante
25: nogov noante
26: nogov
27: nogov nonobj
28: nogov noante
29: nogov noante
30: nogov nonobj
31: nogov noante
32: nogov
33: nogov noante
34: nogov noante
35: nogov nonobj
36: nogov noante
37: nogov noante
38: nogov
39: nogov noante
40: nogov noante
41: nogov
42: nogov nonobj
43: nogov
44: nogov
45: nogov
46: nogov noante
47: nogov noante
48: nogov
49: nogov noante
50: nogov
51: nogov noante
52: nogov nosubj
53: nogov nosubj
54: nogov
55: nogov noante
56: nogov nonobj
57: nogov noante
58: nogov
59: nogov nosubj
60: nogov nonobj
61: nogov noante
62: nogov
63: nogov
64: nogov
65: nogov
66: nogov noante
67: nogov nonobj
68: nogov noante
69: nogov
70: nogov nonobj
71: nogov
72: nogov noante
73: nogov nosubj
74: nogov nonobj
75: nogov noante
76: nogov
77: nogov noante
78: nogov noante
79: nogov
80: nogov noante
81: nogov noante
82: nogov noante
83: nogov
84: nogov noante
85: nogov noante
86: nogov nonobj
87: nogov noante
88: nogov nosubj
89: nogov
90: nogov
91: nogov
92: nogov noante
93: nogov noante
94: nogov noante
95: nogov nonobj
96: nogov noante
97: nogov noante
98: nogov nosubj
99: nogov nonobj
100: nogov nosubj
101: nogov noante
102: nogov
103: nogov
104: nogov nosubj
105: nogov noante
106: nogov noante
107: nogov
108: nogov noante
109: nogov noante
110: nogov nosubj
111: nogov
112: nogov noante
113: nogov noante
114: nogov nosubj
115: nogov
116: nogov noante
117: nogov nosubj
118: nogov
119: nogov noante
120: nogov
121: nogov nonobj
122: nogov noante
123: nogov noante
124: nogov nonobj
125: nogov noante
126: nogov
127: nogov
128: nogov nonobj
129: nogov noante
130: nogov nonobj
131: nogov noante
132: nogov
133: nogov nonobj
134: nogov noante
135: nogov
136: nogov nonobj
137: nogov noante
138: nogov noante
139: nogov
140: nogov noante
141: nogov nonobj
142: nogov noante
143: nogov nosubj
144: nogov nosubj
145: nogov nonobj
146: nogov noante
147: nogov nonobj
148: nogov noante
149: nogov noante
150: nogov
151: nogov noante
152: nogov noante
153: nogov nosubj
154: nogov
155: nogov
156: nogov
157: nogov
158: nogov nonobj
159: nogov noante
160: nogov noante
161: nogov noante
162: nogov nosubj
163: nogov
164: nogov noante
165: nogov
166: nogov
167: nogov nonobj
168: nogov noante
169: nogov noante
170: nogov
171: nogov
172: nogov
173: nogov noante
174: nogov noante
175: nogov noante
176: nogov nosubj
177: nogov nosubj
178: nogov nonobj
179: nogov nosubj
180: nogov noante
181: nogov noante
182: nogov
183: nogov noante
184: nogov noante
185: nogov nosubj
186: nogov nonobj
187: nogov
188: nogov nonobj
189: nogov noante
190: nogov
191: nogov
192: nogov noante
193: nogov nosubj
194: nogov nonobj
195: nogov noante
196: nogov nonobj
197: nogov noante
198: nogov
199: nogov
200: nogov
201: nogov nonobj
202: nogov noante
203: nogov nonobj
204: nogov noante
205: nogov
206: nogov
207: nogov
208: nogov nosubj
209: nogov noante
210: nogov noante
211: nogov
212: nogov nonobj
213: nogov nosubj
214: nogov nonobj
215: nogov noante
216: nogov
217: nogov
218: nogov
219: nogov nonobj
220: nogov noante
221: nogov
222: nogov
223: nogov
224: nogov noante
225: nogov
226: nogov nosubj
227: nogov nonobj
228: nogov noante
229: nogov
230: nogov noante
231: nogov noante
232: nogov noante
233: nogov nosubj
234: nogov nonobj
235: nogov
236: nogov noante
237: nogov nosubj
238: nogov nonobj
239: nogov noante
240: nogov nonobj
241: nogov noante
242: nogov nonobj
243: nogov noante
244: nogov
245: nogov nonobj
246: nogov
247: nogov noante
248: nogov nosubj
249: nogov nonobj
250: nogov noante
251: nogov
252: nogov
253: nogov noante
254: nogov
255: nogov noante
256: nogov nosubj
257: nogov noante
258: nogov noante
259: nogov nonobj
260: nogov noante
261: nogov
262: nogov
263: nogov
264: nogov noante
265: nogov noante
266: nogov
267: nogov noante
> redirect ./it/1077-it-morten.info
