> errors
0: noante
7: noante
9: noante
11: noante
14: noante
15: nogov
18: noante
19: noante
28: 
    28 + 27: badtype
29: noante
33: noante
37: noante
41: nogov
43: nosubj
48: noante
51: noante
52: nosubj
54: noante
60: noante
62: noante
63: nosubj
65: noante
67: noante
69: noante
70: noante
71: noante
74: noante
78: noante
80: noante
81: noante
83: noante
85: nogov
88: noante
92: noante
94: noante
97: noante
109: noante
112: noante
115: noante
118: noante
122: noante
124: noante
130: nogov
136: noante
138: noante
146: noante
147: noante
148: nogov nosubj
149: noante
150: nonobj
154: noante
157: noante
170: nosubj
171: noante
172: nogov
173: nonobj
177: noante
181: noante
182: noante
186: noante
188: noante
189: nogov
191: noante
192: noante
198: noante
204: noante
206: noante
207: nogov
210: noante
214: noante
218: noante
223: noante
> redirect ./it/1090-it-morten.info
