> errors
0: noante
6: noante
7: nogov
9: noante
11: noante
13: noante
17: noante
21: noante
24: noante
25: nosubj
27: noante
30: nosubj
31: noante
37: noante
40: noante
42: noante
45: nogov
46: noante
52: noante
55: noante
62: noante
65: noante
70: noante
72: noante
75: noante
80: nosubj
82: noante
87: noante
91: noante
92: nogov
94: noante
98: noante
99: noante
105: noante
107: nosubj
109: noante
    109 assoc-scope 96: badtype
112: noante
114: noante
121: noante
125: noante
128: noante
130: noante
134: noante
137: noante
139: noante
140: nosubj
141: noante
143: noante
144: nogov
149: noante
152: noante
156: noante
159: noante
161: noante
163: noante
164: nogov
173: noante
175: nonobj
178: noante
181: noante
183: noante
186: noante
193: noante
194: noante
195: nogov
> redirect ./it/1127-it-lisa.info
