> errors
3: noante
5: noante
7: noante
13: noante
15: noante
18: nogov
19: nonobj
25: nogov nosubj
    25 *coref 20: badtype
27: nonobj
29: nosubj
31: noante
33: noante
42: noante
43: nogov
45: noante
47: noante
49: nonobj
52: noante
54: nonobj
55: nosubj
64: nosubj
    64 *coref 55: badtype
66: noante
71: noante
73: nosubj
77: nogov
78: noante
84: nonobj
86: noante
92: noante
94: noante
99: nogov noante
100: noante
102: noante
107: noante
114: noante
115: nosubj
117: noante
118: nonobj
119: nosubj
122: noante
127: noante
129: noante
140: noante
142: noante
144: noante
146: nogov
155: noante
158: noante
172: noante
176: noante
178: nonobj
181: noante
193: noante
198: noante
200: nogov
201: noante
205: noante
208: nonobj
211: noante
217: noante
222: noante
226: noante
228: nogov
230: nonobj
233: noante
> redirect ./it/1138-it-morten.info
