> errors
0: noante
1: nogov
4: noante
7: noante
8: nogov
9: noante
20: noante
23: noante
26: nogov
29: noante
37: nosubj
38: nosubj
40: noante
41: nosubj
42: nosubj
46: noante
49: noante
50: nosubj
51: nosubj
54: nosubj
55: nosubj
56: nonobj
57: nosubj
58: nosubj
61: noante
63: nosubj
64: noante
71: nogov nosubj
72: nosubj
73: nonobj
74: nosubj
78: noante
82: nogov
85: noante
88: noante
91: nonobj
95: nonobj
100: noante
101: noante
102: nogov
117: noante
119: noante
122: nogov
123: nonobj
125: noante
127: nonobj
135: nonobj
139: noante
146: noante
148: noante
153: noante
156: noante
159: noante
168: noante
169: nosubj
171: nogov nosubj
172: nosubj
173: noante
174: noante
177: noante
> redirect ./it/1144-it-morten.info
