> errors
2: noante
    2 *[subj] 17: badtype
5: noante
8: noante
9: noante
11: nogov
15: noante
17: 
    17 *[subj] 18: badtype
    17 *[subj] 22: badtype
20: noante
21: nonobj
23: noante
27: noante
32: noante
    32 coref* 34: badtype
34: nogov nosubj
    34 *coref 2: badtype
    34 *[subj] 35: badtype
36: noante
42: noante
46: noante
48: noante
52: noante
60: noante
63: noante
65: noante
67: noante
77: nogov
79: noante
80: nonobj
81: nosubj
85: noante
88: noante
90: noante
92: noante
97: nogov
98: noante
102: noante
103: nonobj
104: nosubj
113: noante
119: nosubj
    119 *coref 106: badtype
    119 *[subj] 120: badtype
125: nogov
127: noante
    127 *coref* 34: badtype
133: nogov nosubj
    133 *coref 127: badtype
    133 *[subj] 137: badtype
135: noante
136: nonobj
143: noante
144: noante
    144 *coref* 133: badtype
145: nogov
147: noante
154: noante
156: noante
164: nogov nosubj
    164 *[subj] 166: badtype
    164 *[subj] 174: badtype
    164 assoc-const* 208: badtype
167: noante
168: nonobj
169: noante
175: noante
183: nogov nosubj
    183 *coref 164: badtype
    183 *[subj]ยน 185: badtype
192: nosubj
    192 *coref 183: badtype
    192 *[subj] 193: badtype
194: 
    194 *[subj] 196: badtype
    194 *[subj] 199: badtype
195: noante
199: 
    199 *[subj] 202: badtype
200: nosubj
201: nonobj
208: nogov nosubj
    208 *coref 144: badtype
    208 *[subj] 209: badtype
221: nosubj
223: noante
230: nosubj
231: nosubj
234: noante
236: noante
240: noante
243: nogov
    243 *coref* 208: badtype
244: noante
> redirect ./it/1190-it-morten.info
