> errors
0: nogov
1: nogov noante
2: nogov noante
3: nogov nosubj
4: nogov
5: nogov noante
6: nogov nonobj
7: nogov noante
8: nogov nonobj
9: nogov
10: nogov
11: nogov nosubj
12: nogov noante
13: nogov noante
14: nogov noante
15: nogov
16: nogov
17: nogov noante
18: nogov nosubj
19: nogov nosubj
20: nogov nonobj
21: nogov noante
22: nogov
23: nogov
24: nogov
25: nogov noante
26: nogov
27: nogov noante
28: nogov nosubj
29: nogov nonobj
30: nogov noante
31: nogov noante
32: nogov noante
33: nogov noante
34: nogov
35: nogov nonobj
36: nogov noante
37: nogov nosubj
38: nogov
39: nogov
40: nogov nosubj
41: nogov nonobj
42: nogov nosubj
43: nogov nonobj
44: nogov noante
45: nogov
46: nogov
47: nogov
48: nogov noante
49: nogov
50: nogov nosubj
51: nogov nosubj
52: nogov
53: nogov noante
54: nogov nonobj
55: nogov noante
56: nogov nonobj
57: nogov
58: nogov
59: nogov
60: nogov nonobj
61: nogov noante
62: nogov noante
63: nogov
64: nogov
65: nogov
66: nogov
67: nogov
68: nogov nosubj
69: nogov
70: nogov
71: nogov nonobj
72: nogov nosubj
73: nogov
74: nogov
75: nogov nosubj
76: nogov nonobj
77: nogov noante
78: nogov
79: nogov
80: nogov noante
81: nogov nosubj
82: nogov nosubj
83: nogov nonobj
84: nogov noante
85: nogov
86: nogov
87: nogov
88: nogov noante
89: nogov nosubj
90: nogov
91: nogov noante
92: nogov nosubj
93: nogov nosubj
94: nogov
95: nogov nonobj
96: nogov noante
97: nogov
98: nogov nosubj
99: nogov
100: nogov nonobj
101: nogov noante
102: nogov
103: nogov noante
104: nogov
105: nogov
106: nogov noante
107: nogov nosubj
108: nogov noante
109: nogov noante
110: nogov nonobj
111: nogov noante
112: nogov noante
113: nogov
114: nogov
115: nogov
116: nogov nonobj
117: nogov
118: nogov noante
119: nogov
120: nogov nonobj
121: nogov noante
122: nogov
123: nogov nosubj
124: nogov nosubj
125: nogov nosubj
126: nogov nonobj
127: nogov
128: nogov noante
129: nogov
130: nogov
131: nogov
132: nogov
133: nogov noante
134: nogov nonobj
135: nogov noante
136: nogov
137: nogov nonobj
138: nogov noante
139: nogov
140: nogov nosubj
141: nogov nosubj
142: nogov nonobj
143: nogov noante
144: nogov
145: nogov nosubj
146: nogov
147: nogov
148: nogov noante
149: nogov
150: nogov
151: nogov nonobj
152: nogov noante
153: nogov noante
154: nogov
155: nogov
156: nogov
157: nogov nosubj
158: nogov
159: nogov noante
160: nogov noante
161: nogov nosubj
162: nogov nonobj
163: nogov noante
164: nogov nonobj
165: nogov noante
166: nogov nonobj
167: nogov noante
168: nogov nonobj
169: nogov noante
170: nogov
171: nogov nonobj
172: nogov nonobj
173: nogov noante
174: nogov nonobj
175: nogov
176: nogov noante
177: nogov
178: nogov
179: nogov
180: nogov
181: nogov nonobj
182: nogov noante
183: nogov nonobj
184: nogov noante
185: nogov nonobj
186: nogov
187: nogov noante
188: nogov
189: nogov
190: nogov
> redirect ./it/1227-it-morten.info
