> errors
0: noante
1: nogov nosubj
3: nonobj
5: nonobj
12: nogov nosubj
15: noante
18: noante
23: noante
25: noante
29: nosubj
32: noante
33: noante
39: noante
40: nogov
45: nogov
51: nogov
52: noante
55: noante
56: noante
57: noante
60: nonobj
63: noante
65: nosubj
67: noante
69: noante
71: noante
75: nogov noante
77: noante
78: nogov
79: nogov
80: nogov
81: nogov
82: noante
84: noante
85: noante
87: nogov
94: nogov
96: nosubj
101: noante
108: nogov nosubj
111: noante
116: noante
118: noante
121: noante
124: nosubj
125: noante
127: nosubj
129: nosubj
131: noante
133: noante
135: noante
138: noante
141: noante
145: noante
146: noante
151: nogov
153: noante
154: noante
157: nonobj
160: noante
162: noante
163: noante
171: noante
179: noante
182: noante
183: nogov
185: noante
187: noante
188: noante
> redirect ./it/1250-it-lisa.info
