> errors
1: noante
5: noante
8: noante
11: noante
13: noante
17: noante
23: noante
25: noante
26: nogov
29: noante
31: noante
33: nogov
36: noante
47: noante
50: noante
54: noante
57: nosubj
59: noante
61: nosubj
65: noante
67: nogov
70: noante
74: nonobj
81: nosubj
83: noante
85: nonobj
88: nogov
89: noante
92: noante
97: nogov
98: noante
99: noante
111: nonobj
112: nosubj
114: noante
117: noante
118: nogov nosubj
121: noante
124: nosubj
125: nosubj
131: noante
134: noante
137: nosubj
139: noante
143: nonobj
144: nosubj
145: noante
148: noante
150: noante
152: noante
155: noante
157: nogov
162: nonobj
171: noante
174: noante
176: noante
179: noante
180: nogov
181: nosubj
185: noante
186: nosubj
192: noante
193: noante
> redirect ./it/1252-it-disc-iorn.info
