> errors
1: noante
2: 
    2 nobj 1: manygovs
    2 attr 3: manygovs
4: noante
7: noante
10: noante
12: noante
16: noante
22: noante
24: noante
25: nogov
26: nosubj
28: noante
30: noante
32: nogov
35: noante
46: noante
49: noante
53: noante
56: nosubj
58: noante
60: nosubj
64: noante
66: nogov
69: noante
73: nonobj
80: nosubj
82: noante
84: nonobj
87: nogov
88: noante
91: noante
96: nogov
97: noante
98: noante
110: nonobj
111: nosubj
113: noante
116: noante
117: nogov nosubj
120: noante
123: nosubj
124: nosubj
130: noante
133: noante
136: nosubj
138: noante
142: nonobj
143: nosubj
144: noante
147: noante
149: noante
151: noante
154: noante
156: nogov
161: nonobj
170: noante
173: noante
175: noante
178: noante
179: nogov
180: nosubj
184: noante
185: nosubj
191: noante
192: noante
> redirect ./it/1252-it-lisa.info
