> errors
1: nosubj
3: nosubj
4: noante
8: noante
13: noante
15: nogov
17: noante
20: noante
22: noante
23: noante
24: noante
26: noante
33: noante
35: noante
38: noante
43: noante
46: noante
48: noante
50: noante
55: noante
60: noante
63: noante
65: nogov
70: noante
74: noante
    74 assoc-scope 70: badtype
78: noante
80: nonobj
90: noante
97: noante
98: nogov
102: noante
106: noante
108: noante
112: noante
115: noante
117: noante
118: noante
119: nogov
124: noante
125: nosubj
126: noante
127: noante
130: nosubj
133: noante
135: noante
136: noante
138: nonobj
141: noante
144: noante
146: nosubj
147: noante
149: noante
156: noante
160: nosubj
163: noante
166: noante
169: nogov
183: noante
185: noante
187: noante
190: noante
192: noante
198: noante
200: nosubj
202: noante
204: noante
209: noante
212: nonobj
214: noante
215: nosubj
219: noante
221: nogov
224: noante
226: nonobj
229: nosubj
> redirect ./it/1337-it-morten.info
