> errors
0: nogov noante
1: nogov noante
2: nogov nonobj
3: nogov noante
4: nogov
5: nogov
6: nogov noante
7: nogov
8: nogov noante
9: nogov nosubj
10: nogov nosubj
11: nogov
12: nogov
13: nogov nosubj
14: nogov nonobj
15: nogov noante
16: nogov nosubj
17: nogov nonobj
18: nogov
19: nogov nosubj
20: nogov noante
21: nogov noante
22: nogov nonobj
23: nogov noante
24: nogov
25: nogov noante
26: nogov noante
27: nogov
28: nogov
29: nogov noante
30: nogov noante
31: nogov nosubj
32: nogov nosubj
33: nogov
34: nogov nonobj
35: nogov noante
36: nogov
37: nogov
38: nogov noante
39: nogov
40: nogov
41: nogov noante
42: nogov nosubj
43: nogov noante
44: nogov nosubj
45: nogov nosubj
46: nogov nosubj
47: nogov
48: nogov nonobj
49: nogov nosubj
50: nogov
51: nogov noante
52: nogov
53: nogov nosubj
54: nogov nonobj
55: nogov noante
56: nogov nonobj
57: nogov noante
58: nogov noante
59: nogov
60: nogov noante
61: nogov noante
62: nogov noante
63: nogov nonobj
64: nogov noante
65: nogov
66: nogov noante
67: nogov nosubj
68: nogov
69: nogov nonobj
70: nogov noante
71: nogov
72: nogov
73: nogov nosubj
74: nogov noante
75: nogov noante
76: nogov
77: nogov nosubj
78: nogov noante
79: nogov
80: nogov nonobj
81: nogov noante
82: nogov noante
83: nogov
84: nogov
85: nogov nonobj
86: nogov noante
87: nogov noante
88: nogov noante
89: nogov noante
90: nogov noante
91: nogov nosubj
92: nogov nonobj
93: nogov noante
94: nogov
95: nogov nonobj
96: nogov noante
97: nogov
98: nogov noante
99: nogov nosubj
100: nogov noante
101: nogov
102: nogov noante
103: nogov noante
104: nogov nosubj
105: nogov noante
106: nogov nosubj
107: nogov noante
108: nogov
109: nogov noante
110: nogov
111: nogov nonobj
112: nogov noante
113: nogov
114: nogov
115: nogov nonobj
116: nogov
117: nogov
118: nogov nonobj
119: nogov
120: nogov
121: nogov
122: nogov noante
123: nogov
124: nogov
125: nogov
126: nogov nosubj
127: nogov
128: nogov noante
129: nogov
130: nogov nosubj
131: nogov nonobj
132: nogov nosubj
133: nogov nonobj
134: nogov
135: nogov
136: nogov nosubj
137: nogov noante
138: nogov noante
139: nogov noante
140: nogov noante
141: nogov nosubj
142: nogov nosubj
143: nogov
144: nogov
145: nogov noante
146: nogov noante
147: nogov noante
148: nogov noante
149: nogov noante
150: nogov nosubj
151: nogov nonobj
152: nogov noante
153: nogov noante
154: nogov nonobj
155: nogov
156: nogov noante
157: nogov nonobj
158: nogov noante
159: nogov noante
160: nogov nonobj
161: nogov
162: nogov nosubj
163: nogov nosubj
164: nogov
165: nogov nosubj
166: nogov noante
167: nogov
168: nogov
169: nogov noante
170: nogov noante
171: nogov
172: nogov nosubj
173: nogov
174: nogov nonobj
175: nogov noante
176: nogov nosubj
177: nogov nonobj
178: nogov noante
179: nogov noante
180: nogov noante
181: nogov
182: nogov
183: nogov noante
184: nogov noante
185: nogov nonobj
186: nogov noante
187: nogov nosubj
188: nogov nonobj
189: nogov noante
190: nogov noante
191: nogov noante
192: nogov noante
193: nogov nosubj
194: nogov noante
195: nogov
196: nogov noante
197: nogov
198: nogov noante
199: nogov
200: nogov noante
201: nogov
202: nogov nosubj
203: nogov nosubj
204: nogov
205: nogov nonobj
206: nogov noante
207: nogov nosubj
208: nogov nonobj
209: nogov noante
210: nogov
211: nogov
212: nogov noante
213: nogov nosubj
214: nogov
215: nogov nonobj
216: nogov
217: nogov noante
218: nogov nonobj
219: nogov noante
220: nogov
221: nogov
222: nogov noante
223: nogov noante
224: nogov noante
225: nogov nonobj
226: nogov noante
227: nogov nosubj
228: nogov nosubj
229: nogov nosubj
230: nogov noante
231: nogov noante
232: nogov nonobj
233: nogov noante
234: nogov nonobj
235: nogov
236: nogov noante
237: nogov nosubj
238: nogov
239: nogov noante
240: nogov
241: nogov
> redirect ./it/1347-it-iørn.info
