> errors
0: noante
3: noante
8: noante
10: nosubj
13: nogov
15: noante
16: nosubj
20: noante
23: noante
25: noante
32: nosubj
35: noante
43: noante
44: nosubj
45: nosubj
49: nosubj
53: nosubj
55: noante
57: noante
58: noante
60: noante
62: noante
64: noante
66: noante
70: noante
71: 
    71 + 70: badtype
74: noante
75: noante
78: noante
81: noante
86: noante
87: noante
88: noante
90: noante
93: noante
96: noante
100: noante
105: noante
107: noante
112: noante
113: 
    113 + 112: badtype
122: noante
128: noante
131: nonobj
137: noante
138: noante
142: nosubj
146: nogov noante
    146 +AGENTIVE:cause 99: badtype
147: noante
149: noante
150: nosubj
152: noante
153: noante
156: noante
159: noante
160: nonobj
163: nosubj
165: nosubj
166: noante
170: noante
174: nonobj
175: noante
176: nosubj
178: noante
180: noante
183: noante
186: noante
189: noante
191: noante
192: noante
193: nosubj
196: noante
198: noante
200: noante
206: noante
207: nosubj
209: noante
212: noante
219: noante
222: noante
224: noante
226: noante
233: noante
236: noante
237: nosubj
> redirect ./it/1347-it-disc-morten.info
