> errors
0: noante
3: noante
8: noante
13: nogov
15: noante
20: noante
23: noante
25: noante
35: noante
43: noante
44: nosubj
49: nosubj
53: nosubj
55: noante
57: noante
60: noante
62: noante
64: noante
66: noante
67: nogov
70: noante
71: 
    71 + 70: badtype
74: noante
75: noante
78: noante
81: noante
86: noante
89: noante
92: noante
95: noante
98: nogov
99: noante
104: noante
106: noante
111: noante
112: 
    112 + 111: badtype
121: noante
130: nonobj
136: noante
141: nosubj
145: nogov noante
146: noante
149: nosubj
151: noante
152: noante
155: noante
162: nosubj
164: nosubj
165: noante
169: noante
171: nogov
173: nonobj
174: noante
179: noante
181: noante
184: noante
185: nogov
187: noante
188: noante
190: noante
191: nosubj
194: noante
196: noante
198: noante
201: nosubj
204: noante
205: nosubj
207: noante
210: noante
211: nogov
217: noante
223: noante
230: noante
234: nosubj
> redirect ./it/1347-it-lisa.info
