> errors
2: noante
5: noante
7: noante
9: noante
11: noante
12: nogov
14: nosubj
16: noante
18: noante
21: nonobj
37: noante
38: noante
45: nogov
47: nosubj
54: noante
55: nogov nosubj
    55 $*[subj] 60: badtype
59: nonobj
69: noante
70: nogov
82: noante
83: nogov
84: nosubj
97: nogov
98: nosubj
100: noante
103: noante
105: noante
112: noante
119: noante
121: noante
123: noante
126: noante
128: nogov
129: nosubj
131: noante
133: noante
139: noante
143: noante
150: nogov nosubj
    150 *coref 109: badtype
152: noante
156: nogov
159: nosubj
    159 *[subj] 164: badtype
161: noante
166: noante
168: noante
176: noante
179: nogov
188: nogov
190: noante
194: nosubj
195: noante
204: noante
207: nosubj
208: noante
212: noante
214: noante
217: noante
224: nogov noante
226: noante
229: noante
234: noante
237: noante
241: noante
244: noante
247: noante
249: nogov
254: noante
258: nogov
263: noante
266: noante
268: noante
273: noante
274: nogov
> redirect ./it/1365-it-morten.info
