> errors
3: nogov
4: noante
8: nosubj
9: noante
14: noante
15: noante
20: nosubj
22: noante
25: noante
28: nogov
30: noante
37: noante
41: noante
48: noante
52: noante
56: noante
59: nogov
60: noante
62: nonobj
65: noante
68: noante
72: noante
75: noante
79: noante
83: noante
85: noante
87: noante
93: noante
100: nosubj
102: noante
106: nogov
107: noante
114: nonobj
117: noante
119: noante
123: nogov
124: nogov noante
132: noante
137: noante
140: noante
143: noante
144: nogov
151: noante
156: noante
160: noante
167: noante
171: noante
172: nonobj
174: noante
> redirect ./it/1398-it-lisa.info
