> errors
0: nogov noante
1: nogov noante
2: nogov nosubj
3: nogov noante
4: nogov noante
5: nogov
6: nogov
7: nogov nonobj
8: nogov noante
9: nogov noante
10: nogov noante
11: nogov noante
12: nogov
13: nogov
14: nogov noante
15: nogov
16: nogov nonobj
17: nogov noante
18: nogov nonobj
19: nogov noante
20: nogov nonobj
21: nogov
22: nogov nosubj
23: nogov nonobj
24: nogov noante
25: nogov noante
26: nogov nosubj
27: nogov noante
28: nogov noante
29: nogov
30: nogov noante
31: nogov noante
32: nogov noante
33: nogov
34: nogov noante
35: nogov nonobj
36: nogov
37: nogov noante
38: nogov nonobj
39: nogov noante
40: nogov
41: nogov
42: nogov nonobj
43: nogov noante
44: nogov
45: nogov noante
46: nogov nonobj
47: nogov noante
48: nogov
49: nogov
50: nogov noante
51: nogov
52: nogov noante
53: nogov nonobj
54: nogov noante
55: nogov noante
56: nogov noante
57: nogov noante
58: nogov nosubj
59: nogov noante
60: nogov noante
61: nogov
62: nogov
63: nogov nonobj
64: nogov noante
65: nogov noante
66: nogov nosubj
67: nogov
68: nogov nosubj
69: nogov noante
70: nogov nonobj
71: nogov nosubj
72: nogov noante
73: nogov noante
74: nogov
75: nogov nonobj
76: nogov noante
77: nogov
78: nogov
79: nogov
80: nogov nonobj
81: nogov noante
82: nogov noante
83: nogov nonobj
84: nogov noante
85: nogov nonobj
86: nogov
87: nogov
88: nogov
89: nogov noante
90: nogov
91: nogov nosubj
92: nogov
93: nogov nonobj
94: nogov
95: nogov noante
96: nogov nonobj
97: nogov noante
98: nogov
99: nogov
100: nogov nonobj
101: nogov noante
102: nogov
103: nogov
104: nogov noante
105: nogov
106: nogov
107: nogov nonobj
108: nogov noante
109: nogov
110: nogov
111: nogov noante
112: nogov noante
113: nogov
114: nogov
115: nogov
116: nogov
117: nogov nosubj
118: nogov
119: nogov
120: nogov noante
121: nogov nosubj
122: nogov nonobj
123: nogov noante
124: nogov
125: nogov noante
126: nogov noante
127: nogov nosubj
128: nogov nonobj
129: nogov noante
130: nogov nonobj
131: nogov
132: nogov noante
133: nogov nosubj
134: nogov
135: nogov noante
136: nogov
137: nogov
138: nogov nosubj
139: nogov nosubj
140: nogov nonobj
141: nogov noante
142: nogov nonobj
143: nogov noante
144: nogov nosubj
145: nogov noante
146: nogov
147: nogov nonobj
148: nogov noante
149: nogov noante
150: nogov
151: nogov
152: nogov nosubj
153: nogov noante
154: nogov
155: nogov
156: nogov
157: nogov noante
158: nogov noante
159: nogov
160: nogov
161: nogov noante
162: nogov noante
163: nogov
164: nogov nonobj
165: nogov
166: nogov noante
167: nogov
168: nogov
169: nogov
170: nogov
171: nogov nonobj
172: nogov noante
173: nogov nonobj
174: nogov noante
175: nogov
176: nogov
177: nogov noante
178: nogov noante
179: nogov nonobj
180: nogov noante
181: nogov noante
182: nogov noante
183: nogov
184: nogov noante
185: nogov nosubj
186: nogov
187: nogov nonobj
188: nogov
189: nogov
190: nogov
191: nogov
192: nogov noante
193: nogov nosubj
194: nogov nosubj
195: nogov nonobj
196: nogov noante
197: nogov
198: nogov
199: nogov noante
200: nogov noante
201: nogov
202: nogov nonobj
203: nogov noante
204: nogov noante
205: nogov noante
206: nogov nosubj
207: nogov
208: nogov nonobj
209: nogov
210: nogov
211: nogov noante
212: nogov nonobj
213: nogov
214: nogov noante
215: nogov
216: nogov
217: nogov nonobj
218: nogov noante
219: nogov
220: nogov noante
221: nogov nonobj
222: nogov noante
223: nogov
224: nogov nosubj
225: nogov noante
226: nogov
227: nogov
228: nogov noante
229: nogov noante
230: nogov
231: nogov
232: nogov noante
233: nogov nonobj
234: nogov noante
235: nogov nonobj
236: nogov nosubj
237: nogov noante
238: nogov noante
239: nogov nonobj
240: nogov
241: nogov
> redirect ./it/1408-it-morten.info
