> errors
0: noante
3: noante
8: noante
10: noante
11: noante
14: noante
17: noante
19: noante
22: nogov
24: noante
25: noante
27: noante
31: nogov noante
37: nonobj
38: noante
42: noante
44: noante
46: noante
49: noante
53: noante
54: noante
55: noante
56: noante
57: nogov
58: noante
63: noante
67: nosubj
68: noante
69: nonobj
70: nosubj
75: noante
79: nonobj
80: noante
83: noante
90: nogov
96: noante
100: noante
107: noante
110: noante
111: noante
116: nogov
120: nosubj
122: noante
128: noante
131: noante
132: nosubj
137: nogov
140: noante
142: noante
143: nosubj
144: noante
147: noante
152: noante
156: noante
157: noante
160: noante
161: noante
165: noante
171: noante
173: noante
176: noante
179: noante
180: noante
181: noante
183: noante
184: nogov
186: nonobj
192: nosubj
195: noante
198: noante
199: noante
205: nogov
211: nonobj
217: noante
221: noante
224: noante
227: noante
228: noante
231: noante
233: noante
234: nonobj
> redirect ./it/1408-it-lisa.info
