> errors
0: noante
3: nogov
6: noante
8: noante
10: noante
11: nogov
13: noante
21: noante
23: nonobj
24: nosubj
26: nosubj
28: noante
32: noante
34: noante
36: noante
38: noante
40: nosubj
44: noante
47: noante
50: noante
53: noante
59: noante
62: noante
68: noante
69: nosubj
73: noante
79: noante
82: nosubj
85: noante
88: noante
93: nosubj
96: nogov
    96 CONS 63: badtype
109: noante
    109 assoc-formal.loc 95: badtype
114: noante
116: noante
118: noante
121: noante
122: noante
127: nonobj
136: noante
139: noante
143: noante
147: noante
149: noante
151: noante
153: noante
156: nonobj
159: noante
161: noante
164: noante
169: noante
171: noante
175: noante
180: noante
183: noante
184: noante
191: noante
194: noante
197: noante
199: noante
201: nosubj
202: noante
205: noante
207: noante
210: noante
213: noante
216: noante
219: noante
222: noante
225: noante
> redirect ./it/1420-it-disc-iorn.info
