> errors
0: nogov
2: noante
4: noante
5: nogov
6: nonobj
8: nosubj
10: noante
14: noante
17: noante
20: noante
24: noante
25: noante
28: noante
34: noante
36: noante
39: noante
41: noante
44: nogov
46: nosubj
47: noante
50: noante
53: noante
56: noante
59: noante
62: noante
65: noante
70: noante
72: nosubj
74: noante
78: noante
80: noante
82: noante
84: noante
90: noante
92: nogov
98: noante
100: noante
102: noante
104: nonobj
107: noante
111: noante
114: nosubj
115: nonobj
119: noante
121: noante
124: nonobj
137: nonobj
144: nogov
149: noante
156: noante
158: nogov
163: noante
165: noante
167: noante
176: nogov
178: noante
179: nonobj
182: nonobj
199: nogov
206: noante
212: nosubj
214: noante
216: noante
223: nogov
230: noante
233: nonobj
> redirect ./it/1429-it-morten.info
