> errors
1: noante
6: noante
10: noante
11: nogov
12: nosubj
15: noante
16: nosubj
17: nosubj
20: noante
23: nosubj
24: nonobj
25: nosubj
28: noante
30: noante
32: noante
34: noante
36: noante
42: noante
50: noante
53: noante
55: noante
60: noante
62: noante
65: noante
67: nogov
    67 CAUSE/expl 43: badtype
76: noante
79: nosubj
82: nonobj
84: noante
85: nogov
91: nosubj
92: nosubj
97: nogov
    97 AGENTIVE:cause/(perché) 67: badtype
98: nosubj
100: noante
107: noante
112: noante
118: noante
120: noante
124: noante
128: nosubj
129: nosubj
135: noante
139: noante
147: noante
155: noante
158: nosubj
162: noante
168: noante
169: nosubj
174: noante
175: noante
177: nonobj
178: nosubj
180: noante
183: nosubj
184: nonobj
185: nosubj
186: noante
189: noante
192: noante
194: noante
> redirect ./it/1497-it-disc-morten.info
