> errors
0: nogov
1: nogov noante
2: nogov noante
3: nogov
4: nogov
5: nogov nonobj
6: nogov noante
7: nogov nonobj
8: nogov
9: nogov
10: nogov noante
11: nogov nosubj
12: nogov nosubj
13: nogov
14: nogov
15: nogov noante
16: nogov nosubj
17: nogov nosubj
18: nogov
19: nogov nonobj
20: nogov noante
21: nogov
22: nogov
23: nogov nosubj
24: nogov nonobj
25: nogov nosubj
26: nogov nonobj
27: nogov noante
28: nogov nonobj
29: nogov
30: nogov noante
31: nogov nonobj
32: nogov noante
33: nogov nonobj
34: nogov noante
35: nogov
36: nogov noante
37: nogov
38: nogov noante
39: nogov
40: nogov
41: nogov
42: nogov noante
43: nogov nosubj
44: nogov
45: nogov
46: nogov
47: nogov noante
48: nogov
49: nogov nonobj
50: nogov
51: nogov noante
52: nogov
53: nogov
54: nogov nonobj
55: nogov noante
56: nogov nonobj
57: nogov noante
58: nogov
59: nogov noante
60: nogov noante
61: nogov nonobj
62: nogov noante
63: nogov
64: nogov nosubj
65: nogov
66: nogov noante
67: nogov
68: nogov
69: nogov
70: nogov nosubj
71: nogov
72: nogov noante
73: nogov
74: nogov
75: nogov nonobj
76: nogov
77: nogov noante
78: nogov
79: nogov nosubj
80: nogov nosubj
81: nogov
82: nogov nosubj
83: nogov nonobj
84: nogov nonobj
85: nogov
86: nogov
87: nogov
88: nogov
89: nogov nosubj
90: nogov nosubj
91: nogov noante
92: nogov nosubj
93: nogov nosubj
94: nogov
95: nogov noante
96: nogov nosubj
97: nogov nosubj
98: nogov
99: nogov nonobj
100: nogov
101: nogov noante
102: nogov noante
103: nogov noante
104: nogov nosubj
105: nogov nosubj
106: nogov nosubj
107: nogov
108: nogov noante
109: nogov noante
110: nogov nonobj
111: nogov
112: nogov
113: nogov noante
114: nogov nonobj
115: nogov noante
116: nogov
117: nogov
118: nogov
119: nogov nonobj
120: nogov noante
121: nogov
122: nogov noante
123: nogov
124: nogov
125: nogov
126: nogov noante
127: nogov nonobj
128: nogov noante
129: nogov nosubj
130: nogov nonobj
131: nogov
132: nogov noante
133: nogov
134: nogov
135: nogov
136: nogov nosubj
137: nogov nosubj
138: nogov
139: nogov
140: nogov noante
141: nogov
142: nogov noante
143: nogov nosubj
144: nogov nosubj
145: nogov noante
146: nogov noante
147: nogov
148: nogov noante
149: nogov
150: nogov noante
151: nogov nosubj
152: nogov nosubj
153: nogov nonobj
154: nogov
155: nogov
156: nogov noante
157: nogov nonobj
158: nogov noante
159: nogov
160: nogov
161: nogov
162: nogov nonobj
163: nogov
164: nogov
165: nogov nosubj
166: nogov noante
167: nogov noante
168: nogov
169: nogov
170: nogov nonobj
171: nogov noante
172: nogov
173: nogov nosubj
174: nogov noante
175: nogov nosubj
176: nogov
177: nogov
178: nogov nonobj
179: nogov nosubj
180: nogov nonobj
181: nogov noante
182: nogov nosubj
183: nogov nosubj
184: nogov noante
185: nogov noante
186: nogov nonobj
187: nogov nosubj
188: nogov nonobj
189: nogov noante
190: nogov
191: nogov
192: nogov nosubj
193: nogov nonobj
194: nogov nosubj
195: nogov noante
196: nogov noante
197: nogov nonobj
198: nogov noante
199: nogov
200: nogov nonobj
201: nogov noante
202: nogov nonobj
203: nogov noante
204: nogov
> redirect ./it/1497-it-morten.info
