> errors
1: noante
6: noante
10: noante
11: nogov
15: noante
20: noante
24: nonobj
28: noante
30: noante
32: noante
34: noante
36: noante
42: noante
43: nogov
50: noante
53: noante
55: noante
60: noante
62: noante
65: noante
67: nogov
82: nonobj
83: nonobj
84: noante
91: nogov nosubj
92: nosubj
97: nogov
100: noante
107: noante
112: noante
118: noante
120: noante
121: nogov
124: noante
128: nosubj
129: nosubj
135: noante
139: noante
147: noante
155: noante
158: nogov nosubj
162: noante
168: noante
174: noante
177: nonobj
178: nosubj
180: noante
183: nosubj
184: nonobj
185: nosubj
186: noante
189: noante
192: noante
194: noante
> redirect ./it/1497-it-lisa.info
