> errors
1: noante
2: nogov nosubj
6: nosubj
7: noante
8: noante
12: noante
14: nogov
16: noante
19: noante
20: noante
23: noante
25: nogov
26: nosubj
29: noante
31: noante
34: noante
39: noante
42: noante
46: noante
48: noante
51: noante
55: noante
60: noante
62: nogov
66: noante
68: noante
69: noante
71: noante
73: noante
77: nosubj
82: noante
84: noante
87: nogov nosubj
88: nosubj
89: noante
92: noante
95: noante
97: noante
99: noante
101: noante
104: noante
105: noante
107: noante
112: noante
115: noante
117: noante
121: nonobj
123: noante
127: nosubj
129: nosubj
134: noante
137: noante
140: noante
142: nogov
148: noante
152: noante
154: noante
156: noante
159: noante
161: nogov
162: noante
163: nosubj
164: noante
168: noante
176: nonobj
177: noante
179: nogov
184: noante
187: noante
190: noante
193: noante
195: noante
196: nogov
198: nosubj
> redirect ./it/1536-it-morten.info
