> errors
4: noante
6: noante
9: noante
13: noante
16: nogov
20: noante
22: noante
25: noante
33: noante
36: noante
38: noante
40: noante
42: nosubj
44: noante
46: noante
47: nosubj
49: noante
54: noante
57: noante
65: nogov
69: nonobj
72: noante
74: noante
93: nogov
94: nosubj
102: nogov
104: nosubj
108: noante
110: noante
114: nosubj
116: noante
119: noante
122: nosubj
133: noante
136: noante
138: nosubj
142: noante
144: nosubj
148: nosubj
164: nonobj
171: noante
172: nonobj
181: noante
188: nogov
194: noante
196: noante
198: noante
204: nonobj
207: noante
211: noante
213: nogov
221: noante
224: noante
> redirect ./it/1545-it-morten.info
