> errors
45: nogov
46: noante
51: noante
53: noante
71: noante
72: nogov
79: noante
84: noante
89: nosubj
90: noante
92: noante
94: noante
100: nogov
101: noante
105: nosubj
106: noante
107: noante
109: noante
133: noante
136: noante
142: nogov
145: noante
150: noante
155: noante
156: nogov
163: nosubj
166: nosubj
169: noante
173: nosubj
182: nogov
192: nosubj
193: noante
196: nosubj
198: noante
203: nosubj
204: noante
210: noante
215: noante
216: nogov
224: noante
225: nogov
226: nonobj
232: nosubj
234: nosubj
242: noante
251: noante
> redirect ./releases/cdt2/da/0102-da.info
