> errors
50: noante
51: nogov
54: noante
62: nogov
64: noante
65: noante
76: noante
86: nogov
91: nosubj
100: noante
102: nogov
103: noante
113: noante
120: nosubj
123: noante
125: nogov
126: noante
130: noante
138: nogov
140: noante
141: noante
153: nogov
155: noante
160: noante
162: noante
172: noante
173: nogov
174: noante
191: noante
192: nogov
203: nogov
204: noante
206: noante
210: noante
214: nosubj
215: nosubj
216: noante
225: noante
229: nosubj
232: noante
240: nogov
252: noante
261: noante
264: nosubj
266: nogov
271: noante
> redirect ./releases/cdt2/da/0134-da.info
