> errors
46: nogov
53: noante
55: nogov
56: noante
66: noante
68: nogov
71: nosubj
76: noante
80: nogov
82: noante
87: noante
90: nogov
91: noante
92: nosubj
102: noante
107: noante
108: nogov
116: noante
125: nosubj
133: nogov
136: noante
141: nosubj
146: nogov
156: noante
157: nogov
169: noante
177: nogov
178: noante
181: noante
186: nogov
187: noante
192: noante
194: noante
201: noante
202: nogov
211: noante
212: nogov
220: noante
224: noante
226: nogov
231: noante
237: nosubj
239: nogov
248: nogov
249: noante
253: noante
> redirect ./releases/cdt2/da/0144-da.info
