> errors
44: noante
48: nogov
49: noante
54: noante
58: nogov
59: noante
70: noante
75: noante
80: nogov
81: noante
87: noante
98: noante
100: nogov
106: noante
107: nogov
118: nogov
119: noante
134: nogov
136: noante
139: noante
143: nonobj
149: nogov nosubj
162: noante
163: nogov
172: noante
176: noante
181: noante
182: nogov
188: noante
196: noante
201: noante
206: nogov
207: noante
209: nonobj
227: nogov
234: noante
239: noante
244: noante
246: noante
248: nogov
259: noante
> redirect ./releases/cdt2/da/0169-da.info
