> errors
44: noante
45: nogov
49: noante
55: noante
56: nogov
69: noante
72: nogov
73: noante
83: nogov
97: noante
100: noante
105: nogov
116: noante
117: nogov
125: nosubj
126: noante
131: noante
139: noante
140: nogov
149: noante
165: nogov
171: noante
173: noante
179: noante
182: noante
185: nogov
194: noante
195: nogov
203: nosubj
210: noante
211: nogov
216: nosubj
233: noante
243: nogov
251: nogov
255: noante
261: noante
263: noante
264: nogov
272: noante
273: nogov
> redirect ./releases/cdt2/da/0176-da.info
