> errors
43: noante
44: nogov
55: noante
59: noante
61: noante
63: nogov
64: noante
66: noante
71: noante
85: noante
91: noante
95: noante
99: noante
109: nogov
112: noante
126: noante
129: nosubj
133: noante
134: nogov
138: noante
144: noante
149: noante
151: noante
158: noante
159: nogov
163: nosubj
166: nonobj
172: noante
173: nogov
189: noante
191: noante
192: nogov
202: nonobj
206: noante
209: noante
212: noante
219: nogov
225: noante
229: noante
235: noante
236: nogov
246: noante
248: noante
250: nosubj
> redirect ./releases/cdt2/da/0197-da.info
