> errors
43: nogov
51: noante
57: noante
58: nogov
66: nogov
69: noante
73: noante
75: noante
81: nogov
87: noante
89: noante
92: noante
95: noante
99: noante
102: noante
104: noante
108: noante
119: nogov noante
127: nogov
128: noante
130: noante
132: noante
137: noante
138: nogov
144: noante
153: noante
155: noante
163: noante
164: nogov
171: noante
177: noante
178: nogov
182: noante
189: nogov noante
196: noante
197: nogov
208: nogov
215: noante
216: nogov
219: noante
221: noante
225: noante
229: nogov
233: noante
234: noante
248: nosubj
255: nogov noante
262: nogov
267: noante
274: noante
281: noante
282: nogov
283: noante
292: noante
293: nogov
300: noante
> redirect ./releases/cdt2/da/0259-da.info
