> errors
41: noante
42: nogov
43: noante
45: noante
48: noante
52: noante
53: nogov
58: noante
62: noante
64: noante
66: noante
69: noante
70: noante
82: noante
84: noante
86: nogov
87: noante
92: noante
97: noante
101: noante
104: noante
108: nogov
117: noante
121: noante
126: noante
128: noante
130: nogov
131: noante
135: nogov noante
138: noante
143: nogov
151: noante
153: noante
155: nogov
159: noante
160: nogov
161: noante
168: noante
171: noante
173: noante
177: noante
185: nogov
189: noante
194: noante
196: noante
201: noante
213: nogov
215: noante
219: noante
221: noante
227: nogov
229: noante
231: nosubj
238: nogov
249: noante
254: noante
259: nogov
265: noante
270: noante
> redirect ./releases/cdt2/da/0319-da.info
