> errors
44: noante
49: noante
51: nogov
52: noante
54: noante
56: noante
61: noante
62: nogov
79: noante
82: nogov
83: noante
89: nogov
106: noante
110: noante
113: nogov
114: noante
118: noante
128: noante
138: nogov
139: noante
144: noante
145: nogov
146: noante
153: noante
162: nosubj
163: noante
166: noante
169: nogov
170: noante
179: nosubj
180: noante
182: nogov
196: nogov
197: nonobj
198: noante
204: noante
205: nogov
209: nosubj
217: nogov
219: noante
227: noante
228: noante
234: noante
241: noante
243: noante
250: noante
252: nosubj
253: noante
256: noante
260: noante
261: nogov
273: noante
278: nogov
> redirect ./releases/cdt2/da/0353-da.info
