> errors
43: nogov
53: nogov
56: noante
66: noante
75: nogov
79: noante
84: noante
89: noante
90: nogov
103: nogov
104: noante
106: noante
110: noante
111: nogov
121: nogov
122: noante
129: nogov
140: nosubj
141: noante
144: noante
147: nogov
148: noante
156: nogov
159: noante
165: noante
168: noante
174: nogov
177: noante
179: noante
180: noante
188: noante
190: nogov
193: noante
209: noante
214: noante
216: noante
218: nogov
219: noante
222: noante
227: noante
228: nogov
233: nosubj
234: noante
239: noante
245: nogov nosubj
248: noante
249: nosubj
253: noante
259: noante
263: nogov
265: noante
> redirect ./releases/cdt2/da/0391-da.info
