> errors
42: noante
43: nogov
46: noante
55: noante
59: nosubj
60: noante
62: noante
67: noante
73: noante
76: nogov
85: nosubj
89: noante
91: noante
97: noante
98: nogov
102: noante
109: nogov
117: noante
120: noante
125: nosubj
136: noante
142: noante
147: noante
149: noante
153: nogov
159: noante
168: noante
169: nogov
176: noante
188: noante
189: nogov
198: noante
199: nogov
200: noante
203: noante
210: noante
220: nogov
231: nosubj
234: noante
236: noante
244: noante
246: noante
250: nogov
251: noante
256: nosubj
265: noante
> redirect ./releases/cdt2/da/0397-da.info
