> errors
43: nogov
44: noante
52: nogov
53: noante
57: noante
63: noante
69: noante
80: nogov
86: noante
87: nogov
89: noante
99: nogov
100: noante
103: noante
113: nogov
122: nogov
123: noante
124: noante
133: nogov
142: nogov
143: noante
145: noante
155: nogov
164: nogov
165: noante
169: noante
180: nogov
189: nogov
193: noante
195: noante
202: nogov
204: noante
206: noante
209: noante
214: noante
227: nogov
232: noante
236: nosubj
239: noante
244: noante
247: noante
248: noante
253: noante
258: noante
263: noante
268: noante
269: noante
283: nosubj
289: nogov
291: noante
296: noante
297: nogov
298: noante
305: noante
311: nogov
312: noante
317: noante
> redirect ./releases/cdt2/da/0416-da.info
