> errors
43: noante
44: nogov
58: nogov
59: noante
64: noante
70: noante
71: nogov
80: noante
92: noante
99: noante
100: nogov
103: noante
105: nosubj
106: nosubj
113: noante
118: nogov
119: noante
122: noante
140: noante
141: nogov
142: noante
144: nosubj
147: noante
154: noante
157: noante
160: noante
167: nogov
168: noante
173: noante
177: noante
179: noante
182: noante
193: nogov
194: noante
196: noante
205: noante
206: nogov
210: noante
215: noante
219: noante
221: noante
230: noante
243: nogov
245: noante
253: nosubj
257: nosubj
258: nosubj
259: noante
261: noante
> redirect ./releases/cdt2/da/0465-da.info
