> errors
43: noante
44: nogov
49: noante
53: noante
54: nogov
55: noante
65: nosubj
66: noante
69: nosubj
79: noante
81: nosubj
83: nogov
84: noante
99: nogov
110: noante
121: noante
122: nogov
128: nosubj
129: noante
132: noante
139: noante
143: noante
148: nogov
166: nogov
174: noante
177: nosubj
179: nogov
189: noante
192: noante
195: noante
201: nogov
205: noante
208: noante
211: nosubj
221: noante
226: nogov
232: noante
237: noante
244: nogov
247: noante
249: nosubj
250: noante
255: noante
259: noante
> redirect ./releases/cdt2/da/0470-da.info
