> errors
50: nogov
51: noante
61: noante
62: nogov
73: noante
74: nogov
75: noante
83: noante
88: nosubj
95: noante
99: nosubj
103: noante
108: nogov
109: noante
118: nogov
125: nosubj
127: nogov
129: noante
133: noante
135: noante
139: noante
140: nogov
153: nogov
154: noante
160: noante
163: noante
172: noante
173: nogov
175: noante
181: noante
186: nogov
187: noante
190: noante
204: nogov
207: noante
210: noante
213: noante
220: noante
221: nogov
241: noante
246: nogov
261: nogov
267: noante
269: noante
276: noante
277: nogov
279: noante
> redirect ./releases/cdt2/da/0496-da.info
