> errors
42: nogov
43: noante
46: nosubj
51: nogov
60: nosubj
62: nosubj
65: nosubj
66: noante
70: noante
74: nosubj
75: noante
78: noante
83: nosubj
87: noante
88: noante
93: noante
96: noante
112: nosubj
118: nogov
119: noante
123: noante
128: noante
131: noante
136: noante
137: nogov
139: noante
142: nosubj
148: noante
150: noante
154: noante
156: noante
160: nosubj
176: noante
182: noante
185: noante
190: nosubj
193: noante
197: noante
199: noante
204: nosubj
205: noante
206: nosubj
207: noante
212: noante
220: noante
> redirect ./releases/cdt2/da/0597-da.info
