> errors
46: nogov
47: noante
50: nosubj
54: noante
58: noante
67: noante
69: noante
72: nogov
73: noante
74: noante
85: noante
88: noante
91: noante
107: nogov
110: noante
116: noante
122: nogov
124: noante
127: noante
131: noante
134: noante
144: noante
146: noante
151: noante
153: noante
156: noante
177: noante
180: nogov
181: noante
189: noante
193: noante
196: noante
205: noante
206: nosubj
209: nogov
213: noante
223: noante
224: noante
226: noante
> redirect ./releases/cdt2/da/0683-da.info
