> errors
43: noante
44: nogov
46: noante
47: nosubj
63: nogov
66: noante
71: noante
75: noante
78: noante
81: noante
85: noante
86: nosubj
89: noante
94: nosubj
107: noante
109: nogov
112: noante
116: nogov
121: noante
124: noante
127: noante
130: noante
133: noante
143: noante
144: nogov
145: noante
148: noante
157: noante
159: nogov
160: noante
170: nogov
172: noante
181: noante
187: nosubj
194: nogov
196: nosubj
198: noante
202: noante
207: nogov
208: noante
212: noante
214: noante
217: noante
225: nogov
228: noante
232: noante
233: nosubj
237: nogov nosubj
240: noante
244: noante
> redirect ./releases/cdt2/da/0702-da.info
