> errors
45: noante
48: noante
55: nogov
56: noante
57: nosubj
60: noante
62: noante
71: noante
72: nogov
73: noante
76: nosubj
79: noante
80: nosubj
106: nogov
107: noante
113: noante
115: noante
116: nogov
117: noante
118: noante
132: noante
138: noante
142: noante
143: nogov
144: noante
147: noante
151: nogov
152: noante
155: noante
159: nogov
166: nonobj
169: noante
176: nosubj
178: nogov
185: noante
190: nogov
191: noante
195: noante
199: noante
204: noante
208: noante
219: noante
230: nogov
232: nosubj
240: noante
> redirect ./releases/cdt2/da/0704-da.info
