> errors
56: noante
59: noante
70: noante
73: nogov
82: nosubj
88: nosubj
96: nogov
97: noante
105: noante
115: nogov
116: noante
119: nosubj
123: nosubj
124: noante
130: noante
142: noante
145: nogov
146: noante
149: noante
152: noante
156: nosubj
159: noante
164: noante
168: noante
177: noante
181: noante
188: nogov
196: noante
201: noante
205: nosubj
213: nosubj
216: nogov
222: noante
224: noante
228: nosubj
234: nogov
235: noante
242: noante
253: nosubj
254: noante
262: nogov
> redirect ./releases/cdt2/da/0888-da.info
