> errors
43: nogov
49: nogov
60: nogov
61: noante
69: noante
79: noante
87: nogov
91: noante
106: nogov
113: noante
115: nosubj
116: nosubj
117: nosubj
124: nogov
129: noante
136: noante
143: nogov
151: noante
160: noante
172: nogov
180: noante
185: nosubj
196: noante
197: nogov
199: noante
210: noante
220: noante
221: nogov
222: noante
226: nosubj
229: noante
233: noante
236: nosubj
239: nogov
250: nogov
257: noante
262: noante
266: noante
267: nogov
272: noante
284: nogov
285: noante
> redirect ./releases/cdt2/da/0889-da.info
