> errors
43: noante
44: nogov
51: noante
52: nogov
62: noante
65: nogov
83: noante
84: nogov
88: noante
98: noante
105: nogov
111: noante
119: noante
123: noante
124: nogov
128: noante
132: noante
135: nosubj
146: nogov
148: nosubj
156: noante
158: noante
167: nogov
168: noante
174: nogov
180: noante
193: nogov
206: noante
208: noante
209: nogov
217: noante
218: nogov
220: noante
231: noante
232: nogov
233: noante
239: nosubj
242: noante
246: noante
247: nogov
251: nosubj
254: noante
259: nogov
260: noante
262: noante
267: nogov noante
269: noante
> redirect ./releases/cdt2/da/0919-da.info
