> errors
43: nogov
44: noante
46: noante
48: noante
60: nogov
61: noante
70: nogov
71: noante
80: nogov
81: noante
88: nosubj
89: nosubj
91: nosubj
95: noante
103: nogov
104: noante
108: noante
110: noante
114: noante
121: noante
122: nogov
125: noante
131: noante
137: nosubj
139: nosubj
140: noante
147: nogov
160: noante
170: noante
181: noante
183: nogov
187: noante
190: noante
195: nogov
196: noante
205: noante
211: nogov
212: noante
217: nosubj
219: noante
222: noante
228: noante
241: nosubj
243: nosubj
253: nogov
259: nogov
262: noante
263: noante
266: noante
> redirect ./releases/cdt2/da/0935-da.info
