> errors
43: noante
45: nogov
52: noante
56: nogov
62: noante
66: noante
68: noante
74: noante
81: noante
99: noante
107: noante
109: noante
110: nogov
116: nogov
119: noante
139: noante
148: nogov
149: noante
168: noante
179: noante
189: noante
190: nogov
194: noante
196: noante
201: noante
202: noante
206: nosubj
207: noante
216: nogov
217: noante
220: noante
224: noante
228: noante
233: noante
238: nosubj
239: nosubj
240: noante
246: nogov
254: noante
> redirect ./releases/cdt2/da/0974-da.info
