> errors
45: nogov
46: noante
51: noante
53: noante
62: noante
73: noante
74: nogov
75: noante
82: nosubj
86: noante
90: noante
93: nogov
95: noante
107: noante
116: nogov
120: noante
131: noante
135: noante
136: nogov
142: noante
145: noante
160: noante
163: nogov
175: nogov
178: noante
184: nosubj
187: noante
190: nosubj
198: noante
199: nogov
200: noante
201: nonobj
207: noante
210: nosubj
220: noante
223: nosubj
225: nogov
226: noante
228: noante
236: noante
239: noante
> redirect ./releases/cdt2/da/1008-da.info
