> errors
46: noante
50: nogov
53: noante
59: nogov
66: nosubj
67: noante
77: noante
80: nogov
90: noante
95: noante
101: noante
102: nogov
103: noante
106: noante
109: noante
113: noante
115: noante
119: noante
121: noante
131: noante
132: noante
138: noante
145: nogov
146: noante
150: noante
155: noante
162: nosubj
164: noante
176: noante
181: noante
182: nogov
190: noante
191: nogov
192: noante
207: noante
210: noante
212: noante
214: nogov
215: noante
220: noante
223: nosubj
227: noante
235: nogov nosubj
237: noante
247: nogov
254: noante
> redirect ./releases/cdt2/da/1088-da.info
