> errors
43: noante
47: nogov
48: nosubj
52: noante
60: noante
66: noante
68: noante
72: noante
76: noante
78: nogov
81: noante
83: noante
93: noante
94: nogov
102: nosubj
106: nosubj
122: noante
127: noante
132: nogov
139: noante
145: noante
151: noante
155: nogov
156: noante
163: nogov
165: noante
173: nogov
178: noante
180: noante
186: noante
189: noante
193: nosubj
200: noante
201: nogov
208: noante
211: noante
215: noante
220: nogov
226: noante
238: nogov
> redirect ./releases/cdt2/da/1094-da.info
