> errors
43: noante
44: nogov
48: noante
51: noante
58: nogov nosubj
60: noante
62: noante
66: noante
67: nogov
73: nosubj
74: noante
76: noante
78: noante
82: noante
91: noante
97: nogov
98: noante
101: noante
107: nogov
113: noante
116: noante
128: noante
131: noante
141: noante
156: nosubj
160: noante
161: nogov
167: noante
180: noante
186: nogov
187: noante
193: noante
194: nogov
198: noante
204: noante
208: noante
209: nogov
211: noante
218: noante
223: nosubj
228: noante
231: noante
234: noante
236: noante
241: noante
243: nogov
246: noante
249: noante
253: noante
258: noante
260: noante
261: noante
264: noante
268: noante
> redirect ./releases/cdt2/da/1100-da.info
