> errors
43: noante
50: noante
55: nogov
57: noante
63: nosubj
66: noante
74: noante
78: nogov
81: noante
93: noante
100: noante
107: noante
114: noante
120: noante
123: noante
126: nogov
137: nogov
142: noante
143: nogov
144: noante
157: nogov
161: noante
165: noante
175: nosubj
178: noante
185: nogov
186: noante
189: noante
193: noante
196: noante
199: noante
204: noante
206: noante
212: nogov
213: noante
220: noante
221: nogov
222: noante
223: nosubj
226: noante
231: noante
237: noante
244: nogov
245: noante
247: noante
253: nogov nosubj
> redirect ./releases/cdt2/da/1333-da.info
