> errors
44: nogov
50: noante
56: noante
61: nosubj
64: nogov
73: noante
80: noante
85: nogov
89: noante
95: noante
96: nogov
101: noante
105: noante
106: nogov
115: noante
118: nosubj
126: nogov
135: nosubj
151: noante
152: nogov
155: noante
160: noante
162: noante
168: noante
178: nogov
179: noante
181: nosubj
182: nosubj
183: noante
187: nosubj
188: noante
207: noante
211: nogov
212: noante
214: noante
221: nogov
224: noante
230: noante
242: noante
247: nosubj
250: nosubj
253: nosubj
> redirect ./releases/cdt2/da/1386-da.info
