> errors
47: noante
48: nogov
64: noante
67: nogov
71: noante
75: noante
84: nogov
85: noante
89: noante
90: noante
96: noante
103: noante
106: nosubj
108: noante
114: nogov
119: noante
122: nogov
126: noante
133: noante
136: noante
137: nosubj
140: noante
148: nogov
149: noante
153: noante
158: noante
162: noante
169: noante
175: noante
176: nogov
180: noante
182: noante
191: noante
202: noante
203: nogov
208: noante
210: noante
215: nosubj
222: noante
225: noante
230: nosubj
234: noante
237: noante
> redirect ./releases/cdt2/da/1394-da.info
