> errors
43: nogov
47: noante
56: nosubj
57: noante
60: noante
67: nogov noante
84: noante
91: noante
96: noante
99: nogov
118: nogov
119: noante
126: noante
132: noante
141: nogov
144: noante
150: noante
152: noante
156: noante
160: noante
163: nogov
171: noante
172: nogov
173: noante
174: noante
177: noante
188: nogov
189: noante
194: noante
207: noante
210: nogov
211: noante
218: noante
221: noante
222: nosubj
235: nogov
240: noante
252: nogov
253: noante
> redirect ./releases/cdt2/da/1399-da.info
