> errors
44: noante
45: nogov
50: noante
56: noante
65: noante
66: noante
74: nogov
75: nosubj
79: noante
83: nogov
84: noante
88: noante
90: noante
97: noante
98: nogov
110: noante
113: noante
118: noante
122: noante
131: nogov
132: noante
148: noante
150: noante
154: nosubj
155: noante
158: noante
170: noante
171: nogov
176: noante
178: noante
185: nosubj
191: noante
192: noante
200: nogov
202: noante
204: noante
208: noante
219: nogov
220: noante
225: noante
227: noante
229: noante
236: noante
237: nogov
238: noante
248: noante
251: nogov
258: noante
> redirect ./releases/cdt2/da/1406-da.info
