> errors
43: nogov
50: noante
54: nogov
55: noante
57: nosubj
61: nosubj
62: noante
66: noante
69: nogov
75: nosubj
76: noante
93: nogov
98: noante
105: noante
114: nogov
115: noante
119: noante
127: noante
128: nogov
132: noante
136: noante
141: noante
156: nogov
169: nogov
183: noante
184: nogov
192: noante
196: noante
203: nogov
204: noante
213: nogov
221: noante
222: nogov
230: noante
231: nogov
238: noante
249: noante
252: nogov
263: nogov
264: noante
266: noante
271: nogov
272: noante
275: noante
> redirect ./releases/cdt2/da/1449-da.info
