> errors
45: nosubj
47: nogov
53: noante
60: nogov
61: noante
67: noante
77: noante
85: noante
87: nogov
91: noante
97: noante
98: nogov
99: noante
106: noante
123: noante
125: noante
127: noante
140: nogov
141: noante
147: noante
155: noante
159: nosubj
164: nogov
169: noante
173: noante
174: nogov
175: noante
176: noante
181: noante
188: nogov
196: noante
199: nogov
214: nogov
238: noante
240: nogov
241: noante
242: nonobj
247: noante
248: nogov
251: noante
> redirect ./releases/cdt2/da/1471-da.info
