> errors
43: noante
44: nogov
64: noante
65: nogov
72: noante
73: nogov
76: noante
79: noante
84: noante
86: noante
94: nogov
100: noante
101: nogov
109: noante
115: noante
116: nogov
117: noante
126: nogov
127: noante
132: noante
137: noante
142: nogov
143: noante
149: nosubj
150: noante
153: noante
162: noante
167: nosubj
170: nogov
178: noante
179: nogov
184: noante
194: nogov
209: nogov
212: noante
214: noante
219: noante
221: nogov
229: noante
231: nogov
241: nogov nosubj
248: nogov
254: noante
255: nogov
> redirect ./releases/cdt2/da/1494-da.info
