> errors
44: noante
50: nogov
51: noante
62: nogov
63: noante
67: nosubj
70: noante
72: noante
81: nogov
86: noante
91: nosubj
98: noante
99: nogov
109: nogov
110: noante
114: noante
120: noante
121: nogov
128: noante
135: noante
136: nogov
138: noante
143: nogov
144: noante
146: noante
162: noante
163: nogov
164: noante
168: noante
186: noante
189: nogov
197: noante
204: nogov
206: noante
210: nosubj
219: nogov
222: noante
231: noante
238: noante
243: nosubj
254: noante
256: noante
259: noante
> redirect ./releases/cdt2/da/1497-da.info
