> errors
43: noante
50: noante
56: nosubj
57: nonobj
59: noante
61: nogov
69: noante
78: nogov
79: noante
90: nogov
91: noante
95: noante
102: noante
105: nosubj
106: noante
108: noante
112: noante
114: noante
122: nogov
128: nosubj
129: nogov
130: noante
140: noante
155: nogov
161: noante
178: noante
179: nogov
195: nosubj
196: noante
198: noante
200: noante
204: nogov
212: nogov
213: noante
224: nogov
225: noante
231: nosubj
234: noante
241: nogov
242: nosubj
254: nosubj
256: nonobj
> redirect ./releases/cdt2/da/1503-da.info
