> errors
44: noante
45: nogov
51: noante
55: noante
61: nosubj
64: nogov
68: noante
77: noante
78: nogov
81: noante
89: noante
108: noante
109: nogov
111: noante
114: noante
122: nosubj
126: nosubj
135: noante
136: nogov
137: noante
139: noante
140: nosubj
152: noante
158: noante
159: nogov
162: noante
166: noante
170: noante
175: noante
186: noante
189: nogov
190: noante
202: nogov
203: noante
205: noante
208: noante
217: noante
225: nogov
227: nosubj
229: noante
239: noante
241: noante
242: nogov
> redirect ./releases/cdt2/da/1536-da.info
