p   texlive-font-utils              - TeX Live: TeX font-related programs       
Installing texlive-font-utils
Please enter your password below
Reading package lists...
Building dependency tree...
Reading state information...
The following packages were automatically installed and are no longer required:
  xserver-xorg-video-amd linux-headers-2.6.24-17-generic
  linux-headers-2.6.24-17
Use 'apt-get autoremove' to remove them.
The following NEW packages will be installed:
  texlive-font-utils
0 upgraded, 1 newly installed, 0 to remove and 147 not upgraded.
Need to get 962kB of archives.
After this operation, 3101kB of additional disk space will be used.
Get:1 http://dk.archive.ubuntu.com hardy-updates/main texlive-font-utils 2007.dfsg.1-2ubuntu0.1 [962kB]
Fetched 962kB in 1s (484kB/s)
Selecting previously deselected package texlive-font-utils.
(Reading database ... 159156 files and directories currently installed.)
Unpacking texlive-font-utils (from .../texlive-font-utils_2007.dfsg.1-2ubuntu0.1_i386.deb) ...
Setting up texlive-font-utils (2007.dfsg.1-2ubuntu0.1) ...
Running mktexlsr. This may take some time... done.

