p   libtext-csv-perl                - comma-separated values manipulator (using 
Installing libtext-csv-xs-perl
Please enter your password below
Reading package lists...
Building dependency tree...
Reading state information...
The following packages were automatically installed and are no longer required:
  linux-headers-2.6.28-11-generic linux-headers-2.6.28-11
Use 'apt-get autoremove' to remove them.
The following NEW packages will be installed:
  libtext-csv-xs-perl
0 upgraded, 1 newly installed, 0 to remove and 133 not upgraded.
Need to get 65.2kB of archives.
After this operation, 205kB of additional disk space will be used.
Get:1 http://dk.archive.ubuntu.com jaunty/universe libtext-csv-xs-perl 0.58-1 [65.2kB]
Fetched 65.2kB in 0s (678kB/s)
Selecting previously deselected package libtext-csv-xs-perl.
(Reading database ... 135800 files and directories currently installed.)
Unpacking libtext-csv-xs-perl (from .../libtext-csv-xs-perl_0.58-1_amd64.deb) ...
Processing triggers for man-db ...
Setting up libtext-csv-xs-perl (0.58-1) ...
