p   texlive-xetex                   - TeX Live: XeTeX macros                    
Installing texlive-xetex
Please enter your password below
Reading package lists...
Building dependency tree...
Reading state information...
The following packages were automatically installed and are no longer required:
  linux-headers-2.6.28-11-generic linux-headers-2.6.28-11
Use 'apt-get autoremove' to remove them.
The following NEW packages will be installed:
  texlive-xetex
0 upgraded, 1 newly installed, 0 to remove and 133 not upgraded.
Need to get 6420kB of archives.
After this operation, 12.0MB of additional disk space will be used.
Get:1 http://dk.archive.ubuntu.com jaunty-updates/main texlive-xetex 2007.dfsg.2-4ubuntu2.1 [6420kB]
Fetched 6420kB in 0s (8267kB/s)
Selecting previously deselected package texlive-xetex.
(Reading database ... 135824 files and directories currently installed.)
Unpacking texlive-xetex (from .../texlive-xetex_2007.dfsg.2-4ubuntu2.1_amd64.deb) ...
Setting up texlive-xetex (2007.dfsg.2-4ubuntu2.1) ...
Running mktexlsr. This may take some time... done.
Building format(s) --all --cnffile /etc/texmf/fmt.d/10texlive-xetex.cnf.
	This may take some time... done.

