> errors
2: nogov nonobj
3: nogov noante
4: nogov nonobj
5: nogov
6: nogov nosubj
7: nogov noante
8: nogov
9: nogov
10: nogov
11: nogov
12: nogov
13: nogov
14: nogov
15: nogov
16: nogov
17: nogov
18: nogov nosubj
19: nogov nosubj
20: nogov nonobj
21: nogov noante
22: nogov
23: nogov noante
24: nogov nonobj
25: nogov noante
26: nogov
27: nogov
30: nogov nosubj
31: nogov
32: nogov noante
33: nogov noante
34: nogov nonobj
35: nogov
36: nogov nonobj
37: nogov noante
38: nogov noante
39: nogov nosubj
40: nogov nonobj
41: nogov noante
42: nogov noante
43: nogov
46: nogov
47: nogov nonobj
48: nogov noante
49: nogov noante
50: nogov nosubj
51: nogov
52: nogov
53: nogov nonobj
54: nogov noante
55: nogov noante
56: nogov
57: nogov
58: nogov noante
59: nogov noante
60: nogov noante
61: nogov nosubj
62: nogov
63: nogov nosubj
64: nogov noante
65: nogov
66: nogov noante
67: nogov
70: nogov
71: nogov
72: nogov noante
73: nogov noante
74: nogov nosubj
75: nogov nonobj
76: nogov nosubj
77: nogov nonobj
78: nogov noante
79: nogov nonobj
80: nogov noante
81: nogov
82: nogov noante
83: nogov noante
84: nogov nonobj
85: nogov noante
86: nogov nosubj
87: nogov noante
88: nogov
89: nogov noante
90: nogov nosubj
91: nogov nonobj
92: nogov
93: nogov
96: nogov nonobj
97: nogov
98: nogov noante
99: nogov noante
100: nogov nosubj
101: nogov
102: nogov noante
103: nogov noante
104: nogov nonobj
105: nogov noante
106: nogov noante
107: nogov nonobj
108: nogov noante
109: nogov
110: nogov
111: nogov nonobj
112: nogov noante
113: nogov noante
114: nogov
115: nogov
116: nogov
121: nogov
122: nogov nosubj
123: nogov
124: nogov
125: nogov
126: nogov
127: nogov
128: nogov nosubj
129: nogov noante
130: nogov
131: nogov noante
132: nogov
133: nogov noante
134: nogov
135: nogov nonobj
136: nogov noante
137: nogov
138: nogov
141: nogov
142: nogov nosubj
143: nogov
144: nogov
145: nogov nonobj
146: nogov noante
147: nogov noante
148: nogov nonobj
149: nogov noante
150: nogov noante
151: nogov
152: nogov nosubj
153: nogov
154: nogov
155: nogov
156: nogov
157: nogov
158: nogov
159: nogov nosubj
160: nogov
163: nogov
164: nogov
165: nogov noante
166: nogov nosubj
167: nogov
168: nogov nonobj
169: nogov noante
170: nogov noante
171: nogov nonobj
172: nogov noante
173: nogov
176: nogov noante
177: nogov noante
178: nogov nosubj
179: nogov
180: nogov
183: nogov nosubj
184: nogov noante
185: nogov nonobj
186: nogov noante
187: nogov
188: nogov nonobj
189: nogov
190: nogov noante
191: nogov nosubj
192: nogov noante
193: nogov noante
194: nogov nonobj
195: nogov noante
196: nogov noante
197: nogov
198: nogov
199: nogov
200: nogov
201: nogov
202: nogov nosubj
203: nogov nosubj
204: nogov
205: nogov nosubj
206: nogov nosubj
207: nogov
208: nogov
211: nogov nosubj
212: nogov nonobj
213: nogov noante
214: nogov noante
215: nogov nonobj
216: nogov
217: nogov noante
218: nogov noante
219: nogov
220: nogov nosubj
221: nogov nosubj
222: nogov nonobj
223: nogov noante
224: nogov noante
225: nogov
226: nogov
> redirect ./es/0001-es-lotte.info
