> errors
2: nogov
3: nogov nosubj
4: nogov nosubj
5: nogov
6: nogov noante
7: nogov nonobj
8: nogov noante
9: nogov noante
10: nogov nonobj
11: nogov nosubj
12: nogov nosubj
13: nogov nosubj
14: nogov nonobj
15: nogov noante
16: nogov
17: nogov
18: nogov
19: nogov nosubj
20: nogov
21: nogov
22: nogov nosubj
23: nogov nonobj
24: nogov noante
25: nogov noante
26: nogov
27: nogov
32: nogov nosubj
33: nogov
34: nogov noante
35: nogov noante
36: nogov noante
37: nogov nosubj
38: nogov
39: nogov nonobj
40: nogov
41: nogov
42: nogov nosubj
43: nogov nosubj
44: nogov nonobj
45: nogov
46: nogov noante
47: nogov
48: nogov
49: nogov
50: nogov nosubj
51: nogov nonobj
52: nogov noante
53: nogov noante
54: nogov
55: nogov nonobj
56: nogov noante
57: nogov noante
58: nogov
59: nogov
60: nogov
61: nogov
62: nogov nosubj
63: nogov noante
64: nogov noante
65: nogov
66: nogov nosubj
67: nogov
68: nogov
73: nogov nosubj
74: nogov nosubj
75: nogov noante
76: nogov
77: nogov noante
78: nogov nonobj
79: nogov noante
80: nogov
81: nogov noante
82: nogov
83: nogov noante
84: nogov
85: nogov
86: nogov
87: nogov
88: nogov nosubj
89: nogov
90: nogov
91: nogov nosubj
92: nogov nosubj
93: nogov
94: nogov
95: nogov noante
96: nogov
97: nogov
98: nogov nosubj
99: nogov noante
100: nogov nonobj
101: nogov
102: nogov
103: nogov
104: nogov nosubj
105: nogov nonobj
106: nogov noante
107: nogov noante
108: nogov
109: nogov
110: nogov
111: nogov
112: nogov
113: nogov nonobj
114: nogov noante
115: nogov
116: nogov noante
117: nogov nonobj
118: nogov noante
119: nogov noante
120: nogov
121: nogov noante
122: nogov
123: nogov noante
124: nogov
125: nogov noante
126: nogov nonobj
127: nogov noante
128: nogov
131: nogov
132: nogov
137: nogov nosubj
138: nogov
139: nogov noante
144: nogov
145: nogov noante
146: nogov noante
147: nogov nosubj
148: nogov
149: nogov
150: nogov nonobj
151: nogov noante
152: nogov
153: nogov noante
154: nogov
157: nogov nosubj
158: nogov nonobj
159: nogov
160: nogov nosubj
161: nogov nosubj
162: nogov
163: nogov
164: nogov nosubj
165: nogov nosubj
166: nogov nonobj
167: nogov nosubj
168: nogov nonobj
169: nogov noante
170: nogov
171: nogov noante
172: nogov
173: nogov
174: nogov
175: nogov nosubj
176: nogov noante
177: nogov noante
178: nogov nonobj
179: nogov noante
180: nogov
181: nogov
182: nogov
183: nogov
184: nogov
185: nogov noante
186: nogov noante
187: nogov nonobj
188: nogov noante
189: nogov
190: nogov
191: nogov
192: nogov nosubj
193: nogov noante
194: nogov noante
195: nogov
196: nogov
197: nogov nosubj
198: nogov noante
199: nogov noante
200: nogov nonobj
201: nogov
202: nogov noante
203: nogov
> redirect ./es/0096-es-henrik.info
