> errors
0: noante
3: noante
4: nogov
    4 agens# 3: badtype
5: noante
12: nogov
18: nogov nosubj
19: nosubj
20: noante
23: nogov
    23 agens# 22: badtype
24: noante
27: noante
29: noante
31: noante
32: nogov
    32 agens 31: badtype
43: noante
49: noante
51: nosubj
52: noante
55: noante
57: nogov
58: noante
62: noante
63: nosubj
64: noante
66: noante
69: noante
76: noante
79: nogov
80: noante
85: nosubj
86: noante
91: nosubj
93: noante
95: nogov
96: noante
101: nogov nosubj
103: nosubj
105: noante
110: noante
112: nogov
117: noante
118: noante
121: nosubj
122: nosubj
126: noante
129: noante
130: nogov
    130 agens# 129: badtype
131: noante
133: noante
135: noante
136: nogov
137: nosubj
138: noante
143: nogov
145: nosubj
148: noante
152: nogov nosubj
153: nosubj
155: noante
158: noante
161: nogov
163: noante
167: nosubj
171: nosubj
175: noante
178: noante
179: nogov
180: noante
183: nosubj
187: noante
190: noante
192: noante
195: noante
197: noante
199: nogov nosubj
200: nosubj
202: noante
205: noante
207: nosubj
208: nogov
209: noante
> redirect ./es/0104-es-soren.info
