> errors
0: noante
3: noante
5: noante
12: nogov
18: nogov nosubj
19: nosubj
24: noante
27: noante
29: noante
31: noante
43: noante
49: noante
51: nosubj
52: noante
55: noante
58: noante
62: noante
63: nosubj
64: noante
66: noante
76: noante
79: nogov
80: noante
85: nosubj
86: noante
91: nosubj
93: noante
95: nogov
96: noante
101: nogov nosubj
103: nosubj
105: noante
110: noante
112: nogov
117: noante
121: nosubj
122: nosubj
126: noante
131: noante
133: noante
135: noante
136: nogov
137: nosubj
138: noante
143: nogov
145: nosubj
152: nogov nosubj
153: nosubj
155: noante
158: noante
161: nogov
163: noante
166: nogov
167: nosubj
171: nosubj
178: noante
179: nogov
180: noante
183: nosubj
187: noante
190: noante
195: noante
197: noante
199: nogov nosubj
200: nosubj
202: noante
207: nosubj
208: nogov
209: noante
> redirect ./es/0104-es-henrik.info
