> errors
2: nogov noante
3: nogov noante
4: nogov nosubj
5: nogov
6: nogov nonobj
7: nogov
8: nogov
9: nogov
10: nogov noante
11: nogov noante
12: nogov
13: nogov nosubj
14: nogov nosubj
15: nogov noante
16: nogov
17: nogov noante
18: nogov
23: nogov
24: nogov
25: nogov nosubj
26: nogov noante
27: nogov
28: nogov nosubj
29: nogov noante
30: nogov
31: nogov noante
32: nogov nonobj
33: nogov
34: nogov
37: nogov
42: nogov
43: nogov noante
44: nogov noante
45: nogov nosubj
46: nogov noante
47: nogov noante
48: nogov nonobj
49: nogov
50: nogov noante
51: nogov nonobj
52: nogov noante
53: nogov
54: nogov
55: nogov
56: nogov nonobj
57: nogov noante
58: nogov nonobj
59: nogov noante
60: nogov noante
61: nogov nonobj
62: nogov noante
63: nogov
64: nogov
69: nogov nonobj
70: nogov noante
71: nogov
72: nogov nosubj
73: nogov nosubj
74: nogov noante
75: nogov noante
76: nogov nonobj
77: nogov noante
78: nogov
83: nogov
84: nogov nosubj
85: nogov nosubj
86: nogov nonobj
87: nogov noante
88: nogov noante
89: nogov nonobj
90: nogov
91: nogov
92: nogov
93: nogov noante
94: nogov noante
95: nogov
96: nogov nonobj
97: nogov noante
98: nogov noante
99: nogov
100: nogov
101: nogov nosubj
102: nogov nosubj
103: nogov nonobj
104: nogov noante
105: nogov noante
106: nogov nonobj
107: nogov noante
108: nogov noante
109: nogov nonobj
110: nogov noante
111: nogov noante
112: nogov
113: nogov
116: nogov
117: nogov
118: nogov
119: nogov noante
120: nogov nosubj
121: nogov
122: nogov
127: nogov noante
128: nogov noante
129: nogov nonobj
130: nogov noante
131: nogov
132: nogov
133: nogov
134: nogov nosubj
135: nogov nonobj
136: nogov noante
137: nogov
138: nogov noante
139: nogov nonobj
140: nogov
141: nogov
142: nogov noante
143: nogov noante
144: nogov nosubj
145: nogov nosubj
146: nogov noante
147: nogov noante
148: nogov nonobj
149: nogov noante
150: nogov noante
151: nogov
156: nogov
157: nogov nosubj
158: nogov
159: nogov noante
160: nogov noante
161: nogov nosubj
162: nogov
163: nogov noante
164: nogov
165: nogov noante
166: nogov noante
167: nogov
168: nogov
173: nogov
174: nogov
175: nogov
176: nogov nosubj
177: nogov nosubj
178: nogov noante
179: nogov noante
180: nogov
183: nogov
184: nogov nosubj
185: nogov
186: nogov nosubj
187: nogov
188: nogov noante
189: nogov noante
190: nogov nonobj
191: nogov noante
192: nogov noante
193: nogov
194: nogov nosubj
195: nogov noante
196: nogov noante
197: nogov
198: nogov nonobj
199: nogov
200: nogov
201: nogov noante
202: nogov
203: nogov nosubj
204: nogov nonobj
205: nogov noante
206: nogov noante
207: nogov nosubj
208: nogov nonobj
209: nogov noante
210: nogov noante
211: nogov nonobj
212: nogov
213: nogov noante
214: nogov nosubj
215: nogov noante
216: nogov
217: nogov
222: nogov noante
223: nogov noante
224: nogov
229: nogov
230: nogov
231: nogov
232: nogov nonobj
233: nogov
234: nogov noante
235: nogov
236: nogov
237: nogov nonobj
238: nogov noante
239: nogov noante
240: nogov
241: nogov
242: nogov
243: nogov noante
244: nogov
245: nogov nosubj
246: nogov noante
247: nogov
248: nogov noante
249: nogov
250: nogov
251: nogov
252: nogov noante
253: nogov nosubj
254: nogov
255: nogov nonobj
256: nogov noante
257: nogov noante
258: nogov
> redirect ./es/0134-es-henrik.info
