> errors
0: noante
2: noante
3: nogov
9: noante
10: nosubj
12: noante
13: nosubj
15: noante
17: noante
19: noante
21: noante
25: nosubj
27: nosubj
28: noante
31: nogov nosubj
32: nosubj
33: noante
39: noante
40: nosubj
41: nonobj
42: nosubj
45: nosubj
53: noante
55: nogov
56: noante
59: noante
68: nogov
69: noante
70: noante
72: noante
74: noante
78: nosubj
79: noante
81: noante
84: noante
90: nosubj
91: noante
94: noante
97: nonobj
99: noante
103: noante
106: noante
108: noante
110: noante
112: nosubj
113: nosubj
115: nosubj
116: noante
118: noante
121: nogov
126: noante
128: noante
131: nonobj
135: noante
139: noante
142: noante
145: noante
150: nogov
153: nogov
155: noante
159: noante
165: noante
168: noante
172: noante
174: noante
175: nogov
177: noante
178: nosubj
185: noante
188: nogov
201: nonobj
204: noante
208: noante
> redirect ./es/0184-es-soren.info
