> errors
1: noante
6: nosubj
7: noante
9: nosubj
11: nogov nosubj
12: nosubj
14: noante
16: noante
18: noante
23: noante
26: noante
27: nogov
33: noante
35: nosubj
37: noante
38: noante
44: noante
49: noante
51: noante
54: noante
57: noante
60: nogov nosubj
61: noante
62: noante
66: noante
69: noante
71: noante
75: noante
78: noante
80: noante
83: nogov noante
85: noante
86: noante
89: noante
90: nogov
95: noante
104: noante
107: noante
109: nosubj
111: noante
114: noante
115: nosubj
117: noante
120: noante
122: noante
123: nogov
124: noante
126: nonobj
133: noante
136: nogov
138: noante
143: noante
146: noante
149: noante
150: noante
153: noante
155: nogov
158: noante
161: noante
164: noante
167: noante
170: noante
172: nosubj
174: noante
177: noante
181: noante
183: noante
188: noante
191: noante
195: noante
198: noante
205: noante
208: noante
210: noante
211: nogov nosubj
212: nosubj
214: noante
217: noante
220: noante
223: noante
225: noante
228: nosubj
229: noante
230: noante
> redirect ./es/0212-es-soren.info
