> errors
0: nogov nosubj
1: noante
3: noante
4: nosubj
11: noante
14: noante
16: nogov
18: noante
22: noante
23: nogov nosubj
    23 *[subj] 24: badtype
28: nosubj
    28 *[subj] 29: badtype
    28 *[subj] 31: badtype
33: noante
34: noante
35: nogov
38: nosubj
42: noante
44: noante
48: nosubj
49: noante
51: noante
52: nosubj
53: nogov
55: noante
58: noante
60: noante
62: nogov nosubj
64: noante
67: noante
69: noante
71: nogov
72: nosubj
74: noante
76: noante
80: nogov nosubj
81: noante
84: nosubj
88: noante
91: noante
94: noante
97: noante
99: nogov noante
104: noante
107: nosubj
110: noante
116: nogov nosubj
117: noante
121: noante
124: noante
130: noante
131: nogov
132: nosubj
135: nosubj
137: noante
143: noante
146: nosubj
148: noante
150: nonobj
151: noante
155: nosubj
157: nogov nosubj
158: noante
161: noante
163: nosubj
165: noante
168: noante
> redirect ./es/0235-es-lotte.info
