> errors
0: nogov nosubj
1: nogov noante
2: nogov
3: nogov noante
4: nogov nosubj
5: nogov nonobj
6: nogov
7: nogov noante
8: nogov noante
9: nogov
10: nogov nonobj
11: nogov noante
12: nogov noante
13: nogov
14: nogov noante
15: nogov noante
16: nogov nosubj
17: nogov nonobj
18: nogov noante
19: nogov noante
20: nogov
21: nogov
22: nogov noante
23: nogov nosubj
24: nogov nosubj
25: nogov
26: nogov
27: nogov
28: nogov nosubj
29: nogov nosubj
30: nogov
31: nogov nosubj
32: nogov
33: nogov noante
34: nogov noante
35: nogov nosubj
36: nogov
37: nogov
38: nogov nosubj
39: nogov
40: nogov
41: nogov nonobj
42: nogov noante
43: nogov nonobj
44: nogov noante
45: nogov
46: nogov
47: nogov
48: nogov nosubj
49: nogov noante
50: nogov nonobj
51: nogov noante
52: nogov nosubj
53: nogov nosubj
54: nogov nonobj
55: nogov noante
56: nogov noante
57: nogov nonobj
58: nogov noante
59: nogov nonobj
60: nogov noante
61: nogov
62: nogov nosubj
63: nogov
64: nogov noante
65: nogov noante
66: nogov nonobj
67: nogov noante
68: nogov
69: nogov noante
70: nogov noante
71: nogov
72: nogov nosubj
73: nogov nonobj
74: nogov noante
75: nogov
76: nogov noante
77: nogov nonobj
78: nogov
79: nogov
80: nogov nosubj
81: nogov noante
82: nogov noante
83: nogov
84: nogov nosubj
85: nogov
86: nogov nonobj
87: nogov
88: nogov noante
89: nogov nosubj
90: nogov nosubj
91: nogov noante
92: nogov noante
93: nogov nonobj
94: nogov noante
95: nogov noante
96: nogov nonobj
97: nogov noante
98: nogov
99: nogov noante
100: nogov noante
101: nogov
102: nogov nosubj
103: nogov nonobj
104: nogov noante
105: nogov noante
106: nogov
107: nogov nosubj
108: nogov
109: nogov nosubj
110: nogov noante
111: nogov noante
112: nogov nonobj
113: nogov
114: nogov noante
115: nogov
116: nogov nosubj
117: nogov noante
118: nogov
119: nogov noante
120: nogov nonobj
121: nogov noante
122: nogov
123: nogov
124: nogov noante
125: nogov noante
126: nogov
127: nogov
128: nogov
129: nogov
130: nogov noante
131: nogov nosubj
132: nogov nosubj
133: nogov
134: nogov
135: nogov nosubj
136: nogov nonobj
137: nogov noante
138: nogov
139: nogov noante
140: nogov
141: nogov
142: nogov nosubj
143: nogov noante
144: nogov noante
145: nogov
146: nogov nosubj
147: nogov
148: nogov noante
149: nogov nosubj
150: nogov nonobj
151: nogov noante
152: nogov
153: nogov noante
154: nogov
155: nogov nosubj
156: nogov
157: nogov nosubj
158: nogov noante
159: nogov noante
160: nogov nonobj
161: nogov noante
162: nogov
163: nogov nosubj
164: nogov nonobj
165: nogov noante
166: nogov noante
167: nogov nonobj
168: nogov noante
169: nogov
170: nogov noante
> redirect ./es/0235-es-jonas.info
