> errors
0: nogov noante
1: nogov nonobj
2: nogov noante
3: nogov
4: nogov
5: nogov
6: nogov
7: nogov
8: nogov
9: nogov noante
10: nogov nosubj
11: nogov nosubj
12: nogov noante
13: nogov
14: nogov noante
15: nogov nonobj
16: nogov noante
17: nogov noante
18: nogov noante
19: nogov noante
20: nogov nosubj
21: nogov nosubj
22: nogov
23: nogov nosubj
24: nogov noante
25: nogov nonobj
26: nogov nosubj
27: nogov
28: nogov nosubj
29: nogov
30: nogov
31: nogov noante
32: nogov
33: nogov nosubj
34: nogov nosubj
35: nogov noante
36: nogov noante
37: nogov
38: nogov noante
39: nogov nosubj
40: nogov noante
41: nogov noante
42: nogov
43: nogov
44: nogov
45: nogov noante
46: nogov
47: nogov
48: nogov noante
49: nogov
50: nogov nosubj
51: nogov
52: nogov noante
53: nogov
54: nogov nosubj
55: nogov noante
56: nogov noante
57: nogov nonobj
58: nogov
59: nogov nosubj
60: nogov
61: nogov nosubj
62: nogov
63: nogov
64: nogov noante
65: nogov
66: nogov
67: nogov nosubj
68: nogov noante
69: nogov nosubj
70: nogov nonobj
71: nogov nosubj
72: nogov
73: nogov noante
74: nogov
75: nogov noante
76: nogov noante
77: nogov nonobj
78: nogov noante
79: nogov noante
80: nogov nonobj
81: nogov noante
82: nogov noante
83: nogov nonobj
84: nogov noante
85: nogov
86: nogov
87: nogov nosubj
88: nogov nosubj
89: nogov
90: nogov nosubj
91: nogov nonobj
92: nogov noante
93: nogov nonobj
94: nogov noante
95: nogov nonobj
96: nogov noante
97: nogov noante
98: nogov
99: nogov
100: nogov
101: nogov nosubj
102: nogov nosubj
103: nogov
104: nogov
105: nogov nonobj
106: nogov
107: nogov noante
108: nogov nosubj
109: nogov
110: nogov nosubj
111: nogov noante
112: nogov
113: nogov nosubj
114: nogov
115: nogov nonobj
116: nogov noante
117: nogov nonobj
118: nogov noante
119: nogov nosubj
120: nogov noante
121: nogov nonobj
122: nogov noante
123: nogov
124: nogov
125: nogov noante
126: nogov noante
127: nogov nosubj
128: nogov nosubj
129: nogov
130: nogov nosubj
131: nogov nonobj
132: nogov nosubj
133: nogov
134: nogov nonobj
135: nogov noante
136: nogov noante
137: nogov
138: nogov
139: nogov
140: nogov nosubj
141: nogov
142: nogov
143: nogov
144: nogov
145: nogov noante
146: nogov noante
147: nogov nosubj
148: nogov noante
149: nogov nosubj
150: nogov nonobj
151: nogov nosubj
152: nogov
153: nogov
154: nogov noante
155: nogov nonobj
156: nogov noante
157: nogov noante
158: nogov nonobj
159: nogov noante
160: nogov
161: nogov noante
162: nogov noante
163: nogov
164: nogov nosubj
165: nogov nosubj
166: nogov
167: nogov
168: nogov
169: nogov nonobj
170: nogov noante
171: nogov noante
172: nogov nonobj
173: nogov noante
174: nogov
175: nogov
176: nogov noante
177: nogov nosubj
178: nogov
179: nogov nonobj
180: nogov nosubj
181: nogov noante
182: nogov nosubj
183: nogov nonobj
184: nogov nosubj
185: nogov nonobj
186: nogov
187: nogov noante
188: nogov
189: nogov noante
190: nogov nosubj
191: nogov noante
192: nogov noante
193: nogov
> redirect ./es/0260-es-lotte.info
