> errors
0: nogov noante
2: noante
8: nogov
    8 <cond> 7: badtype
9: noante
10: nogov
11: nosubj
12: nogov noante
16: noante
17: noante
19: noante
21: nosubj
24: noante
26: nosubj
28: nosubj
31: noante
33: nogov
35: noante
38: noante
40: noante
45: nogov noante
48: noante
50: nogov nosubj
54: nosubj
    54 *[subj] 55: badtype
55: noante
56: noante
59: nosubj
61: nosubj
64: noante
67: nosubj
68: noante
69: nogov nosubj
    69 *[subj] 71: badtype
70: nonobj
73: noante
75: noante
76: noante
78: noante
81: noante
84: noante
87: nogov nosubj
    87 *[subj] 88: badtype
90: nosubj
92: noante
94: noante
96: noante
101: nosubj
    101 *[subj] 102: badtype
107: noante
108: nogov nosubj
110: nosubj
111: noante
113: nosubj
116: noante
117: nonobj
118: noante
119: nosubj
120: noante
122: noante
125: noante
130: nogov nosubj
    130 *[subj] 132: badtype
131: nonobj
135: noante
140: nosubj
147: nosubj
    147 *[subj] 148: badtype
    147 *[subj] 151: badtype
148: noante
149: nosubj
150: nonobj
154: noante
156: noante
159: noante
161: noante
164: nogov
170: noante
173: noante
176: noante
179: nonobj
181: noante
183: nonobj
189: noante
190: nogov
191: noante
> redirect ./es/0260-es-soren.info
