> errors
1: nosubj
2: noante
4: noante
6: nogov noante
8: noante
21: noante
28: nogov
29: noante
34: nogov
44: noante
46: noante
48: nogov noante
56: nogov
63: noante
66: noante
74: nogov
75: noante
79: noante
86: nosubj
87: nosubj
92: noante
93: noante
101: nogov noante
106: nogov
110: nogov nosubj
111: nosubj
118: nogov nosubj
121: nosubj
123: noante
128: nosubj
129: nosubj
130: noante
132: nosubj
133: nosubj
137: noante
142: noante
144: nogov
146: noante
148: nosubj
160: noante
164: nosubj
167: nogov nosubj
174: noante
183: noante
189: noante
191: noante
198: noante
> redirect ./es/0306-es-lotte.info
