> errors
4: noante
10: nogov
12: noante
17: noante
22: noante
31: noante
34: noante
38: nogov
40: noante
44: noante
46: noante
51: noante
53: noante
55: noante
56: noante
57: nogov
59: noante
62: noante
64: noante
66: noante
69: noante
73: noante
78: noante
83: noante
84: nosubj
89: nosubj
91: noante
95: nogov
98: noante
101: noante
112: noante
113: nogov
116: noante
118: nosubj
119: noante
125: nogov nosubj
126: noante
128: nosubj
129: noante
131: noante
134: noante
135: nogov
138: noante
141: noante
143: noante
145: noante
147: noante
150: noante
154: noante
157: noante
160: noante
169: noante
172: noante
177: noante
178: nosubj
181: nogov
182: nonobj
183: nosubj
184: nogov
    184 <fpreds> 183: badtype
186: nogov
188: noante
191: noante
195: noante
198: noante
199: noante
200: noante
201: nonobj
202: noante
204: noante
207: noante
> redirect ./es/0376-es-jonas.info
