> errors
5: nogov
6: noante
9: noante
15: noante
17: noante
20: noante
    20 assoc-scope 6: badtype
22: nogov
23: nosubj
26: noante
    26 assoc-scope 6: badtype
35: nonobj
38: nogov
39: noante
41: noante
44: noante
46: noante
48: nogov
51: noante
53: noante
    53 assoc-scope 36: badtype
56: noante
59: noante
64: noante
66: noante
67: nosubj
69: nosubj
71: noante
73: noante
75: nosubj
81: nosubj
85: nogov
87: noante
90: noante
93: noante
99: noante
100: nogov nosubj
103: nosubj
110: nogov noante
120: noante
122: nogov
124: noante
129: noante
131: noante
134: noante
137: nogov
142: noante
144: nogov noante
148: nogov
150: noante
151: nosubj
152: noante
154: noante
159: noante
    159 assoc-scope 148: badtype
161: nogov
164: noante
167: noante
173: noante
176: noante
179: nonobj
185: noante
188: noante
190: nogov
195: noante
199: nosubj
211: nogov
212: noante
213: nogov
214: nosubj
219: noante
221: noante
225: nogov
226: nosubj
228: noante
229: nosubj
232: nosubj
238: nogov noante
240: noante
247: noante
> redirect ./es/0431-es-lotte.info
