> errors
0: nogov noante
14: noante
18: nosubj
26: noante
29: noante
35: noante
40: nogov
42: noante
45: nosubj
48: noante
50: noante
54: noante
57: nogov
59: noante
62: noante
64: noante
67: noante
69: nogov
72: noante
75: noante
77: noante
80: noante
81: nosubj
83: noante
86: noante
88: noante
90: noante
92: noante
94: noante
98: noante
100: noante
103: noante
104: noante
107: noante
109: noante
111: noante
113: noante
116: noante
119: nogov
125: noante
126: nosubj
132: nogov noante
138: noante
139: noante
142: nonobj
143: nonobj
147: noante
148: nonobj
151: nosubj
153: noante
158: noante
160: nogov nosubj
163: noante
170: noante
176: noante
178: nogov
179: nosubj
185: noante
191: nogov
195: noante
198: noante
204: noante
206: noante
211: noante
216: noante
223: noante
224: noante
227: noante
230: noante
232: nogov nosubj
234: nosubj
237: noante
240: nogov
241: noante
244: noante
247: noante
> redirect ./es/0531-es-jonas.info
