> errors
0: noante
3: noante
4: nogov
10: nosubj
11: nosubj
15: noante
23: nosubj
26: noante
27: nogov
30: nosubj
35: noante
36: noante
37: nogov
39: noante
41: noante
44: noante
46: noante
49: noante
52: noante
55: noante
57: noante
60: noante
62: noante
66: noante
68: noante
72: noante
73: noante
74: nogov nosubj
76: nosubj
77: noante
78: nosubj
80: noante
83: noante
95: noante
96: nogov
98: noante
103: noante
106: noante
117: noante
118: nogov
119: noante
124: noante
127: noante
129: noante
130: nosubj
132: noante
135: nogov nosubj
138: noante
142: noante
145: noante
148: nosubj
152: noante
156: noante
162: noante
163: noante
165: noante
169: nosubj
172: noante
175: noante
179: noante
181: nogov
182: noante
183: noante
186: noante
189: noante
192: nosubj
196: noante
197: nogov
202: noante
205: noante
206: noante
208: noante
213: noante
215: noante
216: noante
221: noante
224: noante
230: noante
233: noante
236: nosubj
238: noante
241: noante
246: noante
248: nogov
252: noante
255: noante
> redirect ./es/0593-es-lotte.info
