> errors
0: nogov noante
1: nosubj
2: noante
5: nosubj
7: noante
9: noante
12: nogov
14: noante
16: noante
18: noante
22: nogov
25: noante
27: noante
30: nogov noante
31: nosubj
33: noante
35: noante
43: noante
44: nonobj
46: noante
47: nonobj
48: noante
49: nosubj
54: noante
59: nogov noante
60: nosubj
    60 *[subj] 69: badtype
62: noante
65: noante
71: noante
73: nogov nosubj
78: noante
83: noante
84: noante
86: nogov
87: nosubj
88: noante
91: noante
99: noante
103: nogov
106: nosubj
111: noante
116: noante
119: noante
122: noante
124: noante
128: noante
131: noante
136: noante
137: nosubj
139: noante
144: nosubj
148: nogov
149: noante
152: noante
155: noante
159: noante
162: noante
164: nogov
171: noante
174: noante
176: noante
180: nosubj
181: nosubj
182: noante
185: noante
186: nonobj
193: noante
195: nosubj
197: noante
199: noante
200: nogov
202: nosubj
204: noante
210: noante
213: nosubj
214: noante
217: noante
219: nosubj
220: noante
> redirect ./es/0607-es-lotte.info
