> errors
0: nogov
1: nogov noante
2: nogov
3: nogov
4: nogov nosubj
5: nogov
6: nogov nosubj
7: nogov nosubj
8: nogov
9: nogov nosubj
10: nogov nosubj
11: nogov
12: nogov
13: nogov
14: nogov nosubj
15: nogov noante
16: nogov noante
17: nogov nonobj
18: nogov noante
19: nogov noante
20: nogov nosubj
21: nogov nonobj
22: nogov noante
23: nogov
24: nogov noante
25: nogov
26: nogov nosubj
27: nogov nosubj
28: nogov nonobj
29: nogov noante
30: nogov noante
31: nogov nosubj
32: nogov nonobj
33: nogov
34: nogov noante
35: nogov
36: nogov
37: nogov
38: nogov noante
39: nogov
40: nogov nosubj
41: nogov noante
42: nogov noante
43: nogov
44: nogov
45: nogov noante
46: nogov nosubj
47: nogov nonobj
48: nogov noante
49: nogov
50: nogov
51: nogov
52: nogov nosubj
53: nogov nosubj
54: nogov
55: nogov nosubj
56: nogov noante
57: nogov nonobj
58: nogov noante
59: nogov
60: nogov
61: nogov
62: nogov
63: nogov nosubj
64: nogov
65: nogov noante
66: nogov
67: nogov nonobj
68: nogov noante
69: nogov
70: nogov
71: nogov
72: nogov
73: nogov nosubj
74: nogov nonobj
75: nogov noante
76: nogov
77: nogov nosubj
78: nogov
79: nogov
80: nogov nosubj
81: nogov nosubj
82: nogov
83: nogov
84: nogov noante
85: nogov
86: nogov
87: nogov
88: nogov
89: nogov
90: nogov
91: nogov nosubj
92: nogov
93: nogov noante
94: nogov
95: nogov noante
96: nogov nosubj
97: nogov
98: nogov
99: nogov
100: nogov nosubj
101: nogov
102: nogov
103: nogov nonobj
104: nogov noante
105: nogov
106: nogov noante
107: nogov nosubj
108: nogov
109: nogov noante
110: nogov nosubj
111: nogov nosubj
112: nogov noante
113: nogov
114: nogov
115: nogov
116: nogov
117: nogov
118: nogov
119: nogov nosubj
120: nogov noante
121: nogov nonobj
122: nogov nosubj
123: nogov
124: nogov
125: nogov nonobj
126: nogov noante
127: nogov
128: nogov noante
129: nogov noante
130: nogov nosubj
131: nogov
132: nogov
133: nogov nonobj
134: nogov noante
135: nogov
136: nogov
137: nogov noante
138: nogov noante
139: nogov
140: nogov
141: nogov
142: nogov
143: nogov nosubj
144: nogov noante
145: nogov
146: nogov
147: nogov
148: nogov
149: nogov
150: nogov noante
151: nogov nosubj
152: nogov noante
153: nogov noante
154: nogov nonobj
155: nogov noante
156: nogov noante
157: nogov nonobj
158: nogov noante
159: nogov
160: nogov nonobj
161: nogov noante
162: nogov
163: nogov nosubj
164: nogov nonobj
165: nogov noante
166: nogov noante
167: nogov
> redirect ./es/0620-es-disc-lotte.info
