> errors
0: nosubj
3: nosubj
    3 *[subj] 4: badtype
6: noante
7: nogov
10: nosubj
14: nogov nosubj
15: noante
19: nogov
21: noante
22: noante
27: nogov nosubj
    27 *[subj] 28: badtype
    27 *[subj] 34: badtype
29: noante
33: nonobj
35: nosubj
37: noante
41: nogov
47: nosubj
50: nosubj
52: noante
54: nogov
56: noante
58: noante
64: noante
65: nosubj
68: nosubj
69: noante
71: nosubj
73: noante
76: noante
79: noante
81: nogov
84: noante
87: noante
    87 ¹pnct 89: manygovs
    87 ²coord 89: manygovs
88: nosubj
89: nogov
90: noante
93: noante
96: noante
99: noante
101: noante
104: noante
106: noante
108: nosubj
110: nogov nosubj
116: noante
117: nogov
120: noante
124: noante
126: noante
128: noante
130: noante
135: noante
137: noante
144: noante
149: noante
151: nosubj
155: nosubj
157: nosubj
161: noante
167: noante
170: noante
171: nogov nosubj
175: noante
177: noante
179: noante
183: noante
> redirect ./es/0729-es-lotte.info
