> errors
0: nogov
4: noante
7: noante
9: noante
11: nonobj
12: noante
14: nosubj
18: nogov nosubj
23: noante
24: noante
25: noante
27: noante
29: noante
33: nosubj
34: noante
36: noante
40: noante
44: noante
48: noante
51: nogov
55: noante
59: noante
62: noante
63: nogov
70: noante
71: nonobj
74: nogov
    74 eer 74: badtype
78: noante
81: noante
83: noante
85: noante
91: noante
97: nogov
100: nosubj
101: noante
104: noante
108: nosubj
109: noante
111: noante
114: noante
119: noante
124: nonobj
127: noante
134: nogov
137: noante
141: noante
146: noante
148: noante
151: noante
154: nogov nosubj
156: nosubj
157: noante
161: noante
164: noante
169: noante
176: noante
178: noante
180: noante
183: noante
> redirect ./es/0781-es-jonas.info
