> errors
0: noante
10: nogov
11: nonobj
13: noante
18: noante
21: nonobj
23: noante
28: nosubj
29: nosubj
32: nosubj
33: noante
37: noante
41: noante
44: 
    44 ⁴pnct 28: badtype manygovs
    44 ¹vobj 43: manygovs
    44 ³pnct 43: manygovs
    44 ²robj¹ 44: manygovs
45: nogov
46: noante
50: noante
51: noante
59: nosubj
60: noante
64: noante
67: noante
69: noante
71: noante
73: nogov nosubj
75: nosubj
78: noante
79: noante
82: noante
85: noante
87: noante
88: nosubj
90: noante
92: nosubj
94: noante
96: noante
99: noante
102: noante
105: noante
106: noante
107: nogov
111: noante
112: noante
115: noante
119: noante
126: noante
130: noante
    130 assoc-scope 13: badtype
133: noante
134: nogov nosubj
    134 *[subj] 135: badtype
136: noante
140: noante
144: nosubj
147: noante
149: nosubj
    149 *[subj] 150: badtype
151: nogov
157: noante
158: noante
166: noante
167: nogov
168: nonobj
170: noante
172: noante
175: noante
179: nosubj
180: noante
181: nogov
183: nosubj
186: nonobj
197: noante
200: noante
202: noante
> redirect ./es/0783-es-lotte.info
