> errors
0: noante
3: noante
6: noante
8: noante
9: noante
12: nogov
14: noante
18: noante
23: noante
24: nosubj
28: noante
30: nogov
31: noante
37: noante
42: noante
46: noante
48: noante
54: noante
55: nosubj
57: noante
59: noante
63: noante
72: noante
75: nosubj
81: nogov nosubj
83: noante
86: noante
88: noante
92: noante
95: noante
103: noante
105: noante
109: noante
114: nosubj
116: nosubj
117: nosubj
119: noante
120: noante
123: nogov
124: noante
126: noante
131: noante
134: nosubj
139: noante
143: noante
146: noante
148: noante
151: noante
155: noante
158: nosubj
160: noante
161: nogov nosubj
169: noante
171: noante
180: noante
182: noante
183: noante
184: nogov
185: noante
186: noante
> redirect ./es/0805-es-lotte.info
