> errors
0: noante
4: noante
5: nogov
7: noante
10: noante
13: noante
17: noante
22: noante
25: noante
28: noante
30: noante
34: nogov
35: nonobj
36: noante
42: nogov nosubj
43: noante
46: noante
51: noante
53: noante
63: noante
67: noante
70: noante
71: nogov
74: noante
76: noante
81: noante
87: noante
88: nogov
89: nosubj
91: noante
95: nonobj
96: nosubj
97: noante
103: nogov
108: noante
109: nogov
111: nosubj
113: noante
115: noante
123: noante
126: noante
136: nogov
147: nosubj
151: noante
153: noante
154: noante
156: noante
157: nogov
159: noante
162: noante
170: noante
176: noante
177: nogov
192: noante
199: nosubj
201: noante
207: noante
214: noante
215: nogov
217: noante
> redirect ./es/0848-es-lotte.info
