> errors
0: noante
1: nogov
2: noante
5: noante
8: noante
11: noante
13: noante
16: nogov nosubj
17: noante
20: noante
24: noante
26: noante
27: nogov
28: noante
31: noante
40: nogov nosubj
41: noante
44: noante
48: noante
51: nogov
52: noante
56: noante
67: noante
69: noante
72: noante
76: noante
81: nogov nosubj
83: noante
84: noante
88: noante
92: noante
96: noante
99: nogov
102: noante
103: noante
106: noante
107: noante
111: noante
114: noante
116: noante
122: noante
125: noante
131: noante
133: noante
135: nogov
136: nosubj
138: noante
141: noante
147: noante
148: noante
149: noante
150: nogov
154: nosubj
155: noante
158: noante
159: nogov
160: nosubj
162: noante
165: nogov
166: nogov noante
169: noante
170: noante
171: nogov
173: noante
175: nosubj
176: noante
178: noante
179: nogov
182: nosubj
186: nosubj
188: nosubj
189: noante
191: noante
193: noante
196: noante
197: noante
199: noante
202: noante
204: nosubj
207: noante
210: noante
212: noante
216: noante
218: noante
222: noante
223: nogov
> redirect ./es/0863-es-soren.info
