> errors
0: nogov noante
3: noante
6: nosubj
7: noante
9: noante
10: nogov
12: noante
16: noante
17: nogov
18: noante
20: noante
22: nogov
23: noante
24: nogov
25: noante
27: noante
28: nosubj
29: nogov
30: noante
32: nogov nosubj
35: noante
36: nogov
37: noante
39: nogov nosubj
42: nogov
43: noante
44: nogov
45: noante
47: nosubj
48: noante
49: nogov
50: noante
52: noante
56: nogov
57: noante
58: nosubj
60: noante
63: nosubj
66: noante
68: nogov
69: noante
71: nonobj
74: noante
76: nosubj
78: nogov noante
82: nogov nonobj
83: nogov noante
84: nosubj
86: nosubj
88: nogov nosubj
90: nosubj
91: nosubj
93: nogov nosubj
95: noante
96: nogov
97: noante
98: nosubj
100: nogov nosubj
102: nosubj
103: nosubj
104: noante
108: noante
111: nogov nosubj
112: nosubj
116: nogov nosubj
118: noante
121: nonobj
123: noante
125: noante
128: noante
130: nogov
136: nosubj
137: nosubj
139: noante
142: nogov
144: nosubj
146: noante
152: noante
154: noante
155: nogov nosubj
158: noante
159: nogov
160: noante
163: noante
166: noante
167: nosubj
172: noante
175: nogov nosubj
177: noante
180: nosubj
182: noante
183: nosubj
186: nogov
187: nogov
189: noante
190: nosubj
192: noante
> redirect ./es/0876-es-soren.info
