> errors
0: nogov
1: nogov nonobj
2: nogov noante
3: nogov noante
4: nogov
5: nogov nosubj
6: nogov nosubj
7: nogov nonobj
8: nogov noante
9: nogov
10: nogov nosubj
11: nogov nosubj
12: nogov noante
13: nogov noante
14: nogov
15: nogov nosubj
16: nogov noante
17: nogov
18: nogov
19: nogov
20: nogov nosubj
21: nogov nosubj
22: nogov nonobj
23: nogov noante
24: nogov
25: nogov
26: nogov nosubj
27: nogov nosubj
28: nogov noante
29: nogov
30: nogov noante
31: nogov nonobj
32: nogov
33: nogov noante
34: nogov nonobj
35: nogov noante
36: nogov
37: nogov noante
38: nogov noante
39: nogov nonobj
40: nogov noante
41: nogov nonobj
42: nogov noante
43: nogov
44: nogov
45: nogov noante
46: nogov nonobj
47: nogov noante
48: nogov
49: nogov noante
50: nogov noante
51: nogov
52: nogov nonobj
53: nogov nonobj
54: nogov noante
55: nogov noante
56: nogov
57: nogov
58: nogov noante
59: nogov
60: nogov nosubj
61: nogov
62: nogov
63: nogov noante
64: nogov noante
65: nogov nosubj
66: nogov
67: nogov
68: nogov noante
69: nogov
70: nogov noante
71: nogov nonobj
72: nogov noante
73: nogov noante
74: nogov
75: nogov nonobj
76: nogov noante
77: nogov noante
78: nogov
79: nogov
80: nogov nosubj
81: nogov noante
82: nogov noante
83: nogov
84: nogov nonobj
85: nogov
86: nogov noante
87: nogov noante
88: nogov
89: nogov
90: nogov noante
91: nogov nosubj
92: nogov
93: nogov nonobj
94: nogov noante
95: nogov noante
96: nogov
97: nogov
98: nogov
99: nogov nosubj
100: nogov noante
101: nogov noante
102: nogov
103: nogov
104: nogov noante
105: nogov
106: nogov nosubj
107: nogov nonobj
108: nogov nosubj
109: nogov noante
110: nogov noante
111: nogov nonobj
112: nogov noante
113: nogov noante
114: nogov
115: nogov
116: nogov
117: nogov
118: nogov noante
119: nogov noante
120: nogov
121: nogov noante
122: nogov noante
123: nogov nonobj
124: nogov
125: nogov noante
126: nogov nosubj
127: nogov nosubj
128: nogov
129: nogov nonobj
130: nogov noante
131: nogov noante
132: nogov
133: nogov nonobj
134: nogov noante
135: nogov
136: nogov noante
137: nogov noante
138: nogov
139: nogov noante
140: nogov
141: nogov
142: nogov noante
143: nogov
144: nogov noante
145: nogov nonobj
146: nogov
147: nogov noante
148: nogov noante
149: nogov nonobj
150: nogov noante
151: nogov noante
152: nogov nonobj
153: nogov noante
154: nogov noante
155: nogov
156: nogov
157: nogov nonobj
158: nogov
159: nogov
160: nogov noante
161: nogov nosubj
162: nogov nosubj
163: nogov
164: nogov noante
165: nogov noante
166: nogov nonobj
167: nogov
168: nogov nosubj
169: nogov
170: nogov noante
171: nogov nonobj
172: nogov noante
173: nogov nonobj
174: nogov noante
175: nogov nonobj
176: nogov noante
177: nogov
178: nogov noante
179: nogov
180: nogov nonobj
181: nogov noante
182: nogov noante
183: nogov nonobj
184: nogov noante
185: nogov noante
186: nogov nonobj
187: nogov noante
188: nogov
189: nogov noante
190: nogov noante
191: nogov
192: nogov nonobj
193: nogov noante
194: nogov nosubj
195: nogov nosubj
196: nogov nonobj
197: nogov
198: nogov noante
199: nogov
200: nogov
201: nogov noante
202: nogov noante
203: nogov nonobj
204: nogov
205: nogov noante
206: nogov
207: nogov nonobj
208: nogov
209: nogov nosubj
210: nogov nosubj
211: nogov noante
212: nogov noante
213: nogov
214: nogov noante
215: nogov nonobj
216: nogov noante
217: nogov
218: nogov noante
219: nogov
220: nogov
221: nogov nonobj
> redirect ./es/0915-es-disc-lotte.info
