> errors
0: nogov
1: noante
4: nosubj
7: noante
9: noante
12: nosubj
16: noante
23: nonobj
    23 assoc-cause 0: badtype
25: nogov
26: noante
30: noante
33: noante
45: noante
46: nogov
49: noante
53: noante
54: nosubj
56: noante
58: nonobj
64: nosubj
66: noante
67: nosubj
69: noante
72: nogov noante
74: noante
76: noante
77: nosubj
81: noante
82: nogov
83: noante
86: noante
88: noante
90: noante
92: noante
94: noante
99: noante
105: noante
107: noante
110: noante
113: noante
116: noante
119: nosubj
121: noante
124: noante
127: noante
129: nogov
135: nosubj
137: noante
141: noante
144: nogov nosubj
147: nosubj
148: noante
151: noante
163: nogov
165: noante
168: noante
172: noante
173: nosubj
176: noante
178: noante
182: noante
> redirect ./es/0956-es-lotte.info
