> errors
0: nogov nosubj
1: nogov noante
2: nogov noante
3: nogov
4: nogov
5: nogov
6: nogov nosubj
7: nogov nonobj
8: nogov
9: nogov noante
10: nogov
11: nogov
12: nogov
13: nogov
14: nogov noante
15: nogov nosubj
16: nogov
17: nogov nonobj
18: nogov
19: nogov nosubj
20: nogov noante
21: nogov noante
22: nogov
23: nogov
24: nogov nosubj
25: nogov noante
26: nogov
27: nogov noante
28: nogov
29: nogov
30: nogov
31: nogov nosubj
32: nogov
33: nogov noante
34: nogov
35: nogov nonobj
36: nogov noante
37: nogov noante
38: nogov
39: nogov nonobj
40: nogov noante
41: nogov nonobj
42: nogov noante
43: nogov
44: nogov
45: nogov noante
46: nogov nosubj
47: nogov
48: nogov nonobj
49: nogov noante
50: nogov noante
51: nogov nonobj
52: nogov nosubj
53: nogov nonobj
54: nogov noante
55: nogov
56: nogov
57: nogov
58: nogov
59: nogov nonobj
60: nogov noante
61: nogov nonobj
62: nogov noante
63: nogov noante
64: nogov nonobj
65: nogov nonobj
66: nogov noante
67: nogov
68: nogov
69: nogov
70: nogov
71: nogov nosubj
72: nogov noante
73: nogov noante
74: nogov nonobj
75: nogov nosubj
76: nogov nonobj
77: nogov
78: nogov
79: nogov noante
80: nogov noante
81: nogov nosubj
82: nogov nosubj
83: nogov noante
84: nogov noante
85: nogov
86: nogov nosubj
87: nogov noante
88: nogov noante
89: nogov
90: nogov noante
91: nogov nosubj
92: nogov nosubj
93: nogov nonobj
94: nogov
95: nogov
96: nogov nonobj
97: nogov noante
98: nogov
99: nogov noante
100: nogov noante
101: nogov nosubj
102: nogov
103: nogov nosubj
104: nogov nosubj
105: nogov
106: nogov nonobj
107: nogov
108: nogov noante
109: nogov noante
110: nogov
111: nogov nonobj
112: nogov noante
113: nogov
114: nogov
115: nogov nosubj
116: nogov noante
117: nogov nonobj
118: nogov noante
119: nogov noante
120: nogov
121: nogov nosubj
122: nogov nosubj
123: nogov nonobj
124: nogov noante
125: nogov noante
126: nogov nonobj
127: nogov noante
128: nogov
129: nogov noante
130: nogov
131: nogov noante
132: nogov nosubj
133: nogov
134: nogov noante
135: nogov noante
136: nogov nonobj
137: nogov noante
138: nogov noante
139: nogov nosubj
140: nogov noante
141: nogov noante
142: nogov nonobj
143: nogov noante
144: nogov
145: nogov nonobj
146: nogov noante
147: nogov noante
148: nogov
149: nogov nosubj
150: nogov
151: nogov
152: nogov nonobj
153: nogov
154: nogov noante
155: nogov nosubj
156: nogov noante
157: nogov noante
158: nogov
159: nogov nonobj
160: nogov noante
161: nogov
162: nogov nonobj
163: nogov noante
164: nogov noante
165: nogov
166: nogov
167: nogov
168: nogov
169: nogov
170: nogov noante
171: nogov
172: nogov noante
173: nogov noante
174: nogov nosubj
175: nogov noante
176: nogov
177: nogov nosubj
178: nogov nonobj
179: nogov noante
180: nogov noante
181: nogov nonobj
182: nogov
183: nogov nosubj
184: nogov noante
185: nogov noante
186: nogov
187: nogov noante
188: nogov noante
189: nogov noante
190: nogov noante
191: nogov nosubj
192: nogov
193: nogov
194: nogov nonobj
195: nogov
196: nogov noante
197: nogov noante
198: nogov nonobj
199: nogov noante
200: nogov noante
201: nogov nonobj
202: nogov noante
203: nogov noante
204: nogov nosubj
205: nogov
206: nogov noante
207: nogov nosubj
208: nogov
209: nogov nosubj
210: nogov
211: nogov
212: nogov noante
213: nogov noante
214: nogov nonobj
215: nogov
216: nogov
217: nogov noante
218: nogov noante
219: nogov nonobj
220: nogov
221: nogov
> redirect ./es/0960-es-disc-lotte.info
