> errors
0: nosubj
2: noante
3: noante
5: nogov
8: noante
17: noante
23: nosubj
24: nonobj
25: nogov nosubj
26: nosubj
29: nogov
33: nogov noante
36: noante
37: nogov noante
38: nogov
39: noante
41: nogov
42: noante
43: noante
49: nogov
54: nosubj
55: nogov nonobj
56: noante
60: noante
64: nonobj
65: noante
68: noante
79: nosubj
81: nosubj
82: nosubj
87: nogov
93: nosubj
94: nogov
98: nosubj
99: nogov
103: nogov
104: noante
108: noante
109: nosubj
110: nosubj
111: nosubj
116: nogov
121: noante
126: nosubj
130: noante
133: noante
138: noante
140: nogov
143: noante
150: noante
152: nosubj
155: noante
158: nogov nosubj
159: nosubj
161: noante
165: nosubj
166: noante
172: noante
175: noante
193: noante
195: noante
198: noante
200: noante
205: noante
206: nogov
> redirect ./es/1014-es-disc-lotte.info
