> errors
1: noante
2: noante
5: noante
9: noante
12: noante
15: nogov
17: noante
20: noante
25: noante
27: noante
30: nosubj
32: noante
35: nosubj
37: nogov
    37 <accom> 36: badtype
38: noante
40: noante
49: noante
53: noante
55: noante
58: noante
65: noante
66: nosubj
68: noante
73: noante
74: nogov
77: nonobj
79: noante
85: noante
90: nosubj
91: nosubj
92: noante
97: nogov
100: noante
108: noante
110: noante
114: noante
119: nogov
123: noante
124: nosubj
126: nosubj
128: noante
133: nosubj
    133 *[subj] 134: badtype
136: noante
139: noante
142: nogov nosubj
143: noante
148: noante
151: noante
153: nosubj
154: noante
156: nosubj
157: noante
162: nogov nosubj
    162 *[subj] 163: badtype
164: noante
168: noante
172: nosubj
175: noante
178: noante
181: nogov
185: nogov
186: noante
189: noante
194: nogov noante
197: noante
199: noante
> redirect ./es/1043-es-lotte.info
