> errors
0: noante
    0 ¹pnct 2: manygovs
    0 ²subj 2: manygovs
6: noante
10: noante
15: 
    15 *[subj] 26: badtype
18: noante
19: noante
21: nosubj
25: noante
27: noante
28: noante
29: nosubj
    29 ²pnct 2: manygovs
    29 ³pnct 2: manygovs
    29 ¹nobj 27: manygovs
30: nogov
31: noante
34: noante
42: noante
44: noante
51: noante
55: nosubj
60: nogov
62: noante
64: noante
68: noante
70: noante
72: noante
74: nosubj
78: noante
88: noante
90: noante
100: noante
103: noante
104: noante
107: nogov
109: noante
112: nonobj
115: noante
116: nosubj
122: nogov
128: noante
129: nosubj
132: nosubj
134: noante
135: nosubj
137: noante
138: nosubj
143: nosubj
145: noante
149: noante
154: nogov nosubj
155: nosubj
156: noante
158: noante
163: noante
167: noante
171: noante
174: noante
178: noante
186: noante
189: noante
> redirect ./es/1054-es-soren.info
