> errors
7: noante
9: nogov
10: nosubj
11: noante
15: nosubj
16: nosubj
17: noante
18: nogov
    18 func 17: badtype
19: noante
22: noante
23: nogov
    23 func# 22: badtype
24: noante
26: noante
27: nogov
    27 func# 26: badtype
28: noante
30: noante
31: nogov
    31 func# 30: badtype
32: nosubj
36: nosubj
37: nosubj
38: noante
44: noante
46: nosubj
47: noante
50: nosubj
52: nosubj
53: noante
57: noante
60: noante
64: nosubj
65: noante
66: noante
81: noante
    81 assoc-scope 71: badtype
83: noante
84: noante
86: noante
    86 assoc-scope 81: badtype
93: nogov
94: nogov
95: nogov noante
96: nogov
97: nogov
98: nogov noante
99: nogov
100: noante
102: nogov
107: noante
108: nosubj
111: noante
117: noante
119: noante
120: nonobj
121: nogov
125: noante
127: nogov
128: noante
131: nosubj
137: noante
138: nogov
140: nosubj
142: noante
143: noante
149: noante
151: noante
153: noante
156: noante
164: nosubj
165: nonobj
166: nosubj
167: noante
    167 assoc-scope 147: badtype
169: noante
170: nogov
172: noante
    172 assoc-scope 167: badtype
174: noante
175: nosubj
176: nosubj
177: noante
180: noante
186: noante
188: nogov
191: nogov
192: noante
195: noante
199: noante
    199 assoc-scope 172: badtype
202: noante
207: noante
211: nogov
215: noante
218: noante
220: nosubj
223: noante
229: noante
231: noante
233: nosubj
235: noante
236: noante
238: nogov
    238 posit 237: badtype
239: noante
240: nosubj
> redirect ./es/1077-es-henrik.info
