> errors
1: noante
3: nogov
7: noante
11: noante
15: nosubj
16: nosubj
17: noante
19: noante
22: noante
24: noante
26: noante
28: noante
30: noante
32: nosubj
36: nosubj
37: nosubj
38: noante
47: noante
50: nosubj
52: nosubj
53: noante
57: noante
60: noante
64: nosubj
65: noante
68: noante
81: noante
83: noante
84: noante
93: nogov
94: noante
98: noante
107: noante
108: nosubj
111: noante
117: noante
119: noante
120: nonobj
125: noante
128: noante
131: nosubj
137: noante
138: nogov
140: nosubj
142: noante
143: noante
149: noante
151: noante
153: noante
156: noante
164: nosubj
165: nonobj
169: noante
172: noante
174: noante
175: nosubj
176: nosubj
177: noante
180: noante
186: noante
191: nogov
192: noante
195: noante
199: noante
202: noante
207: noante
215: noante
218: noante
220: nosubj
223: noante
229: noante
231: noante
233: nosubj
235: noante
236: noante
239: noante
240: nosubj
> redirect ./es/1077-es-lotte.info
