> errors
1: noante
4: noante
5: nogov
7: noante
12: nosubj
17: noante
18: nosubj
26: noante
31: noante
32: noante
38: noante
41: noante
46: noante
48: nogov
49: noante
50: nosubj
57: noante
63: noante
67: noante
71: noante
74: noante
76: noante
80: noante
84: noante
88: nosubj
89: noante
95: nosubj
97: noante
99: nosubj
101: noante
103: nosubj
104: 
    104 ²modp 93: manygovs
    104 {elab} 93: manygovs
    104 ¹pnct 106: manygovs
106: nosubj
108: noante
109: noante
113: noante
114: nogov
118: noante
122: nosubj
126: nosubj
127: noante
130: noante
134: noante
138: noante
139: nosubj
141: noante
144: noante
147: nosubj
148: noante
151: noante
153: nosubj
155: nogov
159: nogov
160: noante
164: noante
168: nogov nosubj
170: nosubj
173: noante
175: nosubj
176: noante
177: nonobj
180: noante
183: noante
186: noante
189: nosubj
190: noante
194: noante
197: noante
200: nonobj
201: nosubj
202: noante
212: nogov
216: noante
> redirect ./es/1127-es-soren.info
