> errors
0: nosubj
1: noante
3: noante
6: nogov
8: nosubj
13: noante
18: noante
19: nogov
20: noante
24: noante
33: noante
37: noante
39: noante
40: nogov
42: noante
45: noante
47: noante
52: noante
55: noante
56: nosubj
58: noante
61: noante
65: noante
67: noante
69: noante
74: nogov
78: noante
82: noante
83: 
    83 assoc-scope 78: badtype
89: noante
91: noante
96: noante
97: nogov
98: nosubj
108: noante
110: nosubj
111: noante
113: noante
115: nosubj
118: noante
120: nogov
125: noante
128: noante
129: nogov nosubj
130: nosubj
132: noante
135: noante
139: nogov
142: nosubj
144: noante
148: noante
150: noante
152: nosubj
153: nogov
155: noante
158: noante
165: noante
166: noante
167: nogov nosubj
168: nosubj
170: noante
173: noante
183: noante
186: noante
193: nogov
199: nogov
200: noante
207: noante
210: noante
215: noante
219: nogov nosubj
220: noante
224: noante
225: nosubj
234: noante
236: nogov
241: nogov
243: nosubj
244: nosubj
245: nosubj
247: noante
> redirect ./es/1337-es-disc-lotte.info
