> errors
0: nogov
1: nogov noante
2: nogov
3: nogov nosubj
4: nogov nosubj
5: nogov
6: nogov noante
7: nogov noante
8: nogov nonobj
9: nogov noante
10: nogov noante
11: nogov
12: nogov
13: nogov nosubj
14: nogov nosubj
15: nogov
16: nogov noante
17: nogov nonobj
18: nogov noante
19: nogov noante
20: nogov nonobj
21: nogov noante
22: nogov
23: nogov noante
24: nogov
25: nogov
26: nogov
27: nogov noante
28: nogov noante
29: nogov nosubj
30: nogov nosubj
31: nogov nonobj
32: nogov noante
33: nogov
34: nogov nonobj
35: nogov
36: nogov nonobj
37: nogov noante
38: nogov
39: nogov
40: nogov
41: nogov nosubj
42: nogov nosubj
43: nogov noante
44: nogov nosubj
45: nogov
46: nogov noante
47: nogov nonobj
48: nogov noante
49: nogov noante
50: nogov nonobj
51: nogov noante
52: nogov
53: nogov noante
54: nogov nosubj
55: nogov nonobj
56: nogov noante
57: nogov noante
58: nogov noante
59: nogov nonobj
60: nogov noante
61: nogov
62: nogov
63: nogov
64: nogov noante
65: nogov noante
66: nogov nonobj
67: nogov nonobj
68: nogov noante
69: nogov noante
70: nogov nosubj
71: nogov
72: nogov nosubj
73: nogov
74: nogov noante
75: nogov noante
76: nogov nonobj
77: nogov noante
78: nogov nosubj
79: nogov nosubj
80: nogov
81: nogov noante
82: nogov nonobj
83: nogov
84: nogov noante
85: nogov
86: nogov
87: nogov
88: nogov noante
89: nogov noante
90: nogov
91: nogov noante
92: nogov nosubj
93: nogov nonobj
94: nogov noante
95: nogov noante
96: nogov
97: nogov
98: nogov nosubj
99: nogov
100: nogov
101: nogov noante
102: nogov noante
103: nogov nonobj
104: nogov noante
105: nogov
106: nogov
107: nogov nosubj
108: nogov nosubj
109: nogov noante
110: nogov noante
111: nogov nonobj
112: nogov
113: nogov
114: nogov
115: nogov
116: nogov
117: nogov
118: nogov nosubj
119: nogov nosubj
120: nogov nonobj
121: nogov
122: nogov
123: nogov
124: nogov
125: nogov nosubj
126: nogov noante
127: nogov
128: nogov
129: nogov
130: nogov
131: nogov nosubj
132: nogov
133: nogov noante
134: nogov noante
135: nogov noante
136: nogov nosubj
137: nogov nosubj
138: nogov
139: nogov
140: nogov nosubj
141: nogov noante
142: nogov noante
143: nogov nonobj
144: nogov noante
145: nogov noante
146: nogov
147: nogov noante
148: nogov noante
149: nogov nonobj
150: nogov noante
151: nogov
152: nogov nosubj
153: nogov nosubj
154: nogov
155: nogov noante
156: nogov nonobj
157: nogov noante
158: nogov noante
159: nogov nonobj
160: nogov noante
161: nogov noante
162: nogov nonobj
163: nogov noante
164: nogov
165: nogov noante
166: nogov
167: nogov
168: nogov
169: nogov nosubj
170: nogov
171: nogov
172: nogov nosubj
173: nogov nonobj
174: nogov noante
175: nogov noante
176: nogov nonobj
177: nogov noante
178: nogov
179: nogov
180: nogov noante
181: nogov noante
182: nogov nonobj
183: nogov noante
184: nogov noante
185: nogov nonobj
186: nogov noante
187: nogov
188: nogov nosubj
189: nogov
190: nogov noante
191: nogov
192: nogov
193: nogov noante
194: nogov nonobj
195: nogov noante
196: nogov noante
197: nogov nonobj
198: nogov noante
199: nogov noante
200: nogov nonobj
201: nogov noante
202: nogov
203: nogov noante
204: nogov nosubj
205: nogov noante
206: nogov noante
207: nogov nonobj
208: nogov noante
209: nogov nonobj
210: nogov nosubj
211: nogov
212: nogov
213: nogov noante
214: nogov nosubj
215: nogov nonobj
216: nogov noante
217: nogov noante
218: nogov
219: nogov
220: nogov
221: nogov noante
222: nogov noante
223: nogov nonobj
224: nogov noante
225: nogov
226: nogov nosubj
227: nogov nosubj
228: nogov nosubj
229: nogov
230: nogov noante
231: nogov nonobj
232: nogov noante
233: nogov nosubj
234: nogov
235: nogov noante
236: nogov noante
237: nogov nonobj
238: nogov noante
239: nogov
240: nogov
> redirect ./es/1347-es-disc-lotte.info
