> errors
0: noante
2: nogov
5: nogov noante
6: nonobj
7: nosubj
8: nosubj
9: noante
12: noante
14: noante
17: nosubj
18: nosubj
21: nonobj
22: nosubj
23: noante
25: noante
27: noante
30: noante
33: noante
36: noante
38: noante
43: nosubj
44: noante
45: nogov
51: noante
53: nogov
54: noante
59: noante
62: noante
64: nosubj
68: nogov
69: noante
71: noante
72: nosubj
73: noante
75: noante
79: nosubj
80: noante
83: noante
86: noante
88: nogov
91: nosubj
94: noante
102: nogov
103: nogov nosubj
104: nosubj
105: noante
108: noante
111: noante
117: nogov noante
120: nosubj
122: nosubj
124: noante
128: nosubj
129: nosubj
130: noante
133: nosubj
134: noante
136: noante
142: nosubj
147: nosubj
149: nosubj
152: nogov
153: nogov noante
154: nogov
160: nogov
161: noante
163: nosubj
164: nogov
> redirect ./es/1390-es-lotte.info
