> errors
0: noante
3: nogov
4: noante
5: nosubj
6: nosubj
11: nogov
12: noante
19: noante
23: noante
27: noante
30: noante
31: nogov
32: noante
35: noante
39: noante
46: noante
51: nonobj
52: noante
59: noante
61: noante
64: nogov
67: nosubj
68: nosubj
69: noante
71: nonobj
72: noante
76: noante
79: nosubj
82: noante
83: nosubj
85: nonobj
86: noante
89: noante
94: noante
95: noante
97: noante
103: noante
106: nogov
112: noante
115: noante
117: nogov
118: noante
124: noante
126: nonobj
127: noante
130: noante
132: nosubj
134: noante
136: noante
140: noante
147: noante
148: nogov
152: noante
154: noante
159: noante
162: noante
166: noante
169: noante
174: noante
176: noante
> redirect ./es/1398-es-soren.info
