> errors
0: noante
3: nogov
7: noante
10: nonobj
16: nosubj
17: noante
19: noante
25: noante
26: nogov
27: nosubj
28: noante
31: noante
37: noante
43: nosubj
50: noante
58: noante
60: nosubj
61: nogov
65: noante
66: nogov nosubj
72: noante
75: noante
77: noante
79: noante
82: noante
93: nogov
100: nosubj
105: nogov nosubj
106: nosubj
108: noante
111: nosubj
113: 
    113 assoc-formal.loc 111: badtype
115: nogov
116: nosubj
117: noante
123: noante
126: noante
128: noante
132: noante
134: nonobj
136: noante
139: noante
    139 assoc-formal.loc 111: badtype
141: noante
143: nosubj
144: nogov
146: noante
149: noante
151: noante
154: nogov
159: noante
161: noante
163: noante
166: noante
172: noante
174: nogov
178: noante
180: noante
181: nogov
187: noante
190: nosubj
192: nogov
195: noante
202: noante
205: nosubj
207: nogov
213: noante
215: noante
> redirect ./es/1420-es-henrik.info
