> errors
0: nogov noante
3: noante
4: nogov nosubj
11: noante
14: noante
18: noante
34: nogov
35: nosubj
37: noante
42: noante
51: noante
53: noante
61: noante
64: noante
66: noante
67: noante
71: noante
74: noante
78: noante
81: noante
83: nogov
86: noante
94: nosubj
96: nosubj
97: nosubj
99: nosubj
102: nosubj
103: nosubj
105: noante
107: nonobj
117: nosubj
118: nosubj
120: noante
124: noante
125: nosubj
130: nogov
131: nogov noante
132: nogov nonobj
133: nogov noante
134: nogov
135: noante
137: nosubj
139: noante
141: nogov
144: noante
149: nosubj
150: nonobj
151: nosubj
153: noante
155: noante
157: nogov
159: nonobj
161: noante
163: noante
166: noante
169: nogov
171: noante
175: noante
178: nogov
181: noante
183: noante
189: nogov
191: noante
194: noante
199: noante
202: nogov
206: nogov nonobj
207: nogov
208: noante
211: noante
216: noante
218: noante
221: noante
> redirect ./es/1429-es-soren.info
