> errors
48: noante
50: noante
54: noante
59: nogov
64: noante
67: noante
71: noante
74: noante
77: nosubj
78: noante
80: noante
89: noante
95: nogov
97: noante
99: noante
100: nosubj
107: noante
114: noante
116: noante
118: nogov
132: nogov
133: noante
134: noante
136: noante
142: noante
144: noante
148: noante
152: noante
172: nogov
181: noante
183: noante
192: nosubj
195: nogov
206: noante
211: noante
212: noante
220: noante
225: noante
231: noante
239: noante
243: noante
> redirect ./releases/cdt2/da/0073-da.info
