> errors
45: nogov
51: noante
55: noante
61: nosubj
67: nogov
70: noante
78: noante
91: nogov
93: noante
101: nosubj
102: noante
109: nogov
110: noante
115: noante
120: noante
126: nogov nosubj
135: nogov
143: noante
158: nogov
161: nosubj
162: noante
166: nosubj
167: noante
173: noante
175: noante
181: noante
187: noante
188: nogov
195: nogov
196: noante
211: nogov
218: noante
230: noante
240: noante
245: nosubj
249: noante
254: nogov
255: noante
259: noante
260: nogov
264: noante
266: noante
271: noante
273: noante
275: noante
280: nosubj
283: noante
> redirect ./releases/cdt2/da/0085-da.info
