> errors
43: nogov nosubj
45: nosubj
51: noante
52: nogov
56: noante
58: noante
63: nogov
64: noante
81: noante
82: nogov
87: noante
88: nosubj
91: noante
94: noante
97: noante
102: noante
114: nosubj
120: noante
128: noante
129: nogov
131: nosubj
139: noante
144: nosubj
148: nogov
149: noante
155: noante
157: nogov
164: noante
167: noante
168: noante
175: noante
176: nogov
182: noante
193: noante
194: nogov
195: noante
205: noante
206: nogov
208: noante
218: nogov
219: nosubj
221: noante
236: noante
243: nogov
244: noante
258: nogov nosubj
265: noante
266: nogov
275: nosubj
281: noante
282: nogov
286: noante
> redirect ./releases/cdt2/da/0138-da.info
