> errors
47: nogov
48: noante
51: noante
54: noante
59: nogov
60: noante
63: noante
66: noante
74: noante
80: noante
81: nogov
91: noante
92: nogov
93: noante
102: nosubj
103: noante
109: noante
110: nogov
111: noante
113: noante
116: noante
118: noante
122: nosubj
123: noante
129: noante
130: nogov
131: noante
132: noante
135: noante
137: noante
139: noante
150: nogov
151: noante
157: noante
158: nogov
162: nosubj
163: noante
170: noante
171: nogov
173: noante
180: noante
181: nogov
182: noante
186: noante
193: noante
198: nosubj
199: noante
202: noante
204: nosubj
207: noante
209: nosubj
216: noante
217: nogov
220: noante
222: noante
224: noante
233: nogov
234: noante
235: nogov
238: noante
243: noante
244: nogov
246: noante
251: nosubj
252: noante
> redirect ./releases/cdt2/da/0220-da.info
