> errors
44: nogov
60: noante
65: noante
67: nogov
75: nogov
76: noante
81: noante
83: noante
86: nosubj
90: nosubj
93: noante
98: noante
103: nogov
104: noante
109: noante
112: nonobj
119: noante
121: nogov
122: noante
129: noante
135: nosubj
140: noante
151: nogov
152: noante
157: noante
158: nogov
164: noante
166: noante
168: noante
175: nogov
176: noante
186: nogov
187: noante
195: noante
203: nogov
210: noante
211: nogov
212: noante
217: noante
218: nogov
225: noante
229: noante
237: noante
241: noante
> redirect ./releases/cdt2/da/0303-da.info
