> errors
43: noante
50: noante
52: nogov
62: noante
69: nogov
79: nogov
82: nosubj
91: nogov
93: noante
102: noante
112: nogov
116: noante
124: nogov
125: noante
127: noante
136: noante
137: nogov
138: noante
143: nogov
158: noante
159: nogov
165: noante
170: nogov
172: noante
179: noante
181: nogov
187: noante
196: nogov
202: nogov
203: noante
208: noante
209: nogov
215: noante
220: nogov
231: nogov
236: noante
245: nogov
251: nogov nosubj
257: nogov nosubj
272: nogov
282: noante
286: nogov
292: nogov
293: noante
302: noante
303: nogov
307: noante
> redirect ./releases/cdt2/da/0320-da.info
