> errors
42: nogov
52: noante
54: nosubj
59: noante
60: nogov
61: noante
64: noante
66: noante
68: noante
70: noante
81: noante
83: nogov
84: noante
92: nosubj
96: noante
101: noante
106: noante
108: noante
116: noante
117: nosubj
124: noante
127: noante
130: nosubj
131: noante
139: nogov
146: noante
159: noante
161: nogov
162: noante
165: noante
168: noante
174: noante
188: noante
205: nogov
206: noante
212: noante
216: noante
220: noante
225: nosubj
228: noante
235: noante
> redirect ./releases/cdt2/da/0342-da.info
