> errors
43: noante
44: nogov
45: noante
49: noante
52: noante
55: noante
58: noante
60: noante
61: nosubj
64: noante
66: noante
73: noante
77: noante
86: noante
90: nogov
91: noante
93: noante
96: noante
98: noante
108: noante
118: nogov
119: noante
123: noante
129: noante
132: nogov
133: noante
136: noante
150: noante
166: noante
173: noante
180: noante
182: noante
183: nogov
186: noante
196: noante
202: nogov
203: noante
209: nosubj
210: noante
217: nogov
219: noante
223: noante
225: noante
232: nosubj
234: noante
237: noante
240: nosubj
> redirect ./releases/cdt2/da/0366-da.info
