> errors
41: noante
42: nogov
45: noante
56: noante
59: noante
67: noante
68: nogov
76: noante
78: noante
81: nogov
88: noante
93: nogov
98: noante
120: noante
121: noante
132: nogov
135: noante
137: noante
143: noante
144: nogov
147: noante
151: noante
169: noante
170: nogov
179: noante
185: noante
186: nogov
193: nogov
201: noante
206: noante
210: noante
219: noante
220: nogov
226: noante
233: noante
237: noante
239: nogov
240: noante
243: nonobj
248: nogov
> redirect ./releases/cdt2/da/0422-da.info
