> errors
43: nogov
48: noante
50: noante
52: noante
55: nosubj
62: noante
64: noante
71: noante
75: noante
83: nogov
89: noante
93: noante
95: noante
97: noante
99: noante
104: nosubj
109: noante
116: noante
120: noante
124: nogov
125: noante
129: noante
137: noante
142: noante
143: nogov
154: noante
158: noante
160: nogov
167: nogov
168: noante
171: noante
173: noante
175: noante
191: nogov
198: noante
199: nogov
203: noante
205: noante
210: noante
214: noante
215: noante
222: nogov
233: noante
234: noante
238: nogov
239: noante
244: noante
245: nogov
257: noante
265: noante
266: nogov
267: noante
> redirect ./releases/cdt2/da/0428-da.info
