> errors
45: nogov
46: noante
52: noante
53: nosubj
65: noante
74: noante
75: nogov
76: noante
98: noante
101: noante
102: nogov
108: nosubj
111: noante
119: nogov
124: noante
125: nogov
130: noante
136: nogov
137: noante
140: noante
142: noante
152: nogov
153: noante
155: nosubj
158: noante
164: noante
167: noante
174: noante
180: noante
188: nogov
189: noante
210: nogov
211: noante
219: nogov
222: noante
226: noante
232: noante
234: nonobj
238: noante
239: nosubj
245: noante
250: noante
> redirect ./releases/cdt2/da/0449-da.info
