> errors
43: nogov
44: noante
48: noante
49: noante
53: nogov
54: noante
59: noante
64: noante
68: noante
69: nogov
72: noante
76: noante
91: noante
92: nogov
96: noante
98: noante
105: nosubj
106: noante
109: noante
113: nogov
114: noante
122: noante
126: nogov
128: noante
133: noante
143: noante
157: nogov
164: noante
172: nosubj
173: noante
177: nogov
178: noante
199: noante
200: nogov
219: nogov noante
221: nosubj
229: noante
231: nogov
243: nosubj
264: nogov
265: noante
> redirect ./releases/cdt2/da/0587-da.info
