> errors
43: noante
45: noante
47: nogov
54: noante
55: nogov
58: noante
60: noante
65: noante
67: noante
71: noante
75: noante
79: noante
80: nogov
87: noante
90: noante
91: nogov
92: noante
96: noante
106: noante
117: nogov
118: noante
123: nosubj
129: nogov
135: noante
139: nogov
167: noante
171: noante
172: nogov
174: noante
181: noante
193: noante
195: noante
201: nogov
203: noante
205: nosubj
213: noante
215: noante
221: nogov
228: noante
237: noante
240: nogov
241: noante
243: noante
246: noante
250: noante
252: noante
257: nogov
> redirect ./releases/cdt2/da/0618-da.info
