> errors
45: nogov
53: noante
57: nogov
79: noante
86: nogov
87: noante
89: noante
91: nosubj
93: noante
95: nosubj
97: noante
121: nogov
125: noante
140: nogov
156: noante
160: nogov
162: noante
163: nosubj
166: noante
168: noante
171: nosubj
181: noante
189: noante
190: nogov
193: noante
194: nosubj
196: noante
201: noante
203: noante
209: noante
218: nogov
219: noante
221: noante
224: noante
233: nogov
234: noante
238: noante
242: noante
244: noante
249: noante
> redirect ./releases/cdt2/da/0645-da.info
