> errors
44: noante
45: nogov
51: noante
62: nosubj
68: nosubj
70: nogov
71: noante
73: noante
80: noante
82: noante
83: nogov
84: noante
86: noante
91: nogov
93: noante
95: noante
98: noante
104: nosubj
114: nogov
115: noante
123: nogov
140: noante
146: noante
147: nogov
150: noante
159: noante
165: noante
169: noante
175: noante
190: noante
205: nogov
206: noante
215: noante
217: nogov
229: noante
237: noante
238: nogov
250: noante
254: noante
256: noante
257: nosubj
> redirect ./releases/cdt2/da/0735-da.info
