> errors
43: noante
44: nosubj
47: nogov
48: noante
49: nonobj
50: noante
55: noante
56: nogov
70: noante
71: nogov
85: noante
86: nogov
88: noante
99: noante
100: nogov
113: noante
122: noante
129: noante
134: nogov
135: noante
146: nogov
159: noante
162: noante
174: noante
185: noante
186: nogov
190: noante
204: noante
205: nogov
210: nogov
213: noante
216: noante
218: noante
221: noante
225: noante
226: nogov
235: noante
236: nogov
237: noante
249: noante
253: noante
259: noante
264: noante
274: noante
283: nogov
> redirect ./releases/cdt2/da/0863-da.info
