> errors
44: noante
49: nosubj
52: nogov
53: noante
57: noante
66: nogov
71: noante
78: noante
79: nogov
96: noante
98: noante
107: noante
108: nogov
121: noante
129: noante
132: noante
134: noante
135: noante
137: noante
141: noante
149: noante
156: noante
157: nogov
168: noante
169: nogov
171: nosubj
182: noante
187: noante
190: noante
195: noante
202: noante
203: nogov
209: noante
216: noante
222: noante
226: noante
231: nogov
232: noante
235: nosubj
247: nogov
256: noante
262: nogov
263: noante
> redirect ./releases/cdt2/da/0949-da.info
