> errors
47: noante
54: nosubj
58: nosubj
61: noante
64: nogov
68: noante
82: noante
83: nogov
94: nosubj
95: noante
110: nogov
112: noante
121: nogov nosubj
130: noante
136: noante
145: nogov
160: nosubj
165: noante
173: noante
176: nogov
180: nosubj
182: noante
190: noante
191: nogov
194: noante
199: nonobj
202: noante
204: noante
206: noante
208: noante
215: noante
221: noante
222: nogov
224: noante
240: noante
241: nogov
247: noante
260: noante
262: noante
264: noante
> redirect ./releases/cdt2/da/0970-da.info
