> errors
48: nogov
49: noante
65: noante
69: noante
75: noante
76: nogov
79: noante
90: noante
91: nosubj
97: noante
99: nogov
106: nosubj
107: noante
114: noante
116: noante
119: noante
121: noante
124: noante
129: noante
132: nosubj
139: nogov
148: noante
159: noante
163: noante
164: nogov
176: noante
180: noante
190: noante
194: nogov
195: noante
215: nogov
216: noante
219: nosubj
220: noante
221: nosubj
225: noante
228: noante
231: nosubj
232: noante
236: noante
> redirect ./releases/cdt2/da/0975-da.info
