> errors
44: noante
53: noante
56: noante
60: noante
61: noante
64: noante
69: noante
72: noante
75: noante
78: nogov
88: noante
100: noante
101: nogov
104: nosubj
105: noante
107: noante
113: noante
114: nogov
128: noante
134: nosubj
137: noante
151: noante
152: noante
154: nogov
164: nosubj
169: nosubj
170: nosubj
178: nogov
184: noante
185: nosubj
188: noante
193: nosubj
198: nosubj
199: noante
206: nogov
207: noante
210: nosubj
220: noante
230: noante
235: noante
> redirect ./releases/cdt2/da/1054-da.info
