> errors
43: nogov
48: nogov
51: noante
53: noante
59: noante
77: noante
79: nogov
81: noante
85: noante
93: noante
94: nogov
96: noante
99: noante
100: nosubj
103: noante
125: noante
128: nogov
129: noante
139: nogov
140: noante
144: noante
150: nogov
157: nogov
158: noante
172: noante
179: noante
185: noante
190: noante
199: nogov
200: noante
202: noante
204: noante
206: noante
216: noante
221: noante
223: noante
225: noante
229: noante
232: noante
236: nogov
237: noante
> redirect ./releases/cdt2/da/1071-da.info
