> errors
43: nogov
44: noante
51: noante
56: noante
60: noante
72: noante
86: nogov
87: noante
91: noante
93: noante
97: noante
104: noante
107: noante
111: noante
115: noante
118: nosubj
120: noante
125: nogov
141: noante
145: nosubj
146: noante
155: noante
161: noante
163: noante
168: noante
174: noante
176: noante
181: nogov
184: nonobj
189: nogov
190: noante
194: noante
201: noante
202: nogov
214: noante
220: noante
223: nosubj
224: noante
228: nosubj
230: noante
236: noante
240: nosubj
248: nogov
> redirect ./releases/cdt2/da/1127-da.info
