> errors
44: nogov
57: nogov
62: noante
63: nosubj
66: noante
77: nosubj
78: nosubj
86: noante
87: nogov
94: noante
105: noante
111: nogov
119: noante
121: nogov
125: noante
128: noante
131: noante
133: noante
134: nosubj
140: noante
141: nogov
142: noante
152: nosubj
153: noante
165: nogov
166: noante
169: noante
176: noante
178: noante
183: nogov
189: noante
199: nogov
207: noante
233: nogov
238: nosubj
240: noante
246: noante
248: noante
260: nogov
261: noante
264: noante
274: nosubj
275: nosubj
276: noante
279: noante
280: nosubj
> redirect ./releases/cdt2/da/1173-da.info
