> errors
43: noante
44: nogov
45: noante
47: noante
61: nogov
62: noante
71: nogov
72: noante
77: noante
85: nogov
88: noante
94: nogov
96: noante
98: noante
104: noante
105: nogov
106: noante
111: noante
112: nogov
117: nosubj
119: nosubj
126: noante
128: noante
134: nogov
142: nogov
153: nogov
154: nonobj
157: noante
163: noante
167: nonobj
168: noante
171: nogov
172: noante
185: noante
189: noante
196: nosubj
198: nosubj
209: nogov
210: noante
218: nogov
220: noante
225: noante
230: nosubj
233: noante
236: noante
243: nogov
244: noante
249: noante
253: noante
256: noante
257: nogov
261: noante
263: noante
> redirect ./releases/cdt2/da/1250-da.info
