> errors
43: noante
44: nogov
52: noante
57: noante
59: noante
60: nonobj
66: nogov
67: noante
69: noante
76: noante
78: nogov
97: noante
113: noante
120: nogov
128: noante
133: noante
135: noante
144: noante
145: nogov
146: noante
153: noante
154: nogov
157: noante
160: noante
170: noante
171: nogov
175: noante
186: noante
190: nosubj
195: noante
203: nosubj
204: noante
205: nosubj
207: noante
213: nogov
218: noante
219: nogov
224: noante
235: noante
251: noante
> redirect ./releases/cdt2/da/1332-da.info
