> errors
43: noante
51: noante
60: nogov
63: noante
67: noante
72: nosubj
77: noante
80: noante
91: noante
92: nogov
93: noante
97: nosubj
98: noante
104: noante
119: noante
123: nosubj
124: noante
128: noante
130: noante
137: nosubj
138: noante
143: nogov
152: noante
153: nogov
157: nosubj
159: noante
171: nosubj
172: noante
190: noante
193: noante
195: noante
197: noante
203: nosubj
209: nosubj
213: nogov
220: nogov noante
226: noante
227: nogov
228: noante
233: noante
256: nosubj
257: noante
> redirect ./releases/cdt2/da/1371-da.info
