> errors
43: nogov
45: noante
52: noante
60: noante
68: nogov
73: noante
77: nogov
81: noante
87: noante
92: nogov
99: nosubj
102: nosubj
105: noante
108: noante
122: nogov
123: nonobj
128: noante
142: nogov
156: noante
165: noante
168: nogov
179: nogov
193: noante
196: nogov
201: noante
202: nogov
212: noante
217: noante
224: noante
232: nogov
233: noante
236: noante
240: noante
241: nogov
245: nosubj
246: noante
252: noante
255: noante
258: nogov
268: nogov
278: noante
282: noante
283: nogov
> redirect ./releases/cdt2/da/1385-da.info
