> errors
43: noante
44: nogov
49: noante
51: noante
55: noante
74: noante
75: nogov
85: nogov
87: noante
93: noante
95: noante
101: nogov
102: noante
105: noante
107: noante
110: noante
118: noante
128: noante
130: noante
132: nogov
133: noante
134: noante
137: noante
146: nosubj
147: nosubj
148: noante
150: noante
162: nogov
171: nogov
173: nogov
178: noante
191: noante
192: nogov
201: noante
209: noante
213: noante
214: nogov
221: noante
224: nogov
225: noante
234: nogov
235: noante
241: noante
244: noante
248: noante
249: nogov
263: noante
265: nogov
271: noante
> redirect ./releases/cdt2/da/1414-da.info
