> errors
43: noante
47: nogov
50: noante
52: noante
53: nogov
55: noante
65: noante
66: nogov
79: noante
81: noante
87: noante
88: nogov
92: noante
93: nosubj
96: nosubj
99: noante
116: noante
125: nogov
126: noante
130: noante
131: nogov
134: nosubj
139: nogov
140: noante
142: noante
154: nosubj
155: nogov
156: noante
158: noante
159: noante
162: noante
168: noante
169: nogov
177: noante
185: noante
188: nosubj
193: nogov
195: noante
205: nosubj
206: noante
208: noante
214: nogov
217: noante
227: noante
228: nogov
230: noante
234: noante
235: nogov
240: noante
241: nogov
246: noante
249: noante
254: noante
256: noante
260: noante
261: nogov
264: noante
269: noante
> redirect ./releases/cdt2/da/1437-da.info
