> errors
44: nogov nosubj
50: nogov nosubj
51: nosubj
54: nosubj
56: noante
60: nosubj
61: noante
64: noante
70: nogov
71: noante
79: noante
80: nosubj
82: noante
83: nogov
84: noante
102: noante
103: nogov
104: noante
108: nosubj
134: nogov
135: noante
140: noante
141: nogov
142: noante
146: noante
149: noante
154: nosubj
155: noante
168: noante
169: noante
171: noante
172: noante
177: nogov
178: noante
182: nosubj
189: noante
195: noante
196: nogov
201: noante
206: nosubj
207: noante
210: noante
213: nosubj
217: noante
225: noante
226: nosubj
228: nogov
232: noante
238: noante
243: noante
252: nogov
253: noante
256: noante
259: noante
268: noante
269: noante
> redirect ./releases/cdt2/da/1457-da.info
