> errors
52: nogov
67: noante
68: nogov
84: noante
86: nogov
87: noante
95: noante
103: nogov
105: noante
111: nosubj
113: noante
115: noante
122: noante
127: noante
129: nogov
132: noante
149: nogov
150: noante
156: noante
167: noante
169: noante
174: noante
177: nogov
178: noante
186: noante
187: nogov
188: noante
195: noante
196: nogov
200: noante
206: nogov
211: noante
212: nogov
221: noante
224: noante
234: nosubj
236: nonobj
241: noante
242: nogov
245: noante
248: noante
> redirect ./da/0001-da.info
