> errors
43: nogov
52: noante
57: nogov
70: nogov
71: noante
73: noante
77: noante
86: noante
87: nogov
88: noante
96: noante
102: noante
106: noante
109: noante
120: nogov
125: noante
136: noante
140: noante
144: noante
152: nogov
153: noante
171: nogov
175: noante
182: nogov
188: noante
194: noante
201: nogov
204: noante
214: noante
215: nogov
    215 unge 215: badtype
223: nosubj
227: noante
229: noante
233: noante
235: noante
250: noante
255: noante
263: noante
266: nogov
> redirect ./da/0005-da.info
