> errors
53: noante
63: noante
72: nogov
83: nogov
85: noante
93: noante
95: noante
99: noante
107: noante
108: nosubj
116: noante
117: nosubj
125: noante
126: nogov
    126 +TIME:time/samme_år 82: badtype
135: noante
149: noante
155: noante
167: noante
175: nogov
    175 +¤time:time 164: badtype
187: noante
194: noante
198: nosubj
199: nosubj
204: noante
210: noante
218: noante
220: noante
227: noante
238: noante
245: noante
248: noante
256: noante
262: noante
266: noante
> redirect ./da/0008-da-disc-morten.info
