> errors
50: nogov
53: noante
62: nogov
63: noante
72: nogov
83: nogov
85: noante
93: noante
94: nogov
95: noante
99: noante
107: noante
108: nosubj
116: noante
117: nosubj
125: noante
126: nogov
135: noante
149: noante
154: nogov
155: noante
164: nogov
167: noante
175: nogov
186: nogov
187: noante
194: noante
198: nosubj
199: nosubj
204: noante
210: noante
211: nogov
218: noante
220: noante
227: noante
237: nogov
238: noante
245: noante
246: nogov
248: noante
255: nogov
256: noante
261: nogov
262: noante
266: noante
> redirect ./da/0008-da.info
