> errors
43: nogov
46: nosubj
50: nogov
    50 = 48: badtype
55: noante
61: noante
62: nogov
65: nosubj
71: noante
72: nogov
75: noante
78: noante
84: nogov
87: noante
90: noante
92: noante
95: noante
101: nogov
103: noante
108: noante
111: nogov
    111 mcomp 110: badtype
112: noante
120: nogov
123: noante
126: nogov
    126 mcomp 125: badtype
127: noante
142: nogov
151: noante
166: nogov
176: noante
183: noante
199: noante
200: nogov
203: noante
210: noante
217: noante
218: nogov
224: noante
229: noante
232: noante
238: noante
242: noante
248: noante
251: noante
253: noante
258: noante
262: nosubj
268: noante
270: noante
277: noante
284: nogov
> redirect ./da/0021-da.info
