> errors
43: noante
44: nogov
47: noante
56: nosubj
66: noante
71: nogov
81: noante
82: nogov
88: noante
100: noante
106: noante
110: nogov
111: noante
117: noante
120: nogov
127: nosubj
133: noante
134: nogov
135: noante
140: nogov
150: nogov
159: nogov
164: nosubj
169: noante
174: nogov
175: noante
180: nogov
191: noante
200: nogov
201: noante
208: noante
214: nosubj
215: nogov
216: noante
223: noante
224: nogov
228: noante
232: noante
233: nogov
237: nosubj
248: nogov
259: nogov
265: nogov
267: noante
> redirect ./da/0037-da.info
