> errors
43: nosubj
50: noante
51: nogov
53: nosubj
57: noante
64: noante
67: noante
81: noante
85: noante
91: noante
93: noante
96: noante
103: noante
108: noante
132: noante
137: noante
139: noante
144: noante
145: noante
154: nogov
    154 +TIME:time/her 144: badtype
155: noante
160: noante
179: noante
180: noante
182: noante
184: noante
192: nogov
    192 +¤conc 181: badtype
195: nosubj
199: noante
202: noante
212: noante
222: noante
228: nosubj
229: noante
236: noante
243: noante
246: nosubj
249: noante
250: nogov
    250 +¤time:time 231: badtype
252: noante
> redirect ./da/0043-da-disc-morten.info
