> errors
43: noante
47: nogov
48: noante
58: noante
60: nogov
61: noante
66: noante
69: nosubj
72: nosubj
73: noante
80: noante
82: nogov
93: noante
94: nogov
100: noante
101: nogov
103: nosubj
112: noante
115: nogov
116: noante
125: noante
126: nogov
133: noante
134: nogov
138: noante
144: noante
153: noante
157: noante
159: nogov
160: noante
163: nosubj
170: noante
171: nogov
176: noante
192: nogov
197: noante
200: noante
210: nogov
216: noante
222: nogov
231: nogov
246: noante
247: nogov
253: noante
254: nogov
257: noante
261: noante
262: nogov
263: noante
270: noante
276: noante
279: nogov
286: noante
> redirect ./da/0061-da.info
