> errors
43: noante
47: nogov
48: noante
58: noante
61: noante
66: noante
69: nosubj
72: nosubj
73: noante
80: noante
93: noante
100: noante
103: nosubj
112: noante
116: noante
125: noante
133: noante
138: noante
144: noante
153: noante
157: noante
160: noante
163: nosubj
170: noante
176: noante
197: noante
200: noante
216: noante
231: nogov
    231 ¤elab:exp 222: badtype
246: noante
253: noante
257: noante
261: noante
263: noante
270: noante
276: noante
286: noante
> redirect ./da/0061-da-disc-morten.info
