> errors
44: noante
46: nogov
47: noante
55: nosubj
60: noante
71: noante
86: noante
88: noante
97: noante
99: nosubj
105: nosubj
106: noante
107: nosubj
116: noante
125: noante
129: noante
132: noante
141: noante
155: noante
161: noante
163: noante
166: noante
172: noante
175: noante
180: noante
187: noante
196: noante
197: nogov
    197 AGENTIVE:cause/(for)/ATTR 181: badtype
201: noante
204: noante
214: noante
219: noante
223: noante
236: noante
240: noante
246: noante
251: noante
> redirect ./da/0065-da-disc-morten.info
