> errors
44: noante
46: nogov
47: noante
55: nosubj
60: noante
63: nogov
71: noante
86: noante
87: nogov
88: noante
97: noante
99: nosubj
105: nosubj
106: noante
107: nosubj
115: nogov
116: noante
125: noante
126: nogov
    126 = 125: badtype
128: nogov
129: noante
132: noante
138: nogov
141: noante
149: nogov
155: noante
161: noante
162: nogov
163: noante
166: noante
172: noante
175: noante
180: noante
181: nogov
187: noante
196: noante
197: nogov
201: noante
204: noante
214: noante
215: nogov
219: noante
223: noante
236: noante
237: nogov
240: noante
246: noante
251: noante
> redirect ./da/0065-da.info
