> errors
45: nogov
54: noante
59: noante
60: nogov
61: noante
68: nogov noante
70: noante
78: noante
79: nogov
83: noante
90: noante
91: nogov
92: noante
94: nosubj
98: noante
100: noante
102: noante
107: nogov
108: noante
109: noante
112: nosubj
118: noante
123: noante
126: nosubj
128: noante
134: noante
135: nogov
137: nonobj
147: noante
165: nogov
166: noante
174: noante
187: nosubj
197: noante
198: nogov
199: noante
203: noante
207: noante
209: nogov
211: noante
219: noante
221: noante
231: noante
232: nogov
237: noante
240: nosubj
251: nogov
252: nosubj
253: noante
255: noante
> redirect ./da/0090-da-morten.info
