> errors
49: nosubj
52: nogov
53: noante
61: nosubj
63: nosubj
77: noante
80: nogov
93: nogov
98: noante
111: noante
122: nosubj
124: noante
128: noante
144: nogov
146: noante
150: noante
152: noante
156: noante
160: noante
162: noante
166: nosubj
180: nosubj
182: noante
185: noante
187: noante
189: noante
191: noante
194: nogov
202: nogov
209: noante
215: noante
216: nogov
231: noante
237: nosubj
240: noante
243: noante
246: noante
257: noante
264: nogov
272: nogov
> redirect ./da/0091-da.info
