> errors
43: nogov
45: noante
47: noante
55: nosubj
67: nogov
68: noante
84: nogov
87: noante
100: nogov
101: noante
107: noante
113: noante
126: nogov
128: noante
132: nosubj
133: noante
139: noante
140: nogov
145: nosubj
147: noante
149: nosubj
151: nosubj
154: noante
157: noante
165: nogov
167: noante
170: noante
174: noante
176: noante
189: noante
193: noante
195: noante
202: nogov
212: nogov
213: noante
223: noante
227: nogov
    227 mcomp 224: badtype
229: noante
233: nogov
242: nogov
248: noante
252: noante
254: noante
257: nogov
    257 mcomp 253: badtype
260: nogov
265: noante
> redirect ./da/0112-da.info
