> errors
44: nogov
45: noante
47: nosubj
50: noante
55: nosubj
58: noante
68: noante
69: nogov
70: noante
81: noante
85: nogov
86: noante
94: noante
99: noante
106: noante
113: nogov
115: noante
122: nogov
128: noante
131: noante
136: noante
155: noante
160: noante
162: nosubj
165: nogov
174: nogov noante
179: noante
180: noante
184: noante
185: nogov
190: noante
197: noante
202: nogov
203: noante
210: noante
216: noante
229: nogov noante
233: noante
242: noante
246: noante
257: noante
262: nogov
263: noante
270: noante
275: noante
280: noante
281: nogov
289: nosubj
293: noante
> redirect ./da/0119-da.info
