> errors
44: nogov
45: noante
47: nosubj
50: noante
55: nosubj
58: noante
68: noante
70: noante
81: noante
86: noante
94: noante
99: noante
106: noante
115: noante
128: noante
131: noante
136: noante
155: noante
160: noante
162: nosubj
174: noante
179: noante
180: noante
184: noante
185: nogov
    185 AGENTIVE:cause/(for)/ATTR3 178: badtype
190: noante
197: noante
203: noante
210: noante
216: noante
229: noante
233: noante
242: noante
246: noante
257: noante
263: noante
270: noante
275: noante
280: noante
289: nosubj
293: noante
> redirect ./da/0119-da-disc-morten.info
