> errors
43: nogov
46: noante
61: noante
74: nogov
75: noante
91: noante
92: nogov
98: noante
109: noante
112: nogov
119: nogov noante
127: nogov
131: noante
135: noante
139: noante
144: noante
147: nogov
151: nosubj
152: noante
158: nogov
159: noante
162: noante
171: noante
172: nogov
176: nosubj
178: noante
181: nosubj
182: noante
190: noante
191: nogov
197: nogov
202: noante
206: noante
210: noante
211: nogov
213: noante
224: noante
225: nogov
226: noante
236: nogov
247: noante
248: nogov
250: noante
253: noante
268: nogov
> redirect ./da/0120-da.info
