> errors
50: noante
51: nogov
54: noante
64: noante
65: noante
76: noante
86: nogov
    86 ¤contr:dir 77: badtype
91: nosubj
100: noante
103: noante
113: noante
120: nosubj
123: noante
126: noante
130: noante
140: noante
141: noante
155: noante
160: noante
162: noante
172: noante
174: noante
191: noante
204: noante
206: noante
210: noante
214: nosubj
215: nosubj
216: noante
225: noante
229: nosubj
232: noante
252: noante
261: noante
264: nosubj
271: noante
> redirect ./da/0134-da-disc-morten.info
