> errors
44: noante
49: nogov
56: noante
60: noante
67: noante
80: noante
82: nogov
87: nonobj
101: noante
103: nogov
112: noante
116: noante
121: noante
123: noante
133: noante
134: nogov
135: noante
137: noante
141: nosubj
143: noante
146: noante
148: noante
152: noante
159: nogov
160: noante
166: noante
170: nosubj
173: nosubj
174: nonobj
178: nogov
180: noante
195: noante
205: nogov
207: noante
215: noante
222: nogov
234: noante
241: noante
243: noante
248: nogov
249: noante
264: noante
> redirect ./da/0141-da.info
