> errors
43: noante
50: noante
52: nogov
65: noante
78: noante
87: noante
97: nosubj
119: noante
125: noante
126: nogov
    126 +CONJ:add:seq 97: badtype
138: nogov nosubj
    138 +CONJ:add:seq 126: badtype
139: noante
140: nosubj
160: noante
169: nogov nosubj
    169 +CONJ:add:seq 138: badtype
184: nogov nosubj
    184 CONJ:add:seq 169: badtype
185: noante
189: noante
198: nogov nosubj
    198 CONJ:add:seq 184: badtype
201: noante
203: nosubj
208: nosubj
209: noante
210: nosubj
219: nogov nosubj
    219 +CONJ:add:seq 208: badtype
233: nogov nosubj
    233 CONJ:add:seq 219: badtype
234: noante
236: noante
238: nosubj
243: nogov nosubj
    243 CONJ:add:seq 233: badtype
244: noante
246: noante
249: nosubj
250: noante
> redirect ./da/0148-da-disc-morten.info
