> errors
44: nogov
59: nogov
65: nosubj
86: noante
87: nogov
96: noante
97: nogov
98: noante
100: noante
105: noante
107: noante
111: noante
119: nogov
121: noante
122: nosubj
125: noante
129: noante
134: noante
136: nosubj
137: noante
141: noante
149: nogov
156: nosubj
158: nonobj
160: nosubj
163: nosubj
168: noante
175: noante
177: noante
185: nogov
186: nosubj
200: noante
203: noante
206: noante
212: noante
216: noante
219: noante
222: nogov
226: noante
233: noante
240: nogov
241: noante
255: noante
257: noante
264: noante
267: nogov
269: noante
> redirect ./da/0188-da-disc.info
