> errors
42: nogov nosubj
43: noante
45: noante
48: noante
52: noante
60: nogov
    60 mcomp 59: badtype
68: nosubj
70: nosubj
73: nosubj
86: nogov
87: noante
90: noante
96: noante
97: nogov
107: nogov
108: noante
116: noante
122: noante
123: nogov
128: nosubj
131: noante
135: nogov
136: noante
148: noante
152: noante
158: nogov
159: noante
163: noante
167: noante
170: noante
177: noante
181: nogov
188: noante
198: nosubj
204: noante
212: noante
214: noante
223: noante
229: nogov
230: nosubj
> redirect ./da/0215-da.info
