> errors
43: nogov
49: nogov
56: nogov
65: nogov
74: noante
79: noante
84: nosubj
93: nosubj
98: nogov
100: noante
111: noante
113: nogov
124: noante
125: nogov
139: noante
143: nogov
144: noante
151: noante
153: noante
159: nogov
160: noante
181: noante
183: nogov
184: noante
186: noante
190: nosubj
194: noante
198: nosubj
202: noante
213: noante
214: nogov
227: noante
245: nogov
246: noante
250: noante
253: noante
258: nosubj
262: noante
266: noante
271: nogov
272: noante
> redirect ./da/0260-da.info
