> errors
43: nogov nosubj
55: nogov
62: noante
63: nosubj
68: nogov
69: noante
87: noante
88: nogov
91: noante
93: noante
96: noante
109: nogov
112: noante
113: nosubj
122: noante
127: noante
129: nonobj
133: noante
136: noante
139: noante
143: nogov
148: noante
151: nogov
    151 mcomp 149: badtype
160: noante
171: nogov
189: noante
195: nogov
197: noante
206: nogov
212: noante
213: nogov
214: noante
216: noante
218: noante
222: noante
224: noante
229: nogov
234: noante
236: noante
243: noante
247: noante
248: nogov
250: noante
252: noante
> redirect ./da/0264-da.info
