> errors
45: nogov
46: noante
51: noante
52: nogov
61: noante
62: nogov
64: noante
68: noante
72: nogov
73: noante
79: noante
82: noante
87: nogov
97: nosubj
102: nogov
103: noante
112: nogov
113: noante
122: noante
124: noante
126: noante
132: noante
133: nogov
143: noante
149: noante
151: noante
162: nogov
163: noante
168: nogov
174: noante
175: nogov
182: noante
183: nogov
189: nogov
211: noante
212: nogov
218: noante
227: nogov
228: noante
233: noante
234: nogov
240: noante
244: noante
245: nogov
250: noante
260: noante
262: noante
264: noante
270: nogov
> redirect ./da/0265-da.info
