> errors
43: noante
44: nogov
47: noante
49: noante
56: noante
57: nogov
58: noante
72: noante
74: noante
86: noante
87: nogov
91: noante
95: noante
101: noante
102: nogov
105: nosubj
107: noante
109: noante
112: noante
121: noante
125: noante
126: nogov
140: noante
141: nogov
147: nosubj
148: noante
154: noante
156: noante
162: noante
163: nogov
176: noante
178: nogov
184: nosubj
185: noante
190: noante
191: nogov
195: noante
202: noante
214: nogov
215: noante
224: noante
226: noante
229: nogov
230: noante
239: nogov
240: noante
246: noante
247: nogov
251: nosubj
256: noante
> redirect ./da/0285-da.info
