> errors
42: nogov
45: noante
49: noante
53: noante
58: nogov nosubj
67: noante
69: noante
79: noante
86: noante
93: noante
94: nogov
100: noante
108: nogov
119: nogov
120: noante
128: noante
136: noante
148: nogov
149: noante
153: noante
160: noante
161: nogov
163: noante
171: noante
176: nogov
181: noante
193: nogov
194: noante
207: noante
208: noante
209: nosubj
211: noante
215: nogov
225: nosubj
226: nosubj
232: nogov
233: noante
234: noante
235: noante
237: noante
240: nosubj
249: nogov
250: noante
255: noante
> redirect ./da/0300-da.info
