> errors
44: nogov nosubj
49: noante
50: nogov
63: nogov
64: noante
75: noante
76: nosubj
82: noante
85: noante
91: nogov
92: noante
102: noante
104: noante
107: nogov
108: noante
110: noante
116: noante
117: nogov
120: noante
134: nogov
140: nosubj
141: nosubj
143: noante
153: nonobj
162: noante
163: nogov
165: noante
166: noante
171: noante
179: nogov
180: noante
183: nosubj
189: nosubj
190: noante
193: nosubj
196: noante
204: noante
210: nogov
216: noante
225: nosubj
233: nosubj
239: noante
244: noante
> redirect ./da/0307-da-disc.info
