> errors
42: nogov
49: noante
50: nogov
52: noante
58: noante
63: nosubj
67: nogov
68: noante
69: noante
72: noante
78: nogov
81: noante
83: noante
94: nogov
99: noante
101: noante
106: noante
116: nogov
117: noante
118: nogov
124: noante
126: noante
132: noante
133: nogov
134: noante
136: nosubj
137: noante
139: noante
148: nogov
149: noante
156: noante
157: nogov
164: noante
175: nogov
178: noante
183: noante
187: nogov
188: noante
191: noante
199: noante
211: nogov
215: nosubj
218: noante
223: noante
224: nogov
228: noante
231: noante
233: noante
236: nosubj
240: noante
244: nogov
250: noante
251: nogov
252: noante
257: noante
258: nogov
263: noante
264: nosubj
> redirect ./da/0309-da-morten.info
