> errors
44: nogov
45: noante
50: nosubj
51: noante
59: nogov
64: noante
67: nogov
68: noante
71: noante
77: nogov
78: noante
81: noante
85: noante
90: nogov
91: noante
93: noante
98: nogov
99: noante
109: nogov
110: noante
113: nosubj
114: nonobj
119: noante
120: nogov
124: noante
127: nosubj
128: noante
132: noante
133: nogov
135: noante
143: noante
147: nogov
149: noante
155: noante
158: noante
163: nogov
164: noante
170: noante
176: noante
180: noante
181: nogov
187: noante
195: nosubj
200: nogov
207: noante
213: noante
220: nogov
235: noante
238: noante
244: nogov
255: noante
257: noante
260: noante
264: noante
267: nosubj
277: nogov
278: noante
> redirect ./da/0326-da.info
