> errors
44: nogov
47: nosubj
50: noante
52: noante
61: nogov
67: noante
69: noante
74: nogov
75: noante
80: nogov nosubj
81: noante
83: noante
93: noante
99: noante
100: nogov
115: noante
116: nogov
120: noante
133: nogov
134: noante
138: noante
145: noante
146: nogov
147: noante
149: noante
152: noante
157: nosubj
171: noante
178: noante
181: nogov
182: noante
195: noante
196: nogov
197: noante
208: noante
209: nogov
210: noante
213: noante
226: noante
229: nogov
230: noante
236: noante
240: noante
245: noante
248: noante
252: noante
253: noante
265: nogov
266: noante
269: noante
279: noante
283: noante
285: noante
> redirect ./da/0333-da.info
