> errors
41: noante
42: nogov
50: noante
51: nogov
54: noante
59: noante
62: noante
69: nogov
70: noante
74: noante
77: noante
93: nogov
95: noante
97: noante
105: noante
107: noante
114: nogov
115: noante
119: noante
123: noante
124: nogov
132: noante
137: nogov
146: nogov
147: noante
154: nogov
156: noante
163: noante
182: noante
184: nogov
186: noante
189: noante
193: noante
195: noante
199: noante
200: nogov
201: noante
203: noante
206: noante
208: noante
216: noante
232: nogov nosubj
233: noante
247: nogov
251: noante
> redirect ./da/0351-da.info
