> errors
42: nonobj
45: noante
48: nogov
49: noante
55: nogov
56: noante
58: noante
66: noante
67: nogov
70: noante
75: noante
78: nogov
79: noante
85: noante
86: nogov
87: noante
88: nosubj
89: nogov
    89 mcomp 86: badtype
95: noante
96: nogov
107: nogov
109: noante
114: noante
115: nogov
116: noante
120: noante
122: noante
123: nogov
131: noante
132: nogov
133: noante
137: nosubj
138: noante
146: noante
147: nogov
153: noante
156: noante
167: nogov
173: nogov
174: noante
184: noante
199: nogov
200: noante
201: nosubj
205: noante
207: noante
216: noante
217: nogov
220: noante
234: noante
235: nosubj
240: nogov
241: noante
242: noante
251: nogov
260: noante
261: nogov
267: noante
268: nogov
271: nosubj
275: noante
277: noante
280: noante
285: nogov
286: noante
292: noante
> redirect ./da/0354-da.info
