> errors
42: nogov
43: noante
46: noante
51: noante
60: noante
62: noante
65: noante
69: nogov
70: noante
75: noante
79: noante
88: noante
89: nogov
91: noante
94: noante
97: noante
101: noante
110: noante
113: nosubj
114: nogov
115: noante
118: noante
122: noante
124: noante
129: noante
130: nogov
131: noante
135: noante
137: noante
141: noante
144: nogov
146: noante
148: noante
156: noante
159: noante
162: noante
172: noante
174: nogov
175: noante
178: noante
182: noante
186: noante
204: noante
205: nogov
208: noante
211: noante
214: nosubj
221: noante
230: noante
233: nogov
234: noante
237: noante
242: noante
246: nogov
247: noante
253: noante
262: nogov
267: noante
268: noante
270: noante
273: noante
280: noante
287: noante
> redirect ./da/0355-da.info
