> errors
44: nogov
45: noante
54: nosubj
59: noante
61: nogov
62: noante
64: nosubj
69: noante
70: nogov
71: noante
77: noante
84: noante
85: nogov
96: nosubj
99: noante
103: noante
107: nogov
117: nogov
122: noante
123: nogov
133: noante
137: noante
145: nogov
146: noante
149: nosubj
150: noante
158: noante
159: nogov
160: noante
168: nogov
169: noante
173: noante
180: noante
181: nogov
183: noante
186: nosubj
187: noante
188: nonobj
192: noante
202: nogov
203: noante
211: noante
217: noante
224: nosubj
227: noante
230: nogov
234: nosubj
241: noante
257: nosubj
258: noante
260: noante
262: nosubj
263: noante
271: nogov
272: noante
275: noante
> redirect ./da/0357-da.info
