> errors
45: nogov
54: noante
55: nogov
60: noante
67: nosubj
68: nosubj
78: noante
82: noante
83: nogov
91: nosubj
96: noante
104: nogov
107: noante
108: noante
112: noante
113: nogov
123: noante
126: noante
127: noante
135: nogov
136: noante
140: noante
153: nogov
154: noante
164: nogov
167: noante
172: nogov
173: noante
183: noante
185: noante
187: noante
189: nosubj
194: noante
195: nogov
199: noante
201: noante
209: nogov
216: noante
217: nogov
218: noante
228: noante
235: noante
249: noante
> redirect ./da/0375-da.info
