> errors
43: nogov
44: nonobj
47: noante
57: noante
60: noante
61: nogov
65: noante
70: nogov
    70 mcomp 67: badtype
71: noante
76: noante
82: noante
90: nogov
91: noante
95: noante
97: noante
105: noante
117: nogov
118: noante
120: noante
126: noante
137: noante
138: nogov
139: noante
142: noante
144: noante
147: noante
154: noante
157: nogov
169: nogov
170: noante
179: noante
193: nosubj
194: noante
200: nogov
201: noante
203: noante
205: noante
209: noante
219: noante
232: noante
233: nogov
239: noante
244: noante
248: noante
252: noante
> redirect ./da/0386-da-morten.info
