> errors
43: nogov
46: noante
52: noante
60: noante
62: nogov
64: noante
73: noante
75: nogov
82: noante
84: nogov
87: noante
90: noante
92: noante
98: noante
103: noante
104: nogov
106: noante
107: nonobj
113: noante
114: nogov
117: noante
120: noante
124: noante
128: noante
130: noante
133: noante
135: noante
144: noante
147: noante
148: nogov
153: noante
155: noante
168: nosubj
169: noante
172: noante
178: nogov
179: noante
180: noante
184: noante
189: nogov
194: noante
195: nogov
198: noante
202: noante
204: noante
206: noante
216: nogov
220: nosubj
230: noante
231: nogov
237: noante
245: noante
248: noante
253: noante
258: noante
259: noante
> redirect ./da/0395-da.info
