> errors
52: nosubj
56: nogov
57: noante
62: noante
63: nogov
79: nogov
89: nogov
107: noante
108: nogov
111: nosubj
116: noante
118: noante
122: noante
125: noante
129: noante
130: nogov
133: noante
137: noante
143: nosubj
144: noante
155: noante
167: nogov
168: noante
172: noante
177: noante
181: nosubj
187: noante
197: nogov
198: noante
200: noante
204: noante
208: nosubj
217: nogov
220: noante
222: noante
226: nosubj
231: nogov
232: noante
235: noante
239: noante
243: nosubj
248: nogov
249: noante
254: noante
259: noante
264: noante
> redirect ./da/0411-da.info
