> errors
47: noante
50: noante
52: nogov
53: noante
57: nosubj
65: nosubj
67: nogov
70: noante
74: noante
75: nogov
82: noante
87: noante
89: noante
94: noante
98: noante
101: noante
106: noante
107: noante
110: noante
117: noante
118: nogov
128: noante
132: noante
133: nogov
135: noante
141: noante
146: nogov
147: noante
151: noante
161: noante
169: noante
170: nogov
174: noante
177: nosubj
180: nosubj
183: noante
185: noante
197: noante
208: nogov
209: noante
212: noante
223: noante
228: nogov
229: noante
232: noante
> redirect ./da/0421-da.info
