> errors
41: nogov
51: nogov
52: noante
53: noante
56: noante
66: nogov
67: noante
69: noante
76: nogov
77: noante
79: noante
90: nogov
102: nogov
105: noante
111: nogov
113: nogov
115: noante
118: nonobj
121: noante
122: noante
128: noante
133: noante
138: noante
140: noante
148: nonobj
151: nogov
161: noante
162: nogov
165: noante
170: nogov
171: noante
177: noante
178: noante
182: nosubj
185: nosubj
187: noante
193: noante
195: noante
203: noante
207: nosubj
209: nogov
210: noante
211: noante
218: nogov
219: noante
227: noante
233: nogov
234: noante
246: noante
249: noante
255: noante
256: nogov
263: noante
> redirect ./da/0426-da.info
