> errors
45: nogov
52: noante
54: nosubj
62: noante
67: noante
73: noante
78: nosubj
81: nogov
88: noante
89: nosubj
92: noante
93: nogov
116: nosubj
120: nosubj
121: noante
124: noante
126: noante
129: noante
134: noante
137: nogov
146: noante
150: noante
157: nogov
161: noante
163: noante
167: noante
172: noante
173: nogov
174: noante
179: noante
180: nogov
189: nogov
195: noante
202: noante
213: nogov
214: nosubj
235: noante
239: noante
242: nosubj
261: noante
265: noante
> redirect ./da/0429-da.info
