> errors
43: noante
44: nogov
50: noante
55: noante
57: noante
67: noante
78: nosubj
81: nosubj
87: nogov
94: noante
95: nogov
96: noante
101: nogov
    101 mcomp 99: badtype
107: nosubj
108: nogov
    108 mcomp 107: badtype
113: nogov
    113 mcomp 109: badtype
114: nonobj
130: noante
135: noante
150: nogov
153: noante
154: noante
164: noante
170: nogov
174: noante
178: noante
184: noante
185: nogov
190: noante
210: noante
211: nogov
227: noante
228: nogov
241: noante
> redirect ./da/0446-da.info
