> errors
42: noante
43: nogov
46: nosubj
48: nosubj
51: noante
56: nosubj
62: noante
63: nogov
67: noante
76: noante
77: nogov
83: noante
84: noante
87: noante
92: noante
93: nogov
106: noante
111: noante
115: noante
120: noante
124: noante
125: nogov
134: noante
135: nogov
139: noante
142: noante
155: nogov
    155 mcomp 153: badtype
157: nogov
158: noante
165: noante
168: noante
179: nogov
180: noante
183: nosubj
194: nogov
196: noante
200: noante
214: noante
215: nogov
228: nogov
229: noante
232: noante
> redirect ./da/0448-da.info
