> errors
43: nogov
66: nogov
75: noante
77: nogov
81: noante
97: nogov
99: noante
115: noante
121: noante
123: noante
131: noante
132: nogov
139: nogov
141: noante
150: noante
154: noante
155: noante
158: noante
160: noante
164: noante
166: noante
169: noante
170: noante
173: noante
181: nogov noante
182: noante
185: noante
187: nosubj
189: nosubj
196: nosubj
200: nogov
211: noante
222: noante
225: noante
240: noante
245: nogov
248: noante
253: noante
258: noante
259: nosubj
262: noante
266: noante
267: nosubj
269: noante
270: nosubj
272: noante
273: nosubj
> redirect ./da/0473-da.info
