> errors
46: nogov
51: noante
52: noante
57: noante
63: noante
64: noante
68: noante
72: noante
76: noante
79: noante
85: nosubj
86: nosubj
87: noante
101: nogov
113: noante
114: nogov
120: noante
127: nosubj
128: noante
134: noante
138: noante
140: noante
147: noante
152: nosubj
160: noante
164: noante
167: noante
170: noante
175: noante
178: nogov
186: nogov
    186 mcomp 193: badtype
193: nogov
194: noante
197: noante
201: noante
210: noante
211: nogov
214: noante
221: noante
230: nogov
236: nogov
    236 korel 239: badtype
246: nogov
249: noante
256: noante
259: noante
> redirect ./da/0479-da.info
