> errors
43: nogov
52: nogov
56: noante
58: noante
60: nosubj
61: noante
63: noante
68: noante
69: nogov
75: noante
80: noante
87: nogov
    87 mcomp 84: badtype
99: noante
106: nogov
    106 mcomp 103: badtype
118: noante
119: nogov
133: nogov
136: nogov
    136 mcomp 133: badtype
148: nogov
    148 mcomp 144: badtype
152: noante
158: nosubj
160: nogov
162: nosubj
175: nogov
181: noante
203: nogov
209: nogov
    209 mcomp 208: badtype
212: noante
222: nogov
227: noante
> redirect ./da/0484-da.info
