> errors
46: nogov
52: noante
54: noante
57: nogov
73: noante
76: noante
80: noante
88: nogov
94: noante
103: nogov
106: noante
109: noante
114: noante
118: noante
120: noante
132: noante
134: noante
141: noante
144: noante
145: nosubj
148: nogov
151: noante
158: noante
161: noante
179: noante
183: nogov
184: noante
187: noante
191: noante
199: noante
203: nosubj
207: noante
208: nogov
211: noante
213: noante
215: noante
224: nogov
225: noante
232: nosubj
235: noante
238: noante
> redirect ./da/0500-da.info
