> errors
42: noante
43: nogov
47: nogov
    47 mcomp 45: badtype
57: nogov
    57 korel 59: badtype
61: nogov
64: noante
79: noante
81: noante
82: nogov
108: nogov
115: nogov
120: noante
125: nosubj
136: noante
155: noante
160: noante
176: nogov
178: noante
180: noante
188: noante
189: nogov
190: noante
199: noante
204: noante
213: noante
217: noante
226: noante
230: noante
231: nogov
240: nosubj
248: noante
249: nogov
251: noante
257: noante
265: nogov
270: noante
277: nogov
282: noante
286: nosubj
290: noante
296: noante
300: noante
301: nogov
302: noante
> redirect ./da/0510-da.info
