> errors
43: noante
45: nogov
51: nosubj
60: noante
61: nogov
62: noante
74: noante
79: nogov
80: noante
84: nosubj
86: nosubj
87: nonobj
98: noante
100: nogov
110: noante
116: nosubj
118: nosubj
122: nogov
126: nosubj
132: noante
136: noante
137: nogov
145: noante
162: noante
167: nosubj
176: nosubj
179: nogov
183: noante
193: nogov
204: noante
214: nogov
215: nogov
    215 korel 219: badtype
225: nogov
233: noante
234: nogov
237: nosubj
238: nonobj
242: nosubj
255: nogov
> redirect ./da/0511-da.info
