> errors
43: nogov
50: nogov
51: noante
56: noante
69: noante
73: nogov
74: noante
85: noante
91: noante
99: nosubj
109: nogov
119: noante
122: noante
125: noante
130: noante
134: nosubj
137: nosubj
141: nosubj
142: nosubj
151: nogov
166: nogov
171: nogov
175: noante
183: nogov
184: noante
190: nosubj
191: noante
204: noante
205: nogov
206: noante
209: nosubj
212: nosubj
221: nogov
222: noante
223: noante
226: noante
235: noante
236: nogov
238: noante
249: noante
251: noante
253: nogov
258: noante
261: noante
266: noante
273: nogov
274: noante
284: nosubj
286: noante
287: noante
291: noante
293: nogov
296: noante
> redirect ./da/0519-da-morten.info
