> errors
43: nogov
54: nogov
56: noante
59: noante
67: noante
78: noante
79: nogov
83: noante
93: nogov
100: noante
101: nogov
104: nogov
    104 mcomp 102: badtype
115: noante
117: noante
121: noante
127: noante
128: nogov
137: noante
149: nogov
150: noante
151: noante
156: noante
161: nosubj
162: nosubj
165: nosubj
166: noante
169: noante
179: nogov
189: nogov
198: nogov nosubj
209: nogov
213: noante
219: noante
220: nogov
224: noante
226: noante
228: noante
229: noante
242: nogov
244: noante
251: nogov
260: nogov
267: nogov
277: noante
281: noante
285: nogov
286: noante
288: noante
291: nosubj
292: noante
295: noante
297: noante
304: noante
> redirect ./da/0524-da.info
