> errors
42: nogov
45: noante
50: noante
53: nosubj
59: nogov
60: noante
63: noante
82: nogov
97: nogov
110: noante
122: nogov
124: noante
129: nonobj
142: nogov
143: noante
154: nogov
165: noante
178: nogov
184: nosubj
191: noante
204: noante
207: nogov
208: noante
212: noante
213: nogov
218: nosubj
219: noante
224: nogov
225: noante
228: noante
233: noante
234: nogov
243: noante
247: noante
249: noante
252: noante
254: noante
257: nosubj
263: noante
264: nogov
265: noante
269: noante
273: nogov
274: noante
284: noante
> redirect ./da/0548-da.info
