> errors
45: nosubj
51: noante
57: nogov
67: noante
75: noante
79: nogov
80: noante
87: nogov
91: nosubj
92: noante
99: noante
100: nogov
106: noante
112: noante
122: noante
124: nogov
130: nosubj
142: noante
143: nogov
150: noante
153: nosubj
156: noante
164: nosubj
168: nogov
171: noante
179: nogov
180: noante
182: noante
188: noante
196: nogov
208: noante
209: nogov
214: nosubj
218: noante
223: nosubj
230: noante
241: nogov
242: noante
243: noante
250: noante
251: nogov
252: noante
260: noante
265: nosubj
268: noante
> redirect ./da/0563-da.info
