> errors
43: nogov
47: noante
51: nogov
62: noante
70: noante
71: nogov
79: nogov
92: noante
102: nogov
103: noante
109: noante
110: nogov
123: nogov
124: noante
141: nogov
    141 korel 143: badtype
142: noante
144: noante
145: nogov
146: noante
151: noante
152: nogov
155: nosubj
161: nogov
162: noante
172: noante
177: nogov
186: noante
192: noante
193: nogov
200: noante
201: nogov
208: noante
209: nogov
216: noante
217: nogov
220: noante
225: noante
236: nogov
237: noante
244: noante
245: nogov
247: noante
256: nogov
257: noante
263: noante
265: noante
267: noante
272: noante
273: nogov
274: noante
279: noante
284: noante
285: nogov
286: noante
291: noante
295: noante
299: noante
300: nogov
> redirect ./da/0567-da.info
