> errors
44: nogov
49: noante
50: nogov
52: noante
54: noante
57: noante
60: noante
73: nogov
85: noante
89: nogov
94: noante
100: nosubj
108: nogov
116: noante
126: nogov
130: noante
141: nogov
152: noante
154: noante
162: noante
164: nogov
167: nonobj
173: noante
175: noante
182: noante
184: noante
188: nogov
189: noante
193: noante
200: nogov
211: noante
213: nosubj
217: nogov
221: noante
224: noante
233: nogov
242: noante
244: nogov
246: noante
251: noante
262: nogov
270: nogov noante
279: nogov
285: noante
286: nogov
292: noante
295: noante
298: noante
> redirect ./da/0590-da.info
