> errors
41: nogov
53: noante
56: noante
63: noante
71: noante
76: noante
79: noante
82: noante
85: noante
93: noante
95: noante
100: noante
106: noante
125: noante
129: noante
137: noante
139: noante
140: nosubj
143: noante
150: nosubj
154: noante
161: noante
165: noante
168: noante
170: noante
173: nosubj
176: noante
182: noante
187: noante
189: noante
194: noante
200: noante
202: noante
203: nosubj
209: noante
211: noante
215: noante
222: noante
226: noante
237: noante
241: noante
> redirect ./da/0593-da-disc-morten.info
