> errors
41: nogov
53: noante
56: noante
63: noante
64: nogov
71: noante
72: nogov
76: noante
79: noante
82: noante
85: noante
93: noante
95: noante
96: nogov
100: noante
106: noante
107: nogov
125: noante
129: noante
130: nogov
137: noante
139: noante
140: nosubj
143: noante
150: nogov nosubj
154: noante
161: noante
165: noante
168: noante
170: noante
173: nosubj
176: noante
182: noante
187: noante
189: noante
193: nogov
194: noante
200: noante
202: noante
203: nosubj
209: noante
211: noante
215: noante
222: noante
226: noante
236: nogov
237: noante
241: noante
> redirect ./da/0593-da-disc.info
