> errors
42: nogov noante
49: nosubj
    49 CONS/så/ATTR1 42: badtype
50: noante
54: noante
56: nogov
57: noante
63: noante
68: noante
74: noante
76: noante
77: noante
81: noante
86: noante
89: noante
91: noante
95: noante
107: noante
112: noante
115: noante
124: noante
125: noante
131: nogov
    131 QUEST:query/ATTR2 106: badtype
132: noante
133: noante
141: noante
142: noante
145: noante
149: noante
155: noante
158: noante
165: noante
169: noante
171: noante
187: noante
189: noante
193: noante
197: noante
202: noante
210: noante
213: noante
217: noante
221: noante
223: noante
225: noante
230: noante
235: noante
242: nosubj
245: noante
> redirect ./da/0602-da-disc-iorn.info
