> errors
42: noante
43: nogov
44: nosubj
46: noante
53: noante
56: nosubj
58: noante
60: noante
62: noante
64: noante
71: noante
74: nogov
75: noante
80: noante
81: nogov
89: nogov
91: noante
99: nogov
100: noante
104: noante
108: noante
112: noante
113: nogov
115: noante
118: nosubj
129: noante
136: nosubj
139: noante
148: nogov
149: noante
154: nogov
155: noante
163: nogov
164: noante
169: nogov
182: noante
183: nogov
186: noante
189: noante
193: noante
212: nogov
223: nogov
224: noante
229: nosubj
230: noante
238: nosubj
239: nosubj
246: noante
252: nogov
259: nogov
261: noante
> redirect ./da/0612-da.info
