> errors
42: noante
43: nogov
45: noante
51: noante
61: nosubj
62: nogov
63: noante
68: noante
75: noante
76: nogov
86: noante
88: nogov
    88 mcomp 87: badtype
90: noante
92: noante
99: nogov
103: noante
108: noante
110: noante
114: noante
116: noante
119: noante
124: noante
133: nosubj
135: nogov
136: noante
138: noante
141: noante
143: nosubj
153: noante
154: nogov
155: noante
157: nosubj
159: noante
162: noante
166: noante
169: noante
176: nosubj
181: nogov
182: noante
188: noante
189: nogov
193: nosubj
194: noante
197: noante
210: nogov
211: nosubj
213: noante
217: noante
219: noante
223: noante
224: nogov
231: noante
235: noante
250: noante
251: nogov
252: noante
> redirect ./da/0614-da.info
