> errors
43: noante
51: noante
55: nogov
56: noante
61: noante
64: noante
77: noante
87: noante
92: nogov
93: noante
101: nogov
103: noante
110: noante
116: nogov
117: noante
123: noante
128: noante
131: noante
132: noante
136: nogov
137: nosubj
138: noante
141: noante
146: nogov
149: noante
152: noante
160: nogov
167: noante
168: nogov
172: noante
176: noante
181: noante
185: noante
187: noante
189: noante
195: noante
197: nogov
198: noante
200: noante
202: noante
213: nogov
214: noante
216: nosubj
220: nogov
226: noante
227: noante
233: noante
245: nogov
246: noante
247: nosubj
256: noante
257: nogov
263: noante
264: noante
267: noante
> redirect ./da/0620-da-disc-lotte.info
