> errors
43: nogov
47: noante
49: noante
56: noante
57: nogov
64: noante
72: nogov
73: noante
83: nosubj
85: noante
92: nogov
94: noante
100: noante
103: noante
120: nogov
121: noante
125: noante
130: nogov
131: noante
134: noante
137: noante
145: nogov
146: noante
148: noante
153: noante
167: nogov
179: nogov
181: noante
185: nogov
191: nogov
204: nogov
209: noante
210: nonobj
225: noante
237: noante
245: nogov
246: noante
251: noante
253: noante
258: nosubj
260: nogov
261: noante
> redirect ./da/0623-da.info
