> errors
44: nogov
45: noante
50: noante
56: noante
58: noante
67: noante
74: nosubj
90: nogov
96: noante
99: noante
102: noante
105: noante
112: noante
122: nogov
133: nogov
134: noante
136: nosubj
138: noante
140: noante
145: noante
148: noante
151: noante
156: noante
162: nosubj
169: noante
170: nogov
177: noante
182: noante
186: noante
195: nosubj
198: noante
202: noante
204: noante
206: noante
209: nosubj
212: noante
217: noante
222: nogov
225: noante
227: noante
229: noante
233: noante
235: noante
238: noante
243: noante
244: nogov
245: nosubj
247: noante
> redirect ./da/0626-da.info
