> errors
42: nogov
48: noante
51: noante
55: noante
72: noante
76: nogov
88: nogov
91: noante
93: noante
97: noante
98: nogov
105: nosubj
110: noante
116: noante
119: nogov
120: nosubj
123: nogov
    123 mcomp 122: badtype
125: noante
128: noante
134: noante
137: noante
147: nogov
153: noante
161: noante
162: nogov
165: nosubj
175: nogov
179: noante
190: nogov
191: noante
199: nogov
200: noante
206: noante
210: nosubj
214: noante
219: noante
231: noante
234: noante
238: noante
245: noante
246: nogov
257: noante
258: nogov
> redirect ./da/0630-da.info
