> errors
43: noante
44: nogov
49: nogov
52: noante
58: noante
73: nogov nosubj
75: noante
78: nosubj
82: noante
86: noante
87: nogov
93: noante
97: noante
105: nosubj
108: noante
114: nogov nosubj
115: noante
117: nogov
    117 mcomp 121: badtype
122: nosubj
123: nosubj
130: nogov noante
139: nogov
140: noante
145: nogov
147: nosubj
162: noante
163: nogov
173: noante
177: nogov
192: noante
195: nogov
196: noante
206: nogov
207: noante
215: noante
217: noante
226: noante
229: nogov
234: noante
246: nogov
268: nosubj
> redirect ./da/0644-da.info
