> errors
44: nogov
45: noante
46: noante
49: noante
60: noante
64: noante
73: nogov
74: noante
78: nonobj
79: nogov
85: noante
87: noante
90: noante
93: nosubj
101: nogov
102: noante
117: noante
121: noante
123: nogov
124: noante
129: noante
131: nosubj
139: noante
140: nogov
146: noante
148: noante
157: nonobj
160: noante
162: noante
172: nogov
173: noante
175: noante
182: noante
186: noante
207: noante
211: noante
223: nogov
224: noante
230: noante
236: noante
237: nogov
> redirect ./da/0691-da.info
