> errors
44: noante
49: noante
54: nogov
55: noante
57: noante
60: noante
65: noante
76: nogov
77: noante
84: noante
102: noante
112: nogov
114: noante
115: nosubj
124: nogov
125: noante
132: noante
133: nosubj
136: nosubj
139: noante
142: noante
143: nosubj
150: noante
158: noante
164: noante
167: nogov
172: noante
177: nogov
212: noante
216: nogov
217: noante
218: noante
221: noante
231: nonobj
237: nogov
248: nogov
249: noante
257: nogov nosubj
258: noante
260: nosubj
> redirect ./da/0752-da.info
