> errors
44: nogov
45: noante
50: noante
62: nogov
63: noante
68: noante
70: noante
71: nosubj
79: noante
83: noante
89: nogov
98: nogov
109: noante
126: noante
130: noante
133: nosubj
134: nosubj
145: nogov
151: noante
152: nogov
156: noante
160: noante
172: noante
176: nogov
177: noante
183: noante
185: nogov
186: noante
191: noante
193: noante
201: noante
202: nogov
205: noante
216: noante
230: noante
231: nogov
236: nosubj
237: nosubj
241: noante
247: noante
251: nosubj
257: nogov
> redirect ./da/0800-da-disc-lotte.info
