> errors
46: nogov nosubj
47: noante
51: noante
56: noante
59: nogov
60: noante
63: noante
68: nogov
85: noante
94: noante
115: nogov
116: noante
122: noante
127: nogov
128: noante
132: noante
144: noante
149: nogov
150: noante
159: noante
163: nogov
169: noante
173: noante
175: noante
179: noante
180: nogov
186: noante
188: noante
190: nonobj
196: nogov noante
204: nogov
212: noante
217: nosubj
219: noante
222: nogov
223: noante
226: noante
236: noante
240: noante
246: nogov noante
249: noante
251: noante
> redirect ./da/0821-da.info
