> errors
43: noante
44: nogov
46: nonobj
48: nosubj
49: noante
51: noante
55: noante
57: nogov
61: noante
75: noante
76: nogov
88: noante
96: noante
97: nogov
100: noante
107: noante
114: nosubj
115: noante
122: noante
123: nogov
124: noante
129: noante
132: noante
136: nogov
137: noante
141: noante
147: noante
151: nosubj
161: nogov
162: noante
163: noante
167: noante
171: noante
177: noante
185: noante
186: nogov
187: noante
190: noante
194: noante
203: noante
207: nogov
208: noante
218: noante
221: noante
228: nogov
229: noante
243: nosubj
244: nosubj
246: nosubj
> redirect ./da/0839-da.info
