> errors
44: nogov
45: noante
62: noante
71: noante
75: nogov
76: noante
84: noante
100: noante
102: noante
105: nosubj
106: noante
113: nogov
114: noante
117: noante
121: nogov nosubj
123: noante
130: nogov
138: nogov
142: noante
151: nogov
152: noante
155: noante
164: noante
165: nogov
174: nosubj
179: noante
184: noante
189: noante
195: noante
200: noante
202: noante
209: noante
210: nogov
215: nonobj
218: noante
229: noante
231: noante
237: noante
238: nogov
242: nosubj
246: nonobj
255: nogov
256: noante
260: noante
265: nogov
273: nogov
> redirect ./da/0855-da.info
