> errors
43: noante
44: nogov
49: noante
68: noante
69: nogov
72: noante
73: nosubj
74: nogov
    74 mcomp 73: badtype
78: noante
90: noante
105: nogov
108: noante
113: noante
114: noante
121: noante
123: noante
124: nogov
129: noante
142: noante
152: nogov
154: noante
168: noante
175: noante
178: noante
181: noante
192: nosubj
193: noante
196: nogov
197: noante
198: noante
201: noante
202: noante
208: noante
209: nogov
214: noante
216: noante
228: noante
233: noante
235: noante
> redirect ./da/0864-da.info
