> errors
45: nogov
46: noante
47: nosubj
51: noante
53: noante
63: noante
65: noante
75: noante
76: nogov
77: noante
78: noante
82: noante
94: nogov
97: noante
101: noante
107: nosubj
120: noante
124: nogov
132: noante
134: noante
137: nogov
138: noante
149: noante
160: nogov
161: noante
163: noante
166: noante
181: noante
191: nogov
194: noante
209: noante
212: noante
217: noante
221: nogov
232: nogov
235: noante
250: noante
254: nonobj
261: noante
262: nogov
265: noante
271: nosubj
274: noante
> redirect ./da/0866-da-disc-lotte.info
