> errors
43: nogov
52: noante
61: noante
63: noante
67: nogov
68: noante
71: noante
73: noante
79: noante
83: nosubj
90: noante
93: nogov
97: noante
103: noante
104: nogov
109: noante
114: noante
119: noante
129: nogov
133: nosubj
135: noante
137: noante
140: noante
145: noante
150: noante
151: nogov
154: nosubj
158: nosubj
159: noante
163: noante
164: nogov
170: nosubj
175: noante
176: nogov
183: noante
187: noante
191: noante
197: noante
198: nogov
203: noante
204: noante
220: noante
223: noante
224: nogov
228: noante
237: noante
> redirect ./da/0877-da.info
