> errors
48: nogov
52: noante
56: noante
66: noante
68: noante
71: nogov
81: noante
82: nogov
97: noante
98: nogov
103: noante
109: noante
110: nogov
111: noante
125: noante
134: nogov
135: noante
143: nogov
144: noante
146: noante
148: nosubj
152: noante
160: noante
164: nogov
167: noante
179: noante
183: noante
184: nogov
199: noante
202: nogov
    202 mcomp 199: badtype
211: nogov
212: noante
223: nogov
224: noante
229: noante
237: nogov
246: nosubj
247: noante
251: noante
258: nogov
259: noante
265: nosubj
> redirect ./da/0884-da.info
