> errors
44: noante
45: nogov
47: noante
59: noante
61: noante
66: nogov
67: noante
71: noante
74: noante
81: noante
86: noante
89: noante
98: noante
99: nogov
100: noante
108: noante
109: nogov
122: noante
125: nogov
129: noante
133: nogov
136: noante
144: noante
145: nosubj
155: noante
165: nogov
166: noante
169: noante
173: noante
175: noante
180: noante
186: noante
193: noante
194: nogov
199: noante
204: noante
205: nogov
206: noante
216: nogov
217: noante
244: noante
247: nosubj
257: nogov
258: noante
261: nosubj
> redirect ./da/0926-da.info
