> errors
43: noante
46: nogov
67: nogov
68: noante
69: noante
72: noante
78: noante
85: noante
89: noante
93: noante
94: nosubj
100: nogov
101: noante
108: noante
117: noante
123: noante
125: noante
135: noante
136: nogov
137: noante
140: noante
142: nosubj
147: noante
151: nogov
152: noante
164: noante
170: nosubj
173: noante
188: noante
192: noante
201: noante
202: nogov
203: noante
205: noante
216: noante
220: nogov
225: noante
233: nogov
    233 mcomp 223: badtype
235: noante
240: noante
252: noante
> redirect ./da/0927-da.info
