> errors
45: nogov
46: nosubj
50: noante
52: nosubj
54: noante
55: nosubj
60: nonobj
61: nosubj
66: noante
68: noante
72: noante
73: nogov
86: noante
96: nogov
105: noante
117: nogov
122: noante
126: noante
131: noante
133: noante
139: nogov
140: noante
147: nogov
159: noante
161: noante
171: nosubj
172: noante
174: nosubj
177: noante
186: noante
187: nosubj
193: noante
196: nogov
197: noante
204: noante
220: noante
221: nogov
228: noante
229: nogov
235: noante
241: noante
244: noante
> redirect ./da/0934-da.info
