> errors
44: noante
49: nosubj
51: nosubj
55: nogov
57: nogov
    57 mcomp 55: badtype
60: noante
69: nogov
70: noante
71: noante
79: nogov
81: noante
86: noante
88: noante
91: nogov
98: noante
102: noante
126: noante
129: nogov
130: noante
137: nogov
142: noante
143: nosubj
146: noante
153: noante
160: noante
164: noante
167: noante
173: noante
177: nogov
178: noante
183: nogov
197: noante
201: noante
206: nogov
209: nosubj
219: noante
220: nogov
236: noante
242: noante
> redirect ./da/0957-da.info
