> errors
43: noante
44: nogov
45: noante
46: nosubj
58: noante
68: noante
74: noante
76: noante
79: noante
88: noante
92: noante
102: noante
106: noante
111: noante
112: nogov
    112 QUEST:query 103: badtype
113: noante
115: noante
117: noante
137: noante
140: noante
146: noante
149: noante
151: noante
169: noante
175: noante
178: noante
180: noante
193: noante
200: noante
207: noante
213: noante
215: noante
217: noante
221: noante
224: noante
232: noante
> redirect ./da/0960-da-disc-iorn.info
