> errors
43: noante
44: nogov
48: nosubj
52: noante
55: noante
68: nosubj
71: noante
76: noante
78: noante
84: noante
85: nogov
88: noante
89: nonobj
93: noante
97: noante
99: nogov
101: noante
109: noante
110: nogov
113: nonobj
120: nogov nosubj
121: noante
126: noante
128: noante
131: nosubj
133: noante
134: nogov
137: noante
139: noante
150: noante
156: noante
165: noante
166: nogov
169: nosubj
172: nogov
    172 mcomp 170: badtype
179: noante
183: noante
187: nogov
205: nogov
206: noante
211: noante
220: noante
230: noante
242: nosubj
243: noante
249: nogov
> redirect ./da/0988-da.info
