> errors
43: noante
44: nogov
53: noante
56: noante
67: nogov
68: noante
83: nosubj
87: noante
95: noante
98: nogov
101: noante
110: noante
120: nogov
123: noante
131: noante
135: noante
139: noante
141: noante
146: nogov
148: noante
158: nogov
164: noante
165: nogov
170: noante
183: noante
192: nosubj
196: noante
204: noante
205: nogov
207: noante
215: noante
216: nogov
224: noante
226: noante
229: nosubj
238: nosubj
243: noante
248: noante
249: nogov
256: nosubj
257: noante
> redirect ./da/1001-da.info
