> errors
45: noante
49: noante
51: noante
56: noante
70: noante
75: nogov
86: noante
88: 
    88 +JUST/ATTR 69: manygovs
    88 qobj 132: manygovs
94: noante
96: nosubj
102: noante
106: noante
114: noante
118: noante
121: noante
123: noante
126: noante
128: nosubj
143: noante
144: noante
147: noante
150: noante
152: noante
163: noante
165: noante
169: noante
174: noante
183: noante
190: noante
196: noante
198: noante
202: noante
216: nosubj
217: noante
220: noante
222: nosubj
229: nosubj
231: noante
234: noante
240: noante
244: noante
251: noante
255: noante
> redirect ./da/1014-da-disc-iorn.info
