> errors
45: noante
46: nogov
49: noante
51: noante
56: noante
70: noante
75: nogov
81: nogov
86: noante
88: nogov
94: noante
96: nosubj
102: noante
106: noante
114: noante
118: noante
121: noante
123: noante
126: noante
128: nosubj
132: nogov
142: nogov
143: noante
144: noante
147: noante
150: noante
152: noante
162: nogov
163: noante
165: noante
169: noante
174: noante
182: nogov
183: noante
190: noante
196: noante
198: noante
202: noante
203: nogov
216: nosubj
217: noante
220: noante
222: nosubj
229: nosubj
231: noante
234: noante
240: noante
244: noante
251: noante
254: nogov
255: noante
> redirect ./da/1014-da.info
