> errors
43: noante
46: nogov
50: noante
52: noante
55: noante
60: nogov
64: noante
66: noante
69: noante
71: nogov
77: noante
79: nogov
85: noante
91: noante
96: noante
102: noante
103: nogov
108: noante
109: nogov
116: noante
129: nogov
136: noante
137: nogov
138: noante
141: noante
155: noante
161: nosubj
162: noante
172: nogov
173: noante
175: noante
182: noante
184: nogov
191: noante
198: nogov
199: noante
201: nogov
    201 mcomp 198: badtype
219: nogov
225: noante
226: nogov
231: noante
241: noante
242: nogov
247: noante
250: noante
252: noante
258: noante
259: nogov
260: noante
265: noante
> redirect ./da/1019-da.info
