> errors
44: noante
56: noante
60: noante
64: nogov
66: noante
71: noante
72: nogov
83: noante
84: nogov
87: noante
95: noante
97: noante
101: nogov
103: noante
111: noante
120: noante
121: nogov
124: nosubj
137: noante
138: nogov
140: noante
146: nosubj
150: noante
169: nosubj
170: noante
175: nogov
176: noante
182: noante
195: nonobj
196: noante
203: nogov
204: noante
215: nogov
220: noante
222: noante
230: noante
234: noante
240: nosubj
242: noante
249: nogov
250: noante
> redirect ./da/1042-da.info
