> errors
44: noante
47: nogov
48: noante
51: nosubj
60: noante
66: noante
68: noante
83: noante
87: noante
91: nosubj
101: noante
108: noante
111: nogov
112: 
    112 CONJ:add/samtidig 77: manygovs
    112 time 111: manygovs
116: noante
122: noante
126: noante
137: noante
144: noante
153: noante
159: noante
162: noante
164: nosubj
172: noante
181: noante
183: noante
185: noante
201: noante
206: nosubj
221: noante
226: noante
229: noante
236: noante
244: noante
> redirect ./da/1138-da-disc-lotte.info
