> errors
43: nogov
49: noante
58: noante
59: nogov
68: noante
69: nogov
71: noante
73: noante
80: noante
88: noante
89: nogov
100: noante
101: nogov
102: noante
106: noante
111: noante
113: nosubj
116: nosubj
122: noante
123: nogov
129: noante
137: nogov
140: noante
143: noante
155: noante
156: nogov
161: noante
175: nosubj
183: nogov
185: noante
204: nosubj
207: noante
209: noante
216: noante
217: nogov
231: nogov
232: noante
236: noante
239: noante
243: noante
> redirect ./da/1144-da-lotte.info
