> errors
43: noante
49: nogov
68: noante
70: nogov
71: noante
74: noante
88: noante
90: noante
98: noante
99: nogov
102: nosubj
104: nonobj
106: noante
108: noante
112: noante
114: nosubj
118: noante
119: nogov
120: noante
126: noante
129: noante
134: noante
136: noante
145: noante
152: nogov
160: nogov
161: noante
164: noante
170: nogov
173: noante
176: noante
178: noante
187: noante
188: nogov
195: noante
199: noante
204: nogov
207: noante
209: noante
211: noante
213: noante
217: noante
220: noante
222: noante
223: noante
228: noante
229: noante
233: noante
236: nogov
237: noante
251: noante
263: noante
265: nogov
> redirect ./da/1190-da.info
