> errors
44: nogov
54: nogov
60: nogov
71: nogov
74: noante
83: noante
90: noante
101: nogov
105: nonobj
115: nogov
116: noante
119: noante
121: noante
134: noante
136: nogov
143: noante
148: nogov
149: noante
156: noante
163: nogov
169: noante
174: noante
178: noante
181: nosubj
182: noante
184: noante
187: noante
194: noante
195: nogov
198: noante
209: noante
212: nogov
213: noante
217: noante
222: nogov
225: nosubj
226: noante
230: noante
234: noante
238: noante
239: nogov
240: noante
243: noante
246: noante
252: nogov
261: noante
> redirect ./da/1206-da.info
