> errors
45: noante
49: noante
55: nogov
62: noante
68: noante
69: nogov
72: nosubj
84: noante
85: nogov
87: noante
91: noante
99: noante
100: nogov
106: noante
119: noante
122: nogov
129: noante
133: nosubj
138: nogov
139: noante
143: noante
145: noante
146: nogov
156: noante
157: nogov
162: noante
170: noante
173: noante
177: nogov
178: noante
183: nogov noante
191: noante
194: noante
195: nosubj
201: noante
214: nogov
215: noante
219: nosubj
229: nogov
230: noante
234: noante
240: noante
241: nogov
248: nosubj
255: nogov
260: noante
265: noante
272: nogov nosubj
> redirect ./da/1223-da.info
