> errors
45: nogov
52: nogov
57: nogov
58: noante
65: nogov
69: nosubj
70: nonobj
77: nogov
79: noante
82: noante
88: noante
95: noante
100: noante
102: noante
110: noante
111: nogov
112: noante
119: noante
120: nogov
122: noante
126: noante
132: noante
144: noante
148: noante
151: noante
163: noante
164: nogov
171: noante
173: noante
178: noante
179: nogov
189: noante
197: noante
206: noante
214: nogov
216: noante
219: nosubj
224: nogov
229: noante
238: nogov noante
242: noante
246: noante
254: noante
260: noante
266: noante
267: nogov
274: noante
275: nogov
280: nosubj
> redirect ./da/1224-da.info
