> errors
44: noante
49: nosubj
56: noante
63: noante
64: nosubj
70: noante
77: noante
81: nogov
82: noante
86: noante
87: nogov
91: noante
94: nogov
100: nosubj
101: noante
106: noante
111: noante
113: noante
117: nosubj
118: noante
126: nogov
129: noante
132: noante
134: noante
137: noante
147: noante
152: noante
153: noante
158: noante
161: noante
166: noante
170: nogov
177: noante
179: noante
180: nogov
181: noante
194: noante
197: noante
202: noante
204: noante
222: noante
229: noante
232: noante
235: noante
> redirect ./da/1228-da.info
