> errors
43: noante
54: noante
56: nogov
59: noante
69: noante
73: noante
78: nogov
79: noante
80: noante
82: noante
88: noante
100: noante
102: nogov
103: noante
110: noante
117: nosubj
126: nogov
132: noante
133: nogov
137: noante
147: noante
158: noante
159: nogov
162: noante
165: noante
171: noante
182: noante
186: nogov
201: noante
204: noante
208: noante
213: nosubj
214: noante
223: nogov
235: noante
239: nosubj
251: nosubj
252: noante
263: noante
267: nosubj
269: nosubj
274: nogov
275: noante
276: nosubj
> redirect ./da/1251-da.info
