> errors
43: nogov
45: noante
48: noante
55: nogov
71: nogov
74: noante
77: noante
79: noante
84: noante
91: noante
92: noante
105: noante
108: noante
113: noante
121: nogov
122: noante
129: noante
133: noante
139: nogov
147: noante
148: nogov
150: noante
153: noante
157: noante
172: noante
175: noante
184: noante
187: nosubj
189: nosubj
190: noante
192: noante
200: noante
203: noante
204: nogov
215: noante
216: nogov
217: noante
226: noante
230: noante
240: noante
241: nogov
244: nosubj
246: noante
251: noante
255: nogov
> redirect ./da/1259-da.info
