> errors
44: nogov
45: noante
51: noante
58: noante
65: noante
72: nogov
88: nogov
89: noante
102: noante
103: nogov
105: noante
109: noante
114: nogov
115: noante
118: noante
122: noante
134: noante
135: nogov
153: noante
154: nogov
155: noante
166: noante
167: nogov
172: noante
179: noante
185: nogov
186: noante
191: nosubj
192: noante
203: nogov
207: noante
208: nogov
209: noante
218: nogov
223: nogov
224: noante
238: noante
241: noante
243: nogov
244: noante
247: noante
249: noante
255: noante
256: nogov
261: noante
269: noante
272: noante
279: noante
280: nogov
> redirect ./da/1292-da.info
