> errors
44: noante
50: nogov
51: noante
52: noante
57: noante
60: nosubj
62: noante
67: nogov
68: noante
85: noante
90: noante
92: nogov
93: noante
96: nosubj
102: nogov
106: noante
113: noante
115: noante
118: nosubj
119: noante
121: nogov
122: noante
125: noante
131: nosubj
132: noante
137: nogov
139: noante
144: noante
146: noante
149: noante
152: noante
156: noante
157: nogov
172: nogov
173: noante
178: noante
183: noante
193: noante
196: noante
199: nogov
200: noante
203: noante
207: nogov
208: noante
216: noante
226: nogov
229: noante
233: noante
241: noante
248: noante
251: noante
255: nogov
> redirect ./da/1302-da.info
