> errors
49: noante
52: noante
54: noante
57: noante
63: noante
68: nogov
79: nogov
80: noante
83: noante
91: noante
95: noante
109: noante
112: noante
116: noante
121: noante
127: noante
134: noante
140: nogov
150: noante
151: nogov
157: noante
161: noante
166: noante
183: noante
184: noante
187: noante
197: noante
204: noante
209: noante
210: noante
215: nosubj
222: nogov
232: noante
235: noante
243: noante
244: nogov
245: noante
252: noante
254: noante
257: noante
> redirect ./da/1327-da.info
