> errors
43: nogov
44: noante
47: noante
62: noante
77: nogov
78: noante
84: nogov
89: noante
91: noante
96: noante
97: nogov
102: nosubj
112: nogov
116: noante
120: nosubj
128: noante
130: nogov
132: nosubj
133: nosubj
140: noante
148: nogov
149: noante
154: nosubj
155: nosubj
158: noante
160: noante
164: noante
168: noante
169: nogov
170: noante
176: noante
178: noante
179: nosubj
196: nogov
197: noante
199: noante
218: nogov
229: noante
231: nogov
241: nogov
242: noante
244: noante
245: nosubj
249: nosubj
> redirect ./da/1350-da.info
