> errors
44: noante
45: nogov
52: nogov
59: nosubj
63: nogov
64: noante
65: nosubj
80: nogov
81: nosubj
82: noante
84: noante
89: noante
90: nogov
96: nogov
97: noante
103: nosubj
113: nogov
116: noante
122: noante
126: noante
130: noante
135: noante
144: nogov
147: noante
149: noante
163: noante
167: nogov
168: noante
177: nogov nosubj
180: noante
182: noante
193: nogov
197: noante
198: nogov
206: noante
208: nogov
209: noante
211: noante
213: noante
217: nogov nosubj
220: noante
225: noante
228: nogov
229: noante
231: noante
237: nogov
241: noante
250: nogov
> redirect ./da/1357-da.info
