> errors
43: noante
44: nogov
50: noante
72: noante
75: noante
77: nogov
78: noante
87: nogov
88: noante
95: nosubj
96: noante
104: nogov
113: noante
115: nogov
128: nogov
130: noante
137: noante
150: nogov
151: noante
153: noante
164: nogov
165: noante
171: nogov
172: noante
179: noante
185: noante
186: nogov
189: noante
200: nogov
205: noante
207: noante
220: noante
223: noante
225: noante
229: noante
236: nogov
237: noante
241: noante
254: noante
257: noante
260: nogov
261: noante
266: noante
269: nogov
271: noante
279: noante
281: noante
> redirect ./da/1365-da.info
