> errors
44: noante
45: nogov
48: noante
51: noante
56: noante
61: noante
66: noante
70: noante
78: noante
83: nogov
86: noante
90: nosubj
99: noante
100: nogov
102: noante
103: noante
108: noante
117: noante
118: nogov
119: noante
126: noante
127: noante
130: noante
135: noante
146: noante
148: noante
149: nogov
150: noante
154: nogov
155: noante
161: noante
165: noante
172: nogov
173: noante
186: noante
193: noante
196: noante
200: noante
212: nogov
224: noante
230: nogov
238: noante
245: noante
246: nosubj
> redirect ./da/1381-da.info
