> errors
53: noante
62: noante
67: noante
69: nogov
70: noante
72: noante
80: nogov
81: noante
87: nogov
88: noante
91: noante
94: noante
102: noante
103: nogov
104: noante
107: noante
118: noante
119: nogov
120: noante
128: nosubj
130: noante
139: noante
142: noante
144: noante
149: noante
155: noante
158: noante
173: nogov
174: noante
185: nogov
186: noante
194: noante
203: noante
206: noante
211: noante
221: nogov
222: noante
226: nosubj
233: noante
235: noante
238: noante
245: noante
> redirect ./da/1405-da.info
