> errors
46: nogov
47: noante
48: nosubj
53: noante
56: nosubj
57: noante
65: nogov
68: noante
90: noante
92: noante
97: nogov
107: noante
108: nogov
111: noante
120: nogov
124: noante
125: nosubj
128: noante
136: noante
143: nosubj
145: nogov
153: noante
154: nogov
159: noante
164: noante
175: noante
182: noante
187: noante
190: nogov
201: nogov
208: nogov
209: noante
214: noante
223: noante
224: nogov
225: noante
233: nosubj
235: noante
238: noante
241: noante
243: noante
252: noante
254: noante
258: nogov
264: noante
> redirect ./da/1407-da.info
