> errors
44: noante
50: nogov
51: noante
63: noante
67: nosubj
70: noante
72: noante
86: noante
91: nosubj
98: noante
110: noante
114: noante
120: noante
128: noante
135: noante
136: nogov
    136 QUEST:query 121: badtype
138: noante
144: noante
146: noante
162: noante
164: noante
168: noante
186: noante
197: noante
206: noante
210: nosubj
219: nogov
    219 AGENTIVE:cause/(fordi)|expl(nemlig) 204: badtype
222: noante
231: noante
238: noante
243: nosubj
254: noante
256: noante
259: noante
> redirect ./da/1497-da-disc-iorn.info
