> errors
45: nogov
55: nogov
59: noante
68: noante
73: nogov
83: noante
89: noante
91: nogov
93: noante
103: nogov
132: noante
134: nogov
135: noante
139: nosubj
145: nogov
150: noante
154: noante
160: noante
162: noante
169: nogov
170: noante
181: noante
182: nogov
183: noante
190: noante
198: noante
202: noante
204: noante
206: nogov
220: nogov
226: nosubj
241: nogov
245: noante
248: nosubj
261: nogov
262: noante
265: noante
268: noante
275: noante
282: nosubj
283: noante
> redirect ./da/1498-da.info
