> errors
44: noante
46: noante
47: nogov
54: nogov
55: noante
61: nosubj
66: nosubj
67: noante
83: noante
87: noante
92: noante
97: nosubj
98: noante
102: nogov
111: noante
116: noante
118: nogov
119: noante
125: nogov
130: noante
135: noante
139: noante
140: nogov
143: noante
149: nogov
150: noante
154: noante
157: noante
164: noante
172: noante
177: nogov
179: noante
182: nosubj
187: noante
189: noante
194: noante
200: noante
203: nogov
214: noante
222: nogov
226: noante
229: noante
237: nogov
> redirect ./da/1527-da.info
