> errors
43: noante
44: nogov
48: noante
51: noante
55: noante
64: noante
66: noante
68: nogov
69: noante
70: nosubj
76: nosubj
84: noante
85: nogov
91: noante
102: noante
104: noante
105: noante
111: noante
115: nogov
123: noante
124: nogov
126: noante
138: noante
145: noante
148: nosubj
149: noante
154: nosubj
155: noante
157: nosubj
161: nosubj
164: nosubj
166: noante
172: noante
173: nosubj
175: nosubj
182: noante
183: nogov
189: nogov nosubj
197: noante
199: noante
206: noante
225: noante
228: noante
231: nogov
239: noante
240: nogov
243: noante
246: nosubj
252: noante
258: noante
> redirect ./da/1546-da.info
