> errors
43: noante
44: nogov
48: noante
63: noante
83: nogov
89: noante
96: nonobj
100: noante
102: noante
103: noante
114: nogov
121: noante
126: noante
144: noante
145: nogov
146: noante
156: nogov
162: noante
164: noante
168: noante
175: noante
176: nogov
178: noante
184: noante
194: noante
198: noante
201: noante
204: noante
210: noante
211: nogov
218: noante
220: noante
222: noante
227: nogov
236: nogov
238: noante
239: noante
241: nosubj
244: noante
250: noante
> redirect ./da/1547-da.info
